[2025-12-24T11:17:21.148+0000] {local_task_job_runner.py:120} INFO - ::group::Pre task execution logs
[2025-12-24T11:17:21.201+0000] {taskinstance.py:2073} INFO - Dependencies all met for dep_context=non-requeueable deps ti=<TaskInstance: aviation_enrichment_pipeline.create_analytics manual__2025-12-24T11:15:59.808641+00:00 [queued]>
[2025-12-24T11:17:21.216+0000] {taskinstance.py:2073} INFO - Dependencies all met for dep_context=requeueable deps ti=<TaskInstance: aviation_enrichment_pipeline.create_analytics manual__2025-12-24T11:15:59.808641+00:00 [queued]>
[2025-12-24T11:17:21.217+0000] {taskinstance.py:2303} INFO - Starting attempt 1 of 3
[2025-12-24T11:17:21.477+0000] {taskinstance.py:2327} INFO - Executing <Task(PythonOperator): create_analytics> on 2025-12-24 11:15:59.808641+00:00
[2025-12-24T11:17:21.488+0000] {standard_task_runner.py:63} INFO - Started process 12441 to run task
[2025-12-24T11:17:21.492+0000] {standard_task_runner.py:90} INFO - Running: ['***', 'tasks', 'run', 'aviation_enrichment_pipeline', 'create_analytics', 'manual__2025-12-24T11:15:59.808641+00:00', '--job-id', '58', '--raw', '--subdir', 'DAGS_FOLDER/aviation_enrichment_dag.py', '--cfg-path', '/tmp/tmp3ozprw1z']
[2025-12-24T11:17:21.495+0000] {standard_task_runner.py:91} INFO - Job 58: Subtask create_analytics
[2025-12-24T11:17:21.574+0000] {task_command.py:426} INFO - Running <TaskInstance: aviation_enrichment_pipeline.create_analytics manual__2025-12-24T11:15:59.808641+00:00 [running]> on host 849a36138e84
[2025-12-24T11:17:21.738+0000] {taskinstance.py:2644} INFO - Exporting env vars: AIRFLOW_CTX_DAG_OWNER='aviation_team' AIRFLOW_CTX_DAG_ID='aviation_enrichment_pipeline' AIRFLOW_CTX_TASK_ID='create_analytics' AIRFLOW_CTX_EXECUTION_DATE='2025-12-24T11:15:59.808641+00:00' AIRFLOW_CTX_TRY_NUMBER='1' AIRFLOW_CTX_DAG_RUN_ID='manual__2025-12-24T11:15:59.808641+00:00'
[2025-12-24T11:17:21.739+0000] {taskinstance.py:430} INFO - ::endgroup::
[2025-12-24T11:17:27.831+0000] {logging_mixin.py:188} INFO - 
============================================================
[2025-12-24T11:17:27.832+0000] {logging_mixin.py:188} INFO - STAGE 4: Creating Analytics Aggregates
[2025-12-24T11:17:27.832+0000] {logging_mixin.py:188} INFO - ============================================================
[2025-12-24T11:17:31.413+0000] {logging_mixin.py:188} INFO - Creating hourly flight aggregates...
[2025-12-24T11:17:37.416+0000] {logging_mixin.py:188} INFO - Creating route analytics...
[2025-12-24T11:17:38.693+0000] {logging_mixin.py:188} INFO - Creating aircraft type analytics...
[2025-12-24T11:17:40.589+0000] {logging_mixin.py:188} INFO - Creating daily summary...
[2025-12-24T11:17:42.176+0000] {python.py:237} INFO - Done. Returned value was: {'start_time': '2025-12-24T11:17:27.830939', 'stages': {'create_analytics': {'output_path': '/tmp/aviation/analytics', 'tables_created': ['hourly_stats', 'route_stats', 'aircraft_stats', 'daily_summary']}}, 'end_time': '2025-12-24T11:17:41.947507', 'status': 'SUCCESS'}
[2025-12-24T11:17:42.177+0000] {taskinstance.py:441} INFO - ::group::Post task execution logs
[2025-12-24T11:17:42.231+0000] {taskinstance.py:1205} INFO - Marking task as SUCCESS. dag_id=aviation_enrichment_pipeline, task_id=create_analytics, execution_date=20251224T111559, start_date=20251224T111721, end_date=20251224T111742
[2025-12-24T11:17:42.284+0000] {local_task_job_runner.py:240} INFO - Task exited with return code 0
[2025-12-24T11:17:42.335+0000] {taskinstance.py:3482} INFO - 1 downstream tasks scheduled from follow-on schedule check
[2025-12-24T11:17:42.336+0000] {local_task_job_runner.py:222} INFO - ::endgroup::
