[2026-01-04T15:13:07.998+0000] {local_task_job_runner.py:120} INFO - ::group::Pre task execution logs
[2026-01-04T15:13:08.083+0000] {taskinstance.py:2073} INFO - Dependencies all met for dep_context=non-requeueable deps ti=<TaskInstance: analytics_serving_layer.merge_to_gold_bucket manual__2026-01-04T15:12:49+00:00 [queued]>
[2026-01-04T15:13:08.102+0000] {taskinstance.py:2073} INFO - Dependencies all met for dep_context=requeueable deps ti=<TaskInstance: analytics_serving_layer.merge_to_gold_bucket manual__2026-01-04T15:12:49+00:00 [queued]>
[2026-01-04T15:13:08.103+0000] {taskinstance.py:2303} INFO - Starting attempt 1 of 2
[2026-01-04T15:13:08.131+0000] {taskinstance.py:2327} INFO - Executing <Task(PythonOperator): merge_to_gold_bucket> on 2026-01-04 15:12:49+00:00
[2026-01-04T15:13:08.145+0000] {standard_task_runner.py:63} INFO - Started process 8151 to run task
[2026-01-04T15:13:08.150+0000] {standard_task_runner.py:90} INFO - Running: ['***', 'tasks', 'run', 'analytics_serving_layer', 'merge_to_gold_bucket', 'manual__2026-01-04T15:12:49+00:00', '--job-id', '425', '--raw', '--subdir', 'DAGS_FOLDER/analytics_serving_layer.py', '--cfg-path', '/tmp/tmp4pl2j7bu']
[2026-01-04T15:13:08.152+0000] {standard_task_runner.py:91} INFO - Job 425: Subtask merge_to_gold_bucket
[2026-01-04T15:13:08.271+0000] {task_command.py:426} INFO - Running <TaskInstance: analytics_serving_layer.merge_to_gold_bucket manual__2026-01-04T15:12:49+00:00 [running]> on host 968fed69c878
[2026-01-04T15:13:08.469+0000] {taskinstance.py:2644} INFO - Exporting env vars: AIRFLOW_CTX_DAG_OWNER='aviation-team' AIRFLOW_CTX_DAG_ID='analytics_serving_layer' AIRFLOW_CTX_TASK_ID='merge_to_gold_bucket' AIRFLOW_CTX_EXECUTION_DATE='2026-01-04T15:12:49+00:00' AIRFLOW_CTX_TRY_NUMBER='1' AIRFLOW_CTX_DAG_RUN_ID='manual__2026-01-04T15:12:49+00:00'
[2026-01-04T15:13:08.471+0000] {taskinstance.py:430} INFO - ::endgroup::
[2026-01-04T15:13:08.491+0000] {logging_mixin.py:188} INFO - ============================================================
[2026-01-04T15:13:08.492+0000] {logging_mixin.py:188} INFO - MERGING TO GOLD BUCKET
[2026-01-04T15:13:08.492+0000] {logging_mixin.py:188} INFO - Load batch data: True
[2026-01-04T15:13:08.492+0000] {logging_mixin.py:188} INFO - ============================================================
[2026-01-04T15:13:31.405+0000] {logging_mixin.py:188} INFO -   Batch: 2,370,307 records
[2026-01-04T15:13:31.817+0000] {logging_mixin.py:188} INFO -   Speed: 0 records (no data yet)
[2026-01-04T15:13:52.384+0000] {logging_mixin.py:188} INFO - ✅ Gold master created: 2,370,307 records
[2026-01-04T15:13:53.087+0000] {python.py:237} INFO - Done. Returned value was: {'gold_records': 2370307}
[2026-01-04T15:13:53.095+0000] {taskinstance.py:441} INFO - ::group::Post task execution logs
[2026-01-04T15:13:53.614+0000] {taskinstance.py:1205} INFO - Marking task as SUCCESS. dag_id=analytics_serving_layer, task_id=merge_to_gold_bucket, execution_date=20260104T151249, start_date=20260104T151308, end_date=20260104T151353
[2026-01-04T15:13:53.835+0000] {local_task_job_runner.py:240} INFO - Task exited with return code 0
[2026-01-04T15:13:54.080+0000] {taskinstance.py:3482} INFO - 1 downstream tasks scheduled from follow-on schedule check
[2026-01-04T15:13:54.083+0000] {local_task_job_runner.py:222} INFO - ::endgroup::
