[2026-01-04T12:00:02.436+0000] {local_task_job_runner.py:120} INFO - ::group::Pre task execution logs
[2026-01-04T12:00:02.513+0000] {taskinstance.py:2073} INFO - Dependencies all met for dep_context=non-requeueable deps ti=<TaskInstance: speed_layer_silver_ingestion.check_flight_tracker_health scheduled__2026-01-04T11:00:00+00:00 [queued]>
[2026-01-04T12:00:02.531+0000] {taskinstance.py:2073} INFO - Dependencies all met for dep_context=requeueable deps ti=<TaskInstance: speed_layer_silver_ingestion.check_flight_tracker_health scheduled__2026-01-04T11:00:00+00:00 [queued]>
[2026-01-04T12:00:02.532+0000] {taskinstance.py:2303} INFO - Starting attempt 1 of 3
[2026-01-04T12:00:02.561+0000] {taskinstance.py:2327} INFO - Executing <Task(PythonOperator): check_flight_tracker_health> on 2026-01-04 11:00:00+00:00
[2026-01-04T12:00:02.593+0000] {standard_task_runner.py:63} INFO - Started process 398 to run task
[2026-01-04T12:00:02.601+0000] {standard_task_runner.py:90} INFO - Running: ['***', 'tasks', 'run', 'speed_layer_silver_ingestion', 'check_flight_tracker_health', 'scheduled__2026-01-04T11:00:00+00:00', '--job-id', '357', '--raw', '--subdir', 'DAGS_FOLDER/speed_layer_silver_ingestion.py', '--cfg-path', '/tmp/tmpu3ox7cmp']
[2026-01-04T12:00:02.605+0000] {standard_task_runner.py:91} INFO - Job 357: Subtask check_flight_tracker_health
[2026-01-04T12:00:02.737+0000] {task_command.py:426} INFO - Running <TaskInstance: speed_layer_silver_ingestion.check_flight_tracker_health scheduled__2026-01-04T11:00:00+00:00 [running]> on host 4d831e97098c
[2026-01-04T12:00:02.979+0000] {taskinstance.py:2644} INFO - Exporting env vars: AIRFLOW_CTX_DAG_OWNER='aviation-team' AIRFLOW_CTX_DAG_ID='speed_layer_silver_ingestion' AIRFLOW_CTX_TASK_ID='check_flight_tracker_health' AIRFLOW_CTX_EXECUTION_DATE='2026-01-04T11:00:00+00:00' AIRFLOW_CTX_TRY_NUMBER='1' AIRFLOW_CTX_DAG_RUN_ID='scheduled__2026-01-04T11:00:00+00:00'
[2026-01-04T12:00:02.981+0000] {taskinstance.py:430} INFO - ::endgroup::
[2026-01-04T12:00:03.003+0000] {logging_mixin.py:188} INFO - ============================================================
[2026-01-04T12:00:03.003+0000] {logging_mixin.py:188} INFO - HEALTH CHECK - Flight Tracker
[2026-01-04T12:00:03.004+0000] {logging_mixin.py:188} INFO - ============================================================
[2026-01-04T12:00:03.017+0000] {logging_mixin.py:188} INFO - ✓ Flight Tracker is healthy
[2026-01-04T12:00:03.017+0000] {logging_mixin.py:188} INFO -   Accumulated flights: 30
[2026-01-04T12:00:03.018+0000] {logging_mixin.py:188} INFO -   WebSocket connections: 1
[2026-01-04T12:00:03.018+0000] {logging_mixin.py:188} INFO -   Status: healthy
[2026-01-04T12:00:03.069+0000] {python.py:237} INFO - Done. Returned value was: {'status': 'healthy', 'flights': 30, 'connections': 1}
[2026-01-04T12:00:03.070+0000] {taskinstance.py:441} INFO - ::group::Post task execution logs
[2026-01-04T12:00:03.142+0000] {taskinstance.py:1205} INFO - Marking task as SUCCESS. dag_id=speed_layer_silver_ingestion, task_id=check_flight_tracker_health, execution_date=20260104T110000, start_date=20260104T120002, end_date=20260104T120003
[2026-01-04T12:00:03.218+0000] {local_task_job_runner.py:240} INFO - Task exited with return code 0
[2026-01-04T12:00:03.277+0000] {taskinstance.py:3482} INFO - 1 downstream tasks scheduled from follow-on schedule check
[2026-01-04T12:00:03.280+0000] {local_task_job_runner.py:222} INFO - ::endgroup::
