[2026-01-04T15:15:23.504+0000] {local_task_job_runner.py:120} INFO - ::group::Pre task execution logs
[2026-01-04T15:15:23.584+0000] {taskinstance.py:2073} INFO - Dependencies all met for dep_context=non-requeueable deps ti=<TaskInstance: analytics_serving_layer.create_dim_route_analytics manual__2026-01-04T15:12:49+00:00 [queued]>
[2026-01-04T15:15:23.597+0000] {taskinstance.py:2073} INFO - Dependencies all met for dep_context=requeueable deps ti=<TaskInstance: analytics_serving_layer.create_dim_route_analytics manual__2026-01-04T15:12:49+00:00 [queued]>
[2026-01-04T15:15:23.597+0000] {taskinstance.py:2303} INFO - Starting attempt 1 of 2
[2026-01-04T15:15:23.621+0000] {taskinstance.py:2327} INFO - Executing <Task(PythonOperator): create_dim_route_analytics> on 2026-01-04 15:12:49+00:00
[2026-01-04T15:15:23.633+0000] {standard_task_runner.py:63} INFO - Started process 9096 to run task
[2026-01-04T15:15:23.641+0000] {standard_task_runner.py:90} INFO - Running: ['***', 'tasks', 'run', 'analytics_serving_layer', 'create_dim_route_analytics', 'manual__2026-01-04T15:12:49+00:00', '--job-id', '428', '--raw', '--subdir', 'DAGS_FOLDER/analytics_serving_layer.py', '--cfg-path', '/tmp/tmpvwodq6km']
[2026-01-04T15:15:23.644+0000] {standard_task_runner.py:91} INFO - Job 428: Subtask create_dim_route_analytics
[2026-01-04T15:15:23.754+0000] {task_command.py:426} INFO - Running <TaskInstance: analytics_serving_layer.create_dim_route_analytics manual__2026-01-04T15:12:49+00:00 [running]> on host 968fed69c878
[2026-01-04T15:15:23.936+0000] {taskinstance.py:2644} INFO - Exporting env vars: AIRFLOW_CTX_DAG_OWNER='aviation-team' AIRFLOW_CTX_DAG_ID='analytics_serving_layer' AIRFLOW_CTX_TASK_ID='create_dim_route_analytics' AIRFLOW_CTX_EXECUTION_DATE='2026-01-04T15:12:49+00:00' AIRFLOW_CTX_TRY_NUMBER='1' AIRFLOW_CTX_DAG_RUN_ID='manual__2026-01-04T15:12:49+00:00'
[2026-01-04T15:15:23.937+0000] {taskinstance.py:430} INFO - ::endgroup::
[2026-01-04T15:15:23.969+0000] {logging_mixin.py:188} INFO - ============================================================
[2026-01-04T15:15:23.969+0000] {logging_mixin.py:188} INFO - CREATING DIM_ROUTE_ANALYTICS
[2026-01-04T15:15:23.969+0000] {logging_mixin.py:188} INFO - ============================================================
[2026-01-04T15:16:04.915+0000] {logging_mixin.py:188} INFO - ✅ DIM_ROUTE_ANALYTICS: 256 records
[2026-01-04T15:16:05.977+0000] {python.py:237} INFO - Done. Returned value was: {'table': 'dim_route_analytics', 'records': 256}
[2026-01-04T15:16:05.980+0000] {taskinstance.py:441} INFO - ::group::Post task execution logs
[2026-01-04T15:16:06.313+0000] {taskinstance.py:1205} INFO - Marking task as SUCCESS. dag_id=analytics_serving_layer, task_id=create_dim_route_analytics, execution_date=20260104T151249, start_date=20260104T151523, end_date=20260104T151606
[2026-01-04T15:16:06.487+0000] {local_task_job_runner.py:240} INFO - Task exited with return code 0
[2026-01-04T15:16:06.959+0000] {taskinstance.py:3482} INFO - 0 downstream tasks scheduled from follow-on schedule check
[2026-01-04T15:16:06.975+0000] {local_task_job_runner.py:222} INFO - ::endgroup::
