[2026-01-04T11:00:09.498+0000] {local_task_job_runner.py:120} INFO - ::group::Pre task execution logs
[2026-01-04T11:00:09.551+0000] {taskinstance.py:2073} INFO - Dependencies all met for dep_context=non-requeueable deps ti=<TaskInstance: speed_layer_silver_ingestion.clear_kafka_topics scheduled__2026-01-04T10:00:00+00:00 [queued]>
[2026-01-04T11:00:09.567+0000] {taskinstance.py:2073} INFO - Dependencies all met for dep_context=requeueable deps ti=<TaskInstance: speed_layer_silver_ingestion.clear_kafka_topics scheduled__2026-01-04T10:00:00+00:00 [queued]>
[2026-01-04T11:00:09.568+0000] {taskinstance.py:2303} INFO - Starting attempt 1 of 3
[2026-01-04T11:00:09.585+0000] {taskinstance.py:2327} INFO - Executing <Task(PythonOperator): clear_kafka_topics> on 2026-01-04 10:00:00+00:00
[2026-01-04T11:00:09.594+0000] {standard_task_runner.py:63} INFO - Started process 287 to run task
[2026-01-04T11:00:09.597+0000] {standard_task_runner.py:90} INFO - Running: ['***', 'tasks', 'run', 'speed_layer_silver_ingestion', 'clear_kafka_topics', 'scheduled__2026-01-04T10:00:00+00:00', '--job-id', '351', '--raw', '--subdir', 'DAGS_FOLDER/speed_layer_silver_ingestion.py', '--cfg-path', '/tmp/tmp88jqzv4z']
[2026-01-04T11:00:09.599+0000] {standard_task_runner.py:91} INFO - Job 351: Subtask clear_kafka_topics
[2026-01-04T11:00:09.694+0000] {task_command.py:426} INFO - Running <TaskInstance: speed_layer_silver_ingestion.clear_kafka_topics scheduled__2026-01-04T10:00:00+00:00 [running]> on host 29663289b440
[2026-01-04T11:00:09.850+0000] {taskinstance.py:2644} INFO - Exporting env vars: AIRFLOW_CTX_DAG_OWNER='aviation-team' AIRFLOW_CTX_DAG_ID='speed_layer_silver_ingestion' AIRFLOW_CTX_TASK_ID='clear_kafka_topics' AIRFLOW_CTX_EXECUTION_DATE='2026-01-04T10:00:00+00:00' AIRFLOW_CTX_TRY_NUMBER='1' AIRFLOW_CTX_DAG_RUN_ID='scheduled__2026-01-04T10:00:00+00:00'
[2026-01-04T11:00:09.852+0000] {taskinstance.py:430} INFO - ::endgroup::
[2026-01-04T11:00:09.869+0000] {logging_mixin.py:188} INFO - ============================================================
[2026-01-04T11:00:09.869+0000] {logging_mixin.py:188} INFO - CLEARING KAFKA TOPICS
[2026-01-04T11:00:09.869+0000] {logging_mixin.py:188} INFO - ============================================================
[2026-01-04T11:00:09.898+0000] {logging_mixin.py:188} INFO - ⚠️ No flights were persisted - skipping Kafka clear
[2026-01-04T11:00:09.898+0000] {python.py:237} INFO - Done. Returned value was: {'status': 'skipped', 'reason': 'no_data'}
[2026-01-04T11:00:09.899+0000] {taskinstance.py:441} INFO - ::group::Post task execution logs
[2026-01-04T11:00:09.963+0000] {taskinstance.py:1205} INFO - Marking task as SUCCESS. dag_id=speed_layer_silver_ingestion, task_id=clear_kafka_topics, execution_date=20260104T100000, start_date=20260104T110009, end_date=20260104T110009
[2026-01-04T11:00:10.009+0000] {local_task_job_runner.py:240} INFO - Task exited with return code 0
[2026-01-04T11:00:10.040+0000] {taskinstance.py:3482} INFO - 0 downstream tasks scheduled from follow-on schedule check
[2026-01-04T11:00:10.041+0000] {local_task_job_runner.py:222} INFO - ::endgroup::
