[2025-12-24T16:19:59.894+0000] {local_task_job_runner.py:120} INFO - ::group::Pre task execution logs
[2025-12-24T16:19:59.949+0000] {taskinstance.py:2073} INFO - Dependencies all met for dep_context=non-requeueable deps ti=<TaskInstance: aviation_streaming_pipeline.ingest_kafka_to_bronze scheduled__2025-12-24T15:00:00+00:00 [queued]>
[2025-12-24T16:19:59.962+0000] {taskinstance.py:2073} INFO - Dependencies all met for dep_context=requeueable deps ti=<TaskInstance: aviation_streaming_pipeline.ingest_kafka_to_bronze scheduled__2025-12-24T15:00:00+00:00 [queued]>
[2025-12-24T16:19:59.962+0000] {taskinstance.py:2303} INFO - Starting attempt 1 of 3
[2025-12-24T16:19:59.980+0000] {taskinstance.py:2327} INFO - Executing <Task(PythonOperator): ingest_kafka_to_bronze> on 2025-12-24 15:00:00+00:00
[2025-12-24T16:19:59.991+0000] {standard_task_runner.py:63} INFO - Started process 239 to run task
[2025-12-24T16:19:59.996+0000] {standard_task_runner.py:90} INFO - Running: ['***', 'tasks', 'run', 'aviation_streaming_pipeline', 'ingest_kafka_to_bronze', 'scheduled__2025-12-24T15:00:00+00:00', '--job-id', '95', '--raw', '--subdir', 'DAGS_FOLDER/aviation_streaming_pipeline.py', '--cfg-path', '/tmp/tmpvrvgp1se']
[2025-12-24T16:20:00.000+0000] {standard_task_runner.py:91} INFO - Job 95: Subtask ingest_kafka_to_bronze
[2025-12-24T16:20:00.113+0000] {task_command.py:426} INFO - Running <TaskInstance: aviation_streaming_pipeline.ingest_kafka_to_bronze scheduled__2025-12-24T15:00:00+00:00 [running]> on host 8b32d77e27c5
[2025-12-24T16:20:00.273+0000] {taskinstance.py:2644} INFO - Exporting env vars: AIRFLOW_CTX_DAG_OWNER='aviation-team' AIRFLOW_CTX_DAG_ID='aviation_streaming_pipeline' AIRFLOW_CTX_TASK_ID='ingest_kafka_to_bronze' AIRFLOW_CTX_EXECUTION_DATE='2025-12-24T15:00:00+00:00' AIRFLOW_CTX_TRY_NUMBER='1' AIRFLOW_CTX_DAG_RUN_ID='scheduled__2025-12-24T15:00:00+00:00'
[2025-12-24T16:20:00.274+0000] {taskinstance.py:430} INFO - ::endgroup::
[2025-12-24T16:20:00.288+0000] {logging_mixin.py:188} INFO - ============================================================
[2025-12-24T16:20:00.289+0000] {logging_mixin.py:188} INFO - HOURLY INGESTION: Kafka → MinIO Bronze
[2025-12-24T16:20:00.289+0000] {logging_mixin.py:188} INFO - Time: 2025-12-24T16:20:00.288753
[2025-12-24T16:20:00.289+0000] {logging_mixin.py:188} INFO - Output: s3a://aviation-bronze/realtime
[2025-12-24T16:20:00.289+0000] {logging_mixin.py:188} INFO - ============================================================
[2025-12-24T16:21:01.623+0000] {logging_mixin.py:188} INFO -   Records to write: 3,466
[2025-12-24T16:21:07.548+0000] {logging_mixin.py:188} INFO -   ✓ Written to s3a://aviation-bronze/realtime
[2025-12-24T16:21:07.674+0000] {python.py:237} INFO - Done. Returned value was: {'timestamp': '2025-12-24T16:20:00.288753', 'records': 3466, 'output': 's3a://aviation-bronze/realtime'}
[2025-12-24T16:21:07.677+0000] {taskinstance.py:441} INFO - ::group::Post task execution logs
[2025-12-24T16:21:07.934+0000] {taskinstance.py:1205} INFO - Marking task as SUCCESS. dag_id=aviation_streaming_pipeline, task_id=ingest_kafka_to_bronze, execution_date=20251224T150000, start_date=20251224T161959, end_date=20251224T162107
[2025-12-24T16:21:08.041+0000] {local_task_job_runner.py:240} INFO - Task exited with return code 0
[2025-12-24T16:21:08.195+0000] {taskinstance.py:3482} INFO - 1 downstream tasks scheduled from follow-on schedule check
[2025-12-24T16:21:08.197+0000] {local_task_job_runner.py:222} INFO - ::endgroup::
