[2026-01-03T09:00:55.757+0000] {local_task_job_runner.py:120} INFO - ::group::Pre task execution logs
[2026-01-03T09:00:55.787+0000] {taskinstance.py:2073} INFO - Dependencies all met for dep_context=non-requeueable deps ti=<TaskInstance: speed_layer_silver_ingestion.log_summary scheduled__2026-01-03T08:00:00+00:00 [queued]>
[2026-01-03T09:00:55.802+0000] {taskinstance.py:2073} INFO - Dependencies all met for dep_context=requeueable deps ti=<TaskInstance: speed_layer_silver_ingestion.log_summary scheduled__2026-01-03T08:00:00+00:00 [queued]>
[2026-01-03T09:00:55.802+0000] {taskinstance.py:2303} INFO - Starting attempt 1 of 3
[2026-01-03T09:00:55.819+0000] {taskinstance.py:2327} INFO - Executing <Task(PythonOperator): log_summary> on 2026-01-03 08:00:00+00:00
[2026-01-03T09:00:55.829+0000] {standard_task_runner.py:63} INFO - Started process 3263 to run task
[2026-01-03T09:00:55.832+0000] {standard_task_runner.py:90} INFO - Running: ['***', 'tasks', 'run', 'speed_layer_silver_ingestion', 'log_summary', 'scheduled__2026-01-03T08:00:00+00:00', '--job-id', '171', '--raw', '--subdir', 'DAGS_FOLDER/speed_layer_silver_ingestion.py', '--cfg-path', '/tmp/tmplf8vz83d']
[2026-01-03T09:00:55.834+0000] {standard_task_runner.py:91} INFO - Job 171: Subtask log_summary
[2026-01-03T09:00:55.914+0000] {task_command.py:426} INFO - Running <TaskInstance: speed_layer_silver_ingestion.log_summary scheduled__2026-01-03T08:00:00+00:00 [running]> on host 197385afb3c6
[2026-01-03T09:00:56.068+0000] {taskinstance.py:2644} INFO - Exporting env vars: AIRFLOW_CTX_DAG_OWNER='aviation' AIRFLOW_CTX_DAG_ID='speed_layer_silver_ingestion' AIRFLOW_CTX_TASK_ID='log_summary' AIRFLOW_CTX_EXECUTION_DATE='2026-01-03T08:00:00+00:00' AIRFLOW_CTX_TRY_NUMBER='1' AIRFLOW_CTX_DAG_RUN_ID='scheduled__2026-01-03T08:00:00+00:00'
[2026-01-03T09:00:56.069+0000] {taskinstance.py:430} INFO - ::endgroup::
[2026-01-03T09:00:56.145+0000] {logging_mixin.py:188} INFO - ============================================================
[2026-01-03T09:00:56.146+0000] {logging_mixin.py:188} INFO - SPEED LAYER SILVER INGESTION COMPLETE
[2026-01-03T09:00:56.146+0000] {logging_mixin.py:188} INFO - ============================================================
[2026-01-03T09:00:56.146+0000] {logging_mixin.py:188} INFO -   Enriched flights: 30
[2026-01-03T09:00:56.147+0000] {logging_mixin.py:188} INFO -   Silver path: s3a://aviation-silver/speed_layer/enriched_flight_states/year=2026/month=01/day=03/hour=08
[2026-01-03T09:00:56.150+0000] {logging_mixin.py:188} WARNING - /home/***/.local/lib/python3.11/site-packages/***/utils/context.py:320 AirflowContextDeprecationWarning: Accessing 'execution_date' from the template is deprecated and will be removed in a future version. Please use 'data_interval_start' or 'logical_date' instead.
[2026-01-03T09:00:56.151+0000] {logging_mixin.py:188} INFO -   Execution time: 2026-01-03 08:00:00+00:00
[2026-01-03T09:00:56.151+0000] {logging_mixin.py:188} INFO - ============================================================
[2026-01-03T09:00:56.151+0000] {python.py:237} INFO - Done. Returned value was: None
[2026-01-03T09:00:56.152+0000] {taskinstance.py:441} INFO - ::group::Post task execution logs
[2026-01-03T09:00:56.168+0000] {taskinstance.py:1205} INFO - Marking task as SUCCESS. dag_id=speed_layer_silver_ingestion, task_id=log_summary, execution_date=20260103T080000, start_date=20260103T090055, end_date=20260103T090056
[2026-01-03T09:00:56.205+0000] {local_task_job_runner.py:240} INFO - Task exited with return code 0
[2026-01-03T09:00:56.254+0000] {taskinstance.py:3482} INFO - 0 downstream tasks scheduled from follow-on schedule check
[2026-01-03T09:00:56.257+0000] {local_task_job_runner.py:222} INFO - ::endgroup::
