[2026-01-04T15:00:10.969+0000] {local_task_job_runner.py:120} INFO - ::group::Pre task execution logs
[2026-01-04T15:00:11.018+0000] {taskinstance.py:2073} INFO - Dependencies all met for dep_context=non-requeueable deps ti=<TaskInstance: speed_layer_silver_ingestion.clear_kafka_topics scheduled__2026-01-04T14:00:00+00:00 [queued]>
[2026-01-04T15:00:11.030+0000] {taskinstance.py:2073} INFO - Dependencies all met for dep_context=requeueable deps ti=<TaskInstance: speed_layer_silver_ingestion.clear_kafka_topics scheduled__2026-01-04T14:00:00+00:00 [queued]>
[2026-01-04T15:00:11.031+0000] {taskinstance.py:2303} INFO - Starting attempt 1 of 3
[2026-01-04T15:00:11.050+0000] {taskinstance.py:2327} INFO - Executing <Task(PythonOperator): clear_kafka_topics> on 2026-01-04 14:00:00+00:00
[2026-01-04T15:00:11.062+0000] {standard_task_runner.py:63} INFO - Started process 7347 to run task
[2026-01-04T15:00:11.066+0000] {standard_task_runner.py:90} INFO - Running: ['***', 'tasks', 'run', 'speed_layer_silver_ingestion', 'clear_kafka_topics', 'scheduled__2026-01-04T14:00:00+00:00', '--job-id', '422', '--raw', '--subdir', 'DAGS_FOLDER/speed_layer_silver_ingestion.py', '--cfg-path', '/tmp/tmp7xkivohl']
[2026-01-04T15:00:11.069+0000] {standard_task_runner.py:91} INFO - Job 422: Subtask clear_kafka_topics
[2026-01-04T15:00:11.165+0000] {task_command.py:426} INFO - Running <TaskInstance: speed_layer_silver_ingestion.clear_kafka_topics scheduled__2026-01-04T14:00:00+00:00 [running]> on host 968fed69c878
[2026-01-04T15:00:11.362+0000] {taskinstance.py:2644} INFO - Exporting env vars: AIRFLOW_CTX_DAG_OWNER='aviation-team' AIRFLOW_CTX_DAG_ID='speed_layer_silver_ingestion' AIRFLOW_CTX_TASK_ID='clear_kafka_topics' AIRFLOW_CTX_EXECUTION_DATE='2026-01-04T14:00:00+00:00' AIRFLOW_CTX_TRY_NUMBER='1' AIRFLOW_CTX_DAG_RUN_ID='scheduled__2026-01-04T14:00:00+00:00'
[2026-01-04T15:00:11.364+0000] {taskinstance.py:430} INFO - ::endgroup::
[2026-01-04T15:00:11.394+0000] {logging_mixin.py:188} INFO - ============================================================
[2026-01-04T15:00:11.394+0000] {logging_mixin.py:188} INFO - CLEARING KAFKA TOPICS
[2026-01-04T15:00:11.395+0000] {logging_mixin.py:188} INFO - ============================================================
[2026-01-04T15:00:11.427+0000] {logging_mixin.py:188} INFO - ⚠️ No flights were persisted - skipping Kafka clear
[2026-01-04T15:00:11.428+0000] {python.py:237} INFO - Done. Returned value was: {'status': 'skipped', 'reason': 'no_data'}
[2026-01-04T15:00:11.429+0000] {taskinstance.py:441} INFO - ::group::Post task execution logs
[2026-01-04T15:00:11.511+0000] {taskinstance.py:1205} INFO - Marking task as SUCCESS. dag_id=speed_layer_silver_ingestion, task_id=clear_kafka_topics, execution_date=20260104T140000, start_date=20260104T150011, end_date=20260104T150011
[2026-01-04T15:00:11.559+0000] {local_task_job_runner.py:240} INFO - Task exited with return code 0
[2026-01-04T15:00:11.602+0000] {taskinstance.py:3482} INFO - 1 downstream tasks scheduled from follow-on schedule check
[2026-01-04T15:00:11.604+0000] {local_task_job_runner.py:222} INFO - ::endgroup::
