[2026-01-03T09:49:51.434+0000] {local_task_job_runner.py:120} INFO - ::group::Pre task execution logs
[2026-01-03T09:49:51.521+0000] {taskinstance.py:2073} INFO - Dependencies all met for dep_context=non-requeueable deps ti=<TaskInstance: speed_layer_silver_ingestion.persist_to_silver manual__2026-01-03T09:49:44.857439+00:00 [queued]>
[2026-01-03T09:49:51.544+0000] {taskinstance.py:2073} INFO - Dependencies all met for dep_context=requeueable deps ti=<TaskInstance: speed_layer_silver_ingestion.persist_to_silver manual__2026-01-03T09:49:44.857439+00:00 [queued]>
[2026-01-03T09:49:51.545+0000] {taskinstance.py:2303} INFO - Starting attempt 1 of 3
[2026-01-03T09:49:51.575+0000] {taskinstance.py:2327} INFO - Executing <Task(PythonOperator): persist_to_silver> on 2026-01-03 09:49:44.857439+00:00
[2026-01-03T09:49:51.591+0000] {standard_task_runner.py:63} INFO - Started process 1102 to run task
[2026-01-03T09:49:51.597+0000] {standard_task_runner.py:90} INFO - Running: ['***', 'tasks', 'run', 'speed_layer_silver_ingestion', 'persist_to_silver', 'manual__2026-01-03T09:49:44.857439+00:00', '--job-id', '203', '--raw', '--subdir', 'DAGS_FOLDER/speed_layer_silver_ingestion.py', '--cfg-path', '/tmp/tmpy3d5evma']
[2026-01-03T09:49:51.602+0000] {standard_task_runner.py:91} INFO - Job 203: Subtask persist_to_silver
[2026-01-03T09:49:51.696+0000] {task_command.py:426} INFO - Running <TaskInstance: speed_layer_silver_ingestion.persist_to_silver manual__2026-01-03T09:49:44.857439+00:00 [running]> on host 197385afb3c6
[2026-01-03T09:49:51.878+0000] {taskinstance.py:2644} INFO - Exporting env vars: AIRFLOW_CTX_DAG_OWNER='aviation-team' AIRFLOW_CTX_DAG_ID='speed_layer_silver_ingestion' AIRFLOW_CTX_TASK_ID='persist_to_silver' AIRFLOW_CTX_EXECUTION_DATE='2026-01-03T09:49:44.857439+00:00' AIRFLOW_CTX_TRY_NUMBER='1' AIRFLOW_CTX_DAG_RUN_ID='manual__2026-01-03T09:49:44.857439+00:00'
[2026-01-03T09:49:51.880+0000] {taskinstance.py:430} INFO - ::endgroup::
[2026-01-03T09:50:14.256+0000] {logging_mixin.py:188} WARNING - /home/***/.local/lib/python3.11/site-packages/***/utils/context.py:320 AirflowContextDeprecationWarning: Accessing 'execution_date' from the template is deprecated and will be removed in a future version. Please use 'data_interval_start' or 'logical_date' instead.
[2026-01-03T09:50:41.252+0000] {logging_mixin.py:188} INFO - ✓ Persisted 30 enriched flights to Silver
[2026-01-03T09:50:41.257+0000] {logging_mixin.py:188} INFO -   - Path: s3a://aviation-silver/speed_layer/enriched_flight_states/year=2026/month=01/day=03/hour=09
[2026-01-03T09:50:41.262+0000] {logging_mixin.py:188} INFO -   - Columns: 36
[2026-01-03T09:50:42.070+0000] {python.py:237} INFO - Done. Returned value was: 30
[2026-01-03T09:50:42.101+0000] {taskinstance.py:441} INFO - ::group::Post task execution logs
[2026-01-03T09:50:42.269+0000] {taskinstance.py:1205} INFO - Marking task as SUCCESS. dag_id=speed_layer_silver_ingestion, task_id=persist_to_silver, execution_date=20260103T094944, start_date=20260103T094951, end_date=20260103T095042
[2026-01-03T09:50:42.441+0000] {local_task_job_runner.py:240} INFO - Task exited with return code 0
[2026-01-03T09:50:42.747+0000] {taskinstance.py:3482} INFO - 1 downstream tasks scheduled from follow-on schedule check
[2026-01-03T09:50:42.751+0000] {local_task_job_runner.py:222} INFO - ::endgroup::
