[2025-12-24T17:05:28.617+0000] {local_task_job_runner.py:120} INFO - ::group::Pre task execution logs
[2025-12-24T17:05:28.666+0000] {taskinstance.py:2073} INFO - Dependencies all met for dep_context=non-requeueable deps ti=<TaskInstance: aviation_streaming_pipeline.print_summary scheduled__2025-12-24T16:00:00+00:00 [queued]>
[2025-12-24T17:05:28.676+0000] {taskinstance.py:2073} INFO - Dependencies all met for dep_context=requeueable deps ti=<TaskInstance: aviation_streaming_pipeline.print_summary scheduled__2025-12-24T16:00:00+00:00 [queued]>
[2025-12-24T17:05:28.676+0000] {taskinstance.py:2303} INFO - Starting attempt 1 of 3
[2025-12-24T17:05:28.693+0000] {taskinstance.py:2327} INFO - Executing <Task(PythonOperator): print_summary> on 2025-12-24 16:00:00+00:00
[2025-12-24T17:05:28.704+0000] {standard_task_runner.py:63} INFO - Started process 591 to run task
[2025-12-24T17:05:28.710+0000] {standard_task_runner.py:90} INFO - Running: ['***', 'tasks', 'run', 'aviation_streaming_pipeline', 'print_summary', 'scheduled__2025-12-24T16:00:00+00:00', '--job-id', '100', '--raw', '--subdir', 'DAGS_FOLDER/aviation_streaming_pipeline.py', '--cfg-path', '/tmp/tmpeiq_wxn5']
[2025-12-24T17:05:28.714+0000] {standard_task_runner.py:91} INFO - Job 100: Subtask print_summary
[2025-12-24T17:05:28.820+0000] {task_command.py:426} INFO - Running <TaskInstance: aviation_streaming_pipeline.print_summary scheduled__2025-12-24T16:00:00+00:00 [running]> on host a5050ea72fc5
[2025-12-24T17:05:28.993+0000] {taskinstance.py:2644} INFO - Exporting env vars: AIRFLOW_CTX_DAG_OWNER='aviation-team' AIRFLOW_CTX_DAG_ID='aviation_streaming_pipeline' AIRFLOW_CTX_TASK_ID='print_summary' AIRFLOW_CTX_EXECUTION_DATE='2025-12-24T16:00:00+00:00' AIRFLOW_CTX_TRY_NUMBER='1' AIRFLOW_CTX_DAG_RUN_ID='scheduled__2025-12-24T16:00:00+00:00'
[2025-12-24T17:05:28.995+0000] {taskinstance.py:430} INFO - ::endgroup::
[2025-12-24T17:05:29.026+0000] {logging_mixin.py:188} INFO - 
============================================================
[2025-12-24T17:05:29.027+0000] {logging_mixin.py:188} INFO - ✅ HOURLY INGESTION COMPLETE
[2025-12-24T17:05:29.027+0000] {logging_mixin.py:188} INFO - ============================================================
[2025-12-24T17:05:29.027+0000] {logging_mixin.py:188} INFO - Bronze (realtime): s3a://aviation-bronze/realtime
[2025-12-24T17:05:29.027+0000] {python.py:237} INFO - Done. Returned value was: None
[2025-12-24T17:05:29.028+0000] {taskinstance.py:441} INFO - ::group::Post task execution logs
[2025-12-24T17:05:29.056+0000] {taskinstance.py:1205} INFO - Marking task as SUCCESS. dag_id=aviation_streaming_pipeline, task_id=print_summary, execution_date=20251224T160000, start_date=20251224T170528, end_date=20251224T170529
[2025-12-24T17:05:29.121+0000] {local_task_job_runner.py:240} INFO - Task exited with return code 0
[2025-12-24T17:05:29.181+0000] {taskinstance.py:3482} INFO - 0 downstream tasks scheduled from follow-on schedule check
[2025-12-24T17:05:29.183+0000] {local_task_job_runner.py:222} INFO - ::endgroup::
