[2026-01-03T13:00:01.032+0000] {local_task_job_runner.py:120} INFO - ::group::Pre task execution logs
[2026-01-03T13:00:01.088+0000] {taskinstance.py:2073} INFO - Dependencies all met for dep_context=non-requeueable deps ti=<TaskInstance: speed_layer_silver_ingestion.check_flight_tracker_health scheduled__2026-01-03T12:00:00+00:00 [queued]>
[2026-01-03T13:00:01.096+0000] {taskinstance.py:2073} INFO - Dependencies all met for dep_context=requeueable deps ti=<TaskInstance: speed_layer_silver_ingestion.check_flight_tracker_health scheduled__2026-01-03T12:00:00+00:00 [queued]>
[2026-01-03T13:00:01.096+0000] {taskinstance.py:2303} INFO - Starting attempt 1 of 3
[2026-01-03T13:00:01.107+0000] {taskinstance.py:2327} INFO - Executing <Task(PythonOperator): check_flight_tracker_health> on 2026-01-03 12:00:00+00:00
[2026-01-03T13:00:01.116+0000] {standard_task_runner.py:63} INFO - Started process 8593 to run task
[2026-01-03T13:00:01.122+0000] {standard_task_runner.py:90} INFO - Running: ['***', 'tasks', 'run', 'speed_layer_silver_ingestion', 'check_flight_tracker_health', 'scheduled__2026-01-03T12:00:00+00:00', '--job-id', '226', '--raw', '--subdir', 'DAGS_FOLDER/speed_layer_silver_ingestion.py', '--cfg-path', '/tmp/tmps3_8ehwm']
[2026-01-03T13:00:01.126+0000] {standard_task_runner.py:91} INFO - Job 226: Subtask check_flight_tracker_health
[2026-01-03T13:00:01.271+0000] {task_command.py:426} INFO - Running <TaskInstance: speed_layer_silver_ingestion.check_flight_tracker_health scheduled__2026-01-03T12:00:00+00:00 [running]> on host 897f49cfcd10
[2026-01-03T13:00:01.432+0000] {taskinstance.py:2644} INFO - Exporting env vars: AIRFLOW_CTX_DAG_OWNER='aviation-team' AIRFLOW_CTX_DAG_ID='speed_layer_silver_ingestion' AIRFLOW_CTX_TASK_ID='check_flight_tracker_health' AIRFLOW_CTX_EXECUTION_DATE='2026-01-03T12:00:00+00:00' AIRFLOW_CTX_TRY_NUMBER='1' AIRFLOW_CTX_DAG_RUN_ID='scheduled__2026-01-03T12:00:00+00:00'
[2026-01-03T13:00:01.433+0000] {taskinstance.py:430} INFO - ::endgroup::
[2026-01-03T13:00:01.457+0000] {logging_mixin.py:188} INFO - ✓ Flight tracker healthy
[2026-01-03T13:00:01.458+0000] {logging_mixin.py:188} INFO -   - Accumulated flights: 0
[2026-01-03T13:00:01.458+0000] {logging_mixin.py:188} INFO -   - WebSocket connections: 1
[2026-01-03T13:00:01.458+0000] {python.py:237} INFO - Done. Returned value was: True
[2026-01-03T13:00:01.459+0000] {taskinstance.py:441} INFO - ::group::Post task execution logs
[2026-01-03T13:00:01.500+0000] {taskinstance.py:1205} INFO - Marking task as SUCCESS. dag_id=speed_layer_silver_ingestion, task_id=check_flight_tracker_health, execution_date=20260103T120000, start_date=20260103T130001, end_date=20260103T130001
[2026-01-03T13:00:01.532+0000] {local_task_job_runner.py:240} INFO - Task exited with return code 0
[2026-01-03T13:00:01.603+0000] {taskinstance.py:3482} INFO - 1 downstream tasks scheduled from follow-on schedule check
[2026-01-03T13:00:01.605+0000] {local_task_job_runner.py:222} INFO - ::endgroup::
