[2026-01-04T17:01:12.814+0000] {local_task_job_runner.py:120} INFO - ::group::Pre task execution logs
[2026-01-04T17:01:12.871+0000] {taskinstance.py:2073} INFO - Dependencies all met for dep_context=non-requeueable deps ti=<TaskInstance: speed_layer_silver_ingestion.clear_accumulator scheduled__2026-01-04T16:00:00+00:00 [queued]>
[2026-01-04T17:01:12.886+0000] {taskinstance.py:2073} INFO - Dependencies all met for dep_context=requeueable deps ti=<TaskInstance: speed_layer_silver_ingestion.clear_accumulator scheduled__2026-01-04T16:00:00+00:00 [queued]>
[2026-01-04T17:01:12.886+0000] {taskinstance.py:2303} INFO - Starting attempt 1 of 3
[2026-01-04T17:01:12.905+0000] {taskinstance.py:2327} INFO - Executing <Task(PythonOperator): clear_accumulator> on 2026-01-04 16:00:00+00:00
[2026-01-04T17:01:12.919+0000] {standard_task_runner.py:63} INFO - Started process 1899 to run task
[2026-01-04T17:01:12.924+0000] {standard_task_runner.py:90} INFO - Running: ['***', 'tasks', 'run', 'speed_layer_silver_ingestion', 'clear_accumulator', 'scheduled__2026-01-04T16:00:00+00:00', '--job-id', '454', '--raw', '--subdir', 'DAGS_FOLDER/speed_layer_silver_ingestion.py', '--cfg-path', '/tmp/tmpmmnfj3di']
[2026-01-04T17:01:12.928+0000] {standard_task_runner.py:91} INFO - Job 454: Subtask clear_accumulator
[2026-01-04T17:01:13.029+0000] {task_command.py:426} INFO - Running <TaskInstance: speed_layer_silver_ingestion.clear_accumulator scheduled__2026-01-04T16:00:00+00:00 [running]> on host 0f35c4bc447d
[2026-01-04T17:01:13.194+0000] {taskinstance.py:2644} INFO - Exporting env vars: AIRFLOW_CTX_DAG_OWNER='aviation-team' AIRFLOW_CTX_DAG_ID='speed_layer_silver_ingestion' AIRFLOW_CTX_TASK_ID='clear_accumulator' AIRFLOW_CTX_EXECUTION_DATE='2026-01-04T16:00:00+00:00' AIRFLOW_CTX_TRY_NUMBER='1' AIRFLOW_CTX_DAG_RUN_ID='scheduled__2026-01-04T16:00:00+00:00'
[2026-01-04T17:01:13.195+0000] {taskinstance.py:430} INFO - ::endgroup::
[2026-01-04T17:01:13.212+0000] {logging_mixin.py:188} INFO - ============================================================
[2026-01-04T17:01:13.212+0000] {logging_mixin.py:188} INFO - CLEARING ACCUMULATOR
[2026-01-04T17:01:13.212+0000] {logging_mixin.py:188} INFO - ============================================================
[2026-01-04T17:01:13.328+0000] {logging_mixin.py:188} INFO - ✓ Cleared 30 flights from accumulator
[2026-01-04T17:01:13.328+0000] {logging_mixin.py:188} INFO -   Status: cleared
[2026-01-04T17:01:13.329+0000] {logging_mixin.py:188} INFO -   Timestamp: 2026-01-04T17:01:13.324872
[2026-01-04T17:01:13.330+0000] {python.py:237} INFO - Done. Returned value was: {'status': 'cleared', 'cleared_count': 30, 'timestamp': '2026-01-04T17:01:13.324872'}
[2026-01-04T17:01:13.330+0000] {taskinstance.py:441} INFO - ::group::Post task execution logs
[2026-01-04T17:01:13.392+0000] {taskinstance.py:1205} INFO - Marking task as SUCCESS. dag_id=speed_layer_silver_ingestion, task_id=clear_accumulator, execution_date=20260104T160000, start_date=20260104T170112, end_date=20260104T170113
[2026-01-04T17:01:13.458+0000] {local_task_job_runner.py:240} INFO - Task exited with return code 0
[2026-01-04T17:01:13.521+0000] {taskinstance.py:3482} INFO - 1 downstream tasks scheduled from follow-on schedule check
[2026-01-04T17:01:13.524+0000] {local_task_job_runner.py:222} INFO - ::endgroup::
