[2026-01-03T17:00:09.402+0000] {local_task_job_runner.py:120} INFO - ::group::Pre task execution logs
[2026-01-03T17:00:09.439+0000] {taskinstance.py:2073} INFO - Dependencies all met for dep_context=non-requeueable deps ti=<TaskInstance: speed_layer_silver_ingestion.print_summary scheduled__2026-01-03T16:00:00+00:00 [queued]>
[2026-01-03T17:00:09.448+0000] {taskinstance.py:2073} INFO - Dependencies all met for dep_context=requeueable deps ti=<TaskInstance: speed_layer_silver_ingestion.print_summary scheduled__2026-01-03T16:00:00+00:00 [queued]>
[2026-01-03T17:00:09.448+0000] {taskinstance.py:2303} INFO - Starting attempt 1 of 3
[2026-01-03T17:00:09.462+0000] {taskinstance.py:2327} INFO - Executing <Task(PythonOperator): print_summary> on 2026-01-03 16:00:00+00:00
[2026-01-03T17:00:09.473+0000] {standard_task_runner.py:63} INFO - Started process 21068 to run task
[2026-01-03T17:00:09.477+0000] {standard_task_runner.py:90} INFO - Running: ['***', 'tasks', 'run', 'speed_layer_silver_ingestion', 'print_summary', 'scheduled__2026-01-03T16:00:00+00:00', '--job-id', '250', '--raw', '--subdir', 'DAGS_FOLDER/speed_layer_silver_ingestion.py', '--cfg-path', '/tmp/tmp0dbocvho']
[2026-01-03T17:00:09.479+0000] {standard_task_runner.py:91} INFO - Job 250: Subtask print_summary
[2026-01-03T17:00:09.554+0000] {task_command.py:426} INFO - Running <TaskInstance: speed_layer_silver_ingestion.print_summary scheduled__2026-01-03T16:00:00+00:00 [running]> on host 897f49cfcd10
[2026-01-03T17:00:09.717+0000] {taskinstance.py:2644} INFO - Exporting env vars: AIRFLOW_CTX_DAG_OWNER='aviation-team' AIRFLOW_CTX_DAG_ID='speed_layer_silver_ingestion' AIRFLOW_CTX_TASK_ID='print_summary' AIRFLOW_CTX_EXECUTION_DATE='2026-01-03T16:00:00+00:00' AIRFLOW_CTX_TRY_NUMBER='1' AIRFLOW_CTX_DAG_RUN_ID='scheduled__2026-01-03T16:00:00+00:00'
[2026-01-03T17:00:09.718+0000] {taskinstance.py:430} INFO - ::endgroup::
[2026-01-03T17:00:09.774+0000] {logging_mixin.py:188} INFO - 
============================================================
[2026-01-03T17:00:09.774+0000] {logging_mixin.py:188} INFO - ✅ SPEED LAYER SILVER INGESTION COMPLETE
[2026-01-03T17:00:09.774+0000] {logging_mixin.py:188} INFO - ============================================================
[2026-01-03T17:00:09.774+0000] {logging_mixin.py:188} INFO - 📊 Enriched flights: 0
[2026-01-03T17:00:09.775+0000] {logging_mixin.py:188} INFO - 🥈 Silver path: None
[2026-01-03T17:00:09.777+0000] {logging_mixin.py:188} WARNING - /home/***/.local/lib/python3.11/site-packages/***/utils/context.py:320 AirflowContextDeprecationWarning: Accessing 'execution_date' from the template is deprecated and will be removed in a future version. Please use 'data_interval_start' or 'logical_date' instead.
[2026-01-03T17:00:09.778+0000] {logging_mixin.py:188} INFO - 🕐 Execution time: 2026-01-03 16:00:00+00:00
[2026-01-03T17:00:09.778+0000] {logging_mixin.py:188} INFO - ============================================================
[2026-01-03T17:00:09.778+0000] {python.py:237} INFO - Done. Returned value was: None
[2026-01-03T17:00:09.778+0000] {taskinstance.py:441} INFO - ::group::Post task execution logs
[2026-01-03T17:00:09.794+0000] {taskinstance.py:1205} INFO - Marking task as SUCCESS. dag_id=speed_layer_silver_ingestion, task_id=print_summary, execution_date=20260103T160000, start_date=20260103T170009, end_date=20260103T170009
[2026-01-03T17:00:09.849+0000] {local_task_job_runner.py:240} INFO - Task exited with return code 0
[2026-01-03T17:00:09.884+0000] {taskinstance.py:3482} INFO - 0 downstream tasks scheduled from follow-on schedule check
[2026-01-03T17:00:09.886+0000] {local_task_job_runner.py:222} INFO - ::endgroup::
