[2025-12-24T11:12:43.667+0000] {local_task_job_runner.py:120} INFO - ::group::Pre task execution logs
[2025-12-24T11:12:43.828+0000] {taskinstance.py:2073} INFO - Dependencies all met for dep_context=non-requeueable deps ti=<TaskInstance: aviation_batch_pipeline.run_batch_pipeline manual__2025-12-24T10:55:28.960574+00:00 [queued]>
[2025-12-24T11:12:43.847+0000] {taskinstance.py:2073} INFO - Dependencies all met for dep_context=requeueable deps ti=<TaskInstance: aviation_batch_pipeline.run_batch_pipeline manual__2025-12-24T10:55:28.960574+00:00 [queued]>
[2025-12-24T11:12:43.848+0000] {taskinstance.py:2303} INFO - Starting attempt 4 of 6
[2025-12-24T11:12:44.923+0000] {taskinstance.py:2327} INFO - Executing <Task(PythonOperator): run_batch_pipeline> on 2025-12-24 10:55:28.960574+00:00
[2025-12-24T11:12:44.934+0000] {standard_task_runner.py:63} INFO - Started process 11050 to run task
[2025-12-24T11:12:44.939+0000] {standard_task_runner.py:90} INFO - Running: ['***', 'tasks', 'run', 'aviation_batch_pipeline', 'run_batch_pipeline', 'manual__2025-12-24T10:55:28.960574+00:00', '--job-id', '50', '--raw', '--subdir', 'DAGS_FOLDER/aviation_batch_dag.py', '--cfg-path', '/tmp/tmp2e2tk9zj']
[2025-12-24T11:12:44.941+0000] {standard_task_runner.py:91} INFO - Job 50: Subtask run_batch_pipeline
[2025-12-24T11:12:45.025+0000] {task_command.py:426} INFO - Running <TaskInstance: aviation_batch_pipeline.run_batch_pipeline manual__2025-12-24T10:55:28.960574+00:00 [running]> on host 849a36138e84
[2025-12-24T11:12:45.172+0000] {taskinstance.py:2644} INFO - Exporting env vars: AIRFLOW_CTX_DAG_OWNER='aviation_team' AIRFLOW_CTX_DAG_ID='aviation_batch_pipeline' AIRFLOW_CTX_TASK_ID='run_batch_pipeline' AIRFLOW_CTX_EXECUTION_DATE='2025-12-24T10:55:28.960574+00:00' AIRFLOW_CTX_TRY_NUMBER='4' AIRFLOW_CTX_DAG_RUN_ID='manual__2025-12-24T10:55:28.960574+00:00'
[2025-12-24T11:12:45.173+0000] {taskinstance.py:430} INFO - ::endgroup::
[2025-12-24T11:12:50.538+0000] {logging_mixin.py:188} INFO - 
============================================================
[2025-12-24T11:12:50.539+0000] {logging_mixin.py:188} INFO - STAGE 1: Processing States Data
[2025-12-24T11:12:50.539+0000] {logging_mixin.py:188} INFO - ============================================================
[2025-12-24T11:12:50.540+0000] {logging_mixin.py:188} INFO - Using states path: /data/aviation_data/states
[2025-12-24T11:12:52.939+0000] {logging_mixin.py:188} INFO - Found 2722 tar files to process
[2025-12-24T11:12:52.940+0000] {logging_mixin.py:188} INFO -   Ensured output directory exists: /tmp/aviation/filtered_states
[2025-12-24T11:12:52.941+0000] {logging_mixin.py:188} INFO - Processing 2722 tar files... (Target: 0.14 GB)
[2025-12-24T11:12:52.941+0000] {logging_mixin.py:188} INFO - Processing batch 1/545 (5 files)
[2025-12-24T11:12:52.942+0000] {logging_mixin.py:188} INFO -   Extracting file 1/5: states_.2017-06-05-00.csv.tar
[2025-12-24T11:12:52.964+0000] {logging_mixin.py:188} INFO -   Extracting file 2/5: states_2017-06-05-00.csv.tar
[2025-12-24T11:12:53.508+0000] {logging_mixin.py:188} INFO -   Extracting file 3/5: states_.2017-06-05-01.csv.tar
[2025-12-24T11:12:53.518+0000] {logging_mixin.py:188} INFO -   Extracting file 4/5: states_2017-06-05-01.csv.tar
[2025-12-24T11:12:54.008+0000] {logging_mixin.py:188} INFO -   Extracting file 5/5: states_.2017-06-05-02.csv.tar
[2025-12-24T11:12:54.016+0000] {logging_mixin.py:188} INFO -   Reading 2 CSV files with Spark...
[2025-12-24T11:13:06.293+0000] {logging_mixin.py:188} INFO -   Batch 1: 19094 India-related records
[2025-12-24T11:13:15.995+0000] {logging_mixin.py:188} INFO -   Batch 1: Saved to /tmp/aviation/filtered_states | Current size: 0.145 GB
[2025-12-24T11:13:15.995+0000] {logging_mixin.py:188} INFO - 
✅ TARGET SIZE REACHED: 0.145 GB >= 0.14 GB
[2025-12-24T11:13:15.995+0000] {logging_mixin.py:188} INFO -    Processed 1/545 batches (5/2722 files)
[2025-12-24T11:13:16.024+0000] {logging_mixin.py:188} INFO -   Cleaned up temp directory
[2025-12-24T11:13:18.078+0000] {logging_mixin.py:188} INFO - Current data: 3,651,088 rows, ~0.68 GB
[2025-12-24T11:13:18.079+0000] {logging_mixin.py:188} INFO - Data already under target size (10.0 GB), no sampling needed
[2025-12-24T11:13:28.912+0000] {python.py:237} INFO - Done. Returned value was: {'start_time': '2025-12-24T11:12:50.537610', 'stages': {'process_states': {'tar_files_processed': 2722, 'output_records': 3651088, 'output_path': '/tmp/aviation/sampled_states'}}, 'end_time': '2025-12-24T11:13:28.365394', 'status': 'SUCCESS'}
[2025-12-24T11:13:28.913+0000] {taskinstance.py:441} INFO - ::group::Post task execution logs
[2025-12-24T11:13:28.953+0000] {taskinstance.py:1205} INFO - Marking task as SUCCESS. dag_id=aviation_batch_pipeline, task_id=run_batch_pipeline, execution_date=20251224T105528, start_date=20251224T111243, end_date=20251224T111328
[2025-12-24T11:13:29.023+0000] {local_task_job_runner.py:240} INFO - Task exited with return code 0
[2025-12-24T11:13:29.059+0000] {taskinstance.py:3482} INFO - 1 downstream tasks scheduled from follow-on schedule check
[2025-12-24T11:13:29.060+0000] {local_task_job_runner.py:222} INFO - ::endgroup::
