[2026-01-04T14:54:21.903+0000] {local_task_job_runner.py:120} INFO - ::group::Pre task execution logs
[2026-01-04T14:54:21.953+0000] {taskinstance.py:2073} INFO - Dependencies all met for dep_context=non-requeueable deps ti=<TaskInstance: analytics_serving_layer.merge_to_gold_bucket manual__2026-01-04T14:54:08+00:00 [queued]>
[2026-01-04T14:54:21.967+0000] {taskinstance.py:2073} INFO - Dependencies all met for dep_context=requeueable deps ti=<TaskInstance: analytics_serving_layer.merge_to_gold_bucket manual__2026-01-04T14:54:08+00:00 [queued]>
[2026-01-04T14:54:21.967+0000] {taskinstance.py:2303} INFO - Starting attempt 1 of 2
[2026-01-04T14:54:21.987+0000] {taskinstance.py:2327} INFO - Executing <Task(PythonOperator): merge_to_gold_bucket> on 2026-01-04 14:54:08+00:00
[2026-01-04T14:54:21.999+0000] {standard_task_runner.py:63} INFO - Started process 5538 to run task
[2026-01-04T14:54:22.004+0000] {standard_task_runner.py:90} INFO - Running: ['***', 'tasks', 'run', 'analytics_serving_layer', 'merge_to_gold_bucket', 'manual__2026-01-04T14:54:08+00:00', '--job-id', '411', '--raw', '--subdir', 'DAGS_FOLDER/analytics_serving_layer.py', '--cfg-path', '/tmp/tmplvbi_vou']
[2026-01-04T14:54:22.007+0000] {standard_task_runner.py:91} INFO - Job 411: Subtask merge_to_gold_bucket
[2026-01-04T14:54:22.099+0000] {task_command.py:426} INFO - Running <TaskInstance: analytics_serving_layer.merge_to_gold_bucket manual__2026-01-04T14:54:08+00:00 [running]> on host 968fed69c878
[2026-01-04T14:54:22.277+0000] {taskinstance.py:2644} INFO - Exporting env vars: AIRFLOW_CTX_DAG_OWNER='aviation-team' AIRFLOW_CTX_DAG_ID='analytics_serving_layer' AIRFLOW_CTX_TASK_ID='merge_to_gold_bucket' AIRFLOW_CTX_EXECUTION_DATE='2026-01-04T14:54:08+00:00' AIRFLOW_CTX_TRY_NUMBER='1' AIRFLOW_CTX_DAG_RUN_ID='manual__2026-01-04T14:54:08+00:00'
[2026-01-04T14:54:22.278+0000] {taskinstance.py:430} INFO - ::endgroup::
[2026-01-04T14:54:22.303+0000] {logging_mixin.py:188} INFO - ============================================================
[2026-01-04T14:54:22.304+0000] {logging_mixin.py:188} INFO - MERGING TO GOLD BUCKET
[2026-01-04T14:54:22.304+0000] {logging_mixin.py:188} INFO - Load batch data: True
[2026-01-04T14:54:22.304+0000] {logging_mixin.py:188} INFO - ============================================================
[2026-01-04T14:54:40.430+0000] {logging_mixin.py:188} INFO -   Batch: 2,370,307 records
[2026-01-04T14:54:40.637+0000] {logging_mixin.py:188} INFO -   Speed: 0 records (no data yet)
[2026-01-04T14:55:00.695+0000] {logging_mixin.py:188} INFO - ✅ Gold master created: 2,370,307 records
[2026-01-04T14:55:01.046+0000] {python.py:237} INFO - Done. Returned value was: {'gold_records': 2370307}
[2026-01-04T14:55:01.054+0000] {taskinstance.py:441} INFO - ::group::Post task execution logs
[2026-01-04T14:55:01.488+0000] {taskinstance.py:1205} INFO - Marking task as SUCCESS. dag_id=analytics_serving_layer, task_id=merge_to_gold_bucket, execution_date=20260104T145408, start_date=20260104T145421, end_date=20260104T145501
[2026-01-04T14:55:01.666+0000] {local_task_job_runner.py:240} INFO - Task exited with return code 0
[2026-01-04T14:55:01.854+0000] {taskinstance.py:3482} INFO - 1 downstream tasks scheduled from follow-on schedule check
[2026-01-04T14:55:01.856+0000] {local_task_job_runner.py:222} INFO - ::endgroup::
