[2026-01-04T13:15:57.807+0000] {local_task_job_runner.py:120} INFO - ::group::Pre task execution logs
[2026-01-04T13:15:57.882+0000] {taskinstance.py:2073} INFO - Dependencies all met for dep_context=non-requeueable deps ti=<TaskInstance: aviation_states_pipeline.extract_bronze_states manual__2026-01-04T13:15:49.804681+00:00 [queued]>
[2026-01-04T13:15:57.903+0000] {taskinstance.py:2073} INFO - Dependencies all met for dep_context=requeueable deps ti=<TaskInstance: aviation_states_pipeline.extract_bronze_states manual__2026-01-04T13:15:49.804681+00:00 [queued]>
[2026-01-04T13:15:57.904+0000] {taskinstance.py:2303} INFO - Starting attempt 1 of 2
[2026-01-04T13:15:57.936+0000] {taskinstance.py:2327} INFO - Executing <Task(PythonOperator): extract_bronze_states> on 2026-01-04 13:15:49.804681+00:00
[2026-01-04T13:15:57.956+0000] {standard_task_runner.py:63} INFO - Started process 879 to run task
[2026-01-04T13:15:57.963+0000] {standard_task_runner.py:90} INFO - Running: ['***', 'tasks', 'run', 'aviation_states_pipeline', 'extract_bronze_states', 'manual__2026-01-04T13:15:49.804681+00:00', '--job-id', '379', '--raw', '--subdir', 'DAGS_FOLDER/aviation_states_pipeline.py', '--cfg-path', '/tmp/tmp1ja2y9ss']
[2026-01-04T13:15:57.967+0000] {standard_task_runner.py:91} INFO - Job 379: Subtask extract_bronze_states
[2026-01-04T13:15:58.102+0000] {task_command.py:426} INFO - Running <TaskInstance: aviation_states_pipeline.extract_bronze_states manual__2026-01-04T13:15:49.804681+00:00 [running]> on host 968fed69c878
[2026-01-04T13:15:58.491+0000] {taskinstance.py:2644} INFO - Exporting env vars: AIRFLOW_CTX_DAG_OWNER='aviation-team' AIRFLOW_CTX_DAG_ID='aviation_states_pipeline' AIRFLOW_CTX_TASK_ID='extract_bronze_states' AIRFLOW_CTX_EXECUTION_DATE='2026-01-04T13:15:49.804681+00:00' AIRFLOW_CTX_TRY_NUMBER='1' AIRFLOW_CTX_DAG_RUN_ID='manual__2026-01-04T13:15:49.804681+00:00'
[2026-01-04T13:15:58.495+0000] {taskinstance.py:430} INFO - ::endgroup::
[2026-01-04T13:15:58.564+0000] {logging_mixin.py:188} INFO - ============================================================
[2026-01-04T13:15:58.564+0000] {logging_mixin.py:188} INFO - BRONZE LAYER: Extracting India Flight States
[2026-01-04T13:15:58.565+0000] {logging_mixin.py:188} INFO - Output: s3a://aviation-bronze/states
[2026-01-04T13:15:58.565+0000] {logging_mixin.py:188} INFO - Max batches: 10
[2026-01-04T13:15:58.566+0000] {logging_mixin.py:188} INFO - ============================================================
[2026-01-04T13:16:02.045+0000] {logging_mixin.py:188} INFO - Found 2722 tar files
[2026-01-04T13:16:11.773+0000] {logging_mixin.py:188} INFO - Processing 2722 tar files... (Max batches: 10)
[2026-01-04T13:16:11.776+0000] {logging_mixin.py:188} INFO - Processing batch 1/545 (5 files)
[2026-01-04T13:16:11.777+0000] {logging_mixin.py:188} INFO -   Extracting file 1/5: states_.2017-06-05-00.csv.tar
[2026-01-04T13:16:11.818+0000] {logging_mixin.py:188} INFO -   Extracting file 2/5: states_2017-06-05-00.csv.tar
[2026-01-04T13:16:12.475+0000] {logging_mixin.py:188} INFO -   Extracting file 3/5: states_.2017-06-05-01.csv.tar
[2026-01-04T13:16:12.494+0000] {logging_mixin.py:188} INFO -   Extracting file 4/5: states_2017-06-05-01.csv.tar
[2026-01-04T13:16:13.033+0000] {logging_mixin.py:188} INFO -   Extracting file 5/5: states_.2017-06-05-02.csv.tar
[2026-01-04T13:16:13.042+0000] {logging_mixin.py:188} INFO -   Reading 2 CSV files with Spark...
[2026-01-04T13:16:31.391+0000] {logging_mixin.py:188} INFO -   Batch 1: 27,656 India-related records (Total: 27,656)
[2026-01-04T13:16:48.206+0000] {logging_mixin.py:188} INFO -   Cleaned up temp directory
[2026-01-04T13:16:48.218+0000] {logging_mixin.py:188} INFO - Processing batch 2/545 (5 files)
[2026-01-04T13:16:48.219+0000] {logging_mixin.py:188} INFO -   Extracting file 1/5: states_2017-06-05-02.csv.tar
[2026-01-04T13:16:48.705+0000] {logging_mixin.py:188} INFO -   Extracting file 2/5: states_.2017-06-05-03.csv.tar
[2026-01-04T13:16:48.718+0000] {logging_mixin.py:188} INFO -   Extracting file 3/5: states_2017-06-05-03.csv.tar
[2026-01-04T13:16:49.152+0000] {logging_mixin.py:188} INFO -   Extracting file 4/5: states_.2017-06-05-04.csv.tar
[2026-01-04T13:16:49.167+0000] {logging_mixin.py:188} INFO -   Extracting file 5/5: states_2017-06-05-04.csv.tar
[2026-01-04T13:16:49.637+0000] {logging_mixin.py:188} INFO -   Reading 3 CSV files with Spark...
[2026-01-04T13:16:57.623+0000] {logging_mixin.py:188} INFO -   Batch 2: 51,050 India-related records (Total: 78,706)
[2026-01-04T13:17:07.903+0000] {logging_mixin.py:188} INFO -   Cleaned up temp directory
[2026-01-04T13:17:07.905+0000] {logging_mixin.py:188} INFO - Processing batch 3/545 (5 files)
[2026-01-04T13:17:07.906+0000] {logging_mixin.py:188} INFO -   Extracting file 1/5: states_.2017-06-05-05.csv.tar
[2026-01-04T13:17:07.935+0000] {logging_mixin.py:188} INFO -   Extracting file 2/5: states_2017-06-05-05.csv.tar
[2026-01-04T13:17:08.456+0000] {logging_mixin.py:188} INFO -   Extracting file 3/5: states_.2017-06-05-06.csv.tar
[2026-01-04T13:17:08.464+0000] {logging_mixin.py:188} INFO -   Extracting file 4/5: states_2017-06-05-06.csv.tar
[2026-01-04T13:17:08.981+0000] {logging_mixin.py:188} INFO -   Extracting file 5/5: states_.2017-06-05-07.csv.tar
[2026-01-04T13:17:08.996+0000] {logging_mixin.py:188} INFO -   Reading 2 CSV files with Spark...
[2026-01-04T13:17:16.474+0000] {logging_mixin.py:188} INFO -   Batch 3: 35,153 India-related records (Total: 113,859)
[2026-01-04T13:17:27.357+0000] {logging_mixin.py:188} INFO -   Cleaned up temp directory
[2026-01-04T13:17:27.358+0000] {logging_mixin.py:188} INFO - Processing batch 4/545 (5 files)
[2026-01-04T13:17:27.359+0000] {logging_mixin.py:188} INFO -   Extracting file 1/5: states_2017-06-05-07.csv.tar
[2026-01-04T13:17:27.876+0000] {logging_mixin.py:188} INFO -   Extracting file 2/5: states_.2017-06-05-08.csv.tar
[2026-01-04T13:17:27.882+0000] {logging_mixin.py:188} INFO -   Extracting file 3/5: states_2017-06-05-08.csv.tar
[2026-01-04T13:17:28.491+0000] {logging_mixin.py:188} INFO -   Extracting file 4/5: states_.2017-06-05-09.csv.tar
[2026-01-04T13:17:28.515+0000] {logging_mixin.py:188} INFO -   Extracting file 5/5: states_2017-06-05-09.csv.tar
[2026-01-04T13:17:29.148+0000] {logging_mixin.py:188} INFO -   Reading 3 CSV files with Spark...
[2026-01-04T13:17:38.736+0000] {logging_mixin.py:188} INFO -   Batch 4: 34,425 India-related records (Total: 148,284)
[2026-01-04T13:17:52.395+0000] {logging_mixin.py:188} INFO -   Cleaned up temp directory
[2026-01-04T13:17:52.396+0000] {logging_mixin.py:188} INFO - Processing batch 5/545 (5 files)
[2026-01-04T13:17:52.398+0000] {logging_mixin.py:188} INFO -   Extracting file 1/5: states_.2017-06-05-10.csv.tar
[2026-01-04T13:17:52.429+0000] {logging_mixin.py:188} INFO -   Extracting file 2/5: states_2017-06-05-10.csv.tar
[2026-01-04T13:17:53.110+0000] {logging_mixin.py:188} INFO -   Extracting file 3/5: states_.2017-06-05-11.csv.tar
[2026-01-04T13:17:53.121+0000] {logging_mixin.py:188} INFO -   Extracting file 4/5: states_2017-06-05-11.csv.tar
[2026-01-04T13:17:53.861+0000] {logging_mixin.py:188} INFO -   Extracting file 5/5: states_.2017-06-05-12.csv.tar
[2026-01-04T13:17:53.872+0000] {logging_mixin.py:188} INFO -   Reading 2 CSV files with Spark...
[2026-01-04T13:18:04.201+0000] {logging_mixin.py:188} INFO -   Batch 5: 15,668 India-related records (Total: 163,952)
[2026-01-04T13:18:18.090+0000] {logging_mixin.py:188} INFO -   Cleaned up temp directory
[2026-01-04T13:18:18.092+0000] {logging_mixin.py:188} INFO - Processing batch 6/545 (5 files)
[2026-01-04T13:18:18.093+0000] {logging_mixin.py:188} INFO -   Extracting file 1/5: states_2017-06-05-12.csv.tar
[2026-01-04T13:18:18.867+0000] {logging_mixin.py:188} INFO -   Extracting file 2/5: states_.2017-06-05-13.csv.tar
[2026-01-04T13:18:18.907+0000] {logging_mixin.py:188} INFO -   Extracting file 3/5: states_2017-06-05-13.csv.tar
[2026-01-04T13:18:19.772+0000] {logging_mixin.py:188} INFO -   Extracting file 4/5: states_.2017-06-05-14.csv.tar
[2026-01-04T13:18:19.795+0000] {logging_mixin.py:188} INFO -   Extracting file 5/5: states_2017-06-05-14.csv.tar
[2026-01-04T13:18:20.729+0000] {logging_mixin.py:188} INFO -   Reading 3 CSV files with Spark...
[2026-01-04T13:18:32.728+0000] {logging_mixin.py:188} INFO -   Batch 6: 24,622 India-related records (Total: 188,574)
[2026-01-04T13:18:49.347+0000] {logging_mixin.py:188} INFO -   Cleaned up temp directory
[2026-01-04T13:18:49.349+0000] {logging_mixin.py:188} INFO - Processing batch 7/545 (5 files)
[2026-01-04T13:18:49.351+0000] {logging_mixin.py:188} INFO -   Extracting file 1/5: states_.2017-06-05-15.csv.tar
[2026-01-04T13:18:49.378+0000] {logging_mixin.py:188} INFO -   Extracting file 2/5: states_2017-06-05-15.csv.tar
[2026-01-04T13:18:50.258+0000] {logging_mixin.py:188} INFO -   Extracting file 3/5: states_.2017-06-05-16.csv.tar
[2026-01-04T13:18:50.271+0000] {logging_mixin.py:188} INFO -   Extracting file 4/5: states_2017-06-05-16.csv.tar
[2026-01-04T13:18:51.151+0000] {logging_mixin.py:188} INFO -   Extracting file 5/5: states_.2017-06-05-17.csv.tar
[2026-01-04T13:18:51.158+0000] {logging_mixin.py:188} INFO -   Reading 2 CSV files with Spark...
[2026-01-04T13:19:02.243+0000] {logging_mixin.py:188} INFO -   Batch 7: 21,015 India-related records (Total: 209,589)
[2026-01-04T13:19:19.183+0000] {logging_mixin.py:188} INFO -   Cleaned up temp directory
[2026-01-04T13:19:19.184+0000] {logging_mixin.py:188} INFO - Processing batch 8/545 (5 files)
[2026-01-04T13:19:19.186+0000] {logging_mixin.py:188} INFO -   Extracting file 1/5: states_2017-06-05-17.csv.tar
[2026-01-04T13:19:20.048+0000] {logging_mixin.py:188} INFO -   Extracting file 2/5: states_.2017-06-05-18.csv.tar
[2026-01-04T13:19:20.061+0000] {logging_mixin.py:188} INFO -   Extracting file 3/5: states_2017-06-05-18.csv.tar
[2026-01-04T13:19:20.866+0000] {logging_mixin.py:188} INFO -   Extracting file 4/5: states_.2017-06-05-19.csv.tar
[2026-01-04T13:19:20.874+0000] {logging_mixin.py:188} INFO -   Extracting file 5/5: states_2017-06-05-19.csv.tar
[2026-01-04T13:19:21.674+0000] {logging_mixin.py:188} INFO -   Reading 3 CSV files with Spark...
[2026-01-04T13:19:33.680+0000] {logging_mixin.py:188} INFO -   Batch 8: 30,106 India-related records (Total: 239,695)
[2026-01-04T13:19:51.613+0000] {logging_mixin.py:188} INFO -   Cleaned up temp directory
[2026-01-04T13:19:51.615+0000] {logging_mixin.py:188} INFO - Processing batch 9/545 (5 files)
[2026-01-04T13:19:51.617+0000] {logging_mixin.py:188} INFO -   Extracting file 1/5: states_.2017-06-05-20.csv.tar
[2026-01-04T13:19:51.650+0000] {logging_mixin.py:188} INFO -   Extracting file 2/5: states_2017-06-05-20.csv.tar
[2026-01-04T13:19:52.421+0000] {logging_mixin.py:188} INFO -   Extracting file 3/5: states_.2017-06-05-21.csv.tar
[2026-01-04T13:19:52.434+0000] {logging_mixin.py:188} INFO -   Extracting file 4/5: states_2017-06-05-21.csv.tar
[2026-01-04T13:19:53.132+0000] {logging_mixin.py:188} INFO -   Extracting file 5/5: states_.2017-06-05-22.csv.tar
[2026-01-04T13:19:53.154+0000] {logging_mixin.py:188} INFO -   Reading 2 CSV files with Spark...
[2026-01-04T13:20:02.592+0000] {logging_mixin.py:188} INFO -   Batch 9: 23,654 India-related records (Total: 263,349)
[2026-01-04T13:20:15.005+0000] {logging_mixin.py:188} INFO -   Cleaned up temp directory
[2026-01-04T13:20:15.006+0000] {logging_mixin.py:188} INFO - Processing batch 10/545 (5 files)
[2026-01-04T13:20:15.006+0000] {logging_mixin.py:188} INFO -   Extracting file 1/5: states_2017-06-05-22.csv.tar
[2026-01-04T13:20:15.617+0000] {logging_mixin.py:188} INFO -   Extracting file 2/5: states_.2017-06-05-23.csv.tar
[2026-01-04T13:20:15.627+0000] {logging_mixin.py:188} INFO -   Extracting file 3/5: states_2017-06-05-23.csv.tar
[2026-01-04T13:20:16.185+0000] {logging_mixin.py:188} INFO -   Extracting file 4/5: states_2017-07-03-00.csv.tar
[2026-01-04T13:20:16.733+0000] {logging_mixin.py:188} INFO -   Extracting file 5/5: states_2017-07-03-01.csv.tar
[2026-01-04T13:20:17.236+0000] {logging_mixin.py:188} INFO -   Reading 4 CSV files with Spark...
[2026-01-04T13:20:27.198+0000] {logging_mixin.py:188} INFO -   Batch 10: 29,597 India-related records (Total: 292,946)
[2026-01-04T13:20:42.279+0000] {logging_mixin.py:188} INFO -   Cleaned up temp directory
[2026-01-04T13:20:42.284+0000] {logging_mixin.py:188} INFO - 
✅ MAX BATCHES REACHED: 10 batches
[2026-01-04T13:20:42.284+0000] {logging_mixin.py:188} INFO -    Total records: 292,946
[2026-01-04T13:20:47.770+0000] {logging_mixin.py:188} INFO - 
✅ BRONZE COMPLETE: 2,370,307 records
[2026-01-04T13:20:47.959+0000] {python.py:237} INFO - Done. Returned value was: {'records': 2370307}
[2026-01-04T13:20:47.970+0000] {taskinstance.py:441} INFO - ::group::Post task execution logs
[2026-01-04T13:20:48.429+0000] {taskinstance.py:1205} INFO - Marking task as SUCCESS. dag_id=aviation_states_pipeline, task_id=extract_bronze_states, execution_date=20260104T131549, start_date=20260104T131557, end_date=20260104T132048
[2026-01-04T13:20:48.651+0000] {local_task_job_runner.py:240} INFO - Task exited with return code 0
[2026-01-04T13:20:48.947+0000] {taskinstance.py:3482} INFO - 1 downstream tasks scheduled from follow-on schedule check
[2026-01-04T13:20:48.950+0000] {local_task_job_runner.py:222} INFO - ::endgroup::
