[2026-01-04T11:00:07.408+0000] {local_task_job_runner.py:120} INFO - ::group::Pre task execution logs
[2026-01-04T11:00:07.471+0000] {taskinstance.py:2073} INFO - Dependencies all met for dep_context=non-requeueable deps ti=<TaskInstance: speed_layer_silver_ingestion.clear_accumulator scheduled__2026-01-04T10:00:00+00:00 [queued]>
[2026-01-04T11:00:07.487+0000] {taskinstance.py:2073} INFO - Dependencies all met for dep_context=requeueable deps ti=<TaskInstance: speed_layer_silver_ingestion.clear_accumulator scheduled__2026-01-04T10:00:00+00:00 [queued]>
[2026-01-04T11:00:07.488+0000] {taskinstance.py:2303} INFO - Starting attempt 1 of 3
[2026-01-04T11:00:07.506+0000] {taskinstance.py:2327} INFO - Executing <Task(PythonOperator): clear_accumulator> on 2026-01-04 10:00:00+00:00
[2026-01-04T11:00:07.517+0000] {standard_task_runner.py:63} INFO - Started process 285 to run task
[2026-01-04T11:00:07.521+0000] {standard_task_runner.py:90} INFO - Running: ['***', 'tasks', 'run', 'speed_layer_silver_ingestion', 'clear_accumulator', 'scheduled__2026-01-04T10:00:00+00:00', '--job-id', '350', '--raw', '--subdir', 'DAGS_FOLDER/speed_layer_silver_ingestion.py', '--cfg-path', '/tmp/tmpvs_jo5yp']
[2026-01-04T11:00:07.524+0000] {standard_task_runner.py:91} INFO - Job 350: Subtask clear_accumulator
[2026-01-04T11:00:07.611+0000] {task_command.py:426} INFO - Running <TaskInstance: speed_layer_silver_ingestion.clear_accumulator scheduled__2026-01-04T10:00:00+00:00 [running]> on host 29663289b440
[2026-01-04T11:00:07.820+0000] {taskinstance.py:2644} INFO - Exporting env vars: AIRFLOW_CTX_DAG_OWNER='aviation-team' AIRFLOW_CTX_DAG_ID='speed_layer_silver_ingestion' AIRFLOW_CTX_TASK_ID='clear_accumulator' AIRFLOW_CTX_EXECUTION_DATE='2026-01-04T10:00:00+00:00' AIRFLOW_CTX_TRY_NUMBER='1' AIRFLOW_CTX_DAG_RUN_ID='scheduled__2026-01-04T10:00:00+00:00'
[2026-01-04T11:00:07.822+0000] {taskinstance.py:430} INFO - ::endgroup::
[2026-01-04T11:00:07.847+0000] {logging_mixin.py:188} INFO - ============================================================
[2026-01-04T11:00:07.848+0000] {logging_mixin.py:188} INFO - CLEARING ACCUMULATOR
[2026-01-04T11:00:07.848+0000] {logging_mixin.py:188} INFO - ============================================================
[2026-01-04T11:00:07.866+0000] {logging_mixin.py:188} INFO - ⚠️ No flights were persisted - skipping clear
[2026-01-04T11:00:07.866+0000] {python.py:237} INFO - Done. Returned value was: {'status': 'skipped', 'reason': 'no_data'}
[2026-01-04T11:00:07.866+0000] {taskinstance.py:441} INFO - ::group::Post task execution logs
[2026-01-04T11:00:07.922+0000] {taskinstance.py:1205} INFO - Marking task as SUCCESS. dag_id=speed_layer_silver_ingestion, task_id=clear_accumulator, execution_date=20260104T100000, start_date=20260104T110007, end_date=20260104T110007
[2026-01-04T11:00:07.974+0000] {local_task_job_runner.py:240} INFO - Task exited with return code 0
[2026-01-04T11:00:08.036+0000] {taskinstance.py:3482} INFO - 1 downstream tasks scheduled from follow-on schedule check
[2026-01-04T11:00:08.037+0000] {local_task_job_runner.py:222} INFO - ::endgroup::
