[2025-12-24T17:41:06.541+0000] {local_task_job_runner.py:120} INFO - ::group::Pre task execution logs
[2025-12-24T17:41:06.578+0000] {taskinstance.py:2073} INFO - Dependencies all met for dep_context=non-requeueable deps ti=<TaskInstance: speed_layer_silver_ingestion.log_summary scheduled__2025-12-24T16:00:00+00:00 [queued]>
[2025-12-24T17:41:06.591+0000] {taskinstance.py:2073} INFO - Dependencies all met for dep_context=requeueable deps ti=<TaskInstance: speed_layer_silver_ingestion.log_summary scheduled__2025-12-24T16:00:00+00:00 [queued]>
[2025-12-24T17:41:06.592+0000] {taskinstance.py:2303} INFO - Starting attempt 1 of 3
[2025-12-24T17:41:06.612+0000] {taskinstance.py:2327} INFO - Executing <Task(PythonOperator): log_summary> on 2025-12-24 16:00:00+00:00
[2025-12-24T17:41:06.625+0000] {standard_task_runner.py:63} INFO - Started process 2837 to run task
[2025-12-24T17:41:06.631+0000] {standard_task_runner.py:90} INFO - Running: ['***', 'tasks', 'run', 'speed_layer_silver_ingestion', 'log_summary', 'scheduled__2025-12-24T16:00:00+00:00', '--job-id', '116', '--raw', '--subdir', 'DAGS_FOLDER/speed_layer_silver_ingestion.py', '--cfg-path', '/tmp/tmpxzczzacs']
[2025-12-24T17:41:06.634+0000] {standard_task_runner.py:91} INFO - Job 116: Subtask log_summary
[2025-12-24T17:41:06.734+0000] {task_command.py:426} INFO - Running <TaskInstance: speed_layer_silver_ingestion.log_summary scheduled__2025-12-24T16:00:00+00:00 [running]> on host 78d90b6f9520
[2025-12-24T17:41:06.874+0000] {taskinstance.py:2644} INFO - Exporting env vars: AIRFLOW_CTX_DAG_OWNER='aviation' AIRFLOW_CTX_DAG_ID='speed_layer_silver_ingestion' AIRFLOW_CTX_TASK_ID='log_summary' AIRFLOW_CTX_EXECUTION_DATE='2025-12-24T16:00:00+00:00' AIRFLOW_CTX_TRY_NUMBER='1' AIRFLOW_CTX_DAG_RUN_ID='scheduled__2025-12-24T16:00:00+00:00'
[2025-12-24T17:41:06.875+0000] {taskinstance.py:430} INFO - ::endgroup::
[2025-12-24T17:41:06.930+0000] {logging_mixin.py:188} INFO - ============================================================
[2025-12-24T17:41:06.930+0000] {logging_mixin.py:188} INFO - SPEED LAYER SILVER INGESTION COMPLETE
[2025-12-24T17:41:06.931+0000] {logging_mixin.py:188} INFO - ============================================================
[2025-12-24T17:41:06.931+0000] {logging_mixin.py:188} INFO -   Enriched flights: 261
[2025-12-24T17:41:06.931+0000] {logging_mixin.py:188} INFO -   Silver path: s3a://aviation-silver/speed_layer/enriched_flight_states/year=2025/month=12/day=24/hour=16
[2025-12-24T17:41:06.937+0000] {logging_mixin.py:188} WARNING - /home/***/.local/lib/python3.11/site-packages/***/utils/context.py:320 AirflowContextDeprecationWarning: Accessing 'execution_date' from the template is deprecated and will be removed in a future version. Please use 'data_interval_start' or 'logical_date' instead.
[2025-12-24T17:41:06.937+0000] {logging_mixin.py:188} INFO -   Execution time: 2025-12-24 16:00:00+00:00
[2025-12-24T17:41:06.937+0000] {logging_mixin.py:188} INFO - ============================================================
[2025-12-24T17:41:06.937+0000] {python.py:237} INFO - Done. Returned value was: None
[2025-12-24T17:41:06.938+0000] {taskinstance.py:441} INFO - ::group::Post task execution logs
[2025-12-24T17:41:06.958+0000] {taskinstance.py:1205} INFO - Marking task as SUCCESS. dag_id=speed_layer_silver_ingestion, task_id=log_summary, execution_date=20251224T160000, start_date=20251224T174106, end_date=20251224T174106
[2025-12-24T17:41:07.004+0000] {local_task_job_runner.py:240} INFO - Task exited with return code 0
[2025-12-24T17:41:07.052+0000] {taskinstance.py:3482} INFO - 0 downstream tasks scheduled from follow-on schedule check
[2025-12-24T17:41:07.054+0000] {local_task_job_runner.py:222} INFO - ::endgroup::
