[2025-12-24T17:04:17.241+0000] {local_task_job_runner.py:120} INFO - ::group::Pre task execution logs
[2025-12-24T17:04:17.289+0000] {taskinstance.py:2073} INFO - Dependencies all met for dep_context=non-requeueable deps ti=<TaskInstance: aviation_streaming_pipeline.ingest_kafka_to_bronze scheduled__2025-12-24T16:00:00+00:00 [queued]>
[2025-12-24T17:04:17.304+0000] {taskinstance.py:2073} INFO - Dependencies all met for dep_context=requeueable deps ti=<TaskInstance: aviation_streaming_pipeline.ingest_kafka_to_bronze scheduled__2025-12-24T16:00:00+00:00 [queued]>
[2025-12-24T17:04:17.305+0000] {taskinstance.py:2303} INFO - Starting attempt 1 of 3
[2025-12-24T17:04:17.329+0000] {taskinstance.py:2327} INFO - Executing <Task(PythonOperator): ingest_kafka_to_bronze> on 2025-12-24 16:00:00+00:00
[2025-12-24T17:04:17.343+0000] {standard_task_runner.py:63} INFO - Started process 210 to run task
[2025-12-24T17:04:17.347+0000] {standard_task_runner.py:90} INFO - Running: ['***', 'tasks', 'run', 'aviation_streaming_pipeline', 'ingest_kafka_to_bronze', 'scheduled__2025-12-24T16:00:00+00:00', '--job-id', '99', '--raw', '--subdir', 'DAGS_FOLDER/aviation_streaming_pipeline.py', '--cfg-path', '/tmp/tmp0s_5zcjb']
[2025-12-24T17:04:17.350+0000] {standard_task_runner.py:91} INFO - Job 99: Subtask ingest_kafka_to_bronze
[2025-12-24T17:04:17.451+0000] {task_command.py:426} INFO - Running <TaskInstance: aviation_streaming_pipeline.ingest_kafka_to_bronze scheduled__2025-12-24T16:00:00+00:00 [running]> on host a5050ea72fc5
[2025-12-24T17:04:17.607+0000] {taskinstance.py:2644} INFO - Exporting env vars: AIRFLOW_CTX_DAG_OWNER='aviation-team' AIRFLOW_CTX_DAG_ID='aviation_streaming_pipeline' AIRFLOW_CTX_TASK_ID='ingest_kafka_to_bronze' AIRFLOW_CTX_EXECUTION_DATE='2025-12-24T16:00:00+00:00' AIRFLOW_CTX_TRY_NUMBER='1' AIRFLOW_CTX_DAG_RUN_ID='scheduled__2025-12-24T16:00:00+00:00'
[2025-12-24T17:04:17.608+0000] {taskinstance.py:430} INFO - ::endgroup::
[2025-12-24T17:04:17.624+0000] {logging_mixin.py:188} INFO - ============================================================
[2025-12-24T17:04:17.625+0000] {logging_mixin.py:188} INFO - HOURLY INGESTION: Kafka → MinIO Bronze
[2025-12-24T17:04:17.625+0000] {logging_mixin.py:188} INFO - Time: 2025-12-24T17:04:17.624882
[2025-12-24T17:04:17.625+0000] {logging_mixin.py:188} INFO - Output: s3a://aviation-bronze/realtime
[2025-12-24T17:04:17.625+0000] {logging_mixin.py:188} INFO - ============================================================
[2025-12-24T17:05:19.243+0000] {logging_mixin.py:188} INFO -   Records to write: 22,192
[2025-12-24T17:05:24.905+0000] {logging_mixin.py:188} INFO -   ✓ Written to s3a://aviation-bronze/realtime
[2025-12-24T17:05:25.306+0000] {python.py:237} INFO - Done. Returned value was: {'timestamp': '2025-12-24T17:04:17.624882', 'records': 22192, 'output': 's3a://aviation-bronze/realtime'}
[2025-12-24T17:05:25.309+0000] {taskinstance.py:441} INFO - ::group::Post task execution logs
[2025-12-24T17:05:25.542+0000] {taskinstance.py:1205} INFO - Marking task as SUCCESS. dag_id=aviation_streaming_pipeline, task_id=ingest_kafka_to_bronze, execution_date=20251224T160000, start_date=20251224T170417, end_date=20251224T170525
[2025-12-24T17:05:25.661+0000] {local_task_job_runner.py:240} INFO - Task exited with return code 0
[2025-12-24T17:05:25.784+0000] {taskinstance.py:3482} INFO - 0 downstream tasks scheduled from follow-on schedule check
[2025-12-24T17:05:25.787+0000] {local_task_job_runner.py:222} INFO - ::endgroup::
