[2025-12-24T11:17:46.005+0000] {local_task_job_runner.py:120} INFO - ::group::Pre task execution logs
[2025-12-24T11:17:46.072+0000] {taskinstance.py:2073} INFO - Dependencies all met for dep_context=non-requeueable deps ti=<TaskInstance: aviation_enrichment_pipeline.notify_completion manual__2025-12-24T11:15:59.808641+00:00 [queued]>
[2025-12-24T11:17:46.098+0000] {taskinstance.py:2073} INFO - Dependencies all met for dep_context=requeueable deps ti=<TaskInstance: aviation_enrichment_pipeline.notify_completion manual__2025-12-24T11:15:59.808641+00:00 [queued]>
[2025-12-24T11:17:46.099+0000] {taskinstance.py:2303} INFO - Starting attempt 1 of 3
[2025-12-24T11:17:46.367+0000] {taskinstance.py:2327} INFO - Executing <Task(PythonOperator): notify_completion> on 2025-12-24 11:15:59.808641+00:00
[2025-12-24T11:17:46.377+0000] {standard_task_runner.py:63} INFO - Started process 12768 to run task
[2025-12-24T11:17:46.383+0000] {standard_task_runner.py:90} INFO - Running: ['***', 'tasks', 'run', 'aviation_enrichment_pipeline', 'notify_completion', 'manual__2025-12-24T11:15:59.808641+00:00', '--job-id', '60', '--raw', '--subdir', 'DAGS_FOLDER/aviation_enrichment_dag.py', '--cfg-path', '/tmp/tmpl_ybd4va']
[2025-12-24T11:17:46.387+0000] {standard_task_runner.py:91} INFO - Job 60: Subtask notify_completion
[2025-12-24T11:17:46.474+0000] {task_command.py:426} INFO - Running <TaskInstance: aviation_enrichment_pipeline.notify_completion manual__2025-12-24T11:15:59.808641+00:00 [running]> on host 849a36138e84
[2025-12-24T11:17:46.619+0000] {taskinstance.py:2644} INFO - Exporting env vars: AIRFLOW_CTX_DAG_OWNER='aviation_team' AIRFLOW_CTX_DAG_ID='aviation_enrichment_pipeline' AIRFLOW_CTX_TASK_ID='notify_completion' AIRFLOW_CTX_EXECUTION_DATE='2025-12-24T11:15:59.808641+00:00' AIRFLOW_CTX_TRY_NUMBER='1' AIRFLOW_CTX_DAG_RUN_ID='manual__2025-12-24T11:15:59.808641+00:00'
[2025-12-24T11:17:46.620+0000] {taskinstance.py:430} INFO - ::endgroup::
[2025-12-24T11:17:46.691+0000] {logging_mixin.py:188} INFO - ============================================================
[2025-12-24T11:17:46.691+0000] {logging_mixin.py:188} INFO - ENRICHMENT PIPELINE COMPLETED
[2025-12-24T11:17:46.692+0000] {logging_mixin.py:188} INFO - ============================================================
[2025-12-24T11:17:46.692+0000] {logging_mixin.py:188} INFO - Mapping Stats: {'start_time': '2025-12-24T11:16:09.267389', 'stages': {'create_mappings': {'total_flights': 3198513, 'india_routes': 1917, 'total_routes': 213411, 'output_path': '/tmp/aviation/flight_mapping'}}, 'end_time': '2025-12-24T11:16:43.440510', 'status': 'SUCCESS'}
[2025-12-24T11:17:46.693+0000] {logging_mixin.py:188} INFO - Enrichment Stats: {'start_time': '2025-12-24T11:16:53.133967', 'stages': {'enrich_data': {'total_records': 3651088, 'route_matched': 0, 'match_rate': '0.00%', 'output_path': '/tmp/aviation/enriched_data'}}, 'end_time': '2025-12-24T11:17:19.089452', 'status': 'SUCCESS'}
[2025-12-24T11:17:46.693+0000] {logging_mixin.py:188} INFO - 
Data stored in MinIO buckets:
[2025-12-24T11:17:46.693+0000] {logging_mixin.py:188} INFO -   - aviation-flight-mapping (for later processing)
[2025-12-24T11:17:46.694+0000] {logging_mixin.py:188} INFO -   - aviation-enriched-data
[2025-12-24T11:17:46.694+0000] {logging_mixin.py:188} INFO -   - aviation-analytics
[2025-12-24T11:17:46.694+0000] {logging_mixin.py:188} INFO - ============================================================
[2025-12-24T11:17:46.695+0000] {python.py:237} INFO - Done. Returned value was: None
[2025-12-24T11:17:46.695+0000] {taskinstance.py:441} INFO - ::group::Post task execution logs
[2025-12-24T11:17:46.732+0000] {taskinstance.py:1205} INFO - Marking task as SUCCESS. dag_id=aviation_enrichment_pipeline, task_id=notify_completion, execution_date=20251224T111559, start_date=20251224T111746, end_date=20251224T111746
[2025-12-24T11:17:46.793+0000] {local_task_job_runner.py:240} INFO - Task exited with return code 0
[2025-12-24T11:17:46.856+0000] {taskinstance.py:3482} INFO - 0 downstream tasks scheduled from follow-on schedule check
[2025-12-24T11:17:46.861+0000] {local_task_job_runner.py:222} INFO - ::endgroup::
