[2025-12-24T18:40:15.246+0000] {local_task_job_runner.py:120} INFO - ::group::Pre task execution logs
[2025-12-24T18:40:15.309+0000] {taskinstance.py:2073} INFO - Dependencies all met for dep_context=non-requeueable deps ti=<TaskInstance: serving_layer_postgres_load.load_postgres manual__2025-12-24T18:40:10+00:00 [queued]>
[2025-12-24T18:40:15.331+0000] {taskinstance.py:2073} INFO - Dependencies all met for dep_context=requeueable deps ti=<TaskInstance: serving_layer_postgres_load.load_postgres manual__2025-12-24T18:40:10+00:00 [queued]>
[2025-12-24T18:40:15.332+0000] {taskinstance.py:2303} INFO - Starting attempt 1 of 3
[2025-12-24T18:40:15.357+0000] {taskinstance.py:2327} INFO - Executing <Task(PythonOperator): load_postgres> on 2025-12-24 18:40:10+00:00
[2025-12-24T18:40:15.374+0000] {standard_task_runner.py:63} INFO - Started process 4793 to run task
[2025-12-24T18:40:15.381+0000] {standard_task_runner.py:90} INFO - Running: ['***', 'tasks', 'run', 'serving_layer_postgres_load', 'load_postgres', 'manual__2025-12-24T18:40:10+00:00', '--job-id', '130', '--raw', '--subdir', 'DAGS_FOLDER/serving_layer_postgres_load.py', '--cfg-path', '/tmp/tmpe9bxjaue']
[2025-12-24T18:40:15.386+0000] {standard_task_runner.py:91} INFO - Job 130: Subtask load_postgres
[2025-12-24T18:40:15.513+0000] {task_command.py:426} INFO - Running <TaskInstance: serving_layer_postgres_load.load_postgres manual__2025-12-24T18:40:10+00:00 [running]> on host 2f0396c9313f
[2025-12-24T18:40:15.786+0000] {taskinstance.py:2644} INFO - Exporting env vars: AIRFLOW_CTX_DAG_OWNER='aviation' AIRFLOW_CTX_DAG_ID='serving_layer_postgres_load' AIRFLOW_CTX_TASK_ID='load_postgres' AIRFLOW_CTX_EXECUTION_DATE='2025-12-24T18:40:10+00:00' AIRFLOW_CTX_TRY_NUMBER='1' AIRFLOW_CTX_DAG_RUN_ID='manual__2025-12-24T18:40:10+00:00'
[2025-12-24T18:40:15.788+0000] {taskinstance.py:430} INFO - ::endgroup::
[2025-12-24T18:40:15.819+0000] {logging_mixin.py:188} INFO - ============================================================
[2025-12-24T18:40:15.819+0000] {logging_mixin.py:188} INFO - RUNNING FULL LOAD (overwriting all data)
[2025-12-24T18:40:15.820+0000] {logging_mixin.py:188} INFO - ============================================================
[2025-12-24T18:40:15.820+0000] {logging_mixin.py:188} INFO - ============================================================
[2025-12-24T18:40:15.820+0000] {logging_mixin.py:188} INFO - AVIATION SERVING LAYER - INITIAL FULL LOAD
[2025-12-24T18:40:15.821+0000] {logging_mixin.py:188} INFO - ============================================================
[2025-12-24T18:40:15.835+0000] {logging_mixin.py:188} INFO - ✓ Database exists: aviation_db
[2025-12-24T18:40:15.907+0000] {logging_mixin.py:188} INFO - ✓ Tracking table ready: processed_files
[2025-12-24T18:40:15.908+0000] {logging_mixin.py:188} INFO - ✓ Flight states table ready: flight_states
[2025-12-24T18:40:30.468+0000] {logging_mixin.py:188} INFO - 
1. Reading ALL data from Silver layer...
[2025-12-24T18:40:30.472+0000] {logging_mixin.py:188} INFO -   Reading batch data from: s3a://aviation-silver/enriched_states
[2025-12-24T18:40:40.538+0000] {logging_mixin.py:188} INFO -   Batch layer (full): 2077361 records from 18 files
[2025-12-24T18:40:40.539+0000] {logging_mixin.py:188} INFO -   Reading speed data from: s3a://aviation-silver/speed_layer/enriched_flight_states
[2025-12-24T18:40:41.825+0000] {logging_mixin.py:188} INFO -   Speed layer (full): 522 records from 4 files
[2025-12-24T18:40:41.826+0000] {logging_mixin.py:188} INFO - 
2. Merging data...
[2025-12-24T18:40:41.828+0000] {logging_mixin.py:188} INFO -   Normalizing batch layer data...
[2025-12-24T18:40:42.964+0000] {logging_mixin.py:188} INFO -     Batch: 2077361 records
[2025-12-24T18:40:42.965+0000] {logging_mixin.py:188} INFO -   Normalizing speed layer data...
[2025-12-24T18:40:43.491+0000] {logging_mixin.py:188} INFO -     Speed: 522 records
[2025-12-24T18:40:43.492+0000] {logging_mixin.py:188} INFO -   Merging normalized data...
[2025-12-24T18:40:44.369+0000] {logging_mixin.py:188} INFO -     Total: 2077883 records
[2025-12-24T18:40:45.128+0000] {logging_mixin.py:188} INFO -   Total merged records: 2,077,883
[2025-12-24T18:40:45.129+0000] {logging_mixin.py:188} INFO - 
3. Loading to flight_states (overwrite)...
[2025-12-24T18:40:45.979+0000] {logging_mixin.py:188} INFO -   Loading to PostgreSQL table: flight_states (mode: overwrite)
[2025-12-24T18:41:18.982+0000] {logging_mixin.py:188} INFO -   ✓ Loaded 2,077,883 records to flight_states
[2025-12-24T18:41:18.982+0000] {logging_mixin.py:188} INFO - 
4. Creating flight_summary...
[2025-12-24T18:41:21.290+0000] {logging_mixin.py:188} INFO -   Loading to PostgreSQL table: flight_summary (mode: overwrite)
[2025-12-24T18:41:32.064+0000] {logging_mixin.py:188} INFO -   ✓ Loaded 10,557 records to flight_summary
[2025-12-24T18:41:32.065+0000] {logging_mixin.py:188} INFO - 
5. Creating airline_stats...
[2025-12-24T18:41:32.845+0000] {logging_mixin.py:188} INFO -   Loading to PostgreSQL table: airline_stats (mode: overwrite)
[2025-12-24T18:41:34.218+0000] {logging_mixin.py:188} INFO -   ✓ Loaded 5 records to airline_stats
[2025-12-24T18:41:34.219+0000] {logging_mixin.py:188} INFO - 
6. Creating airport_stats...
[2025-12-24T18:41:39.454+0000] {logging_mixin.py:188} INFO -   Loading to PostgreSQL table: airport_stats (mode: overwrite)
[2025-12-24T18:41:47.389+0000] {logging_mixin.py:188} INFO -   ✓ Loaded 136 records to airport_stats
[2025-12-24T18:41:47.396+0000] {logging_mixin.py:188} INFO - 
7. Creating hourly_stats...
[2025-12-24T18:41:54.944+0000] {logging_mixin.py:188} INFO -   Loading to PostgreSQL table: hourly_stats (mode: overwrite)
[2025-12-24T18:42:03.151+0000] {logging_mixin.py:188} INFO -   ✓ Loaded 147 records to hourly_stats
[2025-12-24T18:42:03.155+0000] {logging_mixin.py:188} INFO - 
8. Marking files as processed...
[2025-12-24T18:42:03.240+0000] {logging_mixin.py:188} INFO -   ✓ Marked 18 files as processed
[2025-12-24T18:42:03.279+0000] {logging_mixin.py:188} INFO -   ✓ Marked 4 files as processed
[2025-12-24T18:42:03.282+0000] {logging_mixin.py:188} INFO - 
============================================================
[2025-12-24T18:42:03.284+0000] {logging_mixin.py:188} INFO - INITIAL FULL LOAD COMPLETE
[2025-12-24T18:42:03.284+0000] {logging_mixin.py:188} INFO - ============================================================
[2025-12-24T18:42:03.285+0000] {logging_mixin.py:188} INFO -   Total Records: 2,077,883
[2025-12-24T18:42:03.286+0000] {logging_mixin.py:188} INFO -   Batch Files: 18
[2025-12-24T18:42:03.286+0000] {logging_mixin.py:188} INFO -   Speed Files: 4
[2025-12-24T18:42:03.288+0000] {logging_mixin.py:188} INFO - ============================================================
[2025-12-24T18:42:03.620+0000] {logging_mixin.py:188} INFO - Serving layer load complete
[2025-12-24T18:42:03.629+0000] {python.py:237} INFO - Done. Returned value was: None
[2025-12-24T18:42:03.675+0000] {taskinstance.py:441} INFO - ::group::Post task execution logs
[2025-12-24T18:42:03.983+0000] {taskinstance.py:1205} INFO - Marking task as SUCCESS. dag_id=serving_layer_postgres_load, task_id=load_postgres, execution_date=20251224T184010, start_date=20251224T184015, end_date=20251224T184203
[2025-12-24T18:42:04.270+0000] {local_task_job_runner.py:240} INFO - Task exited with return code 0
[2025-12-24T18:42:04.548+0000] {taskinstance.py:3482} INFO - 0 downstream tasks scheduled from follow-on schedule check
[2025-12-24T18:42:04.551+0000] {local_task_job_runner.py:222} INFO - ::endgroup::
