[2025-12-24T13:22:02.987+0000] {local_task_job_runner.py:120} INFO - ::group::Pre task execution logs
[2025-12-24T13:22:03.250+0000] {taskinstance.py:2073} INFO - Dependencies all met for dep_context=non-requeueable deps ti=<TaskInstance: aviation_states_pipeline.setup_directories manual__2025-12-24T13:22:01.126812+00:00 [queued]>
[2025-12-24T13:22:03.264+0000] {taskinstance.py:2073} INFO - Dependencies all met for dep_context=requeueable deps ti=<TaskInstance: aviation_states_pipeline.setup_directories manual__2025-12-24T13:22:01.126812+00:00 [queued]>
[2025-12-24T13:22:03.264+0000] {taskinstance.py:2303} INFO - Starting attempt 1 of 2
[2025-12-24T13:22:03.282+0000] {taskinstance.py:2327} INFO - Executing <Task(PythonOperator): setup_directories> on 2025-12-24 13:22:01.126812+00:00
[2025-12-24T13:22:03.294+0000] {standard_task_runner.py:63} INFO - Started process 214 to run task
[2025-12-24T13:22:03.300+0000] {standard_task_runner.py:90} INFO - Running: ['***', 'tasks', 'run', 'aviation_states_pipeline', 'setup_directories', 'manual__2025-12-24T13:22:01.126812+00:00', '--job-id', '62', '--raw', '--subdir', 'DAGS_FOLDER/aviation_states_pipeline.py', '--cfg-path', '/tmp/tmp5wm3u2k5']
[2025-12-24T13:22:03.304+0000] {standard_task_runner.py:91} INFO - Job 62: Subtask setup_directories
[2025-12-24T13:22:03.398+0000] {task_command.py:426} INFO - Running <TaskInstance: aviation_states_pipeline.setup_directories manual__2025-12-24T13:22:01.126812+00:00 [running]> on host 6c6ccfef5674
[2025-12-24T13:22:03.621+0000] {taskinstance.py:2644} INFO - Exporting env vars: AIRFLOW_CTX_DAG_OWNER='aviation_team' AIRFLOW_CTX_DAG_ID='aviation_states_pipeline' AIRFLOW_CTX_TASK_ID='setup_directories' AIRFLOW_CTX_EXECUTION_DATE='2025-12-24T13:22:01.126812+00:00' AIRFLOW_CTX_TRY_NUMBER='1' AIRFLOW_CTX_DAG_RUN_ID='manual__2025-12-24T13:22:01.126812+00:00'
[2025-12-24T13:22:03.622+0000] {taskinstance.py:430} INFO - ::endgroup::
[2025-12-24T13:22:03.682+0000] {logging_mixin.py:188} INFO - ✓ Created directory: /tmp/aviation/bronze/states
[2025-12-24T13:22:03.684+0000] {logging_mixin.py:188} INFO - ✓ Created directory: /tmp/aviation/silver/enriched_states
[2025-12-24T13:22:03.685+0000] {logging_mixin.py:188} INFO - ✓ Created directory: /tmp/aviation/gold/analytics
[2025-12-24T13:22:03.686+0000] {logging_mixin.py:188} INFO - ✓ Created directory: /tmp/aviation/mapping/flight_routes
[2025-12-24T13:22:03.686+0000] {python.py:237} INFO - Done. Returned value was: {'directories_created': ['/tmp/aviation/bronze/states', '/tmp/aviation/silver/enriched_states', '/tmp/aviation/gold/analytics', '/tmp/aviation/mapping/flight_routes']}
[2025-12-24T13:22:03.686+0000] {taskinstance.py:441} INFO - ::group::Post task execution logs
[2025-12-24T13:22:03.738+0000] {taskinstance.py:1205} INFO - Marking task as SUCCESS. dag_id=aviation_states_pipeline, task_id=setup_directories, execution_date=20251224T132201, start_date=20251224T132203, end_date=20251224T132203
[2025-12-24T13:22:03.790+0000] {local_task_job_runner.py:240} INFO - Task exited with return code 0
[2025-12-24T13:22:03.877+0000] {taskinstance.py:3482} INFO - 0 downstream tasks scheduled from follow-on schedule check
[2025-12-24T13:22:03.880+0000] {local_task_job_runner.py:222} INFO - ::endgroup::
