[2026-01-04T17:25:39.325+0000] {local_task_job_runner.py:120} INFO - ::group::Pre task execution logs
[2026-01-04T17:25:39.480+0000] {taskinstance.py:2073} INFO - Dependencies all met for dep_context=non-requeueable deps ti=<TaskInstance: analytics_serving_layer.create_raw_telemetry manual__2026-01-04T17:23:09+00:00 [queued]>
[2026-01-04T17:25:39.523+0000] {taskinstance.py:2073} INFO - Dependencies all met for dep_context=requeueable deps ti=<TaskInstance: analytics_serving_layer.create_raw_telemetry manual__2026-01-04T17:23:09+00:00 [queued]>
[2026-01-04T17:25:39.523+0000] {taskinstance.py:2303} INFO - Starting attempt 1 of 2
[2026-01-04T17:25:39.625+0000] {taskinstance.py:2327} INFO - Executing <Task(PythonOperator): create_raw_telemetry> on 2026-01-04 17:23:09+00:00
[2026-01-04T17:25:39.647+0000] {standard_task_runner.py:63} INFO - Started process 1698 to run task
[2026-01-04T17:25:39.655+0000] {standard_task_runner.py:90} INFO - Running: ['***', 'tasks', 'run', 'analytics_serving_layer', 'create_raw_telemetry', 'manual__2026-01-04T17:23:09+00:00', '--job-id', '472', '--raw', '--subdir', 'DAGS_FOLDER/analytics_serving_layer.py', '--cfg-path', '/tmp/tmpr_qdnah0']
[2026-01-04T17:25:39.663+0000] {standard_task_runner.py:91} INFO - Job 472: Subtask create_raw_telemetry
[2026-01-04T17:25:40.029+0000] {task_command.py:426} INFO - Running <TaskInstance: analytics_serving_layer.create_raw_telemetry manual__2026-01-04T17:23:09+00:00 [running]> on host 0f35c4bc447d
[2026-01-04T17:25:40.628+0000] {taskinstance.py:2644} INFO - Exporting env vars: AIRFLOW_CTX_DAG_OWNER='aviation-team' AIRFLOW_CTX_DAG_ID='analytics_serving_layer' AIRFLOW_CTX_TASK_ID='create_raw_telemetry' AIRFLOW_CTX_EXECUTION_DATE='2026-01-04T17:23:09+00:00' AIRFLOW_CTX_TRY_NUMBER='1' AIRFLOW_CTX_DAG_RUN_ID='manual__2026-01-04T17:23:09+00:00'
[2026-01-04T17:25:40.635+0000] {taskinstance.py:430} INFO - ::endgroup::
[2026-01-04T17:25:40.734+0000] {logging_mixin.py:188} INFO - ============================================================
[2026-01-04T17:25:40.737+0000] {logging_mixin.py:188} INFO - CREATING RAW_TELEMETRY TABLE
[2026-01-04T17:25:40.740+0000] {logging_mixin.py:188} INFO - ============================================================
[2026-01-04T17:26:48.557+0000] {logging_mixin.py:188} INFO -   Sampling 1,000,000 / 2,370,307 records for PostgreSQL
[2026-01-04T17:27:28.972+0000] {logging_mixin.py:188} INFO - ✅ RAW_TELEMETRY: 1,001,406 records
[2026-01-04T17:27:28.981+0000] {logging_mixin.py:188} INFO -    Full data available in: s3a://aviation-gold/analytics/master_flights
[2026-01-04T17:27:29.931+0000] {python.py:237} INFO - Done. Returned value was: {'table': 'raw_telemetry', 'records': 1001406}
[2026-01-04T17:27:29.951+0000] {taskinstance.py:441} INFO - ::group::Post task execution logs
[2026-01-04T17:27:30.944+0000] {taskinstance.py:1205} INFO - Marking task as SUCCESS. dag_id=analytics_serving_layer, task_id=create_raw_telemetry, execution_date=20260104T172309, start_date=20260104T172539, end_date=20260104T172730
[2026-01-04T17:27:31.413+0000] {local_task_job_runner.py:240} INFO - Task exited with return code 0
[2026-01-04T17:27:32.099+0000] {taskinstance.py:3482} INFO - 0 downstream tasks scheduled from follow-on schedule check
[2026-01-04T17:27:32.119+0000] {local_task_job_runner.py:222} INFO - ::endgroup::
