[2026-01-04T17:23:07.121+0000] {local_task_job_runner.py:120} INFO - ::group::Pre task execution logs
[2026-01-04T17:23:07.174+0000] {taskinstance.py:2073} INFO - Dependencies all met for dep_context=non-requeueable deps ti=<TaskInstance: aviation_states_pipeline.create_minio_buckets manual__2026-01-04T17:23:04.872329+00:00 [queued]>
[2026-01-04T17:23:07.186+0000] {taskinstance.py:2073} INFO - Dependencies all met for dep_context=requeueable deps ti=<TaskInstance: aviation_states_pipeline.create_minio_buckets manual__2026-01-04T17:23:04.872329+00:00 [queued]>
[2026-01-04T17:23:07.186+0000] {taskinstance.py:2303} INFO - Starting attempt 1 of 2
[2026-01-04T17:23:07.206+0000] {taskinstance.py:2327} INFO - Executing <Task(PythonOperator): create_minio_buckets> on 2026-01-04 17:23:04.872329+00:00
[2026-01-04T17:23:07.216+0000] {standard_task_runner.py:63} INFO - Started process 524 to run task
[2026-01-04T17:23:07.221+0000] {standard_task_runner.py:90} INFO - Running: ['***', 'tasks', 'run', 'aviation_states_pipeline', 'create_minio_buckets', 'manual__2026-01-04T17:23:04.872329+00:00', '--job-id', '460', '--raw', '--subdir', 'DAGS_FOLDER/aviation_states_pipeline.py', '--cfg-path', '/tmp/tmpaxac423t']
[2026-01-04T17:23:07.224+0000] {standard_task_runner.py:91} INFO - Job 460: Subtask create_minio_buckets
[2026-01-04T17:23:07.355+0000] {task_command.py:426} INFO - Running <TaskInstance: aviation_states_pipeline.create_minio_buckets manual__2026-01-04T17:23:04.872329+00:00 [running]> on host 0f35c4bc447d
[2026-01-04T17:23:07.708+0000] {taskinstance.py:2644} INFO - Exporting env vars: AIRFLOW_CTX_DAG_OWNER='aviation-team' AIRFLOW_CTX_DAG_ID='aviation_states_pipeline' AIRFLOW_CTX_TASK_ID='create_minio_buckets' AIRFLOW_CTX_EXECUTION_DATE='2026-01-04T17:23:04.872329+00:00' AIRFLOW_CTX_TRY_NUMBER='1' AIRFLOW_CTX_DAG_RUN_ID='manual__2026-01-04T17:23:04.872329+00:00'
[2026-01-04T17:23:07.711+0000] {taskinstance.py:430} INFO - ::endgroup::
[2026-01-04T17:23:07.831+0000] {logging_mixin.py:188} INFO - ✓ Bucket exists: aviation-bronze
[2026-01-04T17:23:07.855+0000] {logging_mixin.py:188} INFO - ✓ Bucket exists: aviation-silver
[2026-01-04T17:23:07.871+0000] {logging_mixin.py:188} INFO - ✓ Bucket exists: aviation-gold
[2026-01-04T17:23:07.886+0000] {logging_mixin.py:188} INFO - ✓ Bucket exists: aviation-mapping
[2026-01-04T17:23:07.890+0000] {python.py:237} INFO - Done. Returned value was: None
[2026-01-04T17:23:07.894+0000] {taskinstance.py:441} INFO - ::group::Post task execution logs
[2026-01-04T17:23:07.930+0000] {taskinstance.py:1205} INFO - Marking task as SUCCESS. dag_id=aviation_states_pipeline, task_id=create_minio_buckets, execution_date=20260104T172304, start_date=20260104T172307, end_date=20260104T172307
[2026-01-04T17:23:08.011+0000] {local_task_job_runner.py:240} INFO - Task exited with return code 0
[2026-01-04T17:23:08.092+0000] {taskinstance.py:3482} INFO - 1 downstream tasks scheduled from follow-on schedule check
[2026-01-04T17:23:08.096+0000] {local_task_job_runner.py:222} INFO - ::endgroup::
