[2026-01-04T14:00:28.497+0000] {local_task_job_runner.py:120} INFO - ::group::Pre task execution logs
[2026-01-04T14:00:28.560+0000] {taskinstance.py:2073} INFO - Dependencies all met for dep_context=non-requeueable deps ti=<TaskInstance: speed_layer_silver_ingestion.clear_accumulator scheduled__2026-01-04T13:00:00+00:00 [queued]>
[2026-01-04T14:00:28.573+0000] {taskinstance.py:2073} INFO - Dependencies all met for dep_context=requeueable deps ti=<TaskInstance: speed_layer_silver_ingestion.clear_accumulator scheduled__2026-01-04T13:00:00+00:00 [queued]>
[2026-01-04T14:00:28.573+0000] {taskinstance.py:2303} INFO - Starting attempt 1 of 3
[2026-01-04T14:00:28.594+0000] {taskinstance.py:2327} INFO - Executing <Task(PythonOperator): clear_accumulator> on 2026-01-04 13:00:00+00:00
[2026-01-04T14:00:28.606+0000] {standard_task_runner.py:63} INFO - Started process 4950 to run task
[2026-01-04T14:00:28.610+0000] {standard_task_runner.py:90} INFO - Running: ['***', 'tasks', 'run', 'speed_layer_silver_ingestion', 'clear_accumulator', 'scheduled__2026-01-04T13:00:00+00:00', '--job-id', '386', '--raw', '--subdir', 'DAGS_FOLDER/speed_layer_silver_ingestion.py', '--cfg-path', '/tmp/tmpeqc_v19v']
[2026-01-04T14:00:28.614+0000] {standard_task_runner.py:91} INFO - Job 386: Subtask clear_accumulator
[2026-01-04T14:00:28.707+0000] {task_command.py:426} INFO - Running <TaskInstance: speed_layer_silver_ingestion.clear_accumulator scheduled__2026-01-04T13:00:00+00:00 [running]> on host 968fed69c878
[2026-01-04T14:00:28.877+0000] {taskinstance.py:2644} INFO - Exporting env vars: AIRFLOW_CTX_DAG_OWNER='aviation-team' AIRFLOW_CTX_DAG_ID='speed_layer_silver_ingestion' AIRFLOW_CTX_TASK_ID='clear_accumulator' AIRFLOW_CTX_EXECUTION_DATE='2026-01-04T13:00:00+00:00' AIRFLOW_CTX_TRY_NUMBER='1' AIRFLOW_CTX_DAG_RUN_ID='scheduled__2026-01-04T13:00:00+00:00'
[2026-01-04T14:00:28.878+0000] {taskinstance.py:430} INFO - ::endgroup::
[2026-01-04T14:00:28.902+0000] {logging_mixin.py:188} INFO - ============================================================
[2026-01-04T14:00:28.903+0000] {logging_mixin.py:188} INFO - CLEARING ACCUMULATOR
[2026-01-04T14:00:28.903+0000] {logging_mixin.py:188} INFO - ============================================================
[2026-01-04T14:00:28.942+0000] {logging_mixin.py:188} INFO - ✓ Cleared 30 flights from accumulator
[2026-01-04T14:00:28.942+0000] {logging_mixin.py:188} INFO -   Status: cleared
[2026-01-04T14:00:28.943+0000] {logging_mixin.py:188} INFO -   Timestamp: 2026-01-04T14:00:28.939862
[2026-01-04T14:00:28.943+0000] {python.py:237} INFO - Done. Returned value was: {'status': 'cleared', 'cleared_count': 30, 'timestamp': '2026-01-04T14:00:28.939862'}
[2026-01-04T14:00:28.943+0000] {taskinstance.py:441} INFO - ::group::Post task execution logs
[2026-01-04T14:00:28.978+0000] {taskinstance.py:1205} INFO - Marking task as SUCCESS. dag_id=speed_layer_silver_ingestion, task_id=clear_accumulator, execution_date=20260104T130000, start_date=20260104T140028, end_date=20260104T140028
[2026-01-04T14:00:29.026+0000] {local_task_job_runner.py:240} INFO - Task exited with return code 0
[2026-01-04T14:00:29.091+0000] {taskinstance.py:3482} INFO - 1 downstream tasks scheduled from follow-on schedule check
[2026-01-04T14:00:29.093+0000] {local_task_job_runner.py:222} INFO - ::endgroup::
