[2026-01-04T16:59:02.026+0000] {local_task_job_runner.py:120} INFO - ::group::Pre task execution logs
[2026-01-04T16:59:02.136+0000] {taskinstance.py:2073} INFO - Dependencies all met for dep_context=non-requeueable deps ti=<TaskInstance: analytics_serving_layer.create_dim_aircraft_utilization manual__2026-01-04T16:42:34+00:00 [queued]>
[2026-01-04T16:59:02.164+0000] {taskinstance.py:2073} INFO - Dependencies all met for dep_context=requeueable deps ti=<TaskInstance: analytics_serving_layer.create_dim_aircraft_utilization manual__2026-01-04T16:42:34+00:00 [queued]>
[2026-01-04T16:59:02.165+0000] {taskinstance.py:2303} INFO - Starting attempt 1 of 2
[2026-01-04T16:59:02.204+0000] {taskinstance.py:2327} INFO - Executing <Task(PythonOperator): create_dim_aircraft_utilization> on 2026-01-04 16:42:34+00:00
[2026-01-04T16:59:02.225+0000] {standard_task_runner.py:63} INFO - Started process 805 to run task
[2026-01-04T16:59:02.232+0000] {standard_task_runner.py:90} INFO - Running: ['***', 'tasks', 'run', 'analytics_serving_layer', 'create_dim_aircraft_utilization', 'manual__2026-01-04T16:42:34+00:00', '--job-id', '447', '--raw', '--subdir', 'DAGS_FOLDER/analytics_serving_layer.py', '--cfg-path', '/tmp/tmpqbgtfkae']
[2026-01-04T16:59:02.239+0000] {standard_task_runner.py:91} INFO - Job 447: Subtask create_dim_aircraft_utilization
[2026-01-04T16:59:02.393+0000] {task_command.py:426} INFO - Running <TaskInstance: analytics_serving_layer.create_dim_aircraft_utilization manual__2026-01-04T16:42:34+00:00 [running]> on host 0f35c4bc447d
[2026-01-04T16:59:02.650+0000] {taskinstance.py:2644} INFO - Exporting env vars: AIRFLOW_CTX_DAG_OWNER='aviation-team' AIRFLOW_CTX_DAG_ID='analytics_serving_layer' AIRFLOW_CTX_TASK_ID='create_dim_aircraft_utilization' AIRFLOW_CTX_EXECUTION_DATE='2026-01-04T16:42:34+00:00' AIRFLOW_CTX_TRY_NUMBER='1' AIRFLOW_CTX_DAG_RUN_ID='manual__2026-01-04T16:42:34+00:00'
[2026-01-04T16:59:02.652+0000] {taskinstance.py:430} INFO - ::endgroup::
[2026-01-04T16:59:02.689+0000] {logging_mixin.py:188} INFO - ============================================================
[2026-01-04T16:59:02.689+0000] {logging_mixin.py:188} INFO - CREATING DIM_AIRCRAFT_UTILIZATION
[2026-01-04T16:59:02.690+0000] {logging_mixin.py:188} INFO - ============================================================
[2026-01-04T17:00:39.790+0000] {logging_mixin.py:188} INFO - ✅ DIM_AIRCRAFT_UTILIZATION: 6,073 records
[2026-01-04T17:00:40.462+0000] {python.py:237} INFO - Done. Returned value was: {'table': 'dim_aircraft_utilization', 'records': 6073}
[2026-01-04T17:00:40.479+0000] {taskinstance.py:441} INFO - ::group::Post task execution logs
[2026-01-04T17:00:41.220+0000] {taskinstance.py:1205} INFO - Marking task as SUCCESS. dag_id=analytics_serving_layer, task_id=create_dim_aircraft_utilization, execution_date=20260104T164234, start_date=20260104T165902, end_date=20260104T170041
[2026-01-04T17:00:41.430+0000] {local_task_job_runner.py:240} INFO - Task exited with return code 0
[2026-01-04T17:00:41.773+0000] {taskinstance.py:3482} INFO - 0 downstream tasks scheduled from follow-on schedule check
[2026-01-04T17:00:41.781+0000] {local_task_job_runner.py:222} INFO - ::endgroup::
