[2026-01-04T16:00:34.766+0000] {local_task_job_runner.py:120} INFO - ::group::Pre task execution logs
[2026-01-04T16:00:34.814+0000] {taskinstance.py:2073} INFO - Dependencies all met for dep_context=non-requeueable deps ti=<TaskInstance: speed_layer_silver_ingestion.print_summary scheduled__2026-01-04T15:00:00+00:00 [queued]>
[2026-01-04T16:00:34.825+0000] {taskinstance.py:2073} INFO - Dependencies all met for dep_context=requeueable deps ti=<TaskInstance: speed_layer_silver_ingestion.print_summary scheduled__2026-01-04T15:00:00+00:00 [queued]>
[2026-01-04T16:00:34.826+0000] {taskinstance.py:2303} INFO - Starting attempt 1 of 3
[2026-01-04T16:00:34.844+0000] {taskinstance.py:2327} INFO - Executing <Task(PythonOperator): print_summary> on 2026-01-04 15:00:00+00:00
[2026-01-04T16:00:34.856+0000] {standard_task_runner.py:63} INFO - Started process 12801 to run task
[2026-01-04T16:00:34.860+0000] {standard_task_runner.py:90} INFO - Running: ['***', 'tasks', 'run', 'speed_layer_silver_ingestion', 'print_summary', 'scheduled__2026-01-04T15:00:00+00:00', '--job-id', '437', '--raw', '--subdir', 'DAGS_FOLDER/speed_layer_silver_ingestion.py', '--cfg-path', '/tmp/tmpjvpzq8y4']
[2026-01-04T16:00:34.863+0000] {standard_task_runner.py:91} INFO - Job 437: Subtask print_summary
[2026-01-04T16:00:34.952+0000] {task_command.py:426} INFO - Running <TaskInstance: speed_layer_silver_ingestion.print_summary scheduled__2026-01-04T15:00:00+00:00 [running]> on host 968fed69c878
[2026-01-04T16:00:35.122+0000] {taskinstance.py:2644} INFO - Exporting env vars: AIRFLOW_CTX_DAG_OWNER='aviation-team' AIRFLOW_CTX_DAG_ID='speed_layer_silver_ingestion' AIRFLOW_CTX_TASK_ID='print_summary' AIRFLOW_CTX_EXECUTION_DATE='2026-01-04T15:00:00+00:00' AIRFLOW_CTX_TRY_NUMBER='1' AIRFLOW_CTX_DAG_RUN_ID='scheduled__2026-01-04T15:00:00+00:00'
[2026-01-04T16:00:35.123+0000] {taskinstance.py:430} INFO - ::endgroup::
[2026-01-04T16:00:35.144+0000] {logging_mixin.py:188} INFO - ============================================================
[2026-01-04T16:00:35.144+0000] {logging_mixin.py:188} INFO - PIPELINE SUMMARY
[2026-01-04T16:00:35.144+0000] {logging_mixin.py:188} INFO - ============================================================
[2026-01-04T16:00:35.171+0000] {logging_mixin.py:188} INFO - ✓ Pipeline completed successfully
[2026-01-04T16:00:35.172+0000] {logging_mixin.py:188} INFO -   Flights processed: 30
[2026-01-04T16:00:35.174+0000] {logging_mixin.py:188} WARNING - /home/***/.local/lib/python3.11/site-packages/***/utils/context.py:320 AirflowContextDeprecationWarning: Accessing 'execution_date' from the template is deprecated and will be removed in a future version. Please use 'data_interval_start' or 'logical_date' instead.
[2026-01-04T16:00:35.175+0000] {logging_mixin.py:188} INFO -   Execution time: 2026-01-04 15:00:00+00:00
[2026-01-04T16:00:35.175+0000] {logging_mixin.py:188} INFO -   Kafka topics: Cleared and recreated
[2026-01-04T16:00:35.175+0000] {logging_mixin.py:188} INFO -   Accumulator: Cleared
[2026-01-04T16:00:35.175+0000] {logging_mixin.py:188} INFO -   Status: Ready for next hour
[2026-01-04T16:00:35.176+0000] {logging_mixin.py:188} INFO - ============================================================
[2026-01-04T16:00:35.176+0000] {python.py:237} INFO - Done. Returned value was: {'status': 'success', 'flights_processed': 30, 'execution_date': '2026-01-04 15:00:00+00:00'}
[2026-01-04T16:00:35.176+0000] {taskinstance.py:441} INFO - ::group::Post task execution logs
[2026-01-04T16:00:35.232+0000] {taskinstance.py:1205} INFO - Marking task as SUCCESS. dag_id=speed_layer_silver_ingestion, task_id=print_summary, execution_date=20260104T150000, start_date=20260104T160034, end_date=20260104T160035
[2026-01-04T16:00:35.313+0000] {local_task_job_runner.py:240} INFO - Task exited with return code 0
[2026-01-04T16:00:35.371+0000] {taskinstance.py:3482} INFO - 0 downstream tasks scheduled from follow-on schedule check
[2026-01-04T16:00:35.374+0000] {local_task_job_runner.py:222} INFO - ::endgroup::
