[2026-01-03T07:36:41.000+0000] {local_task_job_runner.py:120} INFO - ::group::Pre task execution logs
[2026-01-03T07:36:41.075+0000] {taskinstance.py:2073} INFO - Dependencies all met for dep_context=non-requeueable deps ti=<TaskInstance: serving_layer_postgres_load.finalize_and_report scheduled__2026-01-03T00:00:00+00:00 [queued]>
[2026-01-03T07:36:41.088+0000] {taskinstance.py:2073} INFO - Dependencies all met for dep_context=requeueable deps ti=<TaskInstance: serving_layer_postgres_load.finalize_and_report scheduled__2026-01-03T00:00:00+00:00 [queued]>
[2026-01-03T07:36:41.089+0000] {taskinstance.py:2303} INFO - Starting attempt 3 of 3
[2026-01-03T07:36:41.109+0000] {taskinstance.py:2327} INFO - Executing <Task(PythonOperator): finalize_and_report> on 2026-01-03 00:00:00+00:00
[2026-01-03T07:36:41.123+0000] {standard_task_runner.py:63} INFO - Started process 1267 to run task
[2026-01-03T07:36:41.127+0000] {standard_task_runner.py:90} INFO - Running: ['***', 'tasks', 'run', 'serving_layer_postgres_load', 'finalize_and_report', 'scheduled__2026-01-03T00:00:00+00:00', '--job-id', '155', '--raw', '--subdir', 'DAGS_FOLDER/serving_layer_postgres_load.py', '--cfg-path', '/tmp/tmp5jmw4y1n']
[2026-01-03T07:36:41.131+0000] {standard_task_runner.py:91} INFO - Job 155: Subtask finalize_and_report
[2026-01-03T07:36:41.243+0000] {task_command.py:426} INFO - Running <TaskInstance: serving_layer_postgres_load.finalize_and_report scheduled__2026-01-03T00:00:00+00:00 [running]> on host 963177684d5b
[2026-01-03T07:36:41.441+0000] {taskinstance.py:2644} INFO - Exporting env vars: AIRFLOW_CTX_DAG_OWNER='aviation' AIRFLOW_CTX_DAG_ID='serving_layer_postgres_load' AIRFLOW_CTX_TASK_ID='finalize_and_report' AIRFLOW_CTX_EXECUTION_DATE='2026-01-03T00:00:00+00:00' AIRFLOW_CTX_TRY_NUMBER='3' AIRFLOW_CTX_DAG_RUN_ID='scheduled__2026-01-03T00:00:00+00:00'
[2026-01-03T07:36:41.442+0000] {taskinstance.py:430} INFO - ::endgroup::
[2026-01-03T07:36:41.460+0000] {taskinstance.py:441} INFO - ::group::Post task execution logs
[2026-01-03T07:36:41.461+0000] {taskinstance.py:2890} ERROR - Task failed with exception
Traceback (most recent call last):
  File "/home/airflow/.local/lib/python3.11/site-packages/airflow/models/taskinstance.py", line 465, in _execute_task
    result = _execute_callable(context=context, **execute_callable_kwargs)
             ^^^^^^^^^^^^^^^^^^^^^^^^^^^^^^^^^^^^^^^^^^^^^^^^^^^^^^^^^^^^^
  File "/home/airflow/.local/lib/python3.11/site-packages/airflow/models/taskinstance.py", line 432, in _execute_callable
    return execute_callable(context=context, **execute_callable_kwargs)
           ^^^^^^^^^^^^^^^^^^^^^^^^^^^^^^^^^^^^^^^^^^^^^^^^^^^^^^^^^^^^
  File "/home/airflow/.local/lib/python3.11/site-packages/airflow/models/baseoperator.py", line 400, in wrapper
    return func(self, *args, **kwargs)
           ^^^^^^^^^^^^^^^^^^^^^^^^^^^
  File "/home/airflow/.local/lib/python3.11/site-packages/airflow/operators/python.py", line 235, in execute
    return_value = self.execute_callable()
                   ^^^^^^^^^^^^^^^^^^^^^^^
  File "/home/airflow/.local/lib/python3.11/site-packages/airflow/operators/python.py", line 252, in execute_callable
    return self.python_callable(*self.op_args, **self.op_kwargs)
           ^^^^^^^^^^^^^^^^^^^^^^^^^^^^^^^^^^^^^^^^^^^^^^^^^^^^^
  File "/opt/airflow/dags/serving_layer_postgres_load.py", line 103, in finalize_task
    logger = get_dag_logger(context)
             ^^^^^^^^^^^^^^^^^^^^^^^
  File "/opt/airflow/dags/serving_layer_postgres_load.py", line 40, in get_dag_logger
    _dag_loggers[run_id] = DAGLogger(
                           ^^^^^^^^^^
TypeError: DAGLogger.__init__() got an unexpected keyword argument 'log_to_console'
[2026-01-03T07:36:41.492+0000] {taskinstance.py:1205} INFO - Marking task as FAILED. dag_id=serving_layer_postgres_load, task_id=finalize_and_report, execution_date=20260103T000000, start_date=20260103T073641, end_date=20260103T073641
[2026-01-03T07:36:41.513+0000] {standard_task_runner.py:110} ERROR - Failed to execute job 155 for task finalize_and_report (DAGLogger.__init__() got an unexpected keyword argument 'log_to_console'; 1267)
[2026-01-03T07:36:41.540+0000] {local_task_job_runner.py:240} INFO - Task exited with return code 1
[2026-01-03T07:36:41.578+0000] {taskinstance.py:3482} INFO - 0 downstream tasks scheduled from follow-on schedule check
[2026-01-03T07:36:41.580+0000] {local_task_job_runner.py:222} INFO - ::endgroup::
