[2025-12-24T11:13:32.461+0000] {local_task_job_runner.py:120} INFO - ::group::Pre task execution logs
[2025-12-24T11:13:32.511+0000] {taskinstance.py:2073} INFO - Dependencies all met for dep_context=non-requeueable deps ti=<TaskInstance: aviation_batch_pipeline.notify_completion manual__2025-12-24T10:55:28.960574+00:00 [queued]>
[2025-12-24T11:13:32.522+0000] {taskinstance.py:2073} INFO - Dependencies all met for dep_context=requeueable deps ti=<TaskInstance: aviation_batch_pipeline.notify_completion manual__2025-12-24T10:55:28.960574+00:00 [queued]>
[2025-12-24T11:13:32.522+0000] {taskinstance.py:2303} INFO - Starting attempt 1 of 3
[2025-12-24T11:13:32.741+0000] {taskinstance.py:2327} INFO - Executing <Task(PythonOperator): notify_completion> on 2025-12-24 10:55:28.960574+00:00
[2025-12-24T11:13:32.751+0000] {standard_task_runner.py:63} INFO - Started process 11476 to run task
[2025-12-24T11:13:32.755+0000] {standard_task_runner.py:90} INFO - Running: ['***', 'tasks', 'run', 'aviation_batch_pipeline', 'notify_completion', 'manual__2025-12-24T10:55:28.960574+00:00', '--job-id', '52', '--raw', '--subdir', 'DAGS_FOLDER/aviation_batch_dag.py', '--cfg-path', '/tmp/tmpou69z21b']
[2025-12-24T11:13:32.757+0000] {standard_task_runner.py:91} INFO - Job 52: Subtask notify_completion
[2025-12-24T11:13:32.832+0000] {task_command.py:426} INFO - Running <TaskInstance: aviation_batch_pipeline.notify_completion manual__2025-12-24T10:55:28.960574+00:00 [running]> on host 849a36138e84
[2025-12-24T11:13:32.962+0000] {taskinstance.py:2644} INFO - Exporting env vars: AIRFLOW_CTX_DAG_OWNER='aviation_team' AIRFLOW_CTX_DAG_ID='aviation_batch_pipeline' AIRFLOW_CTX_TASK_ID='notify_completion' AIRFLOW_CTX_EXECUTION_DATE='2025-12-24T10:55:28.960574+00:00' AIRFLOW_CTX_TRY_NUMBER='1' AIRFLOW_CTX_DAG_RUN_ID='manual__2025-12-24T10:55:28.960574+00:00'
[2025-12-24T11:13:32.963+0000] {taskinstance.py:430} INFO - ::endgroup::
[2025-12-24T11:13:32.998+0000] {logging_mixin.py:188} INFO - ============================================================
[2025-12-24T11:13:32.998+0000] {logging_mixin.py:188} INFO - BATCH PIPELINE COMPLETED
[2025-12-24T11:13:32.999+0000] {logging_mixin.py:188} INFO - ============================================================
[2025-12-24T11:13:32.999+0000] {logging_mixin.py:188} INFO - Status: SUCCESS
[2025-12-24T11:13:32.999+0000] {logging_mixin.py:188} INFO - 
process_states: {'tar_files_processed': 2722, 'output_records': 3651088, 'output_path': '/tmp/aviation/sampled_states'}
[2025-12-24T11:13:32.999+0000] {python.py:237} INFO - Done. Returned value was: None
[2025-12-24T11:13:32.999+0000] {taskinstance.py:441} INFO - ::group::Post task execution logs
[2025-12-24T11:13:33.018+0000] {taskinstance.py:1205} INFO - Marking task as SUCCESS. dag_id=aviation_batch_pipeline, task_id=notify_completion, execution_date=20251224T105528, start_date=20251224T111332, end_date=20251224T111333
[2025-12-24T11:13:33.047+0000] {local_task_job_runner.py:240} INFO - Task exited with return code 0
[2025-12-24T11:13:33.077+0000] {taskinstance.py:3482} INFO - 0 downstream tasks scheduled from follow-on schedule check
[2025-12-24T11:13:33.078+0000] {local_task_job_runner.py:222} INFO - ::endgroup::
