[2026-01-04T14:00:07.731+0000] {local_task_job_runner.py:120} INFO - ::group::Pre task execution logs
[2026-01-04T14:00:07.776+0000] {taskinstance.py:2073} INFO - Dependencies all met for dep_context=non-requeueable deps ti=<TaskInstance: speed_layer_silver_ingestion.persist_to_silver scheduled__2026-01-04T13:00:00+00:00 [queued]>
[2026-01-04T14:00:07.786+0000] {taskinstance.py:2073} INFO - Dependencies all met for dep_context=requeueable deps ti=<TaskInstance: speed_layer_silver_ingestion.persist_to_silver scheduled__2026-01-04T13:00:00+00:00 [queued]>
[2026-01-04T14:00:07.787+0000] {taskinstance.py:2303} INFO - Starting attempt 1 of 3
[2026-01-04T14:00:07.802+0000] {taskinstance.py:2327} INFO - Executing <Task(PythonOperator): persist_to_silver> on 2026-01-04 13:00:00+00:00
[2026-01-04T14:00:07.814+0000] {standard_task_runner.py:63} INFO - Started process 4650 to run task
[2026-01-04T14:00:07.818+0000] {standard_task_runner.py:90} INFO - Running: ['***', 'tasks', 'run', 'speed_layer_silver_ingestion', 'persist_to_silver', 'scheduled__2026-01-04T13:00:00+00:00', '--job-id', '385', '--raw', '--subdir', 'DAGS_FOLDER/speed_layer_silver_ingestion.py', '--cfg-path', '/tmp/tmp4n_eei3d']
[2026-01-04T14:00:07.820+0000] {standard_task_runner.py:91} INFO - Job 385: Subtask persist_to_silver
[2026-01-04T14:00:07.892+0000] {task_command.py:426} INFO - Running <TaskInstance: speed_layer_silver_ingestion.persist_to_silver scheduled__2026-01-04T13:00:00+00:00 [running]> on host 968fed69c878
[2026-01-04T14:00:08.058+0000] {taskinstance.py:2644} INFO - Exporting env vars: AIRFLOW_CTX_DAG_OWNER='aviation-team' AIRFLOW_CTX_DAG_ID='speed_layer_silver_ingestion' AIRFLOW_CTX_TASK_ID='persist_to_silver' AIRFLOW_CTX_EXECUTION_DATE='2026-01-04T13:00:00+00:00' AIRFLOW_CTX_TRY_NUMBER='1' AIRFLOW_CTX_DAG_RUN_ID='scheduled__2026-01-04T13:00:00+00:00'
[2026-01-04T14:00:08.059+0000] {taskinstance.py:430} INFO - ::endgroup::
[2026-01-04T14:00:08.080+0000] {logging_mixin.py:188} INFO - ============================================================
[2026-01-04T14:00:08.081+0000] {logging_mixin.py:188} INFO - PERSISTING TO SILVER LAYER
[2026-01-04T14:00:08.081+0000] {logging_mixin.py:188} INFO - ============================================================
[2026-01-04T14:00:08.105+0000] {logging_mixin.py:188} INFO - Processing 30 flights...
[2026-01-04T14:00:17.386+0000] {logging_mixin.py:188} INFO - Writing to: s3a://aviation-silver/speed_layer/year=2026/month=01/day=04/hour=14
[2026-01-04T14:00:25.913+0000] {logging_mixin.py:188} INFO - ✓ Persisted 30 flights to Silver layer
[2026-01-04T14:00:25.913+0000] {logging_mixin.py:188} INFO -   Path: s3a://aviation-silver/speed_layer/year=2026/month=01/day=04/hour=14
[2026-01-04T14:00:25.913+0000] {logging_mixin.py:188} INFO -   Timestamp: 2026-01-04T14:00:17.386335
[2026-01-04T14:00:26.171+0000] {python.py:237} INFO - Done. Returned value was: {'status': 'success', 'count': 30, 'path': 's3a://aviation-silver/speed_layer/year=2026/month=01/day=04/hour=14', 'timestamp': '2026-01-04T14:00:17.386335'}
[2026-01-04T14:00:26.171+0000] {taskinstance.py:441} INFO - ::group::Post task execution logs
[2026-01-04T14:00:26.221+0000] {taskinstance.py:1205} INFO - Marking task as SUCCESS. dag_id=speed_layer_silver_ingestion, task_id=persist_to_silver, execution_date=20260104T130000, start_date=20260104T140007, end_date=20260104T140026
[2026-01-04T14:00:26.292+0000] {local_task_job_runner.py:240} INFO - Task exited with return code 0
[2026-01-04T14:00:26.347+0000] {taskinstance.py:3482} INFO - 1 downstream tasks scheduled from follow-on schedule check
[2026-01-04T14:00:26.349+0000] {local_task_job_runner.py:222} INFO - ::endgroup::
