[2026-01-04T15:13:58.139+0000] {local_task_job_runner.py:120} INFO - ::group::Pre task execution logs
[2026-01-04T15:13:58.195+0000] {taskinstance.py:2073} INFO - Dependencies all met for dep_context=non-requeueable deps ti=<TaskInstance: analytics_serving_layer.create_raw_telemetry manual__2026-01-04T15:12:49+00:00 [queued]>
[2026-01-04T15:13:58.206+0000] {taskinstance.py:2073} INFO - Dependencies all met for dep_context=requeueable deps ti=<TaskInstance: analytics_serving_layer.create_raw_telemetry manual__2026-01-04T15:12:49+00:00 [queued]>
[2026-01-04T15:13:58.206+0000] {taskinstance.py:2303} INFO - Starting attempt 1 of 2
[2026-01-04T15:13:58.225+0000] {taskinstance.py:2327} INFO - Executing <Task(PythonOperator): create_raw_telemetry> on 2026-01-04 15:12:49+00:00
[2026-01-04T15:13:58.235+0000] {standard_task_runner.py:63} INFO - Started process 8514 to run task
[2026-01-04T15:13:58.239+0000] {standard_task_runner.py:90} INFO - Running: ['***', 'tasks', 'run', 'analytics_serving_layer', 'create_raw_telemetry', 'manual__2026-01-04T15:12:49+00:00', '--job-id', '426', '--raw', '--subdir', 'DAGS_FOLDER/analytics_serving_layer.py', '--cfg-path', '/tmp/tmps3asonqe']
[2026-01-04T15:13:58.241+0000] {standard_task_runner.py:91} INFO - Job 426: Subtask create_raw_telemetry
[2026-01-04T15:13:58.321+0000] {task_command.py:426} INFO - Running <TaskInstance: analytics_serving_layer.create_raw_telemetry manual__2026-01-04T15:12:49+00:00 [running]> on host 968fed69c878
[2026-01-04T15:13:58.470+0000] {taskinstance.py:2644} INFO - Exporting env vars: AIRFLOW_CTX_DAG_OWNER='aviation-team' AIRFLOW_CTX_DAG_ID='analytics_serving_layer' AIRFLOW_CTX_TASK_ID='create_raw_telemetry' AIRFLOW_CTX_EXECUTION_DATE='2026-01-04T15:12:49+00:00' AIRFLOW_CTX_TRY_NUMBER='1' AIRFLOW_CTX_DAG_RUN_ID='manual__2026-01-04T15:12:49+00:00'
[2026-01-04T15:13:58.471+0000] {taskinstance.py:430} INFO - ::endgroup::
[2026-01-04T15:13:58.490+0000] {logging_mixin.py:188} INFO - ============================================================
[2026-01-04T15:13:58.490+0000] {logging_mixin.py:188} INFO - CREATING RAW_TELEMETRY TABLE
[2026-01-04T15:13:58.490+0000] {logging_mixin.py:188} INFO - ============================================================
[2026-01-04T15:14:15.807+0000] {logging_mixin.py:188} INFO -   Sampling 1,000,000 / 2,370,307 records for PostgreSQL
[2026-01-04T15:14:36.382+0000] {logging_mixin.py:188} INFO - ✅ RAW_TELEMETRY: 1,001,406 records
[2026-01-04T15:14:36.383+0000] {logging_mixin.py:188} INFO -    Full data available in: s3a://aviation-gold/analytics/master_flights
[2026-01-04T15:14:36.918+0000] {python.py:237} INFO - Done. Returned value was: {'table': 'raw_telemetry', 'records': 1001406}
[2026-01-04T15:14:36.919+0000] {taskinstance.py:441} INFO - ::group::Post task execution logs
[2026-01-04T15:14:36.981+0000] {taskinstance.py:1205} INFO - Marking task as SUCCESS. dag_id=analytics_serving_layer, task_id=create_raw_telemetry, execution_date=20260104T151249, start_date=20260104T151358, end_date=20260104T151436
[2026-01-04T15:14:37.034+0000] {local_task_job_runner.py:240} INFO - Task exited with return code 0
[2026-01-04T15:14:37.076+0000] {taskinstance.py:3482} INFO - 1 downstream tasks scheduled from follow-on schedule check
[2026-01-04T15:14:37.079+0000] {local_task_job_runner.py:222} INFO - ::endgroup::
