[2026-01-04T17:23:10.381+0000] {local_task_job_runner.py:120} INFO - ::group::Pre task execution logs
[2026-01-04T17:23:10.463+0000] {taskinstance.py:2073} INFO - Dependencies all met for dep_context=non-requeueable deps ti=<TaskInstance: aviation_states_pipeline.extract_bronze_states manual__2026-01-04T17:23:04.872329+00:00 [queued]>
[2026-01-04T17:23:10.488+0000] {taskinstance.py:2073} INFO - Dependencies all met for dep_context=requeueable deps ti=<TaskInstance: aviation_states_pipeline.extract_bronze_states manual__2026-01-04T17:23:04.872329+00:00 [queued]>
[2026-01-04T17:23:10.492+0000] {taskinstance.py:2303} INFO - Starting attempt 1 of 2
[2026-01-04T17:23:10.523+0000] {taskinstance.py:2327} INFO - Executing <Task(PythonOperator): extract_bronze_states> on 2026-01-04 17:23:04.872329+00:00
[2026-01-04T17:23:10.540+0000] {standard_task_runner.py:63} INFO - Started process 538 to run task
[2026-01-04T17:23:10.549+0000] {standard_task_runner.py:90} INFO - Running: ['***', 'tasks', 'run', 'aviation_states_pipeline', 'extract_bronze_states', 'manual__2026-01-04T17:23:04.872329+00:00', '--job-id', '463', '--raw', '--subdir', 'DAGS_FOLDER/aviation_states_pipeline.py', '--cfg-path', '/tmp/tmpjcp3f1la']
[2026-01-04T17:23:10.553+0000] {standard_task_runner.py:91} INFO - Job 463: Subtask extract_bronze_states
[2026-01-04T17:23:10.725+0000] {task_command.py:426} INFO - Running <TaskInstance: aviation_states_pipeline.extract_bronze_states manual__2026-01-04T17:23:04.872329+00:00 [running]> on host 0f35c4bc447d
[2026-01-04T17:23:10.953+0000] {taskinstance.py:2644} INFO - Exporting env vars: AIRFLOW_CTX_DAG_OWNER='aviation-team' AIRFLOW_CTX_DAG_ID='aviation_states_pipeline' AIRFLOW_CTX_TASK_ID='extract_bronze_states' AIRFLOW_CTX_EXECUTION_DATE='2026-01-04T17:23:04.872329+00:00' AIRFLOW_CTX_TRY_NUMBER='1' AIRFLOW_CTX_DAG_RUN_ID='manual__2026-01-04T17:23:04.872329+00:00'
[2026-01-04T17:23:10.955+0000] {taskinstance.py:430} INFO - ::endgroup::
[2026-01-04T17:23:10.976+0000] {logging_mixin.py:188} INFO - ============================================================
[2026-01-04T17:23:10.976+0000] {logging_mixin.py:188} INFO - BRONZE LAYER: Extracting India Flight States
[2026-01-04T17:23:10.976+0000] {logging_mixin.py:188} INFO - Output: s3a://aviation-bronze/states
[2026-01-04T17:23:10.976+0000] {logging_mixin.py:188} INFO - Max batches: 10
[2026-01-04T17:23:10.977+0000] {logging_mixin.py:188} INFO - ============================================================
[2026-01-04T17:23:13.969+0000] {logging_mixin.py:188} INFO - Found 2722 tar files
[2026-01-04T17:23:30.081+0000] {logging_mixin.py:188} INFO - Processing 2722 tar files... (Max batches: 10)
[2026-01-04T17:23:30.102+0000] {logging_mixin.py:188} INFO - Processing batch 1/545 (5 files)
[2026-01-04T17:23:30.105+0000] {logging_mixin.py:188} INFO -   Extracting file 1/5: states_.2017-06-05-00.csv.tar
[2026-01-04T17:23:30.167+0000] {logging_mixin.py:188} INFO -   Extracting file 2/5: states_2017-06-05-00.csv.tar
[2026-01-04T17:23:30.911+0000] {logging_mixin.py:188} INFO -   Extracting file 3/5: states_.2017-06-05-01.csv.tar
[2026-01-04T17:23:30.930+0000] {logging_mixin.py:188} INFO -   Extracting file 4/5: states_2017-06-05-01.csv.tar
[2026-01-04T17:23:31.674+0000] {logging_mixin.py:188} INFO -   Extracting file 5/5: states_.2017-06-05-02.csv.tar
[2026-01-04T17:23:31.699+0000] {logging_mixin.py:188} INFO -   Reading 2 CSV files with Spark...
[2026-01-04T17:24:13.569+0000] {logging_mixin.py:188} INFO -   Batch 1: 27,656 India-related records (Total: 27,656)
[2026-01-04T17:25:37.075+0000] {logging_mixin.py:188} INFO -   Cleaned up temp directory
[2026-01-04T17:25:37.147+0000] {logging_mixin.py:188} INFO - Processing batch 2/545 (5 files)
[2026-01-04T17:25:37.164+0000] {logging_mixin.py:188} INFO -   Extracting file 1/5: states_2017-06-05-02.csv.tar
[2026-01-04T17:25:37.722+0000] {logging_mixin.py:188} INFO -   Extracting file 2/5: states_.2017-06-05-03.csv.tar
[2026-01-04T17:25:37.737+0000] {logging_mixin.py:188} INFO -   Extracting file 3/5: states_2017-06-05-03.csv.tar
[2026-01-04T17:25:38.519+0000] {logging_mixin.py:188} INFO -   Extracting file 4/5: states_.2017-06-05-04.csv.tar
[2026-01-04T17:25:38.543+0000] {logging_mixin.py:188} INFO -   Extracting file 5/5: states_2017-06-05-04.csv.tar
[2026-01-04T17:25:39.244+0000] {logging_mixin.py:188} INFO -   Reading 3 CSV files with Spark...
[2026-01-04T17:26:01.968+0000] {logging_mixin.py:188} INFO -   Batch 2: 51,050 India-related records (Total: 78,706)
[2026-01-04T17:26:26.616+0000] {logging_mixin.py:188} INFO -   Cleaned up temp directory
[2026-01-04T17:26:26.663+0000] {logging_mixin.py:188} INFO - Processing batch 3/545 (5 files)
[2026-01-04T17:26:26.682+0000] {logging_mixin.py:188} INFO -   Extracting file 1/5: states_.2017-06-05-05.csv.tar
[2026-01-04T17:26:26.780+0000] {logging_mixin.py:188} INFO -   Extracting file 2/5: states_2017-06-05-05.csv.tar
[2026-01-04T17:26:27.326+0000] {logging_mixin.py:188} INFO -   Extracting file 3/5: states_.2017-06-05-06.csv.tar
[2026-01-04T17:26:27.344+0000] {logging_mixin.py:188} INFO -   Extracting file 4/5: states_2017-06-05-06.csv.tar
[2026-01-04T17:26:27.859+0000] {logging_mixin.py:188} INFO -   Extracting file 5/5: states_.2017-06-05-07.csv.tar
[2026-01-04T17:26:27.880+0000] {logging_mixin.py:188} INFO -   Reading 2 CSV files with Spark...
[2026-01-04T17:26:39.097+0000] {logging_mixin.py:188} INFO -   Batch 3: 35,153 India-related records (Total: 113,859)
[2026-01-04T17:27:00.100+0000] {logging_mixin.py:188} INFO -   Cleaned up temp directory
[2026-01-04T17:27:00.113+0000] {logging_mixin.py:188} INFO - Processing batch 4/545 (5 files)
[2026-01-04T17:27:00.126+0000] {logging_mixin.py:188} INFO -   Extracting file 1/5: states_2017-06-05-07.csv.tar
[2026-01-04T17:27:01.019+0000] {logging_mixin.py:188} INFO -   Extracting file 2/5: states_.2017-06-05-08.csv.tar
[2026-01-04T17:27:01.066+0000] {logging_mixin.py:188} INFO -   Extracting file 3/5: states_2017-06-05-08.csv.tar
[2026-01-04T17:27:02.348+0000] {logging_mixin.py:188} INFO -   Extracting file 4/5: states_.2017-06-05-09.csv.tar
[2026-01-04T17:27:02.399+0000] {logging_mixin.py:188} INFO -   Extracting file 5/5: states_2017-06-05-09.csv.tar
[2026-01-04T17:27:03.442+0000] {logging_mixin.py:188} INFO -   Reading 3 CSV files with Spark...
[2026-01-04T17:27:26.434+0000] {logging_mixin.py:188} INFO -   Batch 4: 34,425 India-related records (Total: 148,284)
[2026-01-04T17:27:44.522+0000] {logging_mixin.py:188} INFO -   Cleaned up temp directory
[2026-01-04T17:27:44.524+0000] {logging_mixin.py:188} INFO - Processing batch 5/545 (5 files)
[2026-01-04T17:27:44.534+0000] {logging_mixin.py:188} INFO -   Extracting file 1/5: states_.2017-06-05-10.csv.tar
[2026-01-04T17:27:44.567+0000] {logging_mixin.py:188} INFO -   Extracting file 2/5: states_2017-06-05-10.csv.tar
[2026-01-04T17:27:45.264+0000] {logging_mixin.py:188} INFO -   Extracting file 3/5: states_.2017-06-05-11.csv.tar
[2026-01-04T17:27:45.281+0000] {logging_mixin.py:188} INFO -   Extracting file 4/5: states_2017-06-05-11.csv.tar
[2026-01-04T17:27:46.021+0000] {logging_mixin.py:188} INFO -   Extracting file 5/5: states_.2017-06-05-12.csv.tar
[2026-01-04T17:27:46.032+0000] {logging_mixin.py:188} INFO -   Reading 2 CSV files with Spark...
[2026-01-04T17:28:01.569+0000] {logging_mixin.py:188} INFO -   Batch 5: 15,668 India-related records (Total: 163,952)
[2026-01-04T17:28:22.610+0000] {logging_mixin.py:188} INFO -   Cleaned up temp directory
[2026-01-04T17:28:22.612+0000] {logging_mixin.py:188} INFO - Processing batch 6/545 (5 files)
[2026-01-04T17:28:22.616+0000] {logging_mixin.py:188} INFO -   Extracting file 1/5: states_2017-06-05-12.csv.tar
[2026-01-04T17:28:23.486+0000] {logging_mixin.py:188} INFO -   Extracting file 2/5: states_.2017-06-05-13.csv.tar
[2026-01-04T17:28:23.510+0000] {logging_mixin.py:188} INFO -   Extracting file 3/5: states_2017-06-05-13.csv.tar
[2026-01-04T17:28:24.473+0000] {logging_mixin.py:188} INFO -   Extracting file 4/5: states_.2017-06-05-14.csv.tar
[2026-01-04T17:28:24.490+0000] {logging_mixin.py:188} INFO -   Extracting file 5/5: states_2017-06-05-14.csv.tar
[2026-01-04T17:28:25.673+0000] {logging_mixin.py:188} INFO -   Reading 3 CSV files with Spark...
[2026-01-04T17:29:03.373+0000] {logging_mixin.py:188} INFO -   Batch 6: 24,622 India-related records (Total: 188,574)
[2026-01-04T17:29:45.394+0000] {logging_mixin.py:188} INFO -   Cleaned up temp directory
[2026-01-04T17:29:45.396+0000] {logging_mixin.py:188} INFO - Processing batch 7/545 (5 files)
[2026-01-04T17:29:45.408+0000] {logging_mixin.py:188} INFO -   Extracting file 1/5: states_.2017-06-05-15.csv.tar
[2026-01-04T17:29:45.543+0000] {logging_mixin.py:188} INFO -   Extracting file 2/5: states_2017-06-05-15.csv.tar
[2026-01-04T17:29:47.116+0000] {logging_mixin.py:188} INFO -   Extracting file 3/5: states_.2017-06-05-16.csv.tar
[2026-01-04T17:29:47.187+0000] {logging_mixin.py:188} INFO -   Extracting file 4/5: states_2017-06-05-16.csv.tar
[2026-01-04T17:29:49.014+0000] {logging_mixin.py:188} INFO -   Extracting file 5/5: states_.2017-06-05-17.csv.tar
[2026-01-04T17:29:49.058+0000] {logging_mixin.py:188} INFO -   Reading 2 CSV files with Spark...
[2026-01-04T17:30:23.211+0000] {logging_mixin.py:188} INFO -   Batch 7: 21,015 India-related records (Total: 209,589)
[2026-01-04T17:31:19.338+0000] {logging_mixin.py:188} INFO -   Cleaned up temp directory
[2026-01-04T17:31:19.364+0000] {logging_mixin.py:188} INFO - Processing batch 8/545 (5 files)
[2026-01-04T17:31:19.443+0000] {logging_mixin.py:188} INFO -   Extracting file 1/5: states_2017-06-05-17.csv.tar
[2026-01-04T17:31:22.305+0000] {logging_mixin.py:188} INFO -   Extracting file 2/5: states_.2017-06-05-18.csv.tar
[2026-01-04T17:31:22.332+0000] {logging_mixin.py:188} INFO -   Extracting file 3/5: states_2017-06-05-18.csv.tar
[2026-01-04T17:31:24.975+0000] {logging_mixin.py:188} INFO -   Extracting file 4/5: states_.2017-06-05-19.csv.tar
[2026-01-04T17:31:25.003+0000] {logging_mixin.py:188} INFO -   Extracting file 5/5: states_2017-06-05-19.csv.tar
[2026-01-04T17:31:26.264+0000] {logging_mixin.py:188} INFO -   Reading 3 CSV files with Spark...
[2026-01-04T17:32:10.278+0000] {logging_mixin.py:188} INFO -   Batch 8: 30,106 India-related records (Total: 239,695)
[2026-01-04T17:32:27.211+0000] {logging_mixin.py:188} INFO -   Cleaned up temp directory
[2026-01-04T17:32:27.213+0000] {logging_mixin.py:188} INFO - Processing batch 9/545 (5 files)
[2026-01-04T17:32:27.219+0000] {logging_mixin.py:188} INFO -   Extracting file 1/5: states_.2017-06-05-20.csv.tar
[2026-01-04T17:32:27.268+0000] {logging_mixin.py:188} INFO -   Extracting file 2/5: states_2017-06-05-20.csv.tar
[2026-01-04T17:32:28.036+0000] {logging_mixin.py:188} INFO -   Extracting file 3/5: states_.2017-06-05-21.csv.tar
[2026-01-04T17:32:28.060+0000] {logging_mixin.py:188} INFO -   Extracting file 4/5: states_2017-06-05-21.csv.tar
[2026-01-04T17:32:28.764+0000] {logging_mixin.py:188} INFO -   Extracting file 5/5: states_.2017-06-05-22.csv.tar
[2026-01-04T17:32:28.782+0000] {logging_mixin.py:188} INFO -   Reading 2 CSV files with Spark...
[2026-01-04T17:32:37.463+0000] {logging_mixin.py:188} INFO -   Batch 9: 23,654 India-related records (Total: 263,349)
[2026-01-04T17:32:49.325+0000] {logging_mixin.py:188} INFO -   Cleaned up temp directory
[2026-01-04T17:32:49.326+0000] {logging_mixin.py:188} INFO - Processing batch 10/545 (5 files)
[2026-01-04T17:32:49.327+0000] {logging_mixin.py:188} INFO -   Extracting file 1/5: states_2017-06-05-22.csv.tar
[2026-01-04T17:32:49.923+0000] {logging_mixin.py:188} INFO -   Extracting file 2/5: states_.2017-06-05-23.csv.tar
[2026-01-04T17:32:49.934+0000] {logging_mixin.py:188} INFO -   Extracting file 3/5: states_2017-06-05-23.csv.tar
[2026-01-04T17:32:50.491+0000] {logging_mixin.py:188} INFO -   Extracting file 4/5: states_2017-07-03-00.csv.tar
[2026-01-04T17:32:51.048+0000] {logging_mixin.py:188} INFO -   Extracting file 5/5: states_2017-07-03-01.csv.tar
[2026-01-04T17:32:51.520+0000] {logging_mixin.py:188} INFO -   Reading 4 CSV files with Spark...
[2026-01-04T17:33:01.994+0000] {logging_mixin.py:188} INFO -   Batch 10: 29,597 India-related records (Total: 292,946)
[2026-01-04T17:33:15.385+0000] {logging_mixin.py:188} INFO -   Cleaned up temp directory
[2026-01-04T17:33:15.388+0000] {logging_mixin.py:188} INFO - 
✅ MAX BATCHES REACHED: 10 batches
[2026-01-04T17:33:15.390+0000] {logging_mixin.py:188} INFO -    Total records: 292,946
[2026-01-04T17:33:19.606+0000] {logging_mixin.py:188} INFO - 
✅ BRONZE COMPLETE: 2,663,253 records
[2026-01-04T17:33:20.236+0000] {python.py:237} INFO - Done. Returned value was: {'records': 2663253}
[2026-01-04T17:33:20.245+0000] {taskinstance.py:441} INFO - ::group::Post task execution logs
[2026-01-04T17:33:20.711+0000] {taskinstance.py:1205} INFO - Marking task as SUCCESS. dag_id=aviation_states_pipeline, task_id=extract_bronze_states, execution_date=20260104T172304, start_date=20260104T172310, end_date=20260104T173320
[2026-01-04T17:33:20.886+0000] {local_task_job_runner.py:240} INFO - Task exited with return code 0
[2026-01-04T17:33:21.213+0000] {taskinstance.py:3482} INFO - 1 downstream tasks scheduled from follow-on schedule check
[2026-01-04T17:33:21.216+0000] {local_task_job_runner.py:222} INFO - ::endgroup::
