[2026-01-04T06:00:09.285+0000] {local_task_job_runner.py:120} INFO - ::group::Pre task execution logs
[2026-01-04T06:00:09.340+0000] {taskinstance.py:2073} INFO - Dependencies all met for dep_context=non-requeueable deps ti=<TaskInstance: speed_layer_silver_ingestion.print_summary scheduled__2026-01-04T05:00:00+00:00 [queued]>
[2026-01-04T06:00:09.356+0000] {taskinstance.py:2073} INFO - Dependencies all met for dep_context=requeueable deps ti=<TaskInstance: speed_layer_silver_ingestion.print_summary scheduled__2026-01-04T05:00:00+00:00 [queued]>
[2026-01-04T06:00:09.356+0000] {taskinstance.py:2303} INFO - Starting attempt 1 of 3
[2026-01-04T06:00:09.376+0000] {taskinstance.py:2327} INFO - Executing <Task(PythonOperator): print_summary> on 2026-01-04 05:00:00+00:00
[2026-01-04T06:00:09.386+0000] {standard_task_runner.py:63} INFO - Started process 62890 to run task
[2026-01-04T06:00:09.389+0000] {standard_task_runner.py:90} INFO - Running: ['***', 'tasks', 'run', 'speed_layer_silver_ingestion', 'print_summary', 'scheduled__2026-01-04T05:00:00+00:00', '--job-id', '322', '--raw', '--subdir', 'DAGS_FOLDER/speed_layer_silver_ingestion.py', '--cfg-path', '/tmp/tmpylyqs5tn']
[2026-01-04T06:00:09.391+0000] {standard_task_runner.py:91} INFO - Job 322: Subtask print_summary
[2026-01-04T06:00:09.465+0000] {task_command.py:426} INFO - Running <TaskInstance: speed_layer_silver_ingestion.print_summary scheduled__2026-01-04T05:00:00+00:00 [running]> on host 897f49cfcd10
[2026-01-04T06:00:09.628+0000] {taskinstance.py:2644} INFO - Exporting env vars: AIRFLOW_CTX_DAG_OWNER='aviation-team' AIRFLOW_CTX_DAG_ID='speed_layer_silver_ingestion' AIRFLOW_CTX_TASK_ID='print_summary' AIRFLOW_CTX_EXECUTION_DATE='2026-01-04T05:00:00+00:00' AIRFLOW_CTX_TRY_NUMBER='1' AIRFLOW_CTX_DAG_RUN_ID='scheduled__2026-01-04T05:00:00+00:00'
[2026-01-04T06:00:09.629+0000] {taskinstance.py:430} INFO - ::endgroup::
[2026-01-04T06:00:09.680+0000] {logging_mixin.py:188} INFO - 
============================================================
[2026-01-04T06:00:09.680+0000] {logging_mixin.py:188} INFO - ✅ SPEED LAYER SILVER INGESTION COMPLETE
[2026-01-04T06:00:09.680+0000] {logging_mixin.py:188} INFO - ============================================================
[2026-01-04T06:00:09.681+0000] {logging_mixin.py:188} INFO - 📊 Enriched flights: 0
[2026-01-04T06:00:09.681+0000] {logging_mixin.py:188} INFO - 🥈 Silver path: None
[2026-01-04T06:00:09.683+0000] {logging_mixin.py:188} WARNING - /home/***/.local/lib/python3.11/site-packages/***/utils/context.py:320 AirflowContextDeprecationWarning: Accessing 'execution_date' from the template is deprecated and will be removed in a future version. Please use 'data_interval_start' or 'logical_date' instead.
[2026-01-04T06:00:09.684+0000] {logging_mixin.py:188} INFO - 🕐 Execution time: 2026-01-04 05:00:00+00:00
[2026-01-04T06:00:09.684+0000] {logging_mixin.py:188} INFO - ============================================================
[2026-01-04T06:00:09.684+0000] {python.py:237} INFO - Done. Returned value was: None
[2026-01-04T06:00:09.684+0000] {taskinstance.py:441} INFO - ::group::Post task execution logs
[2026-01-04T06:00:09.710+0000] {taskinstance.py:1205} INFO - Marking task as SUCCESS. dag_id=speed_layer_silver_ingestion, task_id=print_summary, execution_date=20260104T050000, start_date=20260104T060009, end_date=20260104T060009
[2026-01-04T06:00:09.761+0000] {local_task_job_runner.py:240} INFO - Task exited with return code 0
[2026-01-04T06:00:09.790+0000] {taskinstance.py:3482} INFO - 0 downstream tasks scheduled from follow-on schedule check
[2026-01-04T06:00:09.791+0000] {local_task_job_runner.py:222} INFO - ::endgroup::
