[2026-01-04T15:00:08.505+0000] {local_task_job_runner.py:120} INFO - ::group::Pre task execution logs
[2026-01-04T15:00:08.567+0000] {taskinstance.py:2073} INFO - Dependencies all met for dep_context=non-requeueable deps ti=<TaskInstance: speed_layer_silver_ingestion.clear_accumulator scheduled__2026-01-04T14:00:00+00:00 [queued]>
[2026-01-04T15:00:08.582+0000] {taskinstance.py:2073} INFO - Dependencies all met for dep_context=requeueable deps ti=<TaskInstance: speed_layer_silver_ingestion.clear_accumulator scheduled__2026-01-04T14:00:00+00:00 [queued]>
[2026-01-04T15:00:08.582+0000] {taskinstance.py:2303} INFO - Starting attempt 1 of 3
[2026-01-04T15:00:08.605+0000] {taskinstance.py:2327} INFO - Executing <Task(PythonOperator): clear_accumulator> on 2026-01-04 14:00:00+00:00
[2026-01-04T15:00:08.618+0000] {standard_task_runner.py:63} INFO - Started process 7345 to run task
[2026-01-04T15:00:08.624+0000] {standard_task_runner.py:90} INFO - Running: ['***', 'tasks', 'run', 'speed_layer_silver_ingestion', 'clear_accumulator', 'scheduled__2026-01-04T14:00:00+00:00', '--job-id', '421', '--raw', '--subdir', 'DAGS_FOLDER/speed_layer_silver_ingestion.py', '--cfg-path', '/tmp/tmp0hug3j7t']
[2026-01-04T15:00:08.627+0000] {standard_task_runner.py:91} INFO - Job 421: Subtask clear_accumulator
[2026-01-04T15:00:08.726+0000] {task_command.py:426} INFO - Running <TaskInstance: speed_layer_silver_ingestion.clear_accumulator scheduled__2026-01-04T14:00:00+00:00 [running]> on host 968fed69c878
[2026-01-04T15:00:08.935+0000] {taskinstance.py:2644} INFO - Exporting env vars: AIRFLOW_CTX_DAG_OWNER='aviation-team' AIRFLOW_CTX_DAG_ID='speed_layer_silver_ingestion' AIRFLOW_CTX_TASK_ID='clear_accumulator' AIRFLOW_CTX_EXECUTION_DATE='2026-01-04T14:00:00+00:00' AIRFLOW_CTX_TRY_NUMBER='1' AIRFLOW_CTX_DAG_RUN_ID='scheduled__2026-01-04T14:00:00+00:00'
[2026-01-04T15:00:08.936+0000] {taskinstance.py:430} INFO - ::endgroup::
[2026-01-04T15:00:08.955+0000] {logging_mixin.py:188} INFO - ============================================================
[2026-01-04T15:00:08.955+0000] {logging_mixin.py:188} INFO - CLEARING ACCUMULATOR
[2026-01-04T15:00:08.955+0000] {logging_mixin.py:188} INFO - ============================================================
[2026-01-04T15:00:08.987+0000] {logging_mixin.py:188} INFO - ⚠️ No flights were persisted - skipping clear
[2026-01-04T15:00:08.987+0000] {python.py:237} INFO - Done. Returned value was: {'status': 'skipped', 'reason': 'no_data'}
[2026-01-04T15:00:08.987+0000] {taskinstance.py:441} INFO - ::group::Post task execution logs
[2026-01-04T15:00:09.041+0000] {taskinstance.py:1205} INFO - Marking task as SUCCESS. dag_id=speed_layer_silver_ingestion, task_id=clear_accumulator, execution_date=20260104T140000, start_date=20260104T150008, end_date=20260104T150009
[2026-01-04T15:00:09.076+0000] {local_task_job_runner.py:240} INFO - Task exited with return code 0
[2026-01-04T15:00:09.127+0000] {taskinstance.py:3482} INFO - 1 downstream tasks scheduled from follow-on schedule check
[2026-01-04T15:00:09.128+0000] {local_task_job_runner.py:222} INFO - ::endgroup::
