[2025-12-24T10:21:32.754+0000] {local_task_job_runner.py:120} INFO - ::group::Pre task execution logs
[2025-12-24T10:21:32.855+0000] {taskinstance.py:2073} INFO - Dependencies all met for dep_context=non-requeueable deps ti=<TaskInstance: aviation_batch_pipeline.create_minio_buckets manual__2025-12-24T10:12:00+00:00 [queued]>
[2025-12-24T10:21:32.885+0000] {taskinstance.py:2073} INFO - Dependencies all met for dep_context=requeueable deps ti=<TaskInstance: aviation_batch_pipeline.create_minio_buckets manual__2025-12-24T10:12:00+00:00 [queued]>
[2025-12-24T10:21:32.887+0000] {taskinstance.py:2303} INFO - Starting attempt 1 of 3
[2025-12-24T10:21:32.925+0000] {taskinstance.py:2327} INFO - Executing <Task(PythonOperator): create_minio_buckets> on 2025-12-24 10:12:00+00:00
[2025-12-24T10:21:32.943+0000] {standard_task_runner.py:63} INFO - Started process 214 to run task
[2025-12-24T10:21:32.952+0000] {standard_task_runner.py:90} INFO - Running: ['***', 'tasks', 'run', 'aviation_batch_pipeline', 'create_minio_buckets', 'manual__2025-12-24T10:12:00+00:00', '--job-id', '41', '--raw', '--subdir', 'DAGS_FOLDER/aviation_batch_dag.py', '--cfg-path', '/tmp/tmpv09c4dnc']
[2025-12-24T10:21:32.958+0000] {standard_task_runner.py:91} INFO - Job 41: Subtask create_minio_buckets
[2025-12-24T10:21:33.317+0000] {task_command.py:426} INFO - Running <TaskInstance: aviation_batch_pipeline.create_minio_buckets manual__2025-12-24T10:12:00+00:00 [running]> on host 849a36138e84
[2025-12-24T10:21:33.456+0000] {taskinstance.py:2644} INFO - Exporting env vars: AIRFLOW_CTX_DAG_OWNER='aviation_team' AIRFLOW_CTX_DAG_ID='aviation_batch_pipeline' AIRFLOW_CTX_TASK_ID='create_minio_buckets' AIRFLOW_CTX_EXECUTION_DATE='2025-12-24T10:12:00+00:00' AIRFLOW_CTX_TRY_NUMBER='1' AIRFLOW_CTX_DAG_RUN_ID='manual__2025-12-24T10:12:00+00:00'
[2025-12-24T10:21:33.456+0000] {taskinstance.py:430} INFO - ::endgroup::
[2025-12-24T10:21:33.729+0000] {logging_mixin.py:188} INFO - Bucket exists: aviation-raw
[2025-12-24T10:21:33.734+0000] {logging_mixin.py:188} INFO - Bucket exists: aviation-processed
[2025-12-24T10:21:33.738+0000] {logging_mixin.py:188} INFO - Bucket exists: aviation-analytics
[2025-12-24T10:21:33.739+0000] {python.py:237} INFO - Done. Returned value was: ['aviation-raw', 'aviation-processed', 'aviation-analytics']
[2025-12-24T10:21:33.739+0000] {taskinstance.py:441} INFO - ::group::Post task execution logs
[2025-12-24T10:21:33.788+0000] {taskinstance.py:1205} INFO - Marking task as SUCCESS. dag_id=aviation_batch_pipeline, task_id=create_minio_buckets, execution_date=20251224T101200, start_date=20251224T102132, end_date=20251224T102133
[2025-12-24T10:21:33.845+0000] {local_task_job_runner.py:240} INFO - Task exited with return code 0
[2025-12-24T10:21:34.175+0000] {taskinstance.py:3482} INFO - 1 downstream tasks scheduled from follow-on schedule check
[2025-12-24T10:21:34.177+0000] {local_task_job_runner.py:222} INFO - ::endgroup::
