[2026-01-04T16:43:04.602+0000] {local_task_job_runner.py:120} INFO - ::group::Pre task execution logs
[2026-01-04T16:43:04.669+0000] {taskinstance.py:2073} INFO - Dependencies all met for dep_context=non-requeueable deps ti=<TaskInstance: analytics_serving_layer.merge_to_gold_bucket manual__2026-01-04T16:42:34+00:00 [queued]>
[2026-01-04T16:43:04.684+0000] {taskinstance.py:2073} INFO - Dependencies all met for dep_context=requeueable deps ti=<TaskInstance: analytics_serving_layer.merge_to_gold_bucket manual__2026-01-04T16:42:34+00:00 [queued]>
[2026-01-04T16:43:04.685+0000] {taskinstance.py:2303} INFO - Starting attempt 1 of 2
[2026-01-04T16:43:04.703+0000] {taskinstance.py:2327} INFO - Executing <Task(PythonOperator): merge_to_gold_bucket> on 2026-01-04 16:42:34+00:00
[2026-01-04T16:43:04.715+0000] {standard_task_runner.py:63} INFO - Started process 309 to run task
[2026-01-04T16:43:04.719+0000] {standard_task_runner.py:90} INFO - Running: ['***', 'tasks', 'run', 'analytics_serving_layer', 'merge_to_gold_bucket', 'manual__2026-01-04T16:42:34+00:00', '--job-id', '440', '--raw', '--subdir', 'DAGS_FOLDER/analytics_serving_layer.py', '--cfg-path', '/tmp/tmpmabe8q_1']
[2026-01-04T16:43:04.721+0000] {standard_task_runner.py:91} INFO - Job 440: Subtask merge_to_gold_bucket
[2026-01-04T16:43:04.813+0000] {task_command.py:426} INFO - Running <TaskInstance: analytics_serving_layer.merge_to_gold_bucket manual__2026-01-04T16:42:34+00:00 [running]> on host 04190f50dddc
[2026-01-04T16:43:04.963+0000] {taskinstance.py:2644} INFO - Exporting env vars: AIRFLOW_CTX_DAG_OWNER='aviation-team' AIRFLOW_CTX_DAG_ID='analytics_serving_layer' AIRFLOW_CTX_TASK_ID='merge_to_gold_bucket' AIRFLOW_CTX_EXECUTION_DATE='2026-01-04T16:42:34+00:00' AIRFLOW_CTX_TRY_NUMBER='1' AIRFLOW_CTX_DAG_RUN_ID='manual__2026-01-04T16:42:34+00:00'
[2026-01-04T16:43:04.964+0000] {taskinstance.py:430} INFO - ::endgroup::
[2026-01-04T16:43:04.978+0000] {logging_mixin.py:188} INFO - ============================================================
[2026-01-04T16:43:04.978+0000] {logging_mixin.py:188} INFO - MERGING TO GOLD BUCKET
[2026-01-04T16:43:04.979+0000] {logging_mixin.py:188} INFO - Load batch data: True
[2026-01-04T16:43:04.979+0000] {logging_mixin.py:188} INFO - ============================================================
[2026-01-04T16:43:25.439+0000] {logging_mixin.py:188} INFO -   Batch: 2,370,307 records
[2026-01-04T16:43:25.681+0000] {logging_mixin.py:188} INFO -   Speed: 0 records (no data yet)
[2026-01-04T16:43:52.644+0000] {logging_mixin.py:188} INFO - ✅ Gold master created: 2,370,307 records
[2026-01-04T16:43:52.847+0000] {python.py:237} INFO - Done. Returned value was: {'gold_records': 2370307}
[2026-01-04T16:43:52.863+0000] {taskinstance.py:441} INFO - ::group::Post task execution logs
[2026-01-04T16:43:53.365+0000] {taskinstance.py:1205} INFO - Marking task as SUCCESS. dag_id=analytics_serving_layer, task_id=merge_to_gold_bucket, execution_date=20260104T164234, start_date=20260104T164304, end_date=20260104T164353
[2026-01-04T16:43:53.515+0000] {local_task_job_runner.py:240} INFO - Task exited with return code 0
[2026-01-04T16:43:53.783+0000] {taskinstance.py:3482} INFO - 1 downstream tasks scheduled from follow-on schedule check
[2026-01-04T16:43:53.785+0000] {local_task_job_runner.py:222} INFO - ::endgroup::
