[2026-01-04T08:00:00.799+0000] {local_task_job_runner.py:120} INFO - ::group::Pre task execution logs
[2026-01-04T08:00:00.849+0000] {taskinstance.py:2073} INFO - Dependencies all met for dep_context=non-requeueable deps ti=<TaskInstance: speed_layer_silver_ingestion.check_flight_tracker_health scheduled__2026-01-04T07:00:00+00:00 [queued]>
[2026-01-04T08:00:00.857+0000] {taskinstance.py:2073} INFO - Dependencies all met for dep_context=requeueable deps ti=<TaskInstance: speed_layer_silver_ingestion.check_flight_tracker_health scheduled__2026-01-04T07:00:00+00:00 [queued]>
[2026-01-04T08:00:00.857+0000] {taskinstance.py:2303} INFO - Starting attempt 1 of 3
[2026-01-04T08:00:00.870+0000] {taskinstance.py:2327} INFO - Executing <Task(PythonOperator): check_flight_tracker_health> on 2026-01-04 07:00:00+00:00
[2026-01-04T08:00:00.879+0000] {standard_task_runner.py:63} INFO - Started process 69659 to run task
[2026-01-04T08:00:00.882+0000] {standard_task_runner.py:90} INFO - Running: ['***', 'tasks', 'run', 'speed_layer_silver_ingestion', 'check_flight_tracker_health', 'scheduled__2026-01-04T07:00:00+00:00', '--job-id', '330', '--raw', '--subdir', 'DAGS_FOLDER/speed_layer_silver_ingestion.py', '--cfg-path', '/tmp/tmp7bhga_6l']
[2026-01-04T08:00:00.884+0000] {standard_task_runner.py:91} INFO - Job 330: Subtask check_flight_tracker_health
[2026-01-04T08:00:00.974+0000] {task_command.py:426} INFO - Running <TaskInstance: speed_layer_silver_ingestion.check_flight_tracker_health scheduled__2026-01-04T07:00:00+00:00 [running]> on host 897f49cfcd10
[2026-01-04T08:00:01.137+0000] {taskinstance.py:2644} INFO - Exporting env vars: AIRFLOW_CTX_DAG_OWNER='aviation-team' AIRFLOW_CTX_DAG_ID='speed_layer_silver_ingestion' AIRFLOW_CTX_TASK_ID='check_flight_tracker_health' AIRFLOW_CTX_EXECUTION_DATE='2026-01-04T07:00:00+00:00' AIRFLOW_CTX_TRY_NUMBER='1' AIRFLOW_CTX_DAG_RUN_ID='scheduled__2026-01-04T07:00:00+00:00'
[2026-01-04T08:00:01.138+0000] {taskinstance.py:430} INFO - ::endgroup::
[2026-01-04T08:00:01.172+0000] {logging_mixin.py:188} INFO - ✓ Flight tracker healthy
[2026-01-04T08:00:01.172+0000] {logging_mixin.py:188} INFO -   - Accumulated flights: 0
[2026-01-04T08:00:01.172+0000] {logging_mixin.py:188} INFO -   - WebSocket connections: 1
[2026-01-04T08:00:01.172+0000] {python.py:237} INFO - Done. Returned value was: True
[2026-01-04T08:00:01.173+0000] {taskinstance.py:441} INFO - ::group::Post task execution logs
[2026-01-04T08:00:01.236+0000] {taskinstance.py:1205} INFO - Marking task as SUCCESS. dag_id=speed_layer_silver_ingestion, task_id=check_flight_tracker_health, execution_date=20260104T070000, start_date=20260104T080000, end_date=20260104T080001
[2026-01-04T08:00:01.295+0000] {local_task_job_runner.py:240} INFO - Task exited with return code 0
[2026-01-04T08:00:01.375+0000] {taskinstance.py:3482} INFO - 1 downstream tasks scheduled from follow-on schedule check
[2026-01-04T08:00:01.377+0000] {local_task_job_runner.py:222} INFO - ::endgroup::
