[2026-01-04T17:24:49.361+0000] {local_task_job_runner.py:120} INFO - ::group::Pre task execution logs
[2026-01-04T17:24:49.850+0000] {taskinstance.py:2073} INFO - Dependencies all met for dep_context=non-requeueable deps ti=<TaskInstance: speed_layer_silver_ingestion.clear_kafka_topics manual__2026-01-04T17:23:01.829912+00:00 [queued]>
[2026-01-04T17:24:50.043+0000] {taskinstance.py:2073} INFO - Dependencies all met for dep_context=requeueable deps ti=<TaskInstance: speed_layer_silver_ingestion.clear_kafka_topics manual__2026-01-04T17:23:01.829912+00:00 [queued]>
[2026-01-04T17:24:50.044+0000] {taskinstance.py:2303} INFO - Starting attempt 1 of 3
[2026-01-04T17:24:50.257+0000] {taskinstance.py:2327} INFO - Executing <Task(PythonOperator): clear_kafka_topics> on 2026-01-04 17:23:01.829912+00:00
[2026-01-04T17:24:50.315+0000] {standard_task_runner.py:63} INFO - Started process 1418 to run task
[2026-01-04T17:24:50.338+0000] {standard_task_runner.py:90} INFO - Running: ['***', 'tasks', 'run', 'speed_layer_silver_ingestion', 'clear_kafka_topics', 'manual__2026-01-04T17:23:01.829912+00:00', '--job-id', '470', '--raw', '--subdir', 'DAGS_FOLDER/speed_layer_silver_ingestion.py', '--cfg-path', '/tmp/tmp06dg3oe0']
[2026-01-04T17:24:50.368+0000] {standard_task_runner.py:91} INFO - Job 470: Subtask clear_kafka_topics
[2026-01-04T17:24:50.995+0000] {task_command.py:426} INFO - Running <TaskInstance: speed_layer_silver_ingestion.clear_kafka_topics manual__2026-01-04T17:23:01.829912+00:00 [running]> on host 0f35c4bc447d
[2026-01-04T17:24:53.180+0000] {taskinstance.py:2644} INFO - Exporting env vars: AIRFLOW_CTX_DAG_OWNER='aviation-team' AIRFLOW_CTX_DAG_ID='speed_layer_silver_ingestion' AIRFLOW_CTX_TASK_ID='clear_kafka_topics' AIRFLOW_CTX_EXECUTION_DATE='2026-01-04T17:23:01.829912+00:00' AIRFLOW_CTX_TRY_NUMBER='1' AIRFLOW_CTX_DAG_RUN_ID='manual__2026-01-04T17:23:01.829912+00:00'
[2026-01-04T17:24:53.182+0000] {taskinstance.py:430} INFO - ::endgroup::
[2026-01-04T17:24:53.272+0000] {logging_mixin.py:188} INFO - ============================================================
[2026-01-04T17:24:53.275+0000] {logging_mixin.py:188} INFO - CLEARING KAFKA TOPICS
[2026-01-04T17:24:53.276+0000] {logging_mixin.py:188} INFO - ============================================================
[2026-01-04T17:24:53.334+0000] {conn.py:362} INFO - <BrokerConnection node_id=bootstrap-0 host=kafka:9092 <connecting> [IPv4 ('172.18.0.6', 9092)]>: connecting to kafka:9092 [('172.18.0.6', 9092) IPv4]
[2026-01-04T17:24:53.336+0000] {conn.py:957} INFO - Probing node bootstrap-0 broker version
[2026-01-04T17:24:53.338+0000] {conn.py:393} INFO - <BrokerConnection node_id=bootstrap-0 host=kafka:9092 <connecting> [IPv4 ('172.18.0.6', 9092)]>: Connection complete.
[2026-01-04T17:24:53.450+0000] {conn.py:1019} INFO - Broker version identified as 2.6.0
[2026-01-04T17:24:53.451+0000] {conn.py:1020} INFO - Set configuration api_version=(2, 6, 0) to skip auto check_version requests on startup
[2026-01-04T17:24:53.453+0000] {conn.py:957} INFO - Probing node bootstrap-0 broker version
[2026-01-04T17:24:53.584+0000] {conn.py:1019} INFO - Broker version identified as 2.6.0
[2026-01-04T17:24:53.589+0000] {conn.py:1020} INFO - Set configuration api_version=(2, 6, 0) to skip auto check_version requests on startup
[2026-01-04T17:24:53.640+0000] {conn.py:362} INFO - <BrokerConnection node_id=1 host=kafka:9092 <connecting> [IPv4 ('172.18.0.6', 9092)]>: connecting to kafka:9092 [('172.18.0.6', 9092) IPv4]
[2026-01-04T17:24:53.645+0000] {conn.py:957} INFO - Probing node 1 broker version
[2026-01-04T17:24:53.652+0000] {conn.py:393} INFO - <BrokerConnection node_id=1 host=kafka:9092 <connecting> [IPv4 ('172.18.0.6', 9092)]>: Connection complete.
[2026-01-04T17:24:53.654+0000] {conn.py:673} INFO - <BrokerConnection node_id=bootstrap-0 host=kafka:9092 <connected> [IPv4 ('172.18.0.6', 9092)]>: Closing connection. 
[2026-01-04T17:24:53.875+0000] {conn.py:1019} INFO - Broker version identified as 2.6.0
[2026-01-04T17:24:53.877+0000] {conn.py:1020} INFO - Set configuration api_version=(2, 6, 0) to skip auto check_version requests on startup
[2026-01-04T17:24:53.879+0000] {logging_mixin.py:188} INFO - Deleting topics: ['aviation-india-states', 'aviation-enriched-states']
[2026-01-04T17:24:54.618+0000] {logging_mixin.py:188} INFO - ✓ Deleted topics: aviation-india-states, aviation-enriched-states
[2026-01-04T17:24:56.640+0000] {logging_mixin.py:188} INFO - ⚠️ Failed to clear Kafka topics: [Error 36] TopicAlreadyExistsError: Request 'CreateTopicsRequest_v3(create_topic_requests=[(topic='aviation-india-states', num_partitions=3, replication_factor=1, replica_assignment=[], configs=[]), (topic='aviation-enriched-states', num_partitions=3, replication_factor=1, replica_assignment=[], configs=[])], timeout=30000, validate_only=False)' failed with response 'CreateTopicsResponse_v3(throttle_time_ms=0, topic_errors=[(topic='aviation-india-states', error_code=36, error_message="Topic 'aviation-india-states' already exists."), (topic='aviation-enriched-states', error_code=36, error_message="Topic 'aviation-enriched-states' already exists.")])'.
[2026-01-04T17:24:56.642+0000] {logging_mixin.py:188} INFO -   Continuing anyway - not critical for pipeline
[2026-01-04T17:24:56.663+0000] {python.py:237} INFO - Done. Returned value was: {'status': 'error', 'message': '[Error 36] TopicAlreadyExistsError: Request \'CreateTopicsRequest_v3(create_topic_requests=[(topic=\'aviation-india-states\', num_partitions=3, replication_factor=1, replica_assignment=[], configs=[]), (topic=\'aviation-enriched-states\', num_partitions=3, replication_factor=1, replica_assignment=[], configs=[])], timeout=30000, validate_only=False)\' failed with response \'CreateTopicsResponse_v3(throttle_time_ms=0, topic_errors=[(topic=\'aviation-india-states\', error_code=36, error_message="Topic \'aviation-india-states\' already exists."), (topic=\'aviation-enriched-states\', error_code=36, error_message="Topic \'aviation-enriched-states\' already exists.")])\'.'}
[2026-01-04T17:24:56.664+0000] {taskinstance.py:441} INFO - ::group::Post task execution logs
[2026-01-04T17:24:56.885+0000] {taskinstance.py:1205} INFO - Marking task as SUCCESS. dag_id=speed_layer_silver_ingestion, task_id=clear_kafka_topics, execution_date=20260104T172301, start_date=20260104T172449, end_date=20260104T172456
[2026-01-04T17:24:57.250+0000] {local_task_job_runner.py:240} INFO - Task exited with return code 0
[2026-01-04T17:24:57.528+0000] {taskinstance.py:3482} INFO - 0 downstream tasks scheduled from follow-on schedule check
[2026-01-04T17:24:57.547+0000] {local_task_job_runner.py:222} INFO - ::endgroup::
