[2026-01-04T14:24:17.489+0000] {local_task_job_runner.py:120} INFO - ::group::Pre task execution logs
[2026-01-04T14:24:17.599+0000] {taskinstance.py:2073} INFO - Dependencies all met for dep_context=non-requeueable deps ti=<TaskInstance: analytics_serving_layer.create_fact_flight_history scheduled__2026-01-04T06:00:00+00:00 [queued]>
[2026-01-04T14:24:17.625+0000] {taskinstance.py:2073} INFO - Dependencies all met for dep_context=requeueable deps ti=<TaskInstance: analytics_serving_layer.create_fact_flight_history scheduled__2026-01-04T06:00:00+00:00 [queued]>
[2026-01-04T14:24:17.625+0000] {taskinstance.py:2303} INFO - Starting attempt 1 of 2
[2026-01-04T14:24:17.665+0000] {taskinstance.py:2327} INFO - Executing <Task(PythonOperator): create_fact_flight_history> on 2026-01-04 06:00:00+00:00
[2026-01-04T14:24:17.686+0000] {standard_task_runner.py:63} INFO - Started process 1008 to run task
[2026-01-04T14:24:17.694+0000] {standard_task_runner.py:90} INFO - Running: ['***', 'tasks', 'run', 'analytics_serving_layer', 'create_fact_flight_history', 'scheduled__2026-01-04T06:00:00+00:00', '--job-id', '393', '--raw', '--subdir', 'DAGS_FOLDER/analytics_serving_layer.py', '--cfg-path', '/tmp/tmpqsbtegz2']
[2026-01-04T14:24:17.701+0000] {standard_task_runner.py:91} INFO - Job 393: Subtask create_fact_flight_history
[2026-01-04T14:24:17.863+0000] {task_command.py:426} INFO - Running <TaskInstance: analytics_serving_layer.create_fact_flight_history scheduled__2026-01-04T06:00:00+00:00 [running]> on host 968fed69c878
[2026-01-04T14:24:18.153+0000] {taskinstance.py:2644} INFO - Exporting env vars: AIRFLOW_CTX_DAG_OWNER='aviation-team' AIRFLOW_CTX_DAG_ID='analytics_serving_layer' AIRFLOW_CTX_TASK_ID='create_fact_flight_history' AIRFLOW_CTX_EXECUTION_DATE='2026-01-04T06:00:00+00:00' AIRFLOW_CTX_TRY_NUMBER='1' AIRFLOW_CTX_DAG_RUN_ID='scheduled__2026-01-04T06:00:00+00:00'
[2026-01-04T14:24:18.156+0000] {taskinstance.py:430} INFO - ::endgroup::
[2026-01-04T14:24:18.193+0000] {logging_mixin.py:188} INFO - ============================================================
[2026-01-04T14:24:18.194+0000] {logging_mixin.py:188} INFO - CREATING FACT_FLIGHT_HISTORY
[2026-01-04T14:24:18.195+0000] {logging_mixin.py:188} INFO - ============================================================
[2026-01-04T14:24:36.107+0000] {taskinstance.py:441} INFO - ::group::Post task execution logs
[2026-01-04T14:24:36.108+0000] {taskinstance.py:2890} ERROR - Task failed with exception
Traceback (most recent call last):
  File "/home/airflow/.local/lib/python3.11/site-packages/airflow/models/taskinstance.py", line 460, in _execute_task
    result = _execute_callable(context=context, **execute_callable_kwargs)
             ^^^^^^^^^^^^^^^^^^^^^^^^^^^^^^^^^^^^^^^^^^^^^^^^^^^^^^^^^^^^^
  File "/home/airflow/.local/lib/python3.11/site-packages/airflow/models/taskinstance.py", line 432, in _execute_callable
    return execute_callable(context=context, **execute_callable_kwargs)
           ^^^^^^^^^^^^^^^^^^^^^^^^^^^^^^^^^^^^^^^^^^^^^^^^^^^^^^^^^^^^
  File "/home/airflow/.local/lib/python3.11/site-packages/airflow/models/baseoperator.py", line 400, in wrapper
    return func(self, *args, **kwargs)
           ^^^^^^^^^^^^^^^^^^^^^^^^^^^
  File "/home/airflow/.local/lib/python3.11/site-packages/airflow/operators/python.py", line 235, in execute
    return_value = self.execute_callable()
                   ^^^^^^^^^^^^^^^^^^^^^^^
  File "/home/airflow/.local/lib/python3.11/site-packages/airflow/operators/python.py", line 252, in execute_callable
    return self.python_callable(*self.op_args, **self.op_kwargs)
           ^^^^^^^^^^^^^^^^^^^^^^^^^^^^^^^^^^^^^^^^^^^^^^^^^^^^^
  File "/opt/airflow/src/serving/analytics_loader.py", line 170, in create_fact_flight_history
    count("*").alias("data_points")
    ^^^^^
UnboundLocalError: cannot access local variable 'count' where it is not associated with a value
[2026-01-04T14:24:36.130+0000] {taskinstance.py:1205} INFO - Marking task as UP_FOR_RETRY. dag_id=analytics_serving_layer, task_id=create_fact_flight_history, execution_date=20260104T060000, start_date=20260104T142417, end_date=20260104T142436
[2026-01-04T14:24:36.153+0000] {standard_task_runner.py:110} ERROR - Failed to execute job 393 for task create_fact_flight_history (cannot access local variable 'count' where it is not associated with a value; 1008)
[2026-01-04T14:24:36.203+0000] {local_task_job_runner.py:240} INFO - Task exited with return code 1
[2026-01-04T14:24:36.248+0000] {taskinstance.py:3482} INFO - 0 downstream tasks scheduled from follow-on schedule check
[2026-01-04T14:24:36.249+0000] {local_task_job_runner.py:222} INFO - ::endgroup::
