[2026-01-04T14:55:46.973+0000] {local_task_job_runner.py:120} INFO - ::group::Pre task execution logs
[2026-01-04T14:55:47.020+0000] {taskinstance.py:2073} INFO - Dependencies all met for dep_context=non-requeueable deps ti=<TaskInstance: analytics_serving_layer.create_fact_flight_history manual__2026-01-04T14:54:08+00:00 [queued]>
[2026-01-04T14:55:47.031+0000] {taskinstance.py:2073} INFO - Dependencies all met for dep_context=requeueable deps ti=<TaskInstance: analytics_serving_layer.create_fact_flight_history manual__2026-01-04T14:54:08+00:00 [queued]>
[2026-01-04T14:55:47.032+0000] {taskinstance.py:2303} INFO - Starting attempt 1 of 2
[2026-01-04T14:55:47.050+0000] {taskinstance.py:2327} INFO - Executing <Task(PythonOperator): create_fact_flight_history> on 2026-01-04 14:54:08+00:00
[2026-01-04T14:55:47.061+0000] {standard_task_runner.py:63} INFO - Started process 6223 to run task
[2026-01-04T14:55:47.065+0000] {standard_task_runner.py:90} INFO - Running: ['***', 'tasks', 'run', 'analytics_serving_layer', 'create_fact_flight_history', 'manual__2026-01-04T14:54:08+00:00', '--job-id', '413', '--raw', '--subdir', 'DAGS_FOLDER/analytics_serving_layer.py', '--cfg-path', '/tmp/tmpapavn1w6']
[2026-01-04T14:55:47.067+0000] {standard_task_runner.py:91} INFO - Job 413: Subtask create_fact_flight_history
[2026-01-04T14:55:47.147+0000] {task_command.py:426} INFO - Running <TaskInstance: analytics_serving_layer.create_fact_flight_history manual__2026-01-04T14:54:08+00:00 [running]> on host 968fed69c878
[2026-01-04T14:55:47.298+0000] {taskinstance.py:2644} INFO - Exporting env vars: AIRFLOW_CTX_DAG_OWNER='aviation-team' AIRFLOW_CTX_DAG_ID='analytics_serving_layer' AIRFLOW_CTX_TASK_ID='create_fact_flight_history' AIRFLOW_CTX_EXECUTION_DATE='2026-01-04T14:54:08+00:00' AIRFLOW_CTX_TRY_NUMBER='1' AIRFLOW_CTX_DAG_RUN_ID='manual__2026-01-04T14:54:08+00:00'
[2026-01-04T14:55:47.299+0000] {taskinstance.py:430} INFO - ::endgroup::
[2026-01-04T14:55:47.322+0000] {logging_mixin.py:188} INFO - ============================================================
[2026-01-04T14:55:47.322+0000] {logging_mixin.py:188} INFO - CREATING FACT_FLIGHT_HISTORY
[2026-01-04T14:55:47.322+0000] {logging_mixin.py:188} INFO - ============================================================
[2026-01-04T14:56:28.694+0000] {logging_mixin.py:188} INFO - ✅ FACT_FLIGHT_HISTORY: 11,323 records
[2026-01-04T14:56:29.184+0000] {python.py:237} INFO - Done. Returned value was: {'table': 'fact_flight_history', 'records': 11323}
[2026-01-04T14:56:29.185+0000] {taskinstance.py:441} INFO - ::group::Post task execution logs
[2026-01-04T14:56:29.236+0000] {taskinstance.py:1205} INFO - Marking task as SUCCESS. dag_id=analytics_serving_layer, task_id=create_fact_flight_history, execution_date=20260104T145408, start_date=20260104T145547, end_date=20260104T145629
[2026-01-04T14:56:29.296+0000] {local_task_job_runner.py:240} INFO - Task exited with return code 0
[2026-01-04T14:56:29.341+0000] {taskinstance.py:3482} INFO - 3 downstream tasks scheduled from follow-on schedule check
[2026-01-04T14:56:29.342+0000] {local_task_job_runner.py:222} INFO - ::endgroup::
