[2025-12-24T09:07:33.582+0000] {local_task_job_runner.py:120} INFO - ::group::Pre task execution logs
[2025-12-24T09:07:33.690+0000] {taskinstance.py:2073} INFO - Dependencies all met for dep_context=non-requeueable deps ti=<TaskInstance: aviation_batch_pipeline.create_minio_buckets scheduled__2025-12-14T00:00:00+00:00 [queued]>
[2025-12-24T09:07:33.709+0000] {taskinstance.py:2073} INFO - Dependencies all met for dep_context=requeueable deps ti=<TaskInstance: aviation_batch_pipeline.create_minio_buckets scheduled__2025-12-14T00:00:00+00:00 [queued]>
[2025-12-24T09:07:33.710+0000] {taskinstance.py:2303} INFO - Starting attempt 3 of 3
[2025-12-24T09:07:34.563+0000] {taskinstance.py:2327} INFO - Executing <Task(PythonOperator): create_minio_buckets> on 2025-12-14 00:00:00+00:00
[2025-12-24T09:07:34.576+0000] {standard_task_runner.py:63} INFO - Started process 440 to run task
[2025-12-24T09:07:34.581+0000] {standard_task_runner.py:90} INFO - Running: ['***', 'tasks', 'run', 'aviation_batch_pipeline', 'create_minio_buckets', 'scheduled__2025-12-14T00:00:00+00:00', '--job-id', '10', '--raw', '--subdir', 'DAGS_FOLDER/aviation_batch_dag.py', '--cfg-path', '/tmp/tmpk6byxs3t']
[2025-12-24T09:07:34.584+0000] {standard_task_runner.py:91} INFO - Job 10: Subtask create_minio_buckets
[2025-12-24T09:07:34.713+0000] {task_command.py:426} INFO - Running <TaskInstance: aviation_batch_pipeline.create_minio_buckets scheduled__2025-12-14T00:00:00+00:00 [running]> on host f7ebcfdb0fdd
[2025-12-24T09:07:34.878+0000] {taskinstance.py:2644} INFO - Exporting env vars: AIRFLOW_CTX_DAG_OWNER='aviation_team' AIRFLOW_CTX_DAG_ID='aviation_batch_pipeline' AIRFLOW_CTX_TASK_ID='create_minio_buckets' AIRFLOW_CTX_EXECUTION_DATE='2025-12-14T00:00:00+00:00' AIRFLOW_CTX_TRY_NUMBER='3' AIRFLOW_CTX_DAG_RUN_ID='scheduled__2025-12-14T00:00:00+00:00'
[2025-12-24T09:07:34.879+0000] {taskinstance.py:430} INFO - ::endgroup::
[2025-12-24T09:07:34.899+0000] {taskinstance.py:441} INFO - ::group::Post task execution logs
[2025-12-24T09:07:34.899+0000] {taskinstance.py:2890} ERROR - Task failed with exception
Traceback (most recent call last):
  File "/home/airflow/.local/lib/python3.11/site-packages/airflow/models/taskinstance.py", line 460, in _execute_task
    result = _execute_callable(context=context, **execute_callable_kwargs)
             ^^^^^^^^^^^^^^^^^^^^^^^^^^^^^^^^^^^^^^^^^^^^^^^^^^^^^^^^^^^^^
  File "/home/airflow/.local/lib/python3.11/site-packages/airflow/models/taskinstance.py", line 432, in _execute_callable
    return execute_callable(context=context, **execute_callable_kwargs)
           ^^^^^^^^^^^^^^^^^^^^^^^^^^^^^^^^^^^^^^^^^^^^^^^^^^^^^^^^^^^^
  File "/home/airflow/.local/lib/python3.11/site-packages/airflow/models/baseoperator.py", line 400, in wrapper
    return func(self, *args, **kwargs)
           ^^^^^^^^^^^^^^^^^^^^^^^^^^^
  File "/home/airflow/.local/lib/python3.11/site-packages/airflow/operators/python.py", line 235, in execute
    return_value = self.execute_callable()
                   ^^^^^^^^^^^^^^^^^^^^^^^
  File "/home/airflow/.local/lib/python3.11/site-packages/airflow/operators/python.py", line 252, in execute_callable
    return self.python_callable(*self.op_args, **self.op_kwargs)
           ^^^^^^^^^^^^^^^^^^^^^^^^^^^^^^^^^^^^^^^^^^^^^^^^^^^^^
  File "/opt/airflow/dags/aviation_batch_dag.py", line 97, in create_minio_buckets
    from minio import Minio
ModuleNotFoundError: No module named 'minio'
[2025-12-24T09:07:34.927+0000] {taskinstance.py:1205} INFO - Marking task as FAILED. dag_id=aviation_batch_pipeline, task_id=create_minio_buckets, execution_date=20251214T000000, start_date=20251224T090733, end_date=20251224T090734
[2025-12-24T09:07:34.952+0000] {standard_task_runner.py:110} ERROR - Failed to execute job 10 for task create_minio_buckets (No module named 'minio'; 440)
[2025-12-24T09:07:34.995+0000] {local_task_job_runner.py:240} INFO - Task exited with return code 1
[2025-12-24T09:07:35.044+0000] {taskinstance.py:3482} INFO - 0 downstream tasks scheduled from follow-on schedule check
[2025-12-24T09:07:35.050+0000] {local_task_job_runner.py:222} INFO - ::endgroup::
