[2026-01-04T15:00:06.021+0000] {local_task_job_runner.py:120} INFO - ::group::Pre task execution logs
[2026-01-04T15:00:06.068+0000] {taskinstance.py:2073} INFO - Dependencies all met for dep_context=non-requeueable deps ti=<TaskInstance: speed_layer_silver_ingestion.persist_to_silver scheduled__2026-01-04T14:00:00+00:00 [queued]>
[2026-01-04T15:00:06.086+0000] {taskinstance.py:2073} INFO - Dependencies all met for dep_context=requeueable deps ti=<TaskInstance: speed_layer_silver_ingestion.persist_to_silver scheduled__2026-01-04T14:00:00+00:00 [queued]>
[2026-01-04T15:00:06.087+0000] {taskinstance.py:2303} INFO - Starting attempt 1 of 3
[2026-01-04T15:00:06.120+0000] {taskinstance.py:2327} INFO - Executing <Task(PythonOperator): persist_to_silver> on 2026-01-04 14:00:00+00:00
[2026-01-04T15:00:06.140+0000] {standard_task_runner.py:63} INFO - Started process 7343 to run task
[2026-01-04T15:00:06.148+0000] {standard_task_runner.py:90} INFO - Running: ['***', 'tasks', 'run', 'speed_layer_silver_ingestion', 'persist_to_silver', 'scheduled__2026-01-04T14:00:00+00:00', '--job-id', '420', '--raw', '--subdir', 'DAGS_FOLDER/speed_layer_silver_ingestion.py', '--cfg-path', '/tmp/tmp_ebbbss4']
[2026-01-04T15:00:06.152+0000] {standard_task_runner.py:91} INFO - Job 420: Subtask persist_to_silver
[2026-01-04T15:00:06.304+0000] {task_command.py:426} INFO - Running <TaskInstance: speed_layer_silver_ingestion.persist_to_silver scheduled__2026-01-04T14:00:00+00:00 [running]> on host 968fed69c878
[2026-01-04T15:00:06.560+0000] {taskinstance.py:2644} INFO - Exporting env vars: AIRFLOW_CTX_DAG_OWNER='aviation-team' AIRFLOW_CTX_DAG_ID='speed_layer_silver_ingestion' AIRFLOW_CTX_TASK_ID='persist_to_silver' AIRFLOW_CTX_EXECUTION_DATE='2026-01-04T14:00:00+00:00' AIRFLOW_CTX_TRY_NUMBER='1' AIRFLOW_CTX_DAG_RUN_ID='scheduled__2026-01-04T14:00:00+00:00'
[2026-01-04T15:00:06.562+0000] {taskinstance.py:430} INFO - ::endgroup::
[2026-01-04T15:00:06.581+0000] {logging_mixin.py:188} INFO - ============================================================
[2026-01-04T15:00:06.582+0000] {logging_mixin.py:188} INFO - PERSISTING TO SILVER LAYER
[2026-01-04T15:00:06.582+0000] {logging_mixin.py:188} INFO - ============================================================
[2026-01-04T15:00:06.617+0000] {logging_mixin.py:188} INFO - ⚠️ No flights to persist - skipping
[2026-01-04T15:00:06.618+0000] {python.py:237} INFO - Done. Returned value was: {'status': 'skipped', 'reason': 'no_data'}
[2026-01-04T15:00:06.618+0000] {taskinstance.py:441} INFO - ::group::Post task execution logs
[2026-01-04T15:00:06.675+0000] {taskinstance.py:1205} INFO - Marking task as SUCCESS. dag_id=speed_layer_silver_ingestion, task_id=persist_to_silver, execution_date=20260104T140000, start_date=20260104T150006, end_date=20260104T150006
[2026-01-04T15:00:06.722+0000] {local_task_job_runner.py:240} INFO - Task exited with return code 0
[2026-01-04T15:00:06.762+0000] {taskinstance.py:3482} INFO - 1 downstream tasks scheduled from follow-on schedule check
[2026-01-04T15:00:06.763+0000] {local_task_job_runner.py:222} INFO - ::endgroup::
