[2025-12-24T08:57:16.830+0000] {local_task_job_runner.py:120} INFO - ::group::Pre task execution logs
[2025-12-24T08:57:17.192+0000] {taskinstance.py:2073} INFO - Dependencies all met for dep_context=non-requeueable deps ti=<TaskInstance: aviation_batch_pipeline.run_batch_pipeline_spark scheduled__2025-12-14T00:00:00+00:00 [queued]>
[2025-12-24T08:57:17.206+0000] {taskinstance.py:2073} INFO - Dependencies all met for dep_context=requeueable deps ti=<TaskInstance: aviation_batch_pipeline.run_batch_pipeline_spark scheduled__2025-12-14T00:00:00+00:00 [queued]>
[2025-12-24T08:57:17.206+0000] {taskinstance.py:2303} INFO - Starting attempt 2 of 3
[2025-12-24T08:57:17.223+0000] {taskinstance.py:2327} INFO - Executing <Task(SparkSubmitOperator): run_batch_pipeline_spark> on 2025-12-14 00:00:00+00:00
[2025-12-24T08:57:17.233+0000] {standard_task_runner.py:63} INFO - Started process 381 to run task
[2025-12-24T08:57:17.238+0000] {standard_task_runner.py:90} INFO - Running: ['***', 'tasks', 'run', 'aviation_batch_pipeline', 'run_batch_pipeline_spark', 'scheduled__2025-12-14T00:00:00+00:00', '--job-id', '5', '--raw', '--subdir', 'DAGS_FOLDER/aviation_batch_dag.py', '--cfg-path', '/tmp/tmpui_yj00i']
[2025-12-24T08:57:17.240+0000] {standard_task_runner.py:91} INFO - Job 5: Subtask run_batch_pipeline_spark
[2025-12-24T08:57:17.326+0000] {task_command.py:426} INFO - Running <TaskInstance: aviation_batch_pipeline.run_batch_pipeline_spark scheduled__2025-12-14T00:00:00+00:00 [running]> on host f7ebcfdb0fdd
[2025-12-24T08:57:17.489+0000] {taskinstance.py:2644} INFO - Exporting env vars: AIRFLOW_CTX_DAG_OWNER='aviation_team' AIRFLOW_CTX_DAG_ID='aviation_batch_pipeline' AIRFLOW_CTX_TASK_ID='run_batch_pipeline_spark' AIRFLOW_CTX_EXECUTION_DATE='2025-12-14T00:00:00+00:00' AIRFLOW_CTX_TRY_NUMBER='2' AIRFLOW_CTX_DAG_RUN_ID='scheduled__2025-12-14T00:00:00+00:00'
[2025-12-24T08:57:17.490+0000] {taskinstance.py:430} INFO - ::endgroup::
[2025-12-24T08:57:17.517+0000] {spark_submit.py:273} INFO - Could not load connection string spark_default, defaulting to yarn
[2025-12-24T08:57:17.518+0000] {spark_submit.py:403} INFO - Spark-Submit cmd: spark-submit --master yarn --conf spark.master=spark://spark-master:7077 --conf spark.executor.memory=2g --conf spark.driver.memory=2g --conf spark.sql.shuffle.partitions=200 --name aviation_batch_pipeline --verbose /opt/***/src/batch/batch_pipeline.py
[2025-12-24T08:57:20.201+0000] {spark_submit.py:579} INFO - Using properties file: null
[2025-12-24T08:57:20.370+0000] {spark_submit.py:579} INFO - Exception in thread "main" org.apache.spark.SparkException: When running with master 'yarn' either HADOOP_CONF_DIR or YARN_CONF_DIR must be set in the environment.
[2025-12-24T08:57:20.370+0000] {spark_submit.py:579} INFO - at org.apache.spark.deploy.SparkSubmitArguments.error(SparkSubmitArguments.scala:650)
[2025-12-24T08:57:20.370+0000] {spark_submit.py:579} INFO - at org.apache.spark.deploy.SparkSubmitArguments.validateSubmitArguments(SparkSubmitArguments.scala:281)
[2025-12-24T08:57:20.371+0000] {spark_submit.py:579} INFO - at org.apache.spark.deploy.SparkSubmitArguments.validateArguments(SparkSubmitArguments.scala:237)
[2025-12-24T08:57:20.371+0000] {spark_submit.py:579} INFO - at org.apache.spark.deploy.SparkSubmitArguments.<init>(SparkSubmitArguments.scala:122)
[2025-12-24T08:57:20.371+0000] {spark_submit.py:579} INFO - at org.apache.spark.deploy.SparkSubmit$$anon$2$$anon$3.<init>(SparkSubmit.scala:1103)
[2025-12-24T08:57:20.371+0000] {spark_submit.py:579} INFO - at org.apache.spark.deploy.SparkSubmit$$anon$2.parseArguments(SparkSubmit.scala:1103)
[2025-12-24T08:57:20.371+0000] {spark_submit.py:579} INFO - at org.apache.spark.deploy.SparkSubmit.doSubmit(SparkSubmit.scala:86)
[2025-12-24T08:57:20.371+0000] {spark_submit.py:579} INFO - at org.apache.spark.deploy.SparkSubmit$$anon$2.doSubmit(SparkSubmit.scala:1120)
[2025-12-24T08:57:20.371+0000] {spark_submit.py:579} INFO - at org.apache.spark.deploy.SparkSubmit$.main(SparkSubmit.scala:1129)
[2025-12-24T08:57:20.372+0000] {spark_submit.py:579} INFO - at org.apache.spark.deploy.SparkSubmit.main(SparkSubmit.scala)
[2025-12-24T08:57:20.425+0000] {taskinstance.py:441} INFO - ::group::Post task execution logs
[2025-12-24T08:57:20.459+0000] {taskinstance.py:2890} ERROR - Task failed with exception
Traceback (most recent call last):
  File "/home/airflow/.local/lib/python3.11/site-packages/airflow/models/taskinstance.py", line 460, in _execute_task
    result = _execute_callable(context=context, **execute_callable_kwargs)
             ^^^^^^^^^^^^^^^^^^^^^^^^^^^^^^^^^^^^^^^^^^^^^^^^^^^^^^^^^^^^^
  File "/home/airflow/.local/lib/python3.11/site-packages/airflow/models/taskinstance.py", line 432, in _execute_callable
    return execute_callable(context=context, **execute_callable_kwargs)
           ^^^^^^^^^^^^^^^^^^^^^^^^^^^^^^^^^^^^^^^^^^^^^^^^^^^^^^^^^^^^
  File "/home/airflow/.local/lib/python3.11/site-packages/airflow/models/baseoperator.py", line 400, in wrapper
    return func(self, *args, **kwargs)
           ^^^^^^^^^^^^^^^^^^^^^^^^^^^
  File "/home/airflow/.local/lib/python3.11/site-packages/airflow/providers/apache/spark/operators/spark_submit.py", line 174, in execute
    self._hook.submit(self.application)
  File "/home/airflow/.local/lib/python3.11/site-packages/airflow/providers/apache/spark/hooks/spark_submit.py", line 505, in submit
    raise AirflowException(
airflow.exceptions.AirflowException: Cannot execute: spark-submit --master yarn --conf spark.master=spark://spark-master:7077 --conf spark.executor.memory=2g --conf spark.driver.memory=2g --conf spark.sql.shuffle.partitions=200 --name aviation_batch_pipeline --verbose /opt/***/src/batch/batch_pipeline.py. Error code is: 1.
[2025-12-24T08:57:20.470+0000] {taskinstance.py:1205} INFO - Marking task as UP_FOR_RETRY. dag_id=aviation_batch_pipeline, task_id=run_batch_pipeline_spark, execution_date=20251214T000000, start_date=20251224T085717, end_date=20251224T085720
[2025-12-24T08:57:20.495+0000] {standard_task_runner.py:110} ERROR - Failed to execute job 5 for task run_batch_pipeline_spark (Cannot execute: spark-submit --master yarn --conf spark.master=spark://spark-master:7077 --conf spark.executor.memory=2g --conf spark.driver.memory=2g --conf spark.sql.shuffle.partitions=200 --name aviation_batch_pipeline --verbose /opt/***/src/batch/batch_pipeline.py. Error code is: 1.; 381)
[2025-12-24T08:57:20.543+0000] {local_task_job_runner.py:240} INFO - Task exited with return code 1
[2025-12-24T08:57:20.593+0000] {taskinstance.py:3482} INFO - 0 downstream tasks scheduled from follow-on schedule check
[2025-12-24T08:57:20.596+0000] {local_task_job_runner.py:222} INFO - ::endgroup::
