[2025-12-24T10:06:12.618+0000] {local_task_job_runner.py:120} INFO - ::group::Pre task execution logs
[2025-12-24T10:06:12.675+0000] {taskinstance.py:2073} INFO - Dependencies all met for dep_context=non-requeueable deps ti=<TaskInstance: aviation_batch_pipeline.run_batch_pipeline manual__2025-12-24T10:03:57.751217+00:00 [queued]>
[2025-12-24T10:06:12.689+0000] {taskinstance.py:2073} INFO - Dependencies all met for dep_context=requeueable deps ti=<TaskInstance: aviation_batch_pipeline.run_batch_pipeline manual__2025-12-24T10:03:57.751217+00:00 [queued]>
[2025-12-24T10:06:12.689+0000] {taskinstance.py:2303} INFO - Starting attempt 2 of 4
[2025-12-24T10:06:12.708+0000] {taskinstance.py:2327} INFO - Executing <Task(PythonOperator): run_batch_pipeline> on 2025-12-24 10:03:57.751217+00:00
[2025-12-24T10:06:12.720+0000] {standard_task_runner.py:63} INFO - Started process 203 to run task
[2025-12-24T10:06:12.724+0000] {standard_task_runner.py:90} INFO - Running: ['***', 'tasks', 'run', 'aviation_batch_pipeline', 'run_batch_pipeline', 'manual__2025-12-24T10:03:57.751217+00:00', '--job-id', '35', '--raw', '--subdir', 'DAGS_FOLDER/aviation_batch_dag.py', '--cfg-path', '/tmp/tmpbgzvl2bw']
[2025-12-24T10:06:12.727+0000] {standard_task_runner.py:91} INFO - Job 35: Subtask run_batch_pipeline
[2025-12-24T10:06:13.005+0000] {task_command.py:426} INFO - Running <TaskInstance: aviation_batch_pipeline.run_batch_pipeline manual__2025-12-24T10:03:57.751217+00:00 [running]> on host 849a36138e84
[2025-12-24T10:06:13.149+0000] {taskinstance.py:2644} INFO - Exporting env vars: AIRFLOW_CTX_DAG_OWNER='aviation_team' AIRFLOW_CTX_DAG_ID='aviation_batch_pipeline' AIRFLOW_CTX_TASK_ID='run_batch_pipeline' AIRFLOW_CTX_EXECUTION_DATE='2025-12-24T10:03:57.751217+00:00' AIRFLOW_CTX_TRY_NUMBER='2' AIRFLOW_CTX_DAG_RUN_ID='manual__2025-12-24T10:03:57.751217+00:00'
[2025-12-24T10:06:13.150+0000] {taskinstance.py:430} INFO - ::endgroup::
[2025-12-24T10:06:20.269+0000] {logging_mixin.py:188} INFO - 
============================================================
[2025-12-24T10:06:20.269+0000] {logging_mixin.py:188} INFO - STAGE 1: Processing States Data
[2025-12-24T10:06:20.270+0000] {logging_mixin.py:188} INFO - ============================================================
[2025-12-24T10:06:20.270+0000] {logging_mixin.py:188} INFO - Using states path: /data/aviation_data/states
[2025-12-24T10:06:23.203+0000] {logging_mixin.py:188} INFO - Found 10 tar files to process
[2025-12-24T10:06:23.204+0000] {logging_mixin.py:188} INFO -   Ensured output directory exists: /tmp/aviation/filtered_states
[2025-12-24T10:06:23.205+0000] {logging_mixin.py:188} INFO - Processing 10 tar files...
[2025-12-24T10:06:23.206+0000] {logging_mixin.py:188} INFO - Processing batch 1/2 (5 files)
[2025-12-24T10:06:23.207+0000] {logging_mixin.py:188} INFO -   Extracting file 1/5: states_.2017-06-05-00.csv.tar
[2025-12-24T10:06:23.236+0000] {logging_mixin.py:188} INFO -   Extracting file 2/5: states_2017-06-05-00.csv.tar
[2025-12-24T10:06:23.781+0000] {logging_mixin.py:188} INFO -   Extracting file 3/5: states_.2017-06-05-01.csv.tar
[2025-12-24T10:06:23.814+0000] {logging_mixin.py:188} INFO -   Extracting file 4/5: states_2017-06-05-01.csv.tar
[2025-12-24T10:06:24.331+0000] {logging_mixin.py:188} INFO -   Extracting file 5/5: states_.2017-06-05-02.csv.tar
[2025-12-24T10:06:24.356+0000] {logging_mixin.py:188} INFO -   Reading 2 CSV files with Spark...
[2025-12-24T10:06:37.131+0000] {logging_mixin.py:188} INFO -   Batch 1: 19094 India-related records
[2025-12-24T10:06:48.820+0000] {logging_mixin.py:188} INFO -   Batch 1: Saved to /tmp/aviation/filtered_states
[2025-12-24T10:06:48.843+0000] {logging_mixin.py:188} INFO -   Cleaned up temp directory
[2025-12-24T10:06:48.855+0000] {logging_mixin.py:188} INFO - Processing batch 2/2 (5 files)
[2025-12-24T10:06:48.855+0000] {logging_mixin.py:188} INFO -   Extracting file 1/5: states_2017-06-05-02.csv.tar
[2025-12-24T10:06:49.445+0000] {logging_mixin.py:188} INFO -   Extracting file 2/5: states_.2017-06-05-03.csv.tar
[2025-12-24T10:06:49.501+0000] {logging_mixin.py:188} INFO -   Extracting file 3/5: states_2017-06-05-03.csv.tar
[2025-12-24T10:06:49.979+0000] {logging_mixin.py:188} INFO -   Extracting file 4/5: states_.2017-06-05-04.csv.tar
[2025-12-24T10:06:49.993+0000] {logging_mixin.py:188} INFO -   Extracting file 5/5: states_2017-06-05-04.csv.tar
[2025-12-24T10:06:50.491+0000] {logging_mixin.py:188} INFO -   Reading 3 CSV files with Spark...
[2025-12-24T10:06:58.153+0000] {logging_mixin.py:188} INFO -   Batch 2: 37879 India-related records
[2025-12-24T10:07:07.251+0000] {logging_mixin.py:188} INFO -   Batch 2: Saved to /tmp/aviation/filtered_states
[2025-12-24T10:07:07.270+0000] {logging_mixin.py:188} INFO -   Cleaned up temp directory
[2025-12-24T10:07:08.034+0000] {logging_mixin.py:188} INFO - Current data: 56,973 rows, ~0.01 GB
[2025-12-24T10:07:08.034+0000] {logging_mixin.py:188} INFO - Data already under target size (20.0 GB), no sampling needed
[2025-12-24T10:07:09.526+0000] {logging_mixin.py:188} INFO - 
============================================================
[2025-12-24T10:07:09.526+0000] {logging_mixin.py:188} INFO - STAGE 2: Creating Flight Mappings
[2025-12-24T10:07:09.527+0000] {logging_mixin.py:188} INFO - ============================================================
[2025-12-24T10:07:09.545+0000] {logging_mixin.py:188} INFO - Using flights path: /data/aviation_data/flightsV5
[2025-12-24T10:07:09.596+0000] {logging_mixin.py:188} INFO - Found 30 FlightsV5 files
[2025-12-24T10:07:13.041+0000] {logging_mixin.py:188} INFO - Loaded 3,198,513 flight records
[2025-12-24T10:07:41.207+0000] {logging_mixin.py:188} INFO - 
============================================================
[2025-12-24T10:07:41.208+0000] {logging_mixin.py:188} INFO - STAGE 3: Enriching Data with Route Information
[2025-12-24T10:07:41.208+0000] {logging_mixin.py:188} INFO - ============================================================
[2025-12-24T10:07:43.728+0000] {taskinstance.py:441} INFO - ::group::Post task execution logs
[2025-12-24T10:07:43.748+0000] {taskinstance.py:2890} ERROR - Task failed with exception
Traceback (most recent call last):
  File "/home/airflow/.local/lib/python3.11/site-packages/airflow/models/taskinstance.py", line 460, in _execute_task
    result = _execute_callable(context=context, **execute_callable_kwargs)
             ^^^^^^^^^^^^^^^^^^^^^^^^^^^^^^^^^^^^^^^^^^^^^^^^^^^^^^^^^^^^^
  File "/home/airflow/.local/lib/python3.11/site-packages/airflow/models/taskinstance.py", line 432, in _execute_callable
    return execute_callable(context=context, **execute_callable_kwargs)
           ^^^^^^^^^^^^^^^^^^^^^^^^^^^^^^^^^^^^^^^^^^^^^^^^^^^^^^^^^^^^
  File "/home/airflow/.local/lib/python3.11/site-packages/airflow/models/baseoperator.py", line 400, in wrapper
    return func(self, *args, **kwargs)
           ^^^^^^^^^^^^^^^^^^^^^^^^^^^
  File "/home/airflow/.local/lib/python3.11/site-packages/airflow/operators/python.py", line 235, in execute
    return_value = self.execute_callable()
                   ^^^^^^^^^^^^^^^^^^^^^^^
  File "/home/airflow/.local/lib/python3.11/site-packages/airflow/operators/python.py", line 252, in execute_callable
    return self.python_callable(*self.op_args, **self.op_kwargs)
           ^^^^^^^^^^^^^^^^^^^^^^^^^^^^^^^^^^^^^^^^^^^^^^^^^^^^^
  File "/opt/airflow/dags/aviation_batch_dag.py", line 136, in run_batch_pipeline
    stats = pipeline.run_full_pipeline(
            ^^^^^^^^^^^^^^^^^^^^^^^^^^^
  File "/opt/airflow/src/batch/batch_pipeline.py", line 134, in run_full_pipeline
    stage_stats = self._enrich_states_data()
                  ^^^^^^^^^^^^^^^^^^^^^^^^^^
  File "/opt/airflow/src/batch/batch_pipeline.py", line 277, in _enrich_states_data
    .parquet(output_path)
     ^^^^^^^^^^^^^^^^^^^^
  File "/opt/spark/python/pyspark/sql/readwriter.py", line 1721, in parquet
    self._jwrite.parquet(path)
  File "/opt/spark/python/lib/py4j-0.10.9.7-src.zip/py4j/java_gateway.py", line 1322, in __call__
    return_value = get_return_value(
                   ^^^^^^^^^^^^^^^^^
  File "/opt/spark/python/pyspark/errors/exceptions/captured.py", line 185, in deco
    raise converted from None
pyspark.errors.exceptions.captured.AnalysisException: [COLUMN_ALREADY_EXISTS] The column `callsign` already exists. Consider to choose another name or rename the existing column.
[2025-12-24T10:07:44.004+0000] {taskinstance.py:1205} INFO - Marking task as UP_FOR_RETRY. dag_id=aviation_batch_pipeline, task_id=run_batch_pipeline, execution_date=20251224T100357, start_date=20251224T100612, end_date=20251224T100743
[2025-12-24T10:07:44.161+0000] {standard_task_runner.py:110} ERROR - Failed to execute job 35 for task run_batch_pipeline ([COLUMN_ALREADY_EXISTS] The column `callsign` already exists. Consider to choose another name or rename the existing column.; 203)
[2025-12-24T10:07:44.238+0000] {local_task_job_runner.py:240} INFO - Task exited with return code 1
[2025-12-24T10:07:44.327+0000] {taskinstance.py:3482} INFO - 0 downstream tasks scheduled from follow-on schedule check
[2025-12-24T10:07:44.330+0000] {local_task_job_runner.py:222} INFO - ::endgroup::
