[2026-01-04T15:15:23.502+0000] {local_task_job_runner.py:120} INFO - ::group::Pre task execution logs
[2026-01-04T15:15:23.584+0000] {taskinstance.py:2073} INFO - Dependencies all met for dep_context=non-requeueable deps ti=<TaskInstance: analytics_serving_layer.create_dim_aircraft_utilization manual__2026-01-04T15:12:49+00:00 [queued]>
[2026-01-04T15:15:23.597+0000] {taskinstance.py:2073} INFO - Dependencies all met for dep_context=requeueable deps ti=<TaskInstance: analytics_serving_layer.create_dim_aircraft_utilization manual__2026-01-04T15:12:49+00:00 [queued]>
[2026-01-04T15:15:23.597+0000] {taskinstance.py:2303} INFO - Starting attempt 1 of 2
[2026-01-04T15:15:23.620+0000] {taskinstance.py:2327} INFO - Executing <Task(PythonOperator): create_dim_aircraft_utilization> on 2026-01-04 15:12:49+00:00
[2026-01-04T15:15:23.633+0000] {standard_task_runner.py:63} INFO - Started process 9095 to run task
[2026-01-04T15:15:23.640+0000] {standard_task_runner.py:90} INFO - Running: ['***', 'tasks', 'run', 'analytics_serving_layer', 'create_dim_aircraft_utilization', 'manual__2026-01-04T15:12:49+00:00', '--job-id', '430', '--raw', '--subdir', 'DAGS_FOLDER/analytics_serving_layer.py', '--cfg-path', '/tmp/tmpy6rp7dv5']
[2026-01-04T15:15:23.644+0000] {standard_task_runner.py:91} INFO - Job 430: Subtask create_dim_aircraft_utilization
[2026-01-04T15:15:23.745+0000] {task_command.py:426} INFO - Running <TaskInstance: analytics_serving_layer.create_dim_aircraft_utilization manual__2026-01-04T15:12:49+00:00 [running]> on host 968fed69c878
[2026-01-04T15:15:23.925+0000] {taskinstance.py:2644} INFO - Exporting env vars: AIRFLOW_CTX_DAG_OWNER='aviation-team' AIRFLOW_CTX_DAG_ID='analytics_serving_layer' AIRFLOW_CTX_TASK_ID='create_dim_aircraft_utilization' AIRFLOW_CTX_EXECUTION_DATE='2026-01-04T15:12:49+00:00' AIRFLOW_CTX_TRY_NUMBER='1' AIRFLOW_CTX_DAG_RUN_ID='manual__2026-01-04T15:12:49+00:00'
[2026-01-04T15:15:23.927+0000] {taskinstance.py:430} INFO - ::endgroup::
[2026-01-04T15:15:23.969+0000] {logging_mixin.py:188} INFO - ============================================================
[2026-01-04T15:15:23.969+0000] {logging_mixin.py:188} INFO - CREATING DIM_AIRCRAFT_UTILIZATION
[2026-01-04T15:15:23.969+0000] {logging_mixin.py:188} INFO - ============================================================
[2026-01-04T15:16:25.506+0000] {logging_mixin.py:188} INFO - ✅ DIM_AIRCRAFT_UTILIZATION: 6,073 records
[2026-01-04T15:16:26.300+0000] {python.py:237} INFO - Done. Returned value was: {'table': 'dim_aircraft_utilization', 'records': 6073}
[2026-01-04T15:16:26.323+0000] {taskinstance.py:441} INFO - ::group::Post task execution logs
[2026-01-04T15:16:26.958+0000] {taskinstance.py:1205} INFO - Marking task as SUCCESS. dag_id=analytics_serving_layer, task_id=create_dim_aircraft_utilization, execution_date=20260104T151249, start_date=20260104T151523, end_date=20260104T151626
[2026-01-04T15:16:27.165+0000] {local_task_job_runner.py:240} INFO - Task exited with return code 0
[2026-01-04T15:16:27.469+0000] {taskinstance.py:3482} INFO - 0 downstream tasks scheduled from follow-on schedule check
[2026-01-04T15:16:27.473+0000] {local_task_job_runner.py:222} INFO - ::endgroup::
