[2025-12-24T13:26:44.491+0000] {local_task_job_runner.py:120} INFO - ::group::Pre task execution logs
[2025-12-24T13:26:44.761+0000] {taskinstance.py:2073} INFO - Dependencies all met for dep_context=non-requeueable deps ti=<TaskInstance: aviation_flight_mapping_pipeline.print_summary manual__2025-12-24T13:25:09.362863+00:00 [queued]>
[2025-12-24T13:26:44.776+0000] {taskinstance.py:2073} INFO - Dependencies all met for dep_context=requeueable deps ti=<TaskInstance: aviation_flight_mapping_pipeline.print_summary manual__2025-12-24T13:25:09.362863+00:00 [queued]>
[2025-12-24T13:26:44.776+0000] {taskinstance.py:2303} INFO - Starting attempt 1 of 2
[2025-12-24T13:26:44.791+0000] {taskinstance.py:2327} INFO - Executing <Task(PythonOperator): print_summary> on 2025-12-24 13:25:09.362863+00:00
[2025-12-24T13:26:44.802+0000] {standard_task_runner.py:63} INFO - Started process 1628 to run task
[2025-12-24T13:26:44.806+0000] {standard_task_runner.py:90} INFO - Running: ['***', 'tasks', 'run', 'aviation_flight_mapping_pipeline', 'print_summary', 'manual__2025-12-24T13:25:09.362863+00:00', '--job-id', '72', '--raw', '--subdir', 'DAGS_FOLDER/aviation_flight_mapping_pipeline.py', '--cfg-path', '/tmp/tmpfjbzfog2']
[2025-12-24T13:26:44.808+0000] {standard_task_runner.py:91} INFO - Job 72: Subtask print_summary
[2025-12-24T13:26:44.878+0000] {task_command.py:426} INFO - Running <TaskInstance: aviation_flight_mapping_pipeline.print_summary manual__2025-12-24T13:25:09.362863+00:00 [running]> on host 6c6ccfef5674
[2025-12-24T13:26:45.009+0000] {taskinstance.py:2644} INFO - Exporting env vars: AIRFLOW_CTX_DAG_OWNER='aviation_team' AIRFLOW_CTX_DAG_ID='aviation_flight_mapping_pipeline' AIRFLOW_CTX_TASK_ID='print_summary' AIRFLOW_CTX_EXECUTION_DATE='2025-12-24T13:25:09.362863+00:00' AIRFLOW_CTX_TRY_NUMBER='1' AIRFLOW_CTX_DAG_RUN_ID='manual__2025-12-24T13:25:09.362863+00:00'
[2025-12-24T13:26:45.010+0000] {taskinstance.py:430} INFO - ::endgroup::
[2025-12-24T13:26:45.043+0000] {logging_mixin.py:188} INFO - 
============================================================
[2025-12-24T13:26:45.044+0000] {logging_mixin.py:188} INFO - FLIGHT MAPPING PIPELINE COMPLETE
[2025-12-24T13:26:45.044+0000] {logging_mixin.py:188} INFO - ============================================================
[2025-12-24T13:26:45.044+0000] {logging_mixin.py:188} INFO - 
📊 MAPPING TABLE STATS:
[2025-12-24T13:26:45.044+0000] {logging_mixin.py:188} INFO -    Total flight records processed: 3,198,513
[2025-12-24T13:26:45.044+0000] {logging_mixin.py:188} INFO -    Unique callsigns mapped: 213,409
[2025-12-24T13:26:45.045+0000] {logging_mixin.py:188} INFO -    India-related routes: 4,591
[2025-12-24T13:26:45.045+0000] {logging_mixin.py:188} INFO -    Table size: 4.81 MB
[2025-12-24T13:26:45.045+0000] {logging_mixin.py:188} INFO - 
📍 NEXT STEPS:
[2025-12-24T13:26:45.045+0000] {logging_mixin.py:188} INFO -    Run 'aviation_states_pipeline' to extract states and enrich with routes
[2025-12-24T13:26:45.045+0000] {logging_mixin.py:188} INFO - ============================================================
[2025-12-24T13:26:45.045+0000] {python.py:237} INFO - Done. Returned value was: None
[2025-12-24T13:26:45.046+0000] {taskinstance.py:441} INFO - ::group::Post task execution logs
[2025-12-24T13:26:45.062+0000] {taskinstance.py:1205} INFO - Marking task as SUCCESS. dag_id=aviation_flight_mapping_pipeline, task_id=print_summary, execution_date=20251224T132509, start_date=20251224T132644, end_date=20251224T132645
[2025-12-24T13:26:45.099+0000] {local_task_job_runner.py:240} INFO - Task exited with return code 0
[2025-12-24T13:26:45.138+0000] {taskinstance.py:3482} INFO - 0 downstream tasks scheduled from follow-on schedule check
[2025-12-24T13:26:45.140+0000] {local_task_job_runner.py:222} INFO - ::endgroup::
