[2025-12-24T14:21:50.391+0000] {local_task_job_runner.py:120} INFO - ::group::Pre task execution logs
[2025-12-24T14:21:50.457+0000] {taskinstance.py:2073} INFO - Dependencies all met for dep_context=non-requeueable deps ti=<TaskInstance: aviation_states_pipeline.create_minio_buckets manual__2025-12-24T14:21:48.308919+00:00 [queued]>
[2025-12-24T14:21:50.476+0000] {taskinstance.py:2073} INFO - Dependencies all met for dep_context=requeueable deps ti=<TaskInstance: aviation_states_pipeline.create_minio_buckets manual__2025-12-24T14:21:48.308919+00:00 [queued]>
[2025-12-24T14:21:50.477+0000] {taskinstance.py:2303} INFO - Starting attempt 1 of 2
[2025-12-24T14:21:50.497+0000] {taskinstance.py:2327} INFO - Executing <Task(PythonOperator): create_minio_buckets> on 2025-12-24 14:21:48.308919+00:00
[2025-12-24T14:21:50.511+0000] {standard_task_runner.py:63} INFO - Started process 4130 to run task
[2025-12-24T14:21:50.516+0000] {standard_task_runner.py:90} INFO - Running: ['***', 'tasks', 'run', 'aviation_states_pipeline', 'create_minio_buckets', 'manual__2025-12-24T14:21:48.308919+00:00', '--job-id', '85', '--raw', '--subdir', 'DAGS_FOLDER/aviation_states_pipeline.py', '--cfg-path', '/tmp/tmpgat_o5r6']
[2025-12-24T14:21:50.518+0000] {standard_task_runner.py:91} INFO - Job 85: Subtask create_minio_buckets
[2025-12-24T14:21:50.617+0000] {task_command.py:426} INFO - Running <TaskInstance: aviation_states_pipeline.create_minio_buckets manual__2025-12-24T14:21:48.308919+00:00 [running]> on host 6c6ccfef5674
[2025-12-24T14:21:50.808+0000] {taskinstance.py:2644} INFO - Exporting env vars: AIRFLOW_CTX_DAG_OWNER='aviation-team' AIRFLOW_CTX_DAG_ID='aviation_states_pipeline' AIRFLOW_CTX_TASK_ID='create_minio_buckets' AIRFLOW_CTX_EXECUTION_DATE='2025-12-24T14:21:48.308919+00:00' AIRFLOW_CTX_TRY_NUMBER='1' AIRFLOW_CTX_DAG_RUN_ID='manual__2025-12-24T14:21:48.308919+00:00'
[2025-12-24T14:21:50.809+0000] {taskinstance.py:430} INFO - ::endgroup::
[2025-12-24T14:21:50.850+0000] {logging_mixin.py:188} INFO - ✓ Bucket exists: aviation-bronze
[2025-12-24T14:21:50.858+0000] {logging_mixin.py:188} INFO - ✓ Bucket exists: aviation-silver
[2025-12-24T14:21:50.866+0000] {logging_mixin.py:188} INFO - ✓ Bucket exists: aviation-gold
[2025-12-24T14:21:50.879+0000] {logging_mixin.py:188} INFO - ✓ Bucket exists: aviation-mapping
[2025-12-24T14:21:50.879+0000] {python.py:237} INFO - Done. Returned value was: None
[2025-12-24T14:21:50.880+0000] {taskinstance.py:441} INFO - ::group::Post task execution logs
[2025-12-24T14:21:50.911+0000] {taskinstance.py:1205} INFO - Marking task as SUCCESS. dag_id=aviation_states_pipeline, task_id=create_minio_buckets, execution_date=20251224T142148, start_date=20251224T142150, end_date=20251224T142150
[2025-12-24T14:21:50.969+0000] {local_task_job_runner.py:240} INFO - Task exited with return code 0
[2025-12-24T14:21:51.018+0000] {taskinstance.py:3482} INFO - 1 downstream tasks scheduled from follow-on schedule check
[2025-12-24T14:21:51.020+0000] {local_task_job_runner.py:222} INFO - ::endgroup::
