[2025-12-24T10:54:08.610+0000] {local_task_job_runner.py:120} INFO - ::group::Pre task execution logs
[2025-12-24T10:54:08.719+0000] {taskinstance.py:2073} INFO - Dependencies all met for dep_context=non-requeueable deps ti=<TaskInstance: aviation_batch_pipeline.notify_completion manual__2025-12-24T10:12:00+00:00 [queued]>
[2025-12-24T10:54:08.763+0000] {taskinstance.py:2073} INFO - Dependencies all met for dep_context=requeueable deps ti=<TaskInstance: aviation_batch_pipeline.notify_completion manual__2025-12-24T10:12:00+00:00 [queued]>
[2025-12-24T10:54:08.765+0000] {taskinstance.py:2303} INFO - Starting attempt 1 of 3
[2025-12-24T10:54:08.833+0000] {taskinstance.py:2327} INFO - Executing <Task(PythonOperator): notify_completion> on 2025-12-24 10:12:00+00:00
[2025-12-24T10:54:08.861+0000] {standard_task_runner.py:63} INFO - Started process 7189 to run task
[2025-12-24T10:54:08.881+0000] {standard_task_runner.py:90} INFO - Running: ['***', 'tasks', 'run', 'aviation_batch_pipeline', 'notify_completion', 'manual__2025-12-24T10:12:00+00:00', '--job-id', '44', '--raw', '--subdir', 'DAGS_FOLDER/aviation_batch_dag.py', '--cfg-path', '/tmp/tmpz9ipm76h']
[2025-12-24T10:54:08.900+0000] {standard_task_runner.py:91} INFO - Job 44: Subtask notify_completion
[2025-12-24T10:54:09.818+0000] {task_command.py:426} INFO - Running <TaskInstance: aviation_batch_pipeline.notify_completion manual__2025-12-24T10:12:00+00:00 [running]> on host 849a36138e84
[2025-12-24T10:54:10.084+0000] {taskinstance.py:2644} INFO - Exporting env vars: AIRFLOW_CTX_DAG_OWNER='aviation_team' AIRFLOW_CTX_DAG_ID='aviation_batch_pipeline' AIRFLOW_CTX_TASK_ID='notify_completion' AIRFLOW_CTX_EXECUTION_DATE='2025-12-24T10:12:00+00:00' AIRFLOW_CTX_TRY_NUMBER='1' AIRFLOW_CTX_DAG_RUN_ID='manual__2025-12-24T10:12:00+00:00'
[2025-12-24T10:54:10.085+0000] {taskinstance.py:430} INFO - ::endgroup::
[2025-12-24T10:54:10.121+0000] {logging_mixin.py:188} INFO - ============================================================
[2025-12-24T10:54:10.121+0000] {logging_mixin.py:188} INFO - BATCH PIPELINE COMPLETED
[2025-12-24T10:54:10.122+0000] {logging_mixin.py:188} INFO - ============================================================
[2025-12-24T10:54:10.122+0000] {python.py:237} INFO - Done. Returned value was: None
[2025-12-24T10:54:10.122+0000] {taskinstance.py:441} INFO - ::group::Post task execution logs
[2025-12-24T10:54:10.143+0000] {taskinstance.py:1205} INFO - Marking task as SUCCESS. dag_id=aviation_batch_pipeline, task_id=notify_completion, execution_date=20251224T101200, start_date=20251224T105408, end_date=20251224T105410
[2025-12-24T10:54:10.225+0000] {local_task_job_runner.py:240} INFO - Task exited with return code 0
[2025-12-24T10:54:10.563+0000] {taskinstance.py:3482} INFO - 0 downstream tasks scheduled from follow-on schedule check
[2025-12-24T10:54:10.565+0000] {local_task_job_runner.py:222} INFO - ::endgroup::
