[2026-01-04T13:00:07.723+0000] {local_task_job_runner.py:120} INFO - ::group::Pre task execution logs
[2026-01-04T13:00:07.768+0000] {taskinstance.py:2073} INFO - Dependencies all met for dep_context=non-requeueable deps ti=<TaskInstance: speed_layer_silver_ingestion.persist_to_silver scheduled__2026-01-04T12:00:00+00:00 [queued]>
[2026-01-04T13:00:07.779+0000] {taskinstance.py:2073} INFO - Dependencies all met for dep_context=requeueable deps ti=<TaskInstance: speed_layer_silver_ingestion.persist_to_silver scheduled__2026-01-04T12:00:00+00:00 [queued]>
[2026-01-04T13:00:07.780+0000] {taskinstance.py:2303} INFO - Starting attempt 1 of 3
[2026-01-04T13:00:07.795+0000] {taskinstance.py:2327} INFO - Executing <Task(PythonOperator): persist_to_silver> on 2026-01-04 12:00:00+00:00
[2026-01-04T13:00:07.807+0000] {standard_task_runner.py:63} INFO - Started process 1664 to run task
[2026-01-04T13:00:07.812+0000] {standard_task_runner.py:90} INFO - Running: ['***', 'tasks', 'run', 'speed_layer_silver_ingestion', 'persist_to_silver', 'scheduled__2026-01-04T12:00:00+00:00', '--job-id', '370', '--raw', '--subdir', 'DAGS_FOLDER/speed_layer_silver_ingestion.py', '--cfg-path', '/tmp/tmpygk64_7r']
[2026-01-04T13:00:07.815+0000] {standard_task_runner.py:91} INFO - Job 370: Subtask persist_to_silver
[2026-01-04T13:00:07.902+0000] {task_command.py:426} INFO - Running <TaskInstance: speed_layer_silver_ingestion.persist_to_silver scheduled__2026-01-04T12:00:00+00:00 [running]> on host 04a37d338906
[2026-01-04T13:00:08.070+0000] {taskinstance.py:2644} INFO - Exporting env vars: AIRFLOW_CTX_DAG_OWNER='aviation-team' AIRFLOW_CTX_DAG_ID='speed_layer_silver_ingestion' AIRFLOW_CTX_TASK_ID='persist_to_silver' AIRFLOW_CTX_EXECUTION_DATE='2026-01-04T12:00:00+00:00' AIRFLOW_CTX_TRY_NUMBER='1' AIRFLOW_CTX_DAG_RUN_ID='scheduled__2026-01-04T12:00:00+00:00'
[2026-01-04T13:00:08.071+0000] {taskinstance.py:430} INFO - ::endgroup::
[2026-01-04T13:00:08.085+0000] {logging_mixin.py:188} INFO - ============================================================
[2026-01-04T13:00:08.085+0000] {logging_mixin.py:188} INFO - PERSISTING TO SILVER LAYER
[2026-01-04T13:00:08.086+0000] {logging_mixin.py:188} INFO - ============================================================
[2026-01-04T13:00:08.115+0000] {logging_mixin.py:188} INFO - Processing 30 flights...
[2026-01-04T13:00:22.082+0000] {logging_mixin.py:188} INFO - Writing to: s3a://aviation-silver/speed_layer/year=2026/month=01/day=04/hour=13
[2026-01-04T13:00:32.904+0000] {logging_mixin.py:188} INFO - ✓ Persisted 30 flights to Silver layer
[2026-01-04T13:00:32.905+0000] {logging_mixin.py:188} INFO -   Path: s3a://aviation-silver/speed_layer/year=2026/month=01/day=04/hour=13
[2026-01-04T13:00:32.905+0000] {logging_mixin.py:188} INFO -   Timestamp: 2026-01-04T13:00:22.082303
[2026-01-04T13:00:33.933+0000] {python.py:237} INFO - Done. Returned value was: {'status': 'success', 'count': 30, 'path': 's3a://aviation-silver/speed_layer/year=2026/month=01/day=04/hour=13', 'timestamp': '2026-01-04T13:00:22.082303'}
[2026-01-04T13:00:33.934+0000] {taskinstance.py:441} INFO - ::group::Post task execution logs
[2026-01-04T13:00:33.983+0000] {taskinstance.py:1205} INFO - Marking task as SUCCESS. dag_id=speed_layer_silver_ingestion, task_id=persist_to_silver, execution_date=20260104T120000, start_date=20260104T130007, end_date=20260104T130033
[2026-01-04T13:00:34.053+0000] {local_task_job_runner.py:240} INFO - Task exited with return code 0
[2026-01-04T13:00:34.119+0000] {taskinstance.py:3482} INFO - 1 downstream tasks scheduled from follow-on schedule check
[2026-01-04T13:00:34.122+0000] {local_task_job_runner.py:222} INFO - ::endgroup::
