[2026-01-03T09:00:03.309+0000] {local_task_job_runner.py:120} INFO - ::group::Pre task execution logs
[2026-01-03T09:00:03.345+0000] {taskinstance.py:2073} INFO - Dependencies all met for dep_context=non-requeueable deps ti=<TaskInstance: speed_layer_silver_ingestion.fetch_accumulated_data scheduled__2026-01-03T08:00:00+00:00 [queued]>
[2026-01-03T09:00:03.363+0000] {taskinstance.py:2073} INFO - Dependencies all met for dep_context=requeueable deps ti=<TaskInstance: speed_layer_silver_ingestion.fetch_accumulated_data scheduled__2026-01-03T08:00:00+00:00 [queued]>
[2026-01-03T09:00:03.364+0000] {taskinstance.py:2303} INFO - Starting attempt 1 of 3
[2026-01-03T09:00:03.390+0000] {taskinstance.py:2327} INFO - Executing <Task(PythonOperator): fetch_accumulated_data> on 2026-01-03 08:00:00+00:00
[2026-01-03T09:00:03.403+0000] {standard_task_runner.py:63} INFO - Started process 3025 to run task
[2026-01-03T09:00:03.408+0000] {standard_task_runner.py:90} INFO - Running: ['***', 'tasks', 'run', 'speed_layer_silver_ingestion', 'fetch_accumulated_data', 'scheduled__2026-01-03T08:00:00+00:00', '--job-id', '168', '--raw', '--subdir', 'DAGS_FOLDER/speed_layer_silver_ingestion.py', '--cfg-path', '/tmp/tmplesg__7u']
[2026-01-03T09:00:03.412+0000] {standard_task_runner.py:91} INFO - Job 168: Subtask fetch_accumulated_data
[2026-01-03T09:00:03.540+0000] {task_command.py:426} INFO - Running <TaskInstance: speed_layer_silver_ingestion.fetch_accumulated_data scheduled__2026-01-03T08:00:00+00:00 [running]> on host 197385afb3c6
[2026-01-03T09:00:03.792+0000] {taskinstance.py:2644} INFO - Exporting env vars: AIRFLOW_CTX_DAG_OWNER='aviation' AIRFLOW_CTX_DAG_ID='speed_layer_silver_ingestion' AIRFLOW_CTX_TASK_ID='fetch_accumulated_data' AIRFLOW_CTX_EXECUTION_DATE='2026-01-03T08:00:00+00:00' AIRFLOW_CTX_TRY_NUMBER='1' AIRFLOW_CTX_DAG_RUN_ID='scheduled__2026-01-03T08:00:00+00:00'
[2026-01-03T09:00:03.793+0000] {taskinstance.py:430} INFO - ::endgroup::
[2026-01-03T09:00:03.826+0000] {logging_mixin.py:188} INFO - ✓ Fetched 30 flights from accumulator
[2026-01-03T09:00:03.826+0000] {logging_mixin.py:188} INFO -   Stats: {'total_messages': 1470, 'updates': 1440, 'new_flights': 30, 'unique_flights': 30}
[2026-01-03T09:00:03.894+0000] {python.py:237} INFO - Done. Returned value was: 30
[2026-01-03T09:00:03.894+0000] {taskinstance.py:441} INFO - ::group::Post task execution logs
[2026-01-03T09:00:03.956+0000] {taskinstance.py:1205} INFO - Marking task as SUCCESS. dag_id=speed_layer_silver_ingestion, task_id=fetch_accumulated_data, execution_date=20260103T080000, start_date=20260103T090003, end_date=20260103T090003
[2026-01-03T09:00:04.026+0000] {local_task_job_runner.py:240} INFO - Task exited with return code 0
[2026-01-03T09:00:04.103+0000] {taskinstance.py:3482} INFO - 1 downstream tasks scheduled from follow-on schedule check
[2026-01-03T09:00:04.108+0000] {local_task_job_runner.py:222} INFO - ::endgroup::
[2026-01-03T09:36:07.535+0000] {local_task_job_runner.py:120} INFO - ::group::Pre task execution logs
[2026-01-03T09:36:07.632+0000] {taskinstance.py:2073} INFO - Dependencies all met for dep_context=non-requeueable deps ti=<TaskInstance: speed_layer_silver_ingestion.fetch_accumulated_data scheduled__2026-01-03T08:00:00+00:00 [queued]>
[2026-01-03T09:36:07.662+0000] {taskinstance.py:2073} INFO - Dependencies all met for dep_context=requeueable deps ti=<TaskInstance: speed_layer_silver_ingestion.fetch_accumulated_data scheduled__2026-01-03T08:00:00+00:00 [queued]>
[2026-01-03T09:36:07.663+0000] {taskinstance.py:2303} INFO - Starting attempt 1 of 3
[2026-01-03T09:36:07.711+0000] {taskinstance.py:2327} INFO - Executing <Task(PythonOperator): fetch_accumulated_data> on 2026-01-03 08:00:00+00:00
[2026-01-03T09:36:07.729+0000] {standard_task_runner.py:63} INFO - Started process 202 to run task
[2026-01-03T09:36:07.735+0000] {standard_task_runner.py:90} INFO - Running: ['***', 'tasks', 'run', 'speed_layer_silver_ingestion', 'fetch_accumulated_data', 'scheduled__2026-01-03T08:00:00+00:00', '--job-id', '192', '--raw', '--subdir', 'DAGS_FOLDER/speed_layer_silver_ingestion.py', '--cfg-path', '/tmp/tmpoiaqhjcs']
[2026-01-03T09:36:07.742+0000] {standard_task_runner.py:91} INFO - Job 192: Subtask fetch_accumulated_data
[2026-01-03T09:36:07.899+0000] {task_command.py:426} INFO - Running <TaskInstance: speed_layer_silver_ingestion.fetch_accumulated_data scheduled__2026-01-03T08:00:00+00:00 [running]> on host 197385afb3c6
[2026-01-03T09:36:08.175+0000] {taskinstance.py:2644} INFO - Exporting env vars: AIRFLOW_CTX_DAG_OWNER='aviation-team' AIRFLOW_CTX_DAG_ID='speed_layer_silver_ingestion' AIRFLOW_CTX_TASK_ID='fetch_accumulated_data' AIRFLOW_CTX_EXECUTION_DATE='2026-01-03T08:00:00+00:00' AIRFLOW_CTX_TRY_NUMBER='1' AIRFLOW_CTX_DAG_RUN_ID='scheduled__2026-01-03T08:00:00+00:00'
[2026-01-03T09:36:08.177+0000] {taskinstance.py:430} INFO - ::endgroup::
[2026-01-03T09:36:08.257+0000] {logging_mixin.py:188} INFO - ✓ Fetched 30 flights from accumulator
[2026-01-03T09:36:08.259+0000] {logging_mixin.py:188} INFO -   - Total messages: 180
[2026-01-03T09:36:08.261+0000] {logging_mixin.py:188} INFO -   - Unique flights: 30
[2026-01-03T09:36:08.369+0000] {python.py:237} INFO - Done. Returned value was: 30
[2026-01-03T09:36:08.371+0000] {taskinstance.py:441} INFO - ::group::Post task execution logs
[2026-01-03T09:36:08.445+0000] {taskinstance.py:1205} INFO - Marking task as SUCCESS. dag_id=speed_layer_silver_ingestion, task_id=fetch_accumulated_data, execution_date=20260103T080000, start_date=20260103T093607, end_date=20260103T093608
[2026-01-03T09:36:08.515+0000] {local_task_job_runner.py:240} INFO - Task exited with return code 0
[2026-01-03T09:36:08.594+0000] {taskinstance.py:3482} INFO - 1 downstream tasks scheduled from follow-on schedule check
[2026-01-03T09:36:08.598+0000] {local_task_job_runner.py:222} INFO - ::endgroup::
