[2026-01-04T14:56:32.142+0000] {local_task_job_runner.py:120} INFO - ::group::Pre task execution logs
[2026-01-04T14:56:32.203+0000] {taskinstance.py:2073} INFO - Dependencies all met for dep_context=non-requeueable deps ti=<TaskInstance: analytics_serving_layer.create_dim_route_analytics manual__2026-01-04T14:54:08+00:00 [queued]>
[2026-01-04T14:56:32.222+0000] {taskinstance.py:2073} INFO - Dependencies all met for dep_context=requeueable deps ti=<TaskInstance: analytics_serving_layer.create_dim_route_analytics manual__2026-01-04T14:54:08+00:00 [queued]>
[2026-01-04T14:56:32.223+0000] {taskinstance.py:2303} INFO - Starting attempt 1 of 2
[2026-01-04T14:56:32.253+0000] {taskinstance.py:2327} INFO - Executing <Task(PythonOperator): create_dim_route_analytics> on 2026-01-04 14:54:08+00:00
[2026-01-04T14:56:32.270+0000] {standard_task_runner.py:63} INFO - Started process 6486 to run task
[2026-01-04T14:56:32.276+0000] {standard_task_runner.py:90} INFO - Running: ['***', 'tasks', 'run', 'analytics_serving_layer', 'create_dim_route_analytics', 'manual__2026-01-04T14:54:08+00:00', '--job-id', '415', '--raw', '--subdir', 'DAGS_FOLDER/analytics_serving_layer.py', '--cfg-path', '/tmp/tmpkqsjld84']
[2026-01-04T14:56:32.280+0000] {standard_task_runner.py:91} INFO - Job 415: Subtask create_dim_route_analytics
[2026-01-04T14:56:32.395+0000] {task_command.py:426} INFO - Running <TaskInstance: analytics_serving_layer.create_dim_route_analytics manual__2026-01-04T14:54:08+00:00 [running]> on host 968fed69c878
[2026-01-04T14:56:32.568+0000] {taskinstance.py:2644} INFO - Exporting env vars: AIRFLOW_CTX_DAG_OWNER='aviation-team' AIRFLOW_CTX_DAG_ID='analytics_serving_layer' AIRFLOW_CTX_TASK_ID='create_dim_route_analytics' AIRFLOW_CTX_EXECUTION_DATE='2026-01-04T14:54:08+00:00' AIRFLOW_CTX_TRY_NUMBER='1' AIRFLOW_CTX_DAG_RUN_ID='manual__2026-01-04T14:54:08+00:00'
[2026-01-04T14:56:32.569+0000] {taskinstance.py:430} INFO - ::endgroup::
[2026-01-04T14:56:32.595+0000] {logging_mixin.py:188} INFO - ============================================================
[2026-01-04T14:56:32.595+0000] {logging_mixin.py:188} INFO - CREATING DIM_ROUTE_ANALYTICS
[2026-01-04T14:56:32.595+0000] {logging_mixin.py:188} INFO - ============================================================
[2026-01-04T14:57:13.115+0000] {logging_mixin.py:188} INFO - ✅ DIM_ROUTE_ANALYTICS: 256 records
[2026-01-04T14:57:14.164+0000] {python.py:237} INFO - Done. Returned value was: {'table': 'dim_route_analytics', 'records': 256}
[2026-01-04T14:57:14.165+0000] {taskinstance.py:441} INFO - ::group::Post task execution logs
[2026-01-04T14:57:14.336+0000] {taskinstance.py:1205} INFO - Marking task as SUCCESS. dag_id=analytics_serving_layer, task_id=create_dim_route_analytics, execution_date=20260104T145408, start_date=20260104T145632, end_date=20260104T145714
[2026-01-04T14:57:14.596+0000] {local_task_job_runner.py:240} INFO - Task exited with return code 0
[2026-01-04T14:57:14.930+0000] {taskinstance.py:3482} INFO - 0 downstream tasks scheduled from follow-on schedule check
[2026-01-04T14:57:14.964+0000] {local_task_job_runner.py:222} INFO - ::endgroup::
