[2026-01-04T17:23:23.292+0000] {local_task_job_runner.py:120} INFO - ::group::Pre task execution logs
[2026-01-04T17:23:23.413+0000] {taskinstance.py:2073} INFO - Dependencies all met for dep_context=non-requeueable deps ti=<TaskInstance: analytics_serving_layer.merge_to_gold_bucket manual__2026-01-04T17:23:09+00:00 [queued]>
[2026-01-04T17:23:23.451+0000] {taskinstance.py:2073} INFO - Dependencies all met for dep_context=requeueable deps ti=<TaskInstance: analytics_serving_layer.merge_to_gold_bucket manual__2026-01-04T17:23:09+00:00 [queued]>
[2026-01-04T17:23:23.453+0000] {taskinstance.py:2303} INFO - Starting attempt 1 of 2
[2026-01-04T17:23:23.501+0000] {taskinstance.py:2327} INFO - Executing <Task(PythonOperator): merge_to_gold_bucket> on 2026-01-04 17:23:09+00:00
[2026-01-04T17:23:23.523+0000] {standard_task_runner.py:63} INFO - Started process 719 to run task
[2026-01-04T17:23:23.530+0000] {standard_task_runner.py:90} INFO - Running: ['***', 'tasks', 'run', 'analytics_serving_layer', 'merge_to_gold_bucket', 'manual__2026-01-04T17:23:09+00:00', '--job-id', '468', '--raw', '--subdir', 'DAGS_FOLDER/analytics_serving_layer.py', '--cfg-path', '/tmp/tmpwbcxur0l']
[2026-01-04T17:23:23.535+0000] {standard_task_runner.py:91} INFO - Job 468: Subtask merge_to_gold_bucket
[2026-01-04T17:23:23.809+0000] {task_command.py:426} INFO - Running <TaskInstance: analytics_serving_layer.merge_to_gold_bucket manual__2026-01-04T17:23:09+00:00 [running]> on host 0f35c4bc447d
[2026-01-04T17:23:24.214+0000] {taskinstance.py:2644} INFO - Exporting env vars: AIRFLOW_CTX_DAG_OWNER='aviation-team' AIRFLOW_CTX_DAG_ID='analytics_serving_layer' AIRFLOW_CTX_TASK_ID='merge_to_gold_bucket' AIRFLOW_CTX_EXECUTION_DATE='2026-01-04T17:23:09+00:00' AIRFLOW_CTX_TRY_NUMBER='1' AIRFLOW_CTX_DAG_RUN_ID='manual__2026-01-04T17:23:09+00:00'
[2026-01-04T17:23:24.218+0000] {taskinstance.py:430} INFO - ::endgroup::
[2026-01-04T17:23:24.263+0000] {logging_mixin.py:188} INFO - 
================================================================================
[2026-01-04T17:23:24.263+0000] {logging_mixin.py:188} INFO - 📦 MERGING TO GOLD BUCKET
[2026-01-04T17:23:24.264+0000] {logging_mixin.py:188} INFO - ================================================================================
[2026-01-04T17:23:24.265+0000] {logging_mixin.py:188} INFO -   [17:23:24] ℹ️ Mode: FULL LOAD (Batch + Speed)
[2026-01-04T17:23:40.738+0000] {logging_mixin.py:188} INFO -   [17:23:40] ℹ️ Target path: s3a://aviation-gold/analytics/master_flights
[2026-01-04T17:23:40.739+0000] {logging_mixin.py:188} INFO -   [17:23:40] ⚙️ Loading batch layer data...
[2026-01-04T17:24:15.035+0000] {logging_mixin.py:188} INFO -   [17:24:15] ✅ Batch: 2,370,307 records
[2026-01-04T17:24:15.103+0000] {logging_mixin.py:188} INFO -   [17:24:15] ⚙️ Loading speed layer data...
[2026-01-04T17:24:16.272+0000] {logging_mixin.py:188} INFO -   [17:24:16] ⚠️ Speed layer not found: [PATH_NOT_FOUND] Path does not exist: s3a://aviation-silver/speed_enriched.
[2026-01-04T17:24:16.284+0000] {logging_mixin.py:188} INFO -   [17:24:16] ℹ️ Using batch data only
[2026-01-04T17:24:16.288+0000] {logging_mixin.py:188} INFO -   [17:24:16] ⚙️ Writing to Gold bucket...
[2026-01-04T17:25:27.705+0000] {logging_mixin.py:188} INFO -   [17:25:27] ✅ Gold master created: 2,370,307 records
[2026-01-04T17:25:27.804+0000] {logging_mixin.py:188} INFO - ================================================================================
[2026-01-04T17:25:29.399+0000] {python.py:237} INFO - Done. Returned value was: {'gold_records': 2370307}
[2026-01-04T17:25:29.444+0000] {taskinstance.py:441} INFO - ::group::Post task execution logs
[2026-01-04T17:25:30.811+0000] {taskinstance.py:1205} INFO - Marking task as SUCCESS. dag_id=analytics_serving_layer, task_id=merge_to_gold_bucket, execution_date=20260104T172309, start_date=20260104T172323, end_date=20260104T172530
[2026-01-04T17:25:31.183+0000] {local_task_job_runner.py:240} INFO - Task exited with return code 0
[2026-01-04T17:25:32.018+0000] {taskinstance.py:3482} INFO - 1 downstream tasks scheduled from follow-on schedule check
[2026-01-04T17:25:32.044+0000] {local_task_job_runner.py:222} INFO - ::endgroup::
