[2026-01-04T13:15:54.691+0000] {local_task_job_runner.py:120} INFO - ::group::Pre task execution logs
[2026-01-04T13:15:54.762+0000] {taskinstance.py:2073} INFO - Dependencies all met for dep_context=non-requeueable deps ti=<TaskInstance: aviation_states_pipeline.create_minio_buckets manual__2026-01-04T13:15:49.804681+00:00 [queued]>
[2026-01-04T13:15:54.780+0000] {taskinstance.py:2073} INFO - Dependencies all met for dep_context=requeueable deps ti=<TaskInstance: aviation_states_pipeline.create_minio_buckets manual__2026-01-04T13:15:49.804681+00:00 [queued]>
[2026-01-04T13:15:54.781+0000] {taskinstance.py:2303} INFO - Starting attempt 1 of 2
[2026-01-04T13:15:54.813+0000] {taskinstance.py:2327} INFO - Executing <Task(PythonOperator): create_minio_buckets> on 2026-01-04 13:15:49.804681+00:00
[2026-01-04T13:15:54.829+0000] {standard_task_runner.py:63} INFO - Started process 834 to run task
[2026-01-04T13:15:54.835+0000] {standard_task_runner.py:90} INFO - Running: ['***', 'tasks', 'run', 'aviation_states_pipeline', 'create_minio_buckets', 'manual__2026-01-04T13:15:49.804681+00:00', '--job-id', '378', '--raw', '--subdir', 'DAGS_FOLDER/aviation_states_pipeline.py', '--cfg-path', '/tmp/tmp2rfwsk2b']
[2026-01-04T13:15:54.839+0000] {standard_task_runner.py:91} INFO - Job 378: Subtask create_minio_buckets
[2026-01-04T13:15:54.945+0000] {task_command.py:426} INFO - Running <TaskInstance: aviation_states_pipeline.create_minio_buckets manual__2026-01-04T13:15:49.804681+00:00 [running]> on host 968fed69c878
[2026-01-04T13:15:55.150+0000] {taskinstance.py:2644} INFO - Exporting env vars: AIRFLOW_CTX_DAG_OWNER='aviation-team' AIRFLOW_CTX_DAG_ID='aviation_states_pipeline' AIRFLOW_CTX_TASK_ID='create_minio_buckets' AIRFLOW_CTX_EXECUTION_DATE='2026-01-04T13:15:49.804681+00:00' AIRFLOW_CTX_TRY_NUMBER='1' AIRFLOW_CTX_DAG_RUN_ID='manual__2026-01-04T13:15:49.804681+00:00'
[2026-01-04T13:15:55.151+0000] {taskinstance.py:430} INFO - ::endgroup::
[2026-01-04T13:15:55.211+0000] {logging_mixin.py:188} INFO - ✓ Bucket exists: aviation-bronze
[2026-01-04T13:15:55.216+0000] {logging_mixin.py:188} INFO - ✓ Bucket exists: aviation-silver
[2026-01-04T13:15:55.224+0000] {logging_mixin.py:188} INFO - ✓ Bucket exists: aviation-gold
[2026-01-04T13:15:55.230+0000] {logging_mixin.py:188} INFO - ✓ Bucket exists: aviation-mapping
[2026-01-04T13:15:55.231+0000] {python.py:237} INFO - Done. Returned value was: None
[2026-01-04T13:15:55.231+0000] {taskinstance.py:441} INFO - ::group::Post task execution logs
[2026-01-04T13:15:55.258+0000] {taskinstance.py:1205} INFO - Marking task as SUCCESS. dag_id=aviation_states_pipeline, task_id=create_minio_buckets, execution_date=20260104T131549, start_date=20260104T131554, end_date=20260104T131555
[2026-01-04T13:15:55.328+0000] {local_task_job_runner.py:240} INFO - Task exited with return code 0
[2026-01-04T13:15:55.376+0000] {taskinstance.py:3482} INFO - 1 downstream tasks scheduled from follow-on schedule check
[2026-01-04T13:15:55.377+0000] {local_task_job_runner.py:222} INFO - ::endgroup::
