[2026-01-04T11:00:10.680+0000] {local_task_job_runner.py:120} INFO - ::group::Pre task execution logs
[2026-01-04T11:00:10.756+0000] {taskinstance.py:2073} INFO - Dependencies all met for dep_context=non-requeueable deps ti=<TaskInstance: speed_layer_silver_ingestion.print_summary scheduled__2026-01-04T10:00:00+00:00 [queued]>
[2026-01-04T11:00:10.771+0000] {taskinstance.py:2073} INFO - Dependencies all met for dep_context=requeueable deps ti=<TaskInstance: speed_layer_silver_ingestion.print_summary scheduled__2026-01-04T10:00:00+00:00 [queued]>
[2026-01-04T11:00:10.771+0000] {taskinstance.py:2303} INFO - Starting attempt 1 of 3
[2026-01-04T11:00:10.788+0000] {taskinstance.py:2327} INFO - Executing <Task(PythonOperator): print_summary> on 2026-01-04 10:00:00+00:00
[2026-01-04T11:00:10.799+0000] {standard_task_runner.py:63} INFO - Started process 289 to run task
[2026-01-04T11:00:10.802+0000] {standard_task_runner.py:90} INFO - Running: ['***', 'tasks', 'run', 'speed_layer_silver_ingestion', 'print_summary', 'scheduled__2026-01-04T10:00:00+00:00', '--job-id', '352', '--raw', '--subdir', 'DAGS_FOLDER/speed_layer_silver_ingestion.py', '--cfg-path', '/tmp/tmpeok4_66w']
[2026-01-04T11:00:10.804+0000] {standard_task_runner.py:91} INFO - Job 352: Subtask print_summary
[2026-01-04T11:00:10.883+0000] {task_command.py:426} INFO - Running <TaskInstance: speed_layer_silver_ingestion.print_summary scheduled__2026-01-04T10:00:00+00:00 [running]> on host 29663289b440
[2026-01-04T11:00:11.041+0000] {taskinstance.py:2644} INFO - Exporting env vars: AIRFLOW_CTX_DAG_OWNER='aviation-team' AIRFLOW_CTX_DAG_ID='speed_layer_silver_ingestion' AIRFLOW_CTX_TASK_ID='print_summary' AIRFLOW_CTX_EXECUTION_DATE='2026-01-04T10:00:00+00:00' AIRFLOW_CTX_TRY_NUMBER='1' AIRFLOW_CTX_DAG_RUN_ID='scheduled__2026-01-04T10:00:00+00:00'
[2026-01-04T11:00:11.043+0000] {taskinstance.py:430} INFO - ::endgroup::
[2026-01-04T11:00:11.070+0000] {logging_mixin.py:188} INFO - ============================================================
[2026-01-04T11:00:11.070+0000] {logging_mixin.py:188} INFO - PIPELINE SUMMARY
[2026-01-04T11:00:11.070+0000] {logging_mixin.py:188} INFO - ============================================================
[2026-01-04T11:00:11.100+0000] {logging_mixin.py:188} INFO - ✓ Pipeline completed successfully
[2026-01-04T11:00:11.100+0000] {logging_mixin.py:188} INFO -   Flights processed: 0
[2026-01-04T11:00:11.103+0000] {logging_mixin.py:188} WARNING - /home/***/.local/lib/python3.11/site-packages/***/utils/context.py:320 AirflowContextDeprecationWarning: Accessing 'execution_date' from the template is deprecated and will be removed in a future version. Please use 'data_interval_start' or 'logical_date' instead.
[2026-01-04T11:00:11.104+0000] {logging_mixin.py:188} INFO -   Execution time: 2026-01-04 10:00:00+00:00
[2026-01-04T11:00:11.104+0000] {logging_mixin.py:188} INFO -   Kafka topics: Cleared and recreated
[2026-01-04T11:00:11.104+0000] {logging_mixin.py:188} INFO -   Accumulator: Cleared
[2026-01-04T11:00:11.104+0000] {logging_mixin.py:188} INFO -   Status: Ready for next hour
[2026-01-04T11:00:11.105+0000] {logging_mixin.py:188} INFO - ============================================================
[2026-01-04T11:00:11.105+0000] {python.py:237} INFO - Done. Returned value was: {'status': 'success', 'flights_processed': 0, 'execution_date': '2026-01-04 10:00:00+00:00'}
[2026-01-04T11:00:11.105+0000] {taskinstance.py:441} INFO - ::group::Post task execution logs
[2026-01-04T11:00:11.144+0000] {taskinstance.py:1205} INFO - Marking task as SUCCESS. dag_id=speed_layer_silver_ingestion, task_id=print_summary, execution_date=20260104T100000, start_date=20260104T110010, end_date=20260104T110011
[2026-01-04T11:00:11.175+0000] {local_task_job_runner.py:240} INFO - Task exited with return code 0
[2026-01-04T11:00:11.231+0000] {taskinstance.py:3482} INFO - 0 downstream tasks scheduled from follow-on schedule check
[2026-01-04T11:00:11.234+0000] {local_task_job_runner.py:222} INFO - ::endgroup::
