[2026-01-04T16:56:26.547+0000] {local_task_job_runner.py:120} INFO - ::group::Pre task execution logs
[2026-01-04T16:56:26.602+0000] {taskinstance.py:2073} INFO - Dependencies all met for dep_context=non-requeueable deps ti=<TaskInstance: analytics_serving_layer.create_raw_telemetry manual__2026-01-04T16:42:34+00:00 [queued]>
[2026-01-04T16:56:26.616+0000] {taskinstance.py:2073} INFO - Dependencies all met for dep_context=requeueable deps ti=<TaskInstance: analytics_serving_layer.create_raw_telemetry manual__2026-01-04T16:42:34+00:00 [queued]>
[2026-01-04T16:56:26.617+0000] {taskinstance.py:2303} INFO - Starting attempt 3 of 3
[2026-01-04T16:56:26.634+0000] {taskinstance.py:2327} INFO - Executing <Task(PythonOperator): create_raw_telemetry> on 2026-01-04 16:42:34+00:00
[2026-01-04T16:56:26.646+0000] {standard_task_runner.py:63} INFO - Started process 207 to run task
[2026-01-04T16:56:26.652+0000] {standard_task_runner.py:90} INFO - Running: ['***', 'tasks', 'run', 'analytics_serving_layer', 'create_raw_telemetry', 'manual__2026-01-04T16:42:34+00:00', '--job-id', '445', '--raw', '--subdir', 'DAGS_FOLDER/analytics_serving_layer.py', '--cfg-path', '/tmp/tmpw38i5f6o']
[2026-01-04T16:56:26.656+0000] {standard_task_runner.py:91} INFO - Job 445: Subtask create_raw_telemetry
[2026-01-04T16:56:26.772+0000] {task_command.py:426} INFO - Running <TaskInstance: analytics_serving_layer.create_raw_telemetry manual__2026-01-04T16:42:34+00:00 [running]> on host 0f35c4bc447d
[2026-01-04T16:56:26.993+0000] {taskinstance.py:2644} INFO - Exporting env vars: AIRFLOW_CTX_DAG_OWNER='aviation-team' AIRFLOW_CTX_DAG_ID='analytics_serving_layer' AIRFLOW_CTX_TASK_ID='create_raw_telemetry' AIRFLOW_CTX_EXECUTION_DATE='2026-01-04T16:42:34+00:00' AIRFLOW_CTX_TRY_NUMBER='3' AIRFLOW_CTX_DAG_RUN_ID='manual__2026-01-04T16:42:34+00:00'
[2026-01-04T16:56:26.994+0000] {taskinstance.py:430} INFO - ::endgroup::
[2026-01-04T16:56:27.104+0000] {logging_mixin.py:188} INFO - ============================================================
[2026-01-04T16:56:27.105+0000] {logging_mixin.py:188} INFO - CREATING RAW_TELEMETRY TABLE
[2026-01-04T16:56:27.106+0000] {logging_mixin.py:188} INFO - ============================================================
[2026-01-04T16:57:01.645+0000] {logging_mixin.py:188} INFO -   Sampling 1,000,000 / 2,370,307 records for PostgreSQL
[2026-01-04T16:57:23.337+0000] {logging_mixin.py:188} INFO - ✅ RAW_TELEMETRY: 1,001,406 records
[2026-01-04T16:57:23.339+0000] {logging_mixin.py:188} INFO -    Full data available in: s3a://aviation-gold/analytics/master_flights
[2026-01-04T16:57:23.905+0000] {python.py:237} INFO - Done. Returned value was: {'table': 'raw_telemetry', 'records': 1001406}
[2026-01-04T16:57:23.906+0000] {taskinstance.py:441} INFO - ::group::Post task execution logs
[2026-01-04T16:57:23.989+0000] {taskinstance.py:1205} INFO - Marking task as SUCCESS. dag_id=analytics_serving_layer, task_id=create_raw_telemetry, execution_date=20260104T164234, start_date=20260104T165626, end_date=20260104T165723
[2026-01-04T16:57:24.075+0000] {local_task_job_runner.py:240} INFO - Task exited with return code 0
[2026-01-04T16:57:24.162+0000] {taskinstance.py:3482} INFO - 0 downstream tasks scheduled from follow-on schedule check
[2026-01-04T16:57:24.164+0000] {local_task_job_runner.py:222} INFO - ::endgroup::
