[2025-12-24T14:43:26.014+0000] {local_task_job_runner.py:120} INFO - ::group::Pre task execution logs
[2025-12-24T14:43:26.067+0000] {taskinstance.py:2073} INFO - Dependencies all met for dep_context=non-requeueable deps ti=<TaskInstance: aviation_states_pipeline.print_summary manual__2025-12-24T14:21:48.308919+00:00 [queued]>
[2025-12-24T14:43:26.086+0000] {taskinstance.py:2073} INFO - Dependencies all met for dep_context=requeueable deps ti=<TaskInstance: aviation_states_pipeline.print_summary manual__2025-12-24T14:21:48.308919+00:00 [queued]>
[2025-12-24T14:43:26.086+0000] {taskinstance.py:2303} INFO - Starting attempt 1 of 2
[2025-12-24T14:43:26.105+0000] {taskinstance.py:2327} INFO - Executing <Task(PythonOperator): print_summary> on 2025-12-24 14:21:48.308919+00:00
[2025-12-24T14:43:26.117+0000] {standard_task_runner.py:63} INFO - Started process 8171 to run task
[2025-12-24T14:43:26.122+0000] {standard_task_runner.py:90} INFO - Running: ['***', 'tasks', 'run', 'aviation_states_pipeline', 'print_summary', 'manual__2025-12-24T14:21:48.308919+00:00', '--job-id', '92', '--raw', '--subdir', 'DAGS_FOLDER/aviation_states_pipeline.py', '--cfg-path', '/tmp/tmpoubis6s1']
[2025-12-24T14:43:26.124+0000] {standard_task_runner.py:91} INFO - Job 92: Subtask print_summary
[2025-12-24T14:43:26.218+0000] {task_command.py:426} INFO - Running <TaskInstance: aviation_states_pipeline.print_summary manual__2025-12-24T14:21:48.308919+00:00 [running]> on host 6c6ccfef5674
[2025-12-24T14:43:26.381+0000] {taskinstance.py:2644} INFO - Exporting env vars: AIRFLOW_CTX_DAG_OWNER='aviation-team' AIRFLOW_CTX_DAG_ID='aviation_states_pipeline' AIRFLOW_CTX_TASK_ID='print_summary' AIRFLOW_CTX_EXECUTION_DATE='2025-12-24T14:21:48.308919+00:00' AIRFLOW_CTX_TRY_NUMBER='1' AIRFLOW_CTX_DAG_RUN_ID='manual__2025-12-24T14:21:48.308919+00:00'
[2025-12-24T14:43:26.383+0000] {taskinstance.py:430} INFO - ::endgroup::
[2025-12-24T14:43:26.405+0000] {logging_mixin.py:188} INFO - 
============================================================
[2025-12-24T14:43:26.406+0000] {logging_mixin.py:188} INFO - ✅ AVIATION STATES PIPELINE COMPLETE
[2025-12-24T14:43:26.406+0000] {logging_mixin.py:188} INFO - ============================================================
[2025-12-24T14:43:26.406+0000] {logging_mixin.py:188} INFO - 📦 BRONZE: s3a://aviation-bronze/states
[2025-12-24T14:43:26.406+0000] {logging_mixin.py:188} INFO - 🥈 SILVER: s3a://aviation-silver/enriched_states
[2025-12-24T14:43:26.406+0000] {python.py:237} INFO - Done. Returned value was: None
[2025-12-24T14:43:26.407+0000] {taskinstance.py:441} INFO - ::group::Post task execution logs
[2025-12-24T14:43:26.428+0000] {taskinstance.py:1205} INFO - Marking task as SUCCESS. dag_id=aviation_states_pipeline, task_id=print_summary, execution_date=20251224T142148, start_date=20251224T144326, end_date=20251224T144326
[2025-12-24T14:43:26.494+0000] {local_task_job_runner.py:240} INFO - Task exited with return code 0
[2025-12-24T14:43:26.524+0000] {taskinstance.py:3482} INFO - 0 downstream tasks scheduled from follow-on schedule check
[2025-12-24T14:43:26.525+0000] {local_task_job_runner.py:222} INFO - ::endgroup::
