[2026-01-04T15:14:38.740+0000] {local_task_job_runner.py:120} INFO - ::group::Pre task execution logs
[2026-01-04T15:14:38.788+0000] {taskinstance.py:2073} INFO - Dependencies all met for dep_context=non-requeueable deps ti=<TaskInstance: analytics_serving_layer.create_fact_flight_history manual__2026-01-04T15:12:49+00:00 [queued]>
[2026-01-04T15:14:38.808+0000] {taskinstance.py:2073} INFO - Dependencies all met for dep_context=requeueable deps ti=<TaskInstance: analytics_serving_layer.create_fact_flight_history manual__2026-01-04T15:12:49+00:00 [queued]>
[2026-01-04T15:14:38.809+0000] {taskinstance.py:2303} INFO - Starting attempt 1 of 2
[2026-01-04T15:14:38.836+0000] {taskinstance.py:2327} INFO - Executing <Task(PythonOperator): create_fact_flight_history> on 2026-01-04 15:12:49+00:00
[2026-01-04T15:14:38.846+0000] {standard_task_runner.py:63} INFO - Started process 8837 to run task
[2026-01-04T15:14:38.850+0000] {standard_task_runner.py:90} INFO - Running: ['***', 'tasks', 'run', 'analytics_serving_layer', 'create_fact_flight_history', 'manual__2026-01-04T15:12:49+00:00', '--job-id', '427', '--raw', '--subdir', 'DAGS_FOLDER/analytics_serving_layer.py', '--cfg-path', '/tmp/tmp17nwe75i']
[2026-01-04T15:14:38.853+0000] {standard_task_runner.py:91} INFO - Job 427: Subtask create_fact_flight_history
[2026-01-04T15:14:38.934+0000] {task_command.py:426} INFO - Running <TaskInstance: analytics_serving_layer.create_fact_flight_history manual__2026-01-04T15:12:49+00:00 [running]> on host 968fed69c878
[2026-01-04T15:14:39.083+0000] {taskinstance.py:2644} INFO - Exporting env vars: AIRFLOW_CTX_DAG_OWNER='aviation-team' AIRFLOW_CTX_DAG_ID='analytics_serving_layer' AIRFLOW_CTX_TASK_ID='create_fact_flight_history' AIRFLOW_CTX_EXECUTION_DATE='2026-01-04T15:12:49+00:00' AIRFLOW_CTX_TRY_NUMBER='1' AIRFLOW_CTX_DAG_RUN_ID='manual__2026-01-04T15:12:49+00:00'
[2026-01-04T15:14:39.084+0000] {taskinstance.py:430} INFO - ::endgroup::
[2026-01-04T15:14:39.099+0000] {logging_mixin.py:188} INFO - ============================================================
[2026-01-04T15:14:39.099+0000] {logging_mixin.py:188} INFO - CREATING FACT_FLIGHT_HISTORY
[2026-01-04T15:14:39.099+0000] {logging_mixin.py:188} INFO - ============================================================
[2026-01-04T15:15:19.170+0000] {logging_mixin.py:188} INFO - ✅ FACT_FLIGHT_HISTORY: 11,323 records
[2026-01-04T15:15:19.647+0000] {python.py:237} INFO - Done. Returned value was: {'table': 'fact_flight_history', 'records': 11323}
[2026-01-04T15:15:19.648+0000] {taskinstance.py:441} INFO - ::group::Post task execution logs
[2026-01-04T15:15:19.710+0000] {taskinstance.py:1205} INFO - Marking task as SUCCESS. dag_id=analytics_serving_layer, task_id=create_fact_flight_history, execution_date=20260104T151249, start_date=20260104T151438, end_date=20260104T151519
[2026-01-04T15:15:19.794+0000] {local_task_job_runner.py:240} INFO - Task exited with return code 0
[2026-01-04T15:15:19.850+0000] {taskinstance.py:3482} INFO - 3 downstream tasks scheduled from follow-on schedule check
[2026-01-04T15:15:19.852+0000] {local_task_job_runner.py:222} INFO - ::endgroup::
