[2026-01-04T10:00:01.638+0000] {local_task_job_runner.py:120} INFO - ::group::Pre task execution logs
[2026-01-04T10:00:01.700+0000] {taskinstance.py:2073} INFO - Dependencies all met for dep_context=non-requeueable deps ti=<TaskInstance: speed_layer_silver_ingestion.check_flight_tracker_health scheduled__2026-01-04T09:00:00+00:00 [queued]>
[2026-01-04T10:00:01.708+0000] {taskinstance.py:2073} INFO - Dependencies all met for dep_context=requeueable deps ti=<TaskInstance: speed_layer_silver_ingestion.check_flight_tracker_health scheduled__2026-01-04T09:00:00+00:00 [queued]>
[2026-01-04T10:00:01.708+0000] {taskinstance.py:2303} INFO - Starting attempt 1 of 3
[2026-01-04T10:00:01.720+0000] {taskinstance.py:2327} INFO - Executing <Task(PythonOperator): check_flight_tracker_health> on 2026-01-04 09:00:00+00:00
[2026-01-04T10:00:01.734+0000] {standard_task_runner.py:63} INFO - Started process 75893 to run task
[2026-01-04T10:00:01.738+0000] {standard_task_runner.py:90} INFO - Running: ['***', 'tasks', 'run', 'speed_layer_silver_ingestion', 'check_flight_tracker_health', 'scheduled__2026-01-04T09:00:00+00:00', '--job-id', '340', '--raw', '--subdir', 'DAGS_FOLDER/speed_layer_silver_ingestion.py', '--cfg-path', '/tmp/tmpjj0jpwje']
[2026-01-04T10:00:01.740+0000] {standard_task_runner.py:91} INFO - Job 340: Subtask check_flight_tracker_health
[2026-01-04T10:00:01.823+0000] {task_command.py:426} INFO - Running <TaskInstance: speed_layer_silver_ingestion.check_flight_tracker_health scheduled__2026-01-04T09:00:00+00:00 [running]> on host 897f49cfcd10
[2026-01-04T10:00:01.995+0000] {taskinstance.py:2644} INFO - Exporting env vars: AIRFLOW_CTX_DAG_OWNER='aviation-team' AIRFLOW_CTX_DAG_ID='speed_layer_silver_ingestion' AIRFLOW_CTX_TASK_ID='check_flight_tracker_health' AIRFLOW_CTX_EXECUTION_DATE='2026-01-04T09:00:00+00:00' AIRFLOW_CTX_TRY_NUMBER='1' AIRFLOW_CTX_DAG_RUN_ID='scheduled__2026-01-04T09:00:00+00:00'
[2026-01-04T10:00:01.996+0000] {taskinstance.py:430} INFO - ::endgroup::
[2026-01-04T10:00:02.025+0000] {logging_mixin.py:188} INFO - ✓ Flight tracker healthy
[2026-01-04T10:00:02.025+0000] {logging_mixin.py:188} INFO -   - Accumulated flights: 0
[2026-01-04T10:00:02.026+0000] {logging_mixin.py:188} INFO -   - WebSocket connections: 1
[2026-01-04T10:00:02.026+0000] {python.py:237} INFO - Done. Returned value was: True
[2026-01-04T10:00:02.026+0000] {taskinstance.py:441} INFO - ::group::Post task execution logs
[2026-01-04T10:00:02.083+0000] {taskinstance.py:1205} INFO - Marking task as SUCCESS. dag_id=speed_layer_silver_ingestion, task_id=check_flight_tracker_health, execution_date=20260104T090000, start_date=20260104T100001, end_date=20260104T100002
[2026-01-04T10:00:02.150+0000] {local_task_job_runner.py:240} INFO - Task exited with return code 0
[2026-01-04T10:00:02.229+0000] {taskinstance.py:3482} INFO - 1 downstream tasks scheduled from follow-on schedule check
[2026-01-04T10:00:02.231+0000] {local_task_job_runner.py:222} INFO - ::endgroup::
