[2026-01-03T09:49:49.068+0000] {local_task_job_runner.py:120} INFO - ::group::Pre task execution logs
[2026-01-03T09:49:49.125+0000] {taskinstance.py:2073} INFO - Dependencies all met for dep_context=non-requeueable deps ti=<TaskInstance: speed_layer_silver_ingestion.fetch_accumulated_data manual__2026-01-03T09:49:44.857439+00:00 [queued]>
[2026-01-03T09:49:49.138+0000] {taskinstance.py:2073} INFO - Dependencies all met for dep_context=requeueable deps ti=<TaskInstance: speed_layer_silver_ingestion.fetch_accumulated_data manual__2026-01-03T09:49:44.857439+00:00 [queued]>
[2026-01-03T09:49:49.138+0000] {taskinstance.py:2303} INFO - Starting attempt 1 of 3
[2026-01-03T09:49:49.159+0000] {taskinstance.py:2327} INFO - Executing <Task(PythonOperator): fetch_accumulated_data> on 2026-01-03 09:49:44.857439+00:00
[2026-01-03T09:49:49.174+0000] {standard_task_runner.py:63} INFO - Started process 1100 to run task
[2026-01-03T09:49:49.179+0000] {standard_task_runner.py:90} INFO - Running: ['***', 'tasks', 'run', 'speed_layer_silver_ingestion', 'fetch_accumulated_data', 'manual__2026-01-03T09:49:44.857439+00:00', '--job-id', '202', '--raw', '--subdir', 'DAGS_FOLDER/speed_layer_silver_ingestion.py', '--cfg-path', '/tmp/tmpw1acmdvg']
[2026-01-03T09:49:49.182+0000] {standard_task_runner.py:91} INFO - Job 202: Subtask fetch_accumulated_data
[2026-01-03T09:49:49.301+0000] {task_command.py:426} INFO - Running <TaskInstance: speed_layer_silver_ingestion.fetch_accumulated_data manual__2026-01-03T09:49:44.857439+00:00 [running]> on host 197385afb3c6
[2026-01-03T09:49:49.578+0000] {taskinstance.py:2644} INFO - Exporting env vars: AIRFLOW_CTX_DAG_OWNER='aviation-team' AIRFLOW_CTX_DAG_ID='speed_layer_silver_ingestion' AIRFLOW_CTX_TASK_ID='fetch_accumulated_data' AIRFLOW_CTX_EXECUTION_DATE='2026-01-03T09:49:44.857439+00:00' AIRFLOW_CTX_TRY_NUMBER='1' AIRFLOW_CTX_DAG_RUN_ID='manual__2026-01-03T09:49:44.857439+00:00'
[2026-01-03T09:49:49.580+0000] {taskinstance.py:430} INFO - ::endgroup::
[2026-01-03T09:49:49.634+0000] {logging_mixin.py:188} INFO - ✓ Fetched 30 flights from accumulator
[2026-01-03T09:49:49.635+0000] {logging_mixin.py:188} INFO -   - Total messages: 1500
[2026-01-03T09:49:49.635+0000] {logging_mixin.py:188} INFO -   - Unique flights: 30
[2026-01-03T09:49:49.720+0000] {python.py:237} INFO - Done. Returned value was: 30
[2026-01-03T09:49:49.721+0000] {taskinstance.py:441} INFO - ::group::Post task execution logs
[2026-01-03T09:49:49.774+0000] {taskinstance.py:1205} INFO - Marking task as SUCCESS. dag_id=speed_layer_silver_ingestion, task_id=fetch_accumulated_data, execution_date=20260103T094944, start_date=20260103T094949, end_date=20260103T094949
[2026-01-03T09:49:49.837+0000] {local_task_job_runner.py:240} INFO - Task exited with return code 0
[2026-01-03T09:49:49.895+0000] {taskinstance.py:3482} INFO - 1 downstream tasks scheduled from follow-on schedule check
[2026-01-03T09:49:49.898+0000] {local_task_job_runner.py:222} INFO - ::endgroup::
