[2025-12-24T18:06:37.349+0000] {processor.py:161} INFO - Started process (PID=178) to work on /opt/airflow/dags/serving_layer_postgres_load.py
[2025-12-24T18:06:37.350+0000] {processor.py:830} INFO - Processing file /opt/airflow/dags/serving_layer_postgres_load.py for tasks to queue
[2025-12-24T18:06:37.355+0000] {logging_mixin.py:188} INFO - [2025-12-24T18:06:37.353+0000] {dagbag.py:540} INFO - Filling up the DagBag from /opt/airflow/dags/serving_layer_postgres_load.py
[2025-12-24T18:06:38.610+0000] {processor.py:840} INFO - DAG(s) 'serving_layer_postgres_load' retrieved from /opt/airflow/dags/serving_layer_postgres_load.py
[2025-12-24T18:06:38.868+0000] {logging_mixin.py:188} INFO - [2025-12-24T18:06:38.866+0000] {override.py:1829} INFO - Created Permission View: can read on DAG:serving_layer_postgres_load
[2025-12-24T18:06:38.899+0000] {logging_mixin.py:188} INFO - [2025-12-24T18:06:38.898+0000] {override.py:1829} INFO - Created Permission View: can edit on DAG:serving_layer_postgres_load
[2025-12-24T18:06:38.914+0000] {logging_mixin.py:188} INFO - [2025-12-24T18:06:38.913+0000] {override.py:1829} INFO - Created Permission View: can delete on DAG:serving_layer_postgres_load
[2025-12-24T18:06:38.915+0000] {logging_mixin.py:188} INFO - [2025-12-24T18:06:38.915+0000] {dag.py:3096} INFO - Sync 1 DAGs
[2025-12-24T18:06:38.943+0000] {logging_mixin.py:188} INFO - [2025-12-24T18:06:38.942+0000] {dag.py:3118} INFO - Creating ORM DAG for serving_layer_postgres_load
[2025-12-24T18:06:38.973+0000] {logging_mixin.py:188} INFO - [2025-12-24T18:06:38.973+0000] {dag.py:3954} INFO - Setting next_dagrun for serving_layer_postgres_load to 2025-12-24 12:00:00+00:00, run_after=2025-12-24 18:00:00+00:00
[2025-12-24T18:06:39.031+0000] {processor.py:183} INFO - Processing /opt/airflow/dags/serving_layer_postgres_load.py took 1.694 seconds
[2025-12-24T18:07:09.388+0000] {processor.py:161} INFO - Started process (PID=271) to work on /opt/airflow/dags/serving_layer_postgres_load.py
[2025-12-24T18:07:09.390+0000] {processor.py:830} INFO - Processing file /opt/airflow/dags/serving_layer_postgres_load.py for tasks to queue
[2025-12-24T18:07:09.393+0000] {logging_mixin.py:188} INFO - [2025-12-24T18:07:09.392+0000] {dagbag.py:540} INFO - Filling up the DagBag from /opt/airflow/dags/serving_layer_postgres_load.py
[2025-12-24T18:07:09.605+0000] {processor.py:840} INFO - DAG(s) 'serving_layer_postgres_load' retrieved from /opt/airflow/dags/serving_layer_postgres_load.py
[2025-12-24T18:07:09.653+0000] {logging_mixin.py:188} INFO - [2025-12-24T18:07:09.652+0000] {dag.py:3096} INFO - Sync 1 DAGs
[2025-12-24T18:07:09.698+0000] {logging_mixin.py:188} INFO - [2025-12-24T18:07:09.697+0000] {dag.py:3954} INFO - Setting next_dagrun for serving_layer_postgres_load to 2025-12-24 12:00:00+00:00, run_after=2025-12-24 18:00:00+00:00
[2025-12-24T18:07:09.734+0000] {processor.py:183} INFO - Processing /opt/airflow/dags/serving_layer_postgres_load.py took 0.354 seconds
[2025-12-24T18:07:39.920+0000] {processor.py:161} INFO - Started process (PID=371) to work on /opt/airflow/dags/serving_layer_postgres_load.py
[2025-12-24T18:07:39.924+0000] {processor.py:830} INFO - Processing file /opt/airflow/dags/serving_layer_postgres_load.py for tasks to queue
[2025-12-24T18:07:39.956+0000] {logging_mixin.py:188} INFO - [2025-12-24T18:07:39.952+0000] {dagbag.py:540} INFO - Filling up the DagBag from /opt/airflow/dags/serving_layer_postgres_load.py
[2025-12-24T18:07:40.538+0000] {processor.py:840} INFO - DAG(s) 'serving_layer_postgres_load' retrieved from /opt/airflow/dags/serving_layer_postgres_load.py
[2025-12-24T18:07:40.597+0000] {logging_mixin.py:188} INFO - [2025-12-24T18:07:40.596+0000] {dag.py:3096} INFO - Sync 1 DAGs
[2025-12-24T18:07:40.651+0000] {logging_mixin.py:188} INFO - [2025-12-24T18:07:40.651+0000] {dag.py:3954} INFO - Setting next_dagrun for serving_layer_postgres_load to 2025-12-24 12:00:00+00:00, run_after=2025-12-24 18:00:00+00:00
[2025-12-24T18:07:40.683+0000] {processor.py:183} INFO - Processing /opt/airflow/dags/serving_layer_postgres_load.py took 0.854 seconds
[2025-12-24T18:08:10.940+0000] {processor.py:161} INFO - Started process (PID=404) to work on /opt/airflow/dags/serving_layer_postgres_load.py
[2025-12-24T18:08:10.941+0000] {processor.py:830} INFO - Processing file /opt/airflow/dags/serving_layer_postgres_load.py for tasks to queue
[2025-12-24T18:08:10.945+0000] {logging_mixin.py:188} INFO - [2025-12-24T18:08:10.944+0000] {dagbag.py:540} INFO - Filling up the DagBag from /opt/airflow/dags/serving_layer_postgres_load.py
[2025-12-24T18:08:11.104+0000] {processor.py:840} INFO - DAG(s) 'serving_layer_postgres_load' retrieved from /opt/airflow/dags/serving_layer_postgres_load.py
[2025-12-24T18:08:11.144+0000] {logging_mixin.py:188} INFO - [2025-12-24T18:08:11.144+0000] {dag.py:3096} INFO - Sync 1 DAGs
[2025-12-24T18:08:11.188+0000] {logging_mixin.py:188} INFO - [2025-12-24T18:08:11.188+0000] {dag.py:3954} INFO - Setting next_dagrun for serving_layer_postgres_load to 2025-12-24 12:00:00+00:00, run_after=2025-12-24 18:00:00+00:00
[2025-12-24T18:08:11.217+0000] {processor.py:183} INFO - Processing /opt/airflow/dags/serving_layer_postgres_load.py took 0.288 seconds
[2025-12-24T18:08:42.001+0000] {processor.py:161} INFO - Started process (PID=432) to work on /opt/airflow/dags/serving_layer_postgres_load.py
[2025-12-24T18:08:42.003+0000] {processor.py:830} INFO - Processing file /opt/airflow/dags/serving_layer_postgres_load.py for tasks to queue
[2025-12-24T18:08:42.026+0000] {logging_mixin.py:188} INFO - [2025-12-24T18:08:42.021+0000] {dagbag.py:540} INFO - Filling up the DagBag from /opt/airflow/dags/serving_layer_postgres_load.py
[2025-12-24T18:08:42.782+0000] {processor.py:840} INFO - DAG(s) 'serving_layer_postgres_load' retrieved from /opt/airflow/dags/serving_layer_postgres_load.py
[2025-12-24T18:08:42.830+0000] {logging_mixin.py:188} INFO - [2025-12-24T18:08:42.830+0000] {dag.py:3096} INFO - Sync 1 DAGs
[2025-12-24T18:08:42.877+0000] {logging_mixin.py:188} INFO - [2025-12-24T18:08:42.876+0000] {dag.py:3954} INFO - Setting next_dagrun for serving_layer_postgres_load to 2025-12-24 12:00:00+00:00, run_after=2025-12-24 18:00:00+00:00
[2025-12-24T18:08:42.909+0000] {processor.py:183} INFO - Processing /opt/airflow/dags/serving_layer_postgres_load.py took 0.971 seconds
[2025-12-24T18:09:13.089+0000] {processor.py:161} INFO - Started process (PID=531) to work on /opt/airflow/dags/serving_layer_postgres_load.py
[2025-12-24T18:09:13.091+0000] {processor.py:830} INFO - Processing file /opt/airflow/dags/serving_layer_postgres_load.py for tasks to queue
[2025-12-24T18:09:13.095+0000] {logging_mixin.py:188} INFO - [2025-12-24T18:09:13.094+0000] {dagbag.py:540} INFO - Filling up the DagBag from /opt/airflow/dags/serving_layer_postgres_load.py
[2025-12-24T18:09:13.469+0000] {processor.py:840} INFO - DAG(s) 'serving_layer_postgres_load' retrieved from /opt/airflow/dags/serving_layer_postgres_load.py
[2025-12-24T18:09:13.523+0000] {logging_mixin.py:188} INFO - [2025-12-24T18:09:13.522+0000] {dag.py:3096} INFO - Sync 1 DAGs
[2025-12-24T18:09:13.586+0000] {logging_mixin.py:188} INFO - [2025-12-24T18:09:13.585+0000] {dag.py:3954} INFO - Setting next_dagrun for serving_layer_postgres_load to 2025-12-24 12:00:00+00:00, run_after=2025-12-24 18:00:00+00:00
[2025-12-24T18:09:13.632+0000] {processor.py:183} INFO - Processing /opt/airflow/dags/serving_layer_postgres_load.py took 0.556 seconds
[2025-12-24T18:09:43.870+0000] {processor.py:161} INFO - Started process (PID=558) to work on /opt/airflow/dags/serving_layer_postgres_load.py
[2025-12-24T18:09:43.872+0000] {processor.py:830} INFO - Processing file /opt/airflow/dags/serving_layer_postgres_load.py for tasks to queue
[2025-12-24T18:09:43.878+0000] {logging_mixin.py:188} INFO - [2025-12-24T18:09:43.877+0000] {dagbag.py:540} INFO - Filling up the DagBag from /opt/airflow/dags/serving_layer_postgres_load.py
[2025-12-24T18:09:44.254+0000] {processor.py:840} INFO - DAG(s) 'serving_layer_postgres_load' retrieved from /opt/airflow/dags/serving_layer_postgres_load.py
[2025-12-24T18:09:44.326+0000] {logging_mixin.py:188} INFO - [2025-12-24T18:09:44.326+0000] {dag.py:3096} INFO - Sync 1 DAGs
[2025-12-24T18:09:44.400+0000] {logging_mixin.py:188} INFO - [2025-12-24T18:09:44.399+0000] {dag.py:3954} INFO - Setting next_dagrun for serving_layer_postgres_load to 2025-12-24 12:00:00+00:00, run_after=2025-12-24 18:00:00+00:00
[2025-12-24T18:09:44.460+0000] {processor.py:183} INFO - Processing /opt/airflow/dags/serving_layer_postgres_load.py took 0.608 seconds
[2025-12-24T18:10:14.703+0000] {processor.py:161} INFO - Started process (PID=585) to work on /opt/airflow/dags/serving_layer_postgres_load.py
[2025-12-24T18:10:14.705+0000] {processor.py:830} INFO - Processing file /opt/airflow/dags/serving_layer_postgres_load.py for tasks to queue
[2025-12-24T18:10:14.709+0000] {logging_mixin.py:188} INFO - [2025-12-24T18:10:14.708+0000] {dagbag.py:540} INFO - Filling up the DagBag from /opt/airflow/dags/serving_layer_postgres_load.py
[2025-12-24T18:10:15.050+0000] {processor.py:840} INFO - DAG(s) 'serving_layer_postgres_load' retrieved from /opt/airflow/dags/serving_layer_postgres_load.py
[2025-12-24T18:10:15.104+0000] {logging_mixin.py:188} INFO - [2025-12-24T18:10:15.104+0000] {dag.py:3096} INFO - Sync 1 DAGs
[2025-12-24T18:10:15.149+0000] {logging_mixin.py:188} INFO - [2025-12-24T18:10:15.148+0000] {dag.py:3954} INFO - Setting next_dagrun for serving_layer_postgres_load to 2025-12-24 12:00:00+00:00, run_after=2025-12-24 18:00:00+00:00
[2025-12-24T18:10:15.193+0000] {processor.py:183} INFO - Processing /opt/airflow/dags/serving_layer_postgres_load.py took 0.512 seconds
[2025-12-24T18:10:45.544+0000] {processor.py:161} INFO - Started process (PID=611) to work on /opt/airflow/dags/serving_layer_postgres_load.py
[2025-12-24T18:10:45.549+0000] {processor.py:830} INFO - Processing file /opt/airflow/dags/serving_layer_postgres_load.py for tasks to queue
[2025-12-24T18:10:45.586+0000] {logging_mixin.py:188} INFO - [2025-12-24T18:10:45.581+0000] {dagbag.py:540} INFO - Filling up the DagBag from /opt/airflow/dags/serving_layer_postgres_load.py
[2025-12-24T18:10:46.072+0000] {processor.py:840} INFO - DAG(s) 'serving_layer_postgres_load' retrieved from /opt/airflow/dags/serving_layer_postgres_load.py
[2025-12-24T18:10:46.111+0000] {logging_mixin.py:188} INFO - [2025-12-24T18:10:46.111+0000] {dag.py:3096} INFO - Sync 1 DAGs
[2025-12-24T18:10:46.147+0000] {logging_mixin.py:188} INFO - [2025-12-24T18:10:46.147+0000] {dag.py:3954} INFO - Setting next_dagrun for serving_layer_postgres_load to 2025-12-24 12:00:00+00:00, run_after=2025-12-24 18:00:00+00:00
[2025-12-24T18:10:46.177+0000] {processor.py:183} INFO - Processing /opt/airflow/dags/serving_layer_postgres_load.py took 0.722 seconds
[2025-12-24T18:11:16.790+0000] {processor.py:161} INFO - Started process (PID=638) to work on /opt/airflow/dags/serving_layer_postgres_load.py
[2025-12-24T18:11:16.791+0000] {processor.py:830} INFO - Processing file /opt/airflow/dags/serving_layer_postgres_load.py for tasks to queue
[2025-12-24T18:11:16.795+0000] {logging_mixin.py:188} INFO - [2025-12-24T18:11:16.794+0000] {dagbag.py:540} INFO - Filling up the DagBag from /opt/airflow/dags/serving_layer_postgres_load.py
[2025-12-24T18:11:17.078+0000] {processor.py:840} INFO - DAG(s) 'serving_layer_postgres_load' retrieved from /opt/airflow/dags/serving_layer_postgres_load.py
[2025-12-24T18:11:17.143+0000] {logging_mixin.py:188} INFO - [2025-12-24T18:11:17.142+0000] {dag.py:3096} INFO - Sync 1 DAGs
[2025-12-24T18:11:17.194+0000] {logging_mixin.py:188} INFO - [2025-12-24T18:11:17.194+0000] {dag.py:3954} INFO - Setting next_dagrun for serving_layer_postgres_load to 2025-12-24 12:00:00+00:00, run_after=2025-12-24 18:00:00+00:00
[2025-12-24T18:11:17.248+0000] {processor.py:183} INFO - Processing /opt/airflow/dags/serving_layer_postgres_load.py took 0.468 seconds
[2025-12-24T18:11:47.809+0000] {processor.py:161} INFO - Started process (PID=671) to work on /opt/airflow/dags/serving_layer_postgres_load.py
[2025-12-24T18:11:47.810+0000] {processor.py:830} INFO - Processing file /opt/airflow/dags/serving_layer_postgres_load.py for tasks to queue
[2025-12-24T18:11:47.813+0000] {logging_mixin.py:188} INFO - [2025-12-24T18:11:47.813+0000] {dagbag.py:540} INFO - Filling up the DagBag from /opt/airflow/dags/serving_layer_postgres_load.py
[2025-12-24T18:11:48.027+0000] {processor.py:840} INFO - DAG(s) 'serving_layer_postgres_load' retrieved from /opt/airflow/dags/serving_layer_postgres_load.py
[2025-12-24T18:11:48.062+0000] {logging_mixin.py:188} INFO - [2025-12-24T18:11:48.062+0000] {dag.py:3096} INFO - Sync 1 DAGs
[2025-12-24T18:11:48.093+0000] {logging_mixin.py:188} INFO - [2025-12-24T18:11:48.093+0000] {dag.py:3954} INFO - Setting next_dagrun for serving_layer_postgres_load to 2025-12-24 12:00:00+00:00, run_after=2025-12-24 18:00:00+00:00
[2025-12-24T18:11:48.114+0000] {processor.py:183} INFO - Processing /opt/airflow/dags/serving_layer_postgres_load.py took 0.318 seconds
[2025-12-24T18:12:18.642+0000] {processor.py:161} INFO - Started process (PID=712) to work on /opt/airflow/dags/serving_layer_postgres_load.py
[2025-12-24T18:12:18.644+0000] {processor.py:830} INFO - Processing file /opt/airflow/dags/serving_layer_postgres_load.py for tasks to queue
[2025-12-24T18:12:18.648+0000] {logging_mixin.py:188} INFO - [2025-12-24T18:12:18.647+0000] {dagbag.py:540} INFO - Filling up the DagBag from /opt/airflow/dags/serving_layer_postgres_load.py
[2025-12-24T18:12:19.024+0000] {processor.py:840} INFO - DAG(s) 'serving_layer_postgres_load' retrieved from /opt/airflow/dags/serving_layer_postgres_load.py
[2025-12-24T18:12:19.064+0000] {logging_mixin.py:188} INFO - [2025-12-24T18:12:19.063+0000] {dag.py:3096} INFO - Sync 1 DAGs
[2025-12-24T18:12:19.102+0000] {logging_mixin.py:188} INFO - [2025-12-24T18:12:19.102+0000] {dag.py:3954} INFO - Setting next_dagrun for serving_layer_postgres_load to 2025-12-24 12:00:00+00:00, run_after=2025-12-24 18:00:00+00:00
[2025-12-24T18:12:19.131+0000] {processor.py:183} INFO - Processing /opt/airflow/dags/serving_layer_postgres_load.py took 0.499 seconds
[2025-12-24T18:12:49.701+0000] {processor.py:161} INFO - Started process (PID=739) to work on /opt/airflow/dags/serving_layer_postgres_load.py
[2025-12-24T18:12:49.702+0000] {processor.py:830} INFO - Processing file /opt/airflow/dags/serving_layer_postgres_load.py for tasks to queue
[2025-12-24T18:12:49.706+0000] {logging_mixin.py:188} INFO - [2025-12-24T18:12:49.705+0000] {dagbag.py:540} INFO - Filling up the DagBag from /opt/airflow/dags/serving_layer_postgres_load.py
[2025-12-24T18:12:49.934+0000] {processor.py:840} INFO - DAG(s) 'serving_layer_postgres_load' retrieved from /opt/airflow/dags/serving_layer_postgres_load.py
[2025-12-24T18:12:49.975+0000] {logging_mixin.py:188} INFO - [2025-12-24T18:12:49.975+0000] {dag.py:3096} INFO - Sync 1 DAGs
[2025-12-24T18:12:50.012+0000] {logging_mixin.py:188} INFO - [2025-12-24T18:12:50.012+0000] {dag.py:3954} INFO - Setting next_dagrun for serving_layer_postgres_load to 2025-12-24 12:00:00+00:00, run_after=2025-12-24 18:00:00+00:00
[2025-12-24T18:12:50.040+0000] {processor.py:183} INFO - Processing /opt/airflow/dags/serving_layer_postgres_load.py took 0.348 seconds
[2025-12-24T18:13:20.576+0000] {processor.py:161} INFO - Started process (PID=766) to work on /opt/airflow/dags/serving_layer_postgres_load.py
[2025-12-24T18:13:20.578+0000] {processor.py:830} INFO - Processing file /opt/airflow/dags/serving_layer_postgres_load.py for tasks to queue
[2025-12-24T18:13:20.582+0000] {logging_mixin.py:188} INFO - [2025-12-24T18:13:20.581+0000] {dagbag.py:540} INFO - Filling up the DagBag from /opt/airflow/dags/serving_layer_postgres_load.py
[2025-12-24T18:13:20.883+0000] {processor.py:840} INFO - DAG(s) 'serving_layer_postgres_load' retrieved from /opt/airflow/dags/serving_layer_postgres_load.py
[2025-12-24T18:13:20.934+0000] {logging_mixin.py:188} INFO - [2025-12-24T18:13:20.933+0000] {dag.py:3096} INFO - Sync 1 DAGs
[2025-12-24T18:13:20.986+0000] {logging_mixin.py:188} INFO - [2025-12-24T18:13:20.986+0000] {dag.py:3954} INFO - Setting next_dagrun for serving_layer_postgres_load to 2025-12-24 12:00:00+00:00, run_after=2025-12-24 18:00:00+00:00
[2025-12-24T18:13:21.023+0000] {processor.py:183} INFO - Processing /opt/airflow/dags/serving_layer_postgres_load.py took 0.460 seconds
[2025-12-24T18:13:51.586+0000] {processor.py:161} INFO - Started process (PID=793) to work on /opt/airflow/dags/serving_layer_postgres_load.py
[2025-12-24T18:13:51.588+0000] {processor.py:830} INFO - Processing file /opt/airflow/dags/serving_layer_postgres_load.py for tasks to queue
[2025-12-24T18:13:51.591+0000] {logging_mixin.py:188} INFO - [2025-12-24T18:13:51.590+0000] {dagbag.py:540} INFO - Filling up the DagBag from /opt/airflow/dags/serving_layer_postgres_load.py
[2025-12-24T18:13:51.769+0000] {processor.py:840} INFO - DAG(s) 'serving_layer_postgres_load' retrieved from /opt/airflow/dags/serving_layer_postgres_load.py
[2025-12-24T18:13:51.804+0000] {logging_mixin.py:188} INFO - [2025-12-24T18:13:51.804+0000] {dag.py:3096} INFO - Sync 1 DAGs
[2025-12-24T18:13:51.846+0000] {logging_mixin.py:188} INFO - [2025-12-24T18:13:51.846+0000] {dag.py:3954} INFO - Setting next_dagrun for serving_layer_postgres_load to 2025-12-24 12:00:00+00:00, run_after=2025-12-24 18:00:00+00:00
[2025-12-24T18:13:51.872+0000] {processor.py:183} INFO - Processing /opt/airflow/dags/serving_layer_postgres_load.py took 0.296 seconds
[2025-12-24T18:14:22.389+0000] {processor.py:161} INFO - Started process (PID=821) to work on /opt/airflow/dags/serving_layer_postgres_load.py
[2025-12-24T18:14:22.390+0000] {processor.py:830} INFO - Processing file /opt/airflow/dags/serving_layer_postgres_load.py for tasks to queue
[2025-12-24T18:14:22.393+0000] {logging_mixin.py:188} INFO - [2025-12-24T18:14:22.392+0000] {dagbag.py:540} INFO - Filling up the DagBag from /opt/airflow/dags/serving_layer_postgres_load.py
[2025-12-24T18:14:22.600+0000] {processor.py:840} INFO - DAG(s) 'serving_layer_postgres_load' retrieved from /opt/airflow/dags/serving_layer_postgres_load.py
[2025-12-24T18:14:22.636+0000] {logging_mixin.py:188} INFO - [2025-12-24T18:14:22.636+0000] {dag.py:3096} INFO - Sync 1 DAGs
[2025-12-24T18:14:22.672+0000] {logging_mixin.py:188} INFO - [2025-12-24T18:14:22.672+0000] {dag.py:3954} INFO - Setting next_dagrun for serving_layer_postgres_load to 2025-12-24 12:00:00+00:00, run_after=2025-12-24 18:00:00+00:00
[2025-12-24T18:14:22.698+0000] {processor.py:183} INFO - Processing /opt/airflow/dags/serving_layer_postgres_load.py took 0.319 seconds
[2025-12-24T18:14:53.275+0000] {processor.py:161} INFO - Started process (PID=848) to work on /opt/airflow/dags/serving_layer_postgres_load.py
[2025-12-24T18:14:53.279+0000] {processor.py:830} INFO - Processing file /opt/airflow/dags/serving_layer_postgres_load.py for tasks to queue
[2025-12-24T18:14:53.293+0000] {logging_mixin.py:188} INFO - [2025-12-24T18:14:53.291+0000] {dagbag.py:540} INFO - Filling up the DagBag from /opt/airflow/dags/serving_layer_postgres_load.py
[2025-12-24T18:14:53.661+0000] {processor.py:840} INFO - DAG(s) 'serving_layer_postgres_load' retrieved from /opt/airflow/dags/serving_layer_postgres_load.py
[2025-12-24T18:14:53.698+0000] {logging_mixin.py:188} INFO - [2025-12-24T18:14:53.698+0000] {dag.py:3096} INFO - Sync 1 DAGs
[2025-12-24T18:14:53.735+0000] {logging_mixin.py:188} INFO - [2025-12-24T18:14:53.735+0000] {dag.py:3954} INFO - Setting next_dagrun for serving_layer_postgres_load to 2025-12-24 12:00:00+00:00, run_after=2025-12-24 18:00:00+00:00
[2025-12-24T18:14:53.765+0000] {processor.py:183} INFO - Processing /opt/airflow/dags/serving_layer_postgres_load.py took 0.527 seconds
[2025-12-24T18:15:24.323+0000] {processor.py:161} INFO - Started process (PID=868) to work on /opt/airflow/dags/serving_layer_postgres_load.py
[2025-12-24T18:15:24.324+0000] {processor.py:830} INFO - Processing file /opt/airflow/dags/serving_layer_postgres_load.py for tasks to queue
[2025-12-24T18:15:24.329+0000] {logging_mixin.py:188} INFO - [2025-12-24T18:15:24.328+0000] {dagbag.py:540} INFO - Filling up the DagBag from /opt/airflow/dags/serving_layer_postgres_load.py
[2025-12-24T18:15:24.597+0000] {processor.py:840} INFO - DAG(s) 'serving_layer_postgres_load' retrieved from /opt/airflow/dags/serving_layer_postgres_load.py
[2025-12-24T18:15:24.659+0000] {logging_mixin.py:188} INFO - [2025-12-24T18:15:24.659+0000] {dag.py:3096} INFO - Sync 1 DAGs
[2025-12-24T18:15:24.708+0000] {logging_mixin.py:188} INFO - [2025-12-24T18:15:24.708+0000] {dag.py:3954} INFO - Setting next_dagrun for serving_layer_postgres_load to 2025-12-24 12:00:00+00:00, run_after=2025-12-24 18:00:00+00:00
[2025-12-24T18:15:24.743+0000] {processor.py:183} INFO - Processing /opt/airflow/dags/serving_layer_postgres_load.py took 0.432 seconds
[2025-12-24T18:15:55.078+0000] {processor.py:161} INFO - Started process (PID=895) to work on /opt/airflow/dags/serving_layer_postgres_load.py
[2025-12-24T18:15:55.082+0000] {processor.py:830} INFO - Processing file /opt/airflow/dags/serving_layer_postgres_load.py for tasks to queue
[2025-12-24T18:15:55.117+0000] {logging_mixin.py:188} INFO - [2025-12-24T18:15:55.113+0000] {dagbag.py:540} INFO - Filling up the DagBag from /opt/airflow/dags/serving_layer_postgres_load.py
[2025-12-24T18:15:55.592+0000] {processor.py:840} INFO - DAG(s) 'serving_layer_postgres_load' retrieved from /opt/airflow/dags/serving_layer_postgres_load.py
[2025-12-24T18:15:55.629+0000] {logging_mixin.py:188} INFO - [2025-12-24T18:15:55.628+0000] {dag.py:3096} INFO - Sync 1 DAGs
[2025-12-24T18:15:55.668+0000] {logging_mixin.py:188} INFO - [2025-12-24T18:15:55.668+0000] {dag.py:3954} INFO - Setting next_dagrun for serving_layer_postgres_load to 2025-12-24 12:00:00+00:00, run_after=2025-12-24 18:00:00+00:00
[2025-12-24T18:15:55.693+0000] {processor.py:183} INFO - Processing /opt/airflow/dags/serving_layer_postgres_load.py took 0.701 seconds
[2025-12-24T18:16:26.207+0000] {processor.py:161} INFO - Started process (PID=924) to work on /opt/airflow/dags/serving_layer_postgres_load.py
[2025-12-24T18:16:26.208+0000] {processor.py:830} INFO - Processing file /opt/airflow/dags/serving_layer_postgres_load.py for tasks to queue
[2025-12-24T18:16:26.213+0000] {logging_mixin.py:188} INFO - [2025-12-24T18:16:26.212+0000] {dagbag.py:540} INFO - Filling up the DagBag from /opt/airflow/dags/serving_layer_postgres_load.py
[2025-12-24T18:16:26.476+0000] {processor.py:840} INFO - DAG(s) 'serving_layer_postgres_load' retrieved from /opt/airflow/dags/serving_layer_postgres_load.py
[2025-12-24T18:16:26.513+0000] {logging_mixin.py:188} INFO - [2025-12-24T18:16:26.513+0000] {dag.py:3096} INFO - Sync 1 DAGs
[2025-12-24T18:16:26.553+0000] {logging_mixin.py:188} INFO - [2025-12-24T18:16:26.553+0000] {dag.py:3954} INFO - Setting next_dagrun for serving_layer_postgres_load to 2025-12-24 12:00:00+00:00, run_after=2025-12-24 18:00:00+00:00
[2025-12-24T18:16:26.584+0000] {processor.py:183} INFO - Processing /opt/airflow/dags/serving_layer_postgres_load.py took 0.390 seconds
[2025-12-24T18:16:57.197+0000] {processor.py:161} INFO - Started process (PID=951) to work on /opt/airflow/dags/serving_layer_postgres_load.py
[2025-12-24T18:16:57.199+0000] {processor.py:830} INFO - Processing file /opt/airflow/dags/serving_layer_postgres_load.py for tasks to queue
[2025-12-24T18:16:57.204+0000] {logging_mixin.py:188} INFO - [2025-12-24T18:16:57.203+0000] {dagbag.py:540} INFO - Filling up the DagBag from /opt/airflow/dags/serving_layer_postgres_load.py
[2025-12-24T18:16:57.449+0000] {processor.py:840} INFO - DAG(s) 'serving_layer_postgres_load' retrieved from /opt/airflow/dags/serving_layer_postgres_load.py
[2025-12-24T18:16:57.499+0000] {logging_mixin.py:188} INFO - [2025-12-24T18:16:57.499+0000] {dag.py:3096} INFO - Sync 1 DAGs
[2025-12-24T18:16:57.550+0000] {logging_mixin.py:188} INFO - [2025-12-24T18:16:57.549+0000] {dag.py:3954} INFO - Setting next_dagrun for serving_layer_postgres_load to 2025-12-24 12:00:00+00:00, run_after=2025-12-24 18:00:00+00:00
[2025-12-24T18:16:57.579+0000] {processor.py:183} INFO - Processing /opt/airflow/dags/serving_layer_postgres_load.py took 0.394 seconds
[2025-12-24T18:17:28.344+0000] {processor.py:161} INFO - Started process (PID=978) to work on /opt/airflow/dags/serving_layer_postgres_load.py
[2025-12-24T18:17:28.346+0000] {processor.py:830} INFO - Processing file /opt/airflow/dags/serving_layer_postgres_load.py for tasks to queue
[2025-12-24T18:17:28.353+0000] {logging_mixin.py:188} INFO - [2025-12-24T18:17:28.351+0000] {dagbag.py:540} INFO - Filling up the DagBag from /opt/airflow/dags/serving_layer_postgres_load.py
[2025-12-24T18:17:28.640+0000] {processor.py:840} INFO - DAG(s) 'serving_layer_postgres_load' retrieved from /opt/airflow/dags/serving_layer_postgres_load.py
[2025-12-24T18:17:28.688+0000] {logging_mixin.py:188} INFO - [2025-12-24T18:17:28.688+0000] {dag.py:3096} INFO - Sync 1 DAGs
[2025-12-24T18:17:28.725+0000] {logging_mixin.py:188} INFO - [2025-12-24T18:17:28.725+0000] {dag.py:3954} INFO - Setting next_dagrun for serving_layer_postgres_load to 2025-12-24 12:00:00+00:00, run_after=2025-12-24 18:00:00+00:00
[2025-12-24T18:17:28.750+0000] {processor.py:183} INFO - Processing /opt/airflow/dags/serving_layer_postgres_load.py took 0.418 seconds
[2025-12-24T18:17:59.434+0000] {processor.py:161} INFO - Started process (PID=1005) to work on /opt/airflow/dags/serving_layer_postgres_load.py
[2025-12-24T18:17:59.435+0000] {processor.py:830} INFO - Processing file /opt/airflow/dags/serving_layer_postgres_load.py for tasks to queue
[2025-12-24T18:17:59.438+0000] {logging_mixin.py:188} INFO - [2025-12-24T18:17:59.438+0000] {dagbag.py:540} INFO - Filling up the DagBag from /opt/airflow/dags/serving_layer_postgres_load.py
[2025-12-24T18:17:59.674+0000] {processor.py:840} INFO - DAG(s) 'serving_layer_postgres_load' retrieved from /opt/airflow/dags/serving_layer_postgres_load.py
[2025-12-24T18:17:59.716+0000] {logging_mixin.py:188} INFO - [2025-12-24T18:17:59.716+0000] {dag.py:3096} INFO - Sync 1 DAGs
[2025-12-24T18:17:59.754+0000] {logging_mixin.py:188} INFO - [2025-12-24T18:17:59.754+0000] {dag.py:3954} INFO - Setting next_dagrun for serving_layer_postgres_load to 2025-12-24 12:00:00+00:00, run_after=2025-12-24 18:00:00+00:00
[2025-12-24T18:17:59.783+0000] {processor.py:183} INFO - Processing /opt/airflow/dags/serving_layer_postgres_load.py took 0.373 seconds
[2025-12-24T18:18:30.398+0000] {processor.py:161} INFO - Started process (PID=1032) to work on /opt/airflow/dags/serving_layer_postgres_load.py
[2025-12-24T18:18:30.399+0000] {processor.py:830} INFO - Processing file /opt/airflow/dags/serving_layer_postgres_load.py for tasks to queue
[2025-12-24T18:18:30.406+0000] {logging_mixin.py:188} INFO - [2025-12-24T18:18:30.406+0000] {dagbag.py:540} INFO - Filling up the DagBag from /opt/airflow/dags/serving_layer_postgres_load.py
[2025-12-24T18:18:30.889+0000] {processor.py:840} INFO - DAG(s) 'serving_layer_postgres_load' retrieved from /opt/airflow/dags/serving_layer_postgres_load.py
[2025-12-24T18:18:30.931+0000] {logging_mixin.py:188} INFO - [2025-12-24T18:18:30.931+0000] {dag.py:3096} INFO - Sync 1 DAGs
[2025-12-24T18:18:30.972+0000] {logging_mixin.py:188} INFO - [2025-12-24T18:18:30.971+0000] {dag.py:3954} INFO - Setting next_dagrun for serving_layer_postgres_load to 2025-12-24 12:00:00+00:00, run_after=2025-12-24 18:00:00+00:00
[2025-12-24T18:18:30.995+0000] {processor.py:183} INFO - Processing /opt/airflow/dags/serving_layer_postgres_load.py took 0.620 seconds
[2025-12-24T18:19:01.492+0000] {processor.py:161} INFO - Started process (PID=1059) to work on /opt/airflow/dags/serving_layer_postgres_load.py
[2025-12-24T18:19:01.494+0000] {processor.py:830} INFO - Processing file /opt/airflow/dags/serving_layer_postgres_load.py for tasks to queue
[2025-12-24T18:19:01.501+0000] {logging_mixin.py:188} INFO - [2025-12-24T18:19:01.500+0000] {dagbag.py:540} INFO - Filling up the DagBag from /opt/airflow/dags/serving_layer_postgres_load.py
[2025-12-24T18:19:01.514+0000] {logging_mixin.py:188} INFO - [2025-12-24T18:19:01.508+0000] {dagbag.py:350} ERROR - Failed to import: /opt/airflow/dags/serving_layer_postgres_load.py
Traceback (most recent call last):
  File "/home/airflow/.local/lib/python3.11/site-packages/airflow/models/dagbag.py", line 346, in parse
    loader.exec_module(new_module)
  File "<frozen importlib._bootstrap_external>", line 940, in exec_module
  File "<frozen importlib._bootstrap>", line 241, in _call_with_frames_removed
  File "/opt/airflow/dags/serving_layer_postgres_load.py", line 11, in <module>
    from src.serving.postgres_loader import load_serving_layer
ModuleNotFoundError: No module named 'src.serving.postgres_loader'
[2025-12-24T18:19:01.517+0000] {processor.py:842} WARNING - No viable dags retrieved from /opt/airflow/dags/serving_layer_postgres_load.py
[2025-12-24T18:19:01.610+0000] {processor.py:183} INFO - Processing /opt/airflow/dags/serving_layer_postgres_load.py took 0.168 seconds
[2025-12-24T18:19:32.284+0000] {processor.py:161} INFO - Started process (PID=1086) to work on /opt/airflow/dags/serving_layer_postgres_load.py
[2025-12-24T18:19:32.285+0000] {processor.py:830} INFO - Processing file /opt/airflow/dags/serving_layer_postgres_load.py for tasks to queue
[2025-12-24T18:19:32.288+0000] {logging_mixin.py:188} INFO - [2025-12-24T18:19:32.287+0000] {dagbag.py:540} INFO - Filling up the DagBag from /opt/airflow/dags/serving_layer_postgres_load.py
[2025-12-24T18:19:32.293+0000] {logging_mixin.py:188} INFO - [2025-12-24T18:19:32.291+0000] {dagbag.py:350} ERROR - Failed to import: /opt/airflow/dags/serving_layer_postgres_load.py
Traceback (most recent call last):
  File "/home/airflow/.local/lib/python3.11/site-packages/airflow/models/dagbag.py", line 346, in parse
    loader.exec_module(new_module)
  File "<frozen importlib._bootstrap_external>", line 940, in exec_module
  File "<frozen importlib._bootstrap>", line 241, in _call_with_frames_removed
  File "/opt/airflow/dags/serving_layer_postgres_load.py", line 11, in <module>
    from src.serving.postgres_loader import load_serving_layer
ModuleNotFoundError: No module named 'src.serving.postgres_loader'
[2025-12-24T18:19:32.293+0000] {processor.py:842} WARNING - No viable dags retrieved from /opt/airflow/dags/serving_layer_postgres_load.py
[2025-12-24T18:19:32.331+0000] {processor.py:183} INFO - Processing /opt/airflow/dags/serving_layer_postgres_load.py took 0.056 seconds
[2025-12-24T18:20:03.028+0000] {processor.py:161} INFO - Started process (PID=1113) to work on /opt/airflow/dags/serving_layer_postgres_load.py
[2025-12-24T18:20:03.029+0000] {processor.py:830} INFO - Processing file /opt/airflow/dags/serving_layer_postgres_load.py for tasks to queue
[2025-12-24T18:20:03.030+0000] {logging_mixin.py:188} INFO - [2025-12-24T18:20:03.030+0000] {dagbag.py:540} INFO - Filling up the DagBag from /opt/airflow/dags/serving_layer_postgres_load.py
[2025-12-24T18:20:03.035+0000] {logging_mixin.py:188} INFO - [2025-12-24T18:20:03.034+0000] {dagbag.py:350} ERROR - Failed to import: /opt/airflow/dags/serving_layer_postgres_load.py
Traceback (most recent call last):
  File "/home/airflow/.local/lib/python3.11/site-packages/airflow/models/dagbag.py", line 346, in parse
    loader.exec_module(new_module)
  File "<frozen importlib._bootstrap_external>", line 940, in exec_module
  File "<frozen importlib._bootstrap>", line 241, in _call_with_frames_removed
  File "/opt/airflow/dags/serving_layer_postgres_load.py", line 11, in <module>
    from src.serving.postgres_loader import load_serving_layer
ModuleNotFoundError: No module named 'src.serving.postgres_loader'
[2025-12-24T18:20:03.036+0000] {processor.py:842} WARNING - No viable dags retrieved from /opt/airflow/dags/serving_layer_postgres_load.py
[2025-12-24T18:20:03.074+0000] {processor.py:183} INFO - Processing /opt/airflow/dags/serving_layer_postgres_load.py took 0.055 seconds
[2025-12-24T18:20:33.990+0000] {processor.py:161} INFO - Started process (PID=1140) to work on /opt/airflow/dags/serving_layer_postgres_load.py
[2025-12-24T18:20:33.991+0000] {processor.py:830} INFO - Processing file /opt/airflow/dags/serving_layer_postgres_load.py for tasks to queue
[2025-12-24T18:20:34.001+0000] {logging_mixin.py:188} INFO - [2025-12-24T18:20:33.997+0000] {dagbag.py:540} INFO - Filling up the DagBag from /opt/airflow/dags/serving_layer_postgres_load.py
[2025-12-24T18:20:34.523+0000] {processor.py:840} INFO - DAG(s) 'serving_layer_postgres_load' retrieved from /opt/airflow/dags/serving_layer_postgres_load.py
[2025-12-24T18:20:34.896+0000] {logging_mixin.py:188} INFO - [2025-12-24T18:20:34.895+0000] {dag.py:3096} INFO - Sync 1 DAGs
[2025-12-24T18:20:34.934+0000] {logging_mixin.py:188} INFO - [2025-12-24T18:20:34.933+0000] {dag.py:3954} INFO - Setting next_dagrun for serving_layer_postgres_load to 2025-12-24 12:00:00+00:00, run_after=2025-12-24 18:00:00+00:00
[2025-12-24T18:20:34.966+0000] {processor.py:183} INFO - Processing /opt/airflow/dags/serving_layer_postgres_load.py took 1.025 seconds
[2025-12-24T18:20:37.809+0000] {processor.py:161} INFO - Started process (PID=1160) to work on /opt/airflow/dags/serving_layer_postgres_load.py
[2025-12-24T18:20:37.811+0000] {processor.py:830} INFO - Processing file /opt/airflow/dags/serving_layer_postgres_load.py for tasks to queue
[2025-12-24T18:20:37.813+0000] {logging_mixin.py:188} INFO - [2025-12-24T18:20:37.812+0000] {dagbag.py:540} INFO - Filling up the DagBag from /opt/airflow/dags/serving_layer_postgres_load.py
[2025-12-24T18:20:38.184+0000] {processor.py:840} INFO - DAG(s) 'serving_layer_postgres_load' retrieved from /opt/airflow/dags/serving_layer_postgres_load.py
[2025-12-24T18:20:38.231+0000] {logging_mixin.py:188} INFO - [2025-12-24T18:20:38.230+0000] {dag.py:3096} INFO - Sync 1 DAGs
[2025-12-24T18:20:38.314+0000] {logging_mixin.py:188} INFO - [2025-12-24T18:20:38.312+0000] {dag.py:3954} INFO - Setting next_dagrun for serving_layer_postgres_load to 2025-12-24 12:00:00+00:00, run_after=2025-12-24 18:00:00+00:00
[2025-12-24T18:20:38.384+0000] {processor.py:183} INFO - Processing /opt/airflow/dags/serving_layer_postgres_load.py took 0.589 seconds
[2025-12-24T18:20:47.884+0000] {processor.py:161} INFO - Started process (PID=1165) to work on /opt/airflow/dags/serving_layer_postgres_load.py
[2025-12-24T18:20:47.885+0000] {processor.py:830} INFO - Processing file /opt/airflow/dags/serving_layer_postgres_load.py for tasks to queue
[2025-12-24T18:20:47.886+0000] {logging_mixin.py:188} INFO - [2025-12-24T18:20:47.885+0000] {dagbag.py:540} INFO - Filling up the DagBag from /opt/airflow/dags/serving_layer_postgres_load.py
[2025-12-24T18:20:48.094+0000] {processor.py:840} INFO - DAG(s) 'serving_layer_postgres_load' retrieved from /opt/airflow/dags/serving_layer_postgres_load.py
[2025-12-24T18:20:48.125+0000] {logging_mixin.py:188} INFO - [2025-12-24T18:20:48.124+0000] {dag.py:3096} INFO - Sync 1 DAGs
[2025-12-24T18:20:48.173+0000] {logging_mixin.py:188} INFO - [2025-12-24T18:20:48.172+0000] {dag.py:3954} INFO - Setting next_dagrun for serving_layer_postgres_load to 2025-12-24 12:00:00+00:00, run_after=2025-12-24 18:00:00+00:00
[2025-12-24T18:20:48.210+0000] {processor.py:183} INFO - Processing /opt/airflow/dags/serving_layer_postgres_load.py took 0.338 seconds
[2025-12-24T18:21:18.812+0000] {processor.py:161} INFO - Started process (PID=1389) to work on /opt/airflow/dags/serving_layer_postgres_load.py
[2025-12-24T18:21:18.814+0000] {processor.py:830} INFO - Processing file /opt/airflow/dags/serving_layer_postgres_load.py for tasks to queue
[2025-12-24T18:21:18.816+0000] {logging_mixin.py:188} INFO - [2025-12-24T18:21:18.815+0000] {dagbag.py:540} INFO - Filling up the DagBag from /opt/airflow/dags/serving_layer_postgres_load.py
[2025-12-24T18:21:19.069+0000] {processor.py:840} INFO - DAG(s) 'serving_layer_postgres_load' retrieved from /opt/airflow/dags/serving_layer_postgres_load.py
[2025-12-24T18:21:19.295+0000] {logging_mixin.py:188} INFO - [2025-12-24T18:21:19.295+0000] {dag.py:3096} INFO - Sync 1 DAGs
[2025-12-24T18:21:19.338+0000] {logging_mixin.py:188} INFO - [2025-12-24T18:21:19.337+0000] {dag.py:3954} INFO - Setting next_dagrun for serving_layer_postgres_load to 2025-12-24 12:00:00+00:00, run_after=2025-12-24 18:00:00+00:00
[2025-12-24T18:21:19.385+0000] {processor.py:183} INFO - Processing /opt/airflow/dags/serving_layer_postgres_load.py took 0.589 seconds
[2025-12-24T18:21:49.766+0000] {processor.py:161} INFO - Started process (PID=1839) to work on /opt/airflow/dags/serving_layer_postgres_load.py
[2025-12-24T18:21:49.778+0000] {processor.py:830} INFO - Processing file /opt/airflow/dags/serving_layer_postgres_load.py for tasks to queue
[2025-12-24T18:21:49.787+0000] {logging_mixin.py:188} INFO - [2025-12-24T18:21:49.781+0000] {dagbag.py:540} INFO - Filling up the DagBag from /opt/airflow/dags/serving_layer_postgres_load.py
[2025-12-24T18:21:50.689+0000] {processor.py:840} INFO - DAG(s) 'serving_layer_postgres_load' retrieved from /opt/airflow/dags/serving_layer_postgres_load.py
[2025-12-24T18:21:50.815+0000] {logging_mixin.py:188} INFO - [2025-12-24T18:21:50.814+0000] {dag.py:3096} INFO - Sync 1 DAGs
[2025-12-24T18:21:50.957+0000] {logging_mixin.py:188} INFO - [2025-12-24T18:21:50.956+0000] {dag.py:3954} INFO - Setting next_dagrun for serving_layer_postgres_load to 2025-12-24 18:00:00+00:00, run_after=2025-12-25 00:00:00+00:00
[2025-12-24T18:21:51.007+0000] {processor.py:183} INFO - Processing /opt/airflow/dags/serving_layer_postgres_load.py took 1.373 seconds
[2025-12-24T18:22:21.581+0000] {processor.py:161} INFO - Started process (PID=2342) to work on /opt/airflow/dags/serving_layer_postgres_load.py
[2025-12-24T18:22:21.594+0000] {processor.py:830} INFO - Processing file /opt/airflow/dags/serving_layer_postgres_load.py for tasks to queue
[2025-12-24T18:22:21.637+0000] {logging_mixin.py:188} INFO - [2025-12-24T18:22:21.626+0000] {dagbag.py:540} INFO - Filling up the DagBag from /opt/airflow/dags/serving_layer_postgres_load.py
[2025-12-24T18:22:24.011+0000] {processor.py:840} INFO - DAG(s) 'serving_layer_postgres_load' retrieved from /opt/airflow/dags/serving_layer_postgres_load.py
[2025-12-24T18:22:24.789+0000] {logging_mixin.py:188} INFO - [2025-12-24T18:22:24.788+0000] {dag.py:3096} INFO - Sync 1 DAGs
[2025-12-24T18:22:25.263+0000] {logging_mixin.py:188} INFO - [2025-12-24T18:22:25.256+0000] {dag.py:3954} INFO - Setting next_dagrun for serving_layer_postgres_load to 2025-12-24 18:00:00+00:00, run_after=2025-12-25 00:00:00+00:00
[2025-12-24T18:22:25.428+0000] {processor.py:183} INFO - Processing /opt/airflow/dags/serving_layer_postgres_load.py took 4.040 seconds
[2025-12-24T18:22:56.188+0000] {processor.py:161} INFO - Started process (PID=2698) to work on /opt/airflow/dags/serving_layer_postgres_load.py
[2025-12-24T18:22:56.195+0000] {processor.py:830} INFO - Processing file /opt/airflow/dags/serving_layer_postgres_load.py for tasks to queue
[2025-12-24T18:22:56.209+0000] {logging_mixin.py:188} INFO - [2025-12-24T18:22:56.200+0000] {dagbag.py:540} INFO - Filling up the DagBag from /opt/airflow/dags/serving_layer_postgres_load.py
[2025-12-24T18:23:00.361+0000] {processor.py:840} INFO - DAG(s) 'serving_layer_postgres_load' retrieved from /opt/airflow/dags/serving_layer_postgres_load.py
[2025-12-24T18:23:01.588+0000] {logging_mixin.py:188} INFO - [2025-12-24T18:23:01.586+0000] {dag.py:3096} INFO - Sync 1 DAGs
[2025-12-24T18:23:03.530+0000] {logging_mixin.py:188} INFO - [2025-12-24T18:23:03.528+0000] {dag.py:3954} INFO - Setting next_dagrun for serving_layer_postgres_load to 2025-12-24 18:00:00+00:00, run_after=2025-12-25 00:00:00+00:00
[2025-12-24T18:23:03.995+0000] {processor.py:183} INFO - Processing /opt/airflow/dags/serving_layer_postgres_load.py took 8.135 seconds
[2025-12-24T18:23:34.503+0000] {processor.py:161} INFO - Started process (PID=2914) to work on /opt/airflow/dags/serving_layer_postgres_load.py
[2025-12-24T18:23:34.506+0000] {processor.py:830} INFO - Processing file /opt/airflow/dags/serving_layer_postgres_load.py for tasks to queue
[2025-12-24T18:23:34.509+0000] {logging_mixin.py:188} INFO - [2025-12-24T18:23:34.508+0000] {dagbag.py:540} INFO - Filling up the DagBag from /opt/airflow/dags/serving_layer_postgres_load.py
[2025-12-24T18:23:34.795+0000] {processor.py:840} INFO - DAG(s) 'serving_layer_postgres_load' retrieved from /opt/airflow/dags/serving_layer_postgres_load.py
[2025-12-24T18:23:34.842+0000] {logging_mixin.py:188} INFO - [2025-12-24T18:23:34.842+0000] {dag.py:3096} INFO - Sync 1 DAGs
[2025-12-24T18:23:34.926+0000] {logging_mixin.py:188} INFO - [2025-12-24T18:23:34.925+0000] {dag.py:3954} INFO - Setting next_dagrun for serving_layer_postgres_load to 2025-12-24 18:00:00+00:00, run_after=2025-12-25 00:00:00+00:00
[2025-12-24T18:23:34.980+0000] {processor.py:183} INFO - Processing /opt/airflow/dags/serving_layer_postgres_load.py took 0.499 seconds
[2025-12-24T18:24:05.261+0000] {processor.py:161} INFO - Started process (PID=3088) to work on /opt/airflow/dags/serving_layer_postgres_load.py
[2025-12-24T18:24:05.263+0000] {processor.py:830} INFO - Processing file /opt/airflow/dags/serving_layer_postgres_load.py for tasks to queue
[2025-12-24T18:24:05.269+0000] {logging_mixin.py:188} INFO - [2025-12-24T18:24:05.264+0000] {dagbag.py:540} INFO - Filling up the DagBag from /opt/airflow/dags/serving_layer_postgres_load.py
[2025-12-24T18:24:05.600+0000] {processor.py:840} INFO - DAG(s) 'serving_layer_postgres_load' retrieved from /opt/airflow/dags/serving_layer_postgres_load.py
[2025-12-24T18:24:05.651+0000] {logging_mixin.py:188} INFO - [2025-12-24T18:24:05.651+0000] {dag.py:3096} INFO - Sync 1 DAGs
[2025-12-24T18:24:05.715+0000] {logging_mixin.py:188} INFO - [2025-12-24T18:24:05.714+0000] {dag.py:3954} INFO - Setting next_dagrun for serving_layer_postgres_load to 2025-12-24 18:00:00+00:00, run_after=2025-12-25 00:00:00+00:00
[2025-12-24T18:24:05.754+0000] {processor.py:183} INFO - Processing /opt/airflow/dags/serving_layer_postgres_load.py took 0.514 seconds
[2025-12-24T18:24:36.588+0000] {processor.py:161} INFO - Started process (PID=3115) to work on /opt/airflow/dags/serving_layer_postgres_load.py
[2025-12-24T18:24:36.590+0000] {processor.py:830} INFO - Processing file /opt/airflow/dags/serving_layer_postgres_load.py for tasks to queue
[2025-12-24T18:24:36.594+0000] {logging_mixin.py:188} INFO - [2025-12-24T18:24:36.593+0000] {dagbag.py:540} INFO - Filling up the DagBag from /opt/airflow/dags/serving_layer_postgres_load.py
[2025-12-24T18:24:36.853+0000] {processor.py:840} INFO - DAG(s) 'serving_layer_postgres_load' retrieved from /opt/airflow/dags/serving_layer_postgres_load.py
[2025-12-24T18:24:36.903+0000] {logging_mixin.py:188} INFO - [2025-12-24T18:24:36.903+0000] {dag.py:3096} INFO - Sync 1 DAGs
[2025-12-24T18:24:36.958+0000] {logging_mixin.py:188} INFO - [2025-12-24T18:24:36.958+0000] {dag.py:3954} INFO - Setting next_dagrun for serving_layer_postgres_load to 2025-12-24 18:00:00+00:00, run_after=2025-12-25 00:00:00+00:00
[2025-12-24T18:24:37.005+0000] {processor.py:183} INFO - Processing /opt/airflow/dags/serving_layer_postgres_load.py took 0.432 seconds
[2025-12-24T18:25:07.876+0000] {processor.py:161} INFO - Started process (PID=3142) to work on /opt/airflow/dags/serving_layer_postgres_load.py
[2025-12-24T18:25:07.877+0000] {processor.py:830} INFO - Processing file /opt/airflow/dags/serving_layer_postgres_load.py for tasks to queue
[2025-12-24T18:25:07.879+0000] {logging_mixin.py:188} INFO - [2025-12-24T18:25:07.878+0000] {dagbag.py:540} INFO - Filling up the DagBag from /opt/airflow/dags/serving_layer_postgres_load.py
[2025-12-24T18:25:08.045+0000] {processor.py:840} INFO - DAG(s) 'serving_layer_postgres_load' retrieved from /opt/airflow/dags/serving_layer_postgres_load.py
[2025-12-24T18:25:08.077+0000] {logging_mixin.py:188} INFO - [2025-12-24T18:25:08.077+0000] {dag.py:3096} INFO - Sync 1 DAGs
[2025-12-24T18:25:08.112+0000] {logging_mixin.py:188} INFO - [2025-12-24T18:25:08.112+0000] {dag.py:3954} INFO - Setting next_dagrun for serving_layer_postgres_load to 2025-12-24 18:00:00+00:00, run_after=2025-12-25 00:00:00+00:00
[2025-12-24T18:25:08.139+0000] {processor.py:183} INFO - Processing /opt/airflow/dags/serving_layer_postgres_load.py took 0.274 seconds
[2025-12-24T18:25:38.622+0000] {processor.py:161} INFO - Started process (PID=3169) to work on /opt/airflow/dags/serving_layer_postgres_load.py
[2025-12-24T18:25:38.624+0000] {processor.py:830} INFO - Processing file /opt/airflow/dags/serving_layer_postgres_load.py for tasks to queue
[2025-12-24T18:25:38.626+0000] {logging_mixin.py:188} INFO - [2025-12-24T18:25:38.626+0000] {dagbag.py:540} INFO - Filling up the DagBag from /opt/airflow/dags/serving_layer_postgres_load.py
[2025-12-24T18:25:38.808+0000] {processor.py:840} INFO - DAG(s) 'serving_layer_postgres_load' retrieved from /opt/airflow/dags/serving_layer_postgres_load.py
[2025-12-24T18:25:38.844+0000] {logging_mixin.py:188} INFO - [2025-12-24T18:25:38.843+0000] {dag.py:3096} INFO - Sync 1 DAGs
[2025-12-24T18:25:38.877+0000] {logging_mixin.py:188} INFO - [2025-12-24T18:25:38.877+0000] {dag.py:3954} INFO - Setting next_dagrun for serving_layer_postgres_load to 2025-12-24 18:00:00+00:00, run_after=2025-12-25 00:00:00+00:00
[2025-12-24T18:25:38.906+0000] {processor.py:183} INFO - Processing /opt/airflow/dags/serving_layer_postgres_load.py took 0.293 seconds
[2025-12-24T18:26:09.393+0000] {processor.py:161} INFO - Started process (PID=3196) to work on /opt/airflow/dags/serving_layer_postgres_load.py
[2025-12-24T18:26:09.396+0000] {processor.py:830} INFO - Processing file /opt/airflow/dags/serving_layer_postgres_load.py for tasks to queue
[2025-12-24T18:26:09.402+0000] {logging_mixin.py:188} INFO - [2025-12-24T18:26:09.399+0000] {dagbag.py:540} INFO - Filling up the DagBag from /opt/airflow/dags/serving_layer_postgres_load.py
[2025-12-24T18:26:10.056+0000] {processor.py:840} INFO - DAG(s) 'serving_layer_postgres_load' retrieved from /opt/airflow/dags/serving_layer_postgres_load.py
[2025-12-24T18:26:10.211+0000] {logging_mixin.py:188} INFO - [2025-12-24T18:26:10.210+0000] {dag.py:3096} INFO - Sync 1 DAGs
[2025-12-24T18:26:10.336+0000] {logging_mixin.py:188} INFO - [2025-12-24T18:26:10.336+0000] {dag.py:3954} INFO - Setting next_dagrun for serving_layer_postgres_load to 2025-12-24 18:00:00+00:00, run_after=2025-12-25 00:00:00+00:00
[2025-12-24T18:26:10.419+0000] {processor.py:183} INFO - Processing /opt/airflow/dags/serving_layer_postgres_load.py took 1.102 seconds
[2025-12-24T18:26:40.728+0000] {processor.py:161} INFO - Started process (PID=3216) to work on /opt/airflow/dags/serving_layer_postgres_load.py
[2025-12-24T18:26:40.729+0000] {processor.py:830} INFO - Processing file /opt/airflow/dags/serving_layer_postgres_load.py for tasks to queue
[2025-12-24T18:26:40.730+0000] {logging_mixin.py:188} INFO - [2025-12-24T18:26:40.729+0000] {dagbag.py:540} INFO - Filling up the DagBag from /opt/airflow/dags/serving_layer_postgres_load.py
[2025-12-24T18:26:40.898+0000] {processor.py:840} INFO - DAG(s) 'serving_layer_postgres_load' retrieved from /opt/airflow/dags/serving_layer_postgres_load.py
[2025-12-24T18:26:40.956+0000] {logging_mixin.py:188} INFO - [2025-12-24T18:26:40.956+0000] {dag.py:3096} INFO - Sync 1 DAGs
[2025-12-24T18:26:40.996+0000] {logging_mixin.py:188} INFO - [2025-12-24T18:26:40.996+0000] {dag.py:3954} INFO - Setting next_dagrun for serving_layer_postgres_load to 2025-12-24 18:00:00+00:00, run_after=2025-12-25 00:00:00+00:00
[2025-12-24T18:26:41.020+0000] {processor.py:183} INFO - Processing /opt/airflow/dags/serving_layer_postgres_load.py took 0.307 seconds
[2025-12-24T18:27:11.578+0000] {processor.py:161} INFO - Started process (PID=3243) to work on /opt/airflow/dags/serving_layer_postgres_load.py
[2025-12-24T18:27:11.579+0000] {processor.py:830} INFO - Processing file /opt/airflow/dags/serving_layer_postgres_load.py for tasks to queue
[2025-12-24T18:27:11.580+0000] {logging_mixin.py:188} INFO - [2025-12-24T18:27:11.579+0000] {dagbag.py:540} INFO - Filling up the DagBag from /opt/airflow/dags/serving_layer_postgres_load.py
[2025-12-24T18:27:11.757+0000] {processor.py:840} INFO - DAG(s) 'serving_layer_postgres_load' retrieved from /opt/airflow/dags/serving_layer_postgres_load.py
[2025-12-24T18:27:11.797+0000] {logging_mixin.py:188} INFO - [2025-12-24T18:27:11.797+0000] {dag.py:3096} INFO - Sync 1 DAGs
[2025-12-24T18:27:11.846+0000] {logging_mixin.py:188} INFO - [2025-12-24T18:27:11.845+0000] {dag.py:3954} INFO - Setting next_dagrun for serving_layer_postgres_load to 2025-12-24 18:00:00+00:00, run_after=2025-12-25 00:00:00+00:00
[2025-12-24T18:27:11.869+0000] {processor.py:183} INFO - Processing /opt/airflow/dags/serving_layer_postgres_load.py took 0.305 seconds
[2025-12-24T18:27:42.227+0000] {processor.py:161} INFO - Started process (PID=3270) to work on /opt/airflow/dags/serving_layer_postgres_load.py
[2025-12-24T18:27:42.229+0000] {processor.py:830} INFO - Processing file /opt/airflow/dags/serving_layer_postgres_load.py for tasks to queue
[2025-12-24T18:27:42.229+0000] {logging_mixin.py:188} INFO - [2025-12-24T18:27:42.229+0000] {dagbag.py:540} INFO - Filling up the DagBag from /opt/airflow/dags/serving_layer_postgres_load.py
[2025-12-24T18:27:42.372+0000] {processor.py:840} INFO - DAG(s) 'serving_layer_postgres_load' retrieved from /opt/airflow/dags/serving_layer_postgres_load.py
[2025-12-24T18:27:42.412+0000] {logging_mixin.py:188} INFO - [2025-12-24T18:27:42.411+0000] {dag.py:3096} INFO - Sync 1 DAGs
[2025-12-24T18:27:42.456+0000] {logging_mixin.py:188} INFO - [2025-12-24T18:27:42.456+0000] {dag.py:3954} INFO - Setting next_dagrun for serving_layer_postgres_load to 2025-12-24 18:00:00+00:00, run_after=2025-12-25 00:00:00+00:00
[2025-12-24T18:27:42.494+0000] {processor.py:183} INFO - Processing /opt/airflow/dags/serving_layer_postgres_load.py took 0.278 seconds
[2025-12-24T18:28:13.023+0000] {processor.py:161} INFO - Started process (PID=3297) to work on /opt/airflow/dags/serving_layer_postgres_load.py
[2025-12-24T18:28:13.024+0000] {processor.py:830} INFO - Processing file /opt/airflow/dags/serving_layer_postgres_load.py for tasks to queue
[2025-12-24T18:28:13.026+0000] {logging_mixin.py:188} INFO - [2025-12-24T18:28:13.025+0000] {dagbag.py:540} INFO - Filling up the DagBag from /opt/airflow/dags/serving_layer_postgres_load.py
[2025-12-24T18:28:13.192+0000] {processor.py:840} INFO - DAG(s) 'serving_layer_postgres_load' retrieved from /opt/airflow/dags/serving_layer_postgres_load.py
[2025-12-24T18:28:13.226+0000] {logging_mixin.py:188} INFO - [2025-12-24T18:28:13.225+0000] {dag.py:3096} INFO - Sync 1 DAGs
[2025-12-24T18:28:13.257+0000] {logging_mixin.py:188} INFO - [2025-12-24T18:28:13.256+0000] {dag.py:3954} INFO - Setting next_dagrun for serving_layer_postgres_load to 2025-12-24 18:00:00+00:00, run_after=2025-12-25 00:00:00+00:00
[2025-12-24T18:28:13.276+0000] {processor.py:183} INFO - Processing /opt/airflow/dags/serving_layer_postgres_load.py took 0.264 seconds
[2025-12-24T18:28:44.062+0000] {processor.py:161} INFO - Started process (PID=3506) to work on /opt/airflow/dags/serving_layer_postgres_load.py
[2025-12-24T18:28:44.095+0000] {processor.py:830} INFO - Processing file /opt/airflow/dags/serving_layer_postgres_load.py for tasks to queue
[2025-12-24T18:28:44.113+0000] {logging_mixin.py:188} INFO - [2025-12-24T18:28:44.108+0000] {dagbag.py:540} INFO - Filling up the DagBag from /opt/airflow/dags/serving_layer_postgres_load.py
[2025-12-24T18:28:45.274+0000] {processor.py:840} INFO - DAG(s) 'serving_layer_postgres_load' retrieved from /opt/airflow/dags/serving_layer_postgres_load.py
[2025-12-24T18:28:45.393+0000] {logging_mixin.py:188} INFO - [2025-12-24T18:28:45.393+0000] {dag.py:3096} INFO - Sync 1 DAGs
[2025-12-24T18:28:45.541+0000] {logging_mixin.py:188} INFO - [2025-12-24T18:28:45.540+0000] {dag.py:3954} INFO - Setting next_dagrun for serving_layer_postgres_load to 2025-12-24 18:00:00+00:00, run_after=2025-12-25 00:00:00+00:00
[2025-12-24T18:28:45.615+0000] {processor.py:183} INFO - Processing /opt/airflow/dags/serving_layer_postgres_load.py took 1.746 seconds
[2025-12-24T18:29:16.684+0000] {processor.py:161} INFO - Started process (PID=3876) to work on /opt/airflow/dags/serving_layer_postgres_load.py
[2025-12-24T18:29:16.686+0000] {processor.py:830} INFO - Processing file /opt/airflow/dags/serving_layer_postgres_load.py for tasks to queue
[2025-12-24T18:29:16.689+0000] {logging_mixin.py:188} INFO - [2025-12-24T18:29:16.688+0000] {dagbag.py:540} INFO - Filling up the DagBag from /opt/airflow/dags/serving_layer_postgres_load.py
[2025-12-24T18:29:17.119+0000] {processor.py:840} INFO - DAG(s) 'serving_layer_postgres_load' retrieved from /opt/airflow/dags/serving_layer_postgres_load.py
[2025-12-24T18:29:17.211+0000] {logging_mixin.py:188} INFO - [2025-12-24T18:29:17.211+0000] {dag.py:3096} INFO - Sync 1 DAGs
[2025-12-24T18:29:17.301+0000] {logging_mixin.py:188} INFO - [2025-12-24T18:29:17.301+0000] {dag.py:3954} INFO - Setting next_dagrun for serving_layer_postgres_load to 2025-12-24 18:00:00+00:00, run_after=2025-12-25 00:00:00+00:00
[2025-12-24T18:29:17.359+0000] {processor.py:183} INFO - Processing /opt/airflow/dags/serving_layer_postgres_load.py took 0.693 seconds
[2025-12-24T18:29:48.336+0000] {processor.py:161} INFO - Started process (PID=3965) to work on /opt/airflow/dags/serving_layer_postgres_load.py
[2025-12-24T18:29:48.337+0000] {processor.py:830} INFO - Processing file /opt/airflow/dags/serving_layer_postgres_load.py for tasks to queue
[2025-12-24T18:29:48.338+0000] {logging_mixin.py:188} INFO - [2025-12-24T18:29:48.337+0000] {dagbag.py:540} INFO - Filling up the DagBag from /opt/airflow/dags/serving_layer_postgres_load.py
[2025-12-24T18:29:48.507+0000] {processor.py:840} INFO - DAG(s) 'serving_layer_postgres_load' retrieved from /opt/airflow/dags/serving_layer_postgres_load.py
[2025-12-24T18:29:48.550+0000] {logging_mixin.py:188} INFO - [2025-12-24T18:29:48.549+0000] {dag.py:3096} INFO - Sync 1 DAGs
[2025-12-24T18:29:48.593+0000] {logging_mixin.py:188} INFO - [2025-12-24T18:29:48.592+0000] {dag.py:3954} INFO - Setting next_dagrun for serving_layer_postgres_load to 2025-12-24 18:00:00+00:00, run_after=2025-12-25 00:00:00+00:00
[2025-12-24T18:29:48.627+0000] {processor.py:183} INFO - Processing /opt/airflow/dags/serving_layer_postgres_load.py took 0.300 seconds
[2025-12-24T18:30:19.004+0000] {processor.py:161} INFO - Started process (PID=3992) to work on /opt/airflow/dags/serving_layer_postgres_load.py
[2025-12-24T18:30:19.005+0000] {processor.py:830} INFO - Processing file /opt/airflow/dags/serving_layer_postgres_load.py for tasks to queue
[2025-12-24T18:30:19.007+0000] {logging_mixin.py:188} INFO - [2025-12-24T18:30:19.006+0000] {dagbag.py:540} INFO - Filling up the DagBag from /opt/airflow/dags/serving_layer_postgres_load.py
[2025-12-24T18:30:19.172+0000] {processor.py:840} INFO - DAG(s) 'serving_layer_postgres_load' retrieved from /opt/airflow/dags/serving_layer_postgres_load.py
[2025-12-24T18:30:19.212+0000] {logging_mixin.py:188} INFO - [2025-12-24T18:30:19.212+0000] {dag.py:3096} INFO - Sync 1 DAGs
[2025-12-24T18:30:19.254+0000] {logging_mixin.py:188} INFO - [2025-12-24T18:30:19.254+0000] {dag.py:3954} INFO - Setting next_dagrun for serving_layer_postgres_load to 2025-12-24 18:00:00+00:00, run_after=2025-12-25 00:00:00+00:00
[2025-12-24T18:30:19.279+0000] {processor.py:183} INFO - Processing /opt/airflow/dags/serving_layer_postgres_load.py took 0.284 seconds
[2025-12-24T18:30:49.737+0000] {processor.py:161} INFO - Started process (PID=4094) to work on /opt/airflow/dags/serving_layer_postgres_load.py
[2025-12-24T18:30:49.738+0000] {processor.py:830} INFO - Processing file /opt/airflow/dags/serving_layer_postgres_load.py for tasks to queue
[2025-12-24T18:30:49.742+0000] {logging_mixin.py:188} INFO - [2025-12-24T18:30:49.740+0000] {dagbag.py:540} INFO - Filling up the DagBag from /opt/airflow/dags/serving_layer_postgres_load.py
[2025-12-24T18:30:50.152+0000] {processor.py:840} INFO - DAG(s) 'serving_layer_postgres_load' retrieved from /opt/airflow/dags/serving_layer_postgres_load.py
[2025-12-24T18:30:50.253+0000] {logging_mixin.py:188} INFO - [2025-12-24T18:30:50.252+0000] {dag.py:3096} INFO - Sync 1 DAGs
[2025-12-24T18:30:50.349+0000] {logging_mixin.py:188} INFO - [2025-12-24T18:30:50.349+0000] {dag.py:3954} INFO - Setting next_dagrun for serving_layer_postgres_load to 2025-12-24 18:00:00+00:00, run_after=2025-12-25 00:00:00+00:00
[2025-12-24T18:30:50.404+0000] {processor.py:183} INFO - Processing /opt/airflow/dags/serving_layer_postgres_load.py took 0.709 seconds
[2025-12-24T18:31:20.939+0000] {processor.py:161} INFO - Started process (PID=4281) to work on /opt/airflow/dags/serving_layer_postgres_load.py
[2025-12-24T18:31:20.940+0000] {processor.py:830} INFO - Processing file /opt/airflow/dags/serving_layer_postgres_load.py for tasks to queue
[2025-12-24T18:31:20.941+0000] {logging_mixin.py:188} INFO - [2025-12-24T18:31:20.941+0000] {dagbag.py:540} INFO - Filling up the DagBag from /opt/airflow/dags/serving_layer_postgres_load.py
[2025-12-24T18:31:21.130+0000] {processor.py:840} INFO - DAG(s) 'serving_layer_postgres_load' retrieved from /opt/airflow/dags/serving_layer_postgres_load.py
[2025-12-24T18:31:21.165+0000] {logging_mixin.py:188} INFO - [2025-12-24T18:31:21.165+0000] {dag.py:3096} INFO - Sync 1 DAGs
[2025-12-24T18:31:21.202+0000] {logging_mixin.py:188} INFO - [2025-12-24T18:31:21.201+0000] {dag.py:3954} INFO - Setting next_dagrun for serving_layer_postgres_load to 2025-12-24 18:00:00+00:00, run_after=2025-12-25 00:00:00+00:00
[2025-12-24T18:31:21.227+0000] {processor.py:183} INFO - Processing /opt/airflow/dags/serving_layer_postgres_load.py took 0.297 seconds
[2025-12-24T18:31:52.018+0000] {processor.py:161} INFO - Started process (PID=4308) to work on /opt/airflow/dags/serving_layer_postgres_load.py
[2025-12-24T18:31:52.020+0000] {processor.py:830} INFO - Processing file /opt/airflow/dags/serving_layer_postgres_load.py for tasks to queue
[2025-12-24T18:31:52.023+0000] {logging_mixin.py:188} INFO - [2025-12-24T18:31:52.022+0000] {dagbag.py:540} INFO - Filling up the DagBag from /opt/airflow/dags/serving_layer_postgres_load.py
[2025-12-24T18:31:52.300+0000] {processor.py:840} INFO - DAG(s) 'serving_layer_postgres_load' retrieved from /opt/airflow/dags/serving_layer_postgres_load.py
[2025-12-24T18:31:52.342+0000] {logging_mixin.py:188} INFO - [2025-12-24T18:31:52.342+0000] {dag.py:3096} INFO - Sync 1 DAGs
[2025-12-24T18:31:52.381+0000] {logging_mixin.py:188} INFO - [2025-12-24T18:31:52.381+0000] {dag.py:3954} INFO - Setting next_dagrun for serving_layer_postgres_load to 2025-12-24 18:00:00+00:00, run_after=2025-12-25 00:00:00+00:00
[2025-12-24T18:31:52.409+0000] {processor.py:183} INFO - Processing /opt/airflow/dags/serving_layer_postgres_load.py took 0.425 seconds
[2025-12-24T18:32:22.593+0000] {processor.py:161} INFO - Started process (PID=4335) to work on /opt/airflow/dags/serving_layer_postgres_load.py
[2025-12-24T18:32:22.596+0000] {processor.py:830} INFO - Processing file /opt/airflow/dags/serving_layer_postgres_load.py for tasks to queue
[2025-12-24T18:32:22.597+0000] {logging_mixin.py:188} INFO - [2025-12-24T18:32:22.596+0000] {dagbag.py:540} INFO - Filling up the DagBag from /opt/airflow/dags/serving_layer_postgres_load.py
[2025-12-24T18:32:22.841+0000] {processor.py:840} INFO - DAG(s) 'serving_layer_postgres_load' retrieved from /opt/airflow/dags/serving_layer_postgres_load.py
[2025-12-24T18:32:22.880+0000] {logging_mixin.py:188} INFO - [2025-12-24T18:32:22.880+0000] {dag.py:3096} INFO - Sync 1 DAGs
[2025-12-24T18:32:22.919+0000] {logging_mixin.py:188} INFO - [2025-12-24T18:32:22.919+0000] {dag.py:3954} INFO - Setting next_dagrun for serving_layer_postgres_load to 2025-12-24 18:00:00+00:00, run_after=2025-12-25 00:00:00+00:00
[2025-12-24T18:32:22.957+0000] {processor.py:183} INFO - Processing /opt/airflow/dags/serving_layer_postgres_load.py took 0.374 seconds
[2025-12-24T18:32:53.492+0000] {processor.py:161} INFO - Started process (PID=4377) to work on /opt/airflow/dags/serving_layer_postgres_load.py
[2025-12-24T18:32:53.493+0000] {processor.py:830} INFO - Processing file /opt/airflow/dags/serving_layer_postgres_load.py for tasks to queue
[2025-12-24T18:32:53.494+0000] {logging_mixin.py:188} INFO - [2025-12-24T18:32:53.494+0000] {dagbag.py:540} INFO - Filling up the DagBag from /opt/airflow/dags/serving_layer_postgres_load.py
[2025-12-24T18:32:53.662+0000] {processor.py:840} INFO - DAG(s) 'serving_layer_postgres_load' retrieved from /opt/airflow/dags/serving_layer_postgres_load.py
[2025-12-24T18:32:53.708+0000] {logging_mixin.py:188} INFO - [2025-12-24T18:32:53.708+0000] {dag.py:3096} INFO - Sync 1 DAGs
[2025-12-24T18:32:53.758+0000] {logging_mixin.py:188} INFO - [2025-12-24T18:32:53.757+0000] {dag.py:3954} INFO - Setting next_dagrun for serving_layer_postgres_load to 2025-12-24 18:00:00+00:00, run_after=2025-12-25 00:00:00+00:00
[2025-12-24T18:32:53.789+0000] {processor.py:183} INFO - Processing /opt/airflow/dags/serving_layer_postgres_load.py took 0.305 seconds
[2025-12-24T18:33:24.249+0000] {processor.py:161} INFO - Started process (PID=4404) to work on /opt/airflow/dags/serving_layer_postgres_load.py
[2025-12-24T18:33:24.249+0000] {processor.py:830} INFO - Processing file /opt/airflow/dags/serving_layer_postgres_load.py for tasks to queue
[2025-12-24T18:33:24.250+0000] {logging_mixin.py:188} INFO - [2025-12-24T18:33:24.250+0000] {dagbag.py:540} INFO - Filling up the DagBag from /opt/airflow/dags/serving_layer_postgres_load.py
[2025-12-24T18:33:24.385+0000] {processor.py:840} INFO - DAG(s) 'serving_layer_postgres_load' retrieved from /opt/airflow/dags/serving_layer_postgres_load.py
[2025-12-24T18:33:24.416+0000] {logging_mixin.py:188} INFO - [2025-12-24T18:33:24.416+0000] {dag.py:3096} INFO - Sync 1 DAGs
[2025-12-24T18:33:24.445+0000] {logging_mixin.py:188} INFO - [2025-12-24T18:33:24.445+0000] {dag.py:3954} INFO - Setting next_dagrun for serving_layer_postgres_load to 2025-12-24 18:00:00+00:00, run_after=2025-12-25 00:00:00+00:00
[2025-12-24T18:33:24.465+0000] {processor.py:183} INFO - Processing /opt/airflow/dags/serving_layer_postgres_load.py took 0.229 seconds
[2025-12-24T18:33:54.982+0000] {processor.py:161} INFO - Started process (PID=4431) to work on /opt/airflow/dags/serving_layer_postgres_load.py
[2025-12-24T18:33:54.984+0000] {processor.py:830} INFO - Processing file /opt/airflow/dags/serving_layer_postgres_load.py for tasks to queue
[2025-12-24T18:33:54.984+0000] {logging_mixin.py:188} INFO - [2025-12-24T18:33:54.984+0000] {dagbag.py:540} INFO - Filling up the DagBag from /opt/airflow/dags/serving_layer_postgres_load.py
[2025-12-24T18:33:55.120+0000] {processor.py:840} INFO - DAG(s) 'serving_layer_postgres_load' retrieved from /opt/airflow/dags/serving_layer_postgres_load.py
[2025-12-24T18:33:55.151+0000] {logging_mixin.py:188} INFO - [2025-12-24T18:33:55.150+0000] {dag.py:3096} INFO - Sync 1 DAGs
[2025-12-24T18:33:55.189+0000] {logging_mixin.py:188} INFO - [2025-12-24T18:33:55.188+0000] {dag.py:3954} INFO - Setting next_dagrun for serving_layer_postgres_load to 2025-12-24 18:00:00+00:00, run_after=2025-12-25 00:00:00+00:00
[2025-12-24T18:33:55.212+0000] {processor.py:183} INFO - Processing /opt/airflow/dags/serving_layer_postgres_load.py took 0.241 seconds
[2025-12-24T18:34:25.408+0000] {processor.py:161} INFO - Started process (PID=4458) to work on /opt/airflow/dags/serving_layer_postgres_load.py
[2025-12-24T18:34:25.409+0000] {processor.py:830} INFO - Processing file /opt/airflow/dags/serving_layer_postgres_load.py for tasks to queue
[2025-12-24T18:34:25.409+0000] {logging_mixin.py:188} INFO - [2025-12-24T18:34:25.409+0000] {dagbag.py:540} INFO - Filling up the DagBag from /opt/airflow/dags/serving_layer_postgres_load.py
[2025-12-24T18:34:25.548+0000] {processor.py:840} INFO - DAG(s) 'serving_layer_postgres_load' retrieved from /opt/airflow/dags/serving_layer_postgres_load.py
[2025-12-24T18:34:25.581+0000] {logging_mixin.py:188} INFO - [2025-12-24T18:34:25.581+0000] {dag.py:3096} INFO - Sync 1 DAGs
[2025-12-24T18:34:25.614+0000] {logging_mixin.py:188} INFO - [2025-12-24T18:34:25.614+0000] {dag.py:3954} INFO - Setting next_dagrun for serving_layer_postgres_load to 2025-12-24 18:00:00+00:00, run_after=2025-12-25 00:00:00+00:00
[2025-12-24T18:34:25.638+0000] {processor.py:183} INFO - Processing /opt/airflow/dags/serving_layer_postgres_load.py took 0.242 seconds
[2025-12-24T18:34:56.182+0000] {processor.py:161} INFO - Started process (PID=4485) to work on /opt/airflow/dags/serving_layer_postgres_load.py
[2025-12-24T18:34:56.184+0000] {processor.py:830} INFO - Processing file /opt/airflow/dags/serving_layer_postgres_load.py for tasks to queue
[2025-12-24T18:34:56.185+0000] {logging_mixin.py:188} INFO - [2025-12-24T18:34:56.185+0000] {dagbag.py:540} INFO - Filling up the DagBag from /opt/airflow/dags/serving_layer_postgres_load.py
[2025-12-24T18:34:56.382+0000] {processor.py:840} INFO - DAG(s) 'serving_layer_postgres_load' retrieved from /opt/airflow/dags/serving_layer_postgres_load.py
[2025-12-24T18:34:56.419+0000] {logging_mixin.py:188} INFO - [2025-12-24T18:34:56.419+0000] {dag.py:3096} INFO - Sync 1 DAGs
[2025-12-24T18:34:56.456+0000] {logging_mixin.py:188} INFO - [2025-12-24T18:34:56.456+0000] {dag.py:3954} INFO - Setting next_dagrun for serving_layer_postgres_load to 2025-12-24 18:00:00+00:00, run_after=2025-12-25 00:00:00+00:00
[2025-12-24T18:34:56.481+0000] {processor.py:183} INFO - Processing /opt/airflow/dags/serving_layer_postgres_load.py took 0.311 seconds
[2025-12-24T18:35:27.102+0000] {processor.py:161} INFO - Started process (PID=4518) to work on /opt/airflow/dags/serving_layer_postgres_load.py
[2025-12-24T18:35:27.104+0000] {processor.py:830} INFO - Processing file /opt/airflow/dags/serving_layer_postgres_load.py for tasks to queue
[2025-12-24T18:35:27.105+0000] {logging_mixin.py:188} INFO - [2025-12-24T18:35:27.105+0000] {dagbag.py:540} INFO - Filling up the DagBag from /opt/airflow/dags/serving_layer_postgres_load.py
[2025-12-24T18:35:27.266+0000] {processor.py:840} INFO - DAG(s) 'serving_layer_postgres_load' retrieved from /opt/airflow/dags/serving_layer_postgres_load.py
[2025-12-24T18:35:27.306+0000] {logging_mixin.py:188} INFO - [2025-12-24T18:35:27.306+0000] {dag.py:3096} INFO - Sync 1 DAGs
[2025-12-24T18:35:27.337+0000] {logging_mixin.py:188} INFO - [2025-12-24T18:35:27.337+0000] {dag.py:3954} INFO - Setting next_dagrun for serving_layer_postgres_load to 2025-12-24 18:00:00+00:00, run_after=2025-12-25 00:00:00+00:00
[2025-12-24T18:35:27.359+0000] {processor.py:183} INFO - Processing /opt/airflow/dags/serving_layer_postgres_load.py took 0.267 seconds
[2025-12-24T18:35:57.913+0000] {processor.py:161} INFO - Started process (PID=4558) to work on /opt/airflow/dags/serving_layer_postgres_load.py
[2025-12-24T18:35:57.914+0000] {processor.py:830} INFO - Processing file /opt/airflow/dags/serving_layer_postgres_load.py for tasks to queue
[2025-12-24T18:35:57.916+0000] {logging_mixin.py:188} INFO - [2025-12-24T18:35:57.915+0000] {dagbag.py:540} INFO - Filling up the DagBag from /opt/airflow/dags/serving_layer_postgres_load.py
[2025-12-24T18:35:58.126+0000] {processor.py:840} INFO - DAG(s) 'serving_layer_postgres_load' retrieved from /opt/airflow/dags/serving_layer_postgres_load.py
[2025-12-24T18:35:58.165+0000] {logging_mixin.py:188} INFO - [2025-12-24T18:35:58.165+0000] {dag.py:3096} INFO - Sync 1 DAGs
[2025-12-24T18:35:58.209+0000] {logging_mixin.py:188} INFO - [2025-12-24T18:35:58.209+0000] {dag.py:3954} INFO - Setting next_dagrun for serving_layer_postgres_load to 2025-12-24 18:00:00+00:00, run_after=2025-12-25 00:00:00+00:00
[2025-12-24T18:35:58.246+0000] {processor.py:183} INFO - Processing /opt/airflow/dags/serving_layer_postgres_load.py took 0.344 seconds
[2025-12-24T18:36:28.722+0000] {processor.py:161} INFO - Started process (PID=4585) to work on /opt/airflow/dags/serving_layer_postgres_load.py
[2025-12-24T18:36:28.723+0000] {processor.py:830} INFO - Processing file /opt/airflow/dags/serving_layer_postgres_load.py for tasks to queue
[2025-12-24T18:36:28.724+0000] {logging_mixin.py:188} INFO - [2025-12-24T18:36:28.723+0000] {dagbag.py:540} INFO - Filling up the DagBag from /opt/airflow/dags/serving_layer_postgres_load.py
[2025-12-24T18:36:28.896+0000] {processor.py:840} INFO - DAG(s) 'serving_layer_postgres_load' retrieved from /opt/airflow/dags/serving_layer_postgres_load.py
[2025-12-24T18:36:28.929+0000] {logging_mixin.py:188} INFO - [2025-12-24T18:36:28.929+0000] {dag.py:3096} INFO - Sync 1 DAGs
[2025-12-24T18:36:28.965+0000] {logging_mixin.py:188} INFO - [2025-12-24T18:36:28.964+0000] {dag.py:3954} INFO - Setting next_dagrun for serving_layer_postgres_load to 2025-12-24 18:00:00+00:00, run_after=2025-12-25 00:00:00+00:00
[2025-12-24T18:36:28.991+0000] {processor.py:183} INFO - Processing /opt/airflow/dags/serving_layer_postgres_load.py took 0.279 seconds
[2025-12-24T18:36:59.190+0000] {processor.py:161} INFO - Started process (PID=4617) to work on /opt/airflow/dags/serving_layer_postgres_load.py
[2025-12-24T18:36:59.192+0000] {processor.py:830} INFO - Processing file /opt/airflow/dags/serving_layer_postgres_load.py for tasks to queue
[2025-12-24T18:36:59.193+0000] {logging_mixin.py:188} INFO - [2025-12-24T18:36:59.192+0000] {dagbag.py:540} INFO - Filling up the DagBag from /opt/airflow/dags/serving_layer_postgres_load.py
[2025-12-24T18:36:59.391+0000] {processor.py:840} INFO - DAG(s) 'serving_layer_postgres_load' retrieved from /opt/airflow/dags/serving_layer_postgres_load.py
[2025-12-24T18:36:59.442+0000] {logging_mixin.py:188} INFO - [2025-12-24T18:36:59.442+0000] {dag.py:3096} INFO - Sync 1 DAGs
[2025-12-24T18:36:59.485+0000] {logging_mixin.py:188} INFO - [2025-12-24T18:36:59.485+0000] {dag.py:3954} INFO - Setting next_dagrun for serving_layer_postgres_load to 2025-12-24 18:00:00+00:00, run_after=2025-12-25 00:00:00+00:00
[2025-12-24T18:36:59.520+0000] {processor.py:183} INFO - Processing /opt/airflow/dags/serving_layer_postgres_load.py took 0.341 seconds
[2025-12-24T18:37:29.938+0000] {processor.py:161} INFO - Started process (PID=4632) to work on /opt/airflow/dags/serving_layer_postgres_load.py
[2025-12-24T18:37:29.939+0000] {processor.py:830} INFO - Processing file /opt/airflow/dags/serving_layer_postgres_load.py for tasks to queue
[2025-12-24T18:37:29.940+0000] {logging_mixin.py:188} INFO - [2025-12-24T18:37:29.940+0000] {dagbag.py:540} INFO - Filling up the DagBag from /opt/airflow/dags/serving_layer_postgres_load.py
[2025-12-24T18:37:30.119+0000] {processor.py:840} INFO - DAG(s) 'serving_layer_postgres_load' retrieved from /opt/airflow/dags/serving_layer_postgres_load.py
[2025-12-24T18:37:30.155+0000] {logging_mixin.py:188} INFO - [2025-12-24T18:37:30.154+0000] {dag.py:3096} INFO - Sync 1 DAGs
[2025-12-24T18:37:30.190+0000] {logging_mixin.py:188} INFO - [2025-12-24T18:37:30.190+0000] {dag.py:3954} INFO - Setting next_dagrun for serving_layer_postgres_load to 2025-12-24 18:00:00+00:00, run_after=2025-12-25 00:00:00+00:00
[2025-12-24T18:37:30.217+0000] {processor.py:183} INFO - Processing /opt/airflow/dags/serving_layer_postgres_load.py took 0.288 seconds
[2025-12-24T18:38:00.736+0000] {processor.py:161} INFO - Started process (PID=4661) to work on /opt/airflow/dags/serving_layer_postgres_load.py
[2025-12-24T18:38:00.738+0000] {processor.py:830} INFO - Processing file /opt/airflow/dags/serving_layer_postgres_load.py for tasks to queue
[2025-12-24T18:38:00.739+0000] {logging_mixin.py:188} INFO - [2025-12-24T18:38:00.739+0000] {dagbag.py:540} INFO - Filling up the DagBag from /opt/airflow/dags/serving_layer_postgres_load.py
[2025-12-24T18:38:00.967+0000] {processor.py:840} INFO - DAG(s) 'serving_layer_postgres_load' retrieved from /opt/airflow/dags/serving_layer_postgres_load.py
[2025-12-24T18:38:01.003+0000] {logging_mixin.py:188} INFO - [2025-12-24T18:38:01.003+0000] {dag.py:3096} INFO - Sync 1 DAGs
[2025-12-24T18:38:01.037+0000] {logging_mixin.py:188} INFO - [2025-12-24T18:38:01.036+0000] {dag.py:3954} INFO - Setting next_dagrun for serving_layer_postgres_load to 2025-12-24 18:00:00+00:00, run_after=2025-12-25 00:00:00+00:00
[2025-12-24T18:38:01.059+0000] {processor.py:183} INFO - Processing /opt/airflow/dags/serving_layer_postgres_load.py took 0.335 seconds
[2025-12-24T18:38:31.571+0000] {processor.py:161} INFO - Started process (PID=4688) to work on /opt/airflow/dags/serving_layer_postgres_load.py
[2025-12-24T18:38:31.573+0000] {processor.py:830} INFO - Processing file /opt/airflow/dags/serving_layer_postgres_load.py for tasks to queue
[2025-12-24T18:38:31.575+0000] {logging_mixin.py:188} INFO - [2025-12-24T18:38:31.574+0000] {dagbag.py:540} INFO - Filling up the DagBag from /opt/airflow/dags/serving_layer_postgres_load.py
[2025-12-24T18:38:31.744+0000] {processor.py:840} INFO - DAG(s) 'serving_layer_postgres_load' retrieved from /opt/airflow/dags/serving_layer_postgres_load.py
[2025-12-24T18:38:31.788+0000] {logging_mixin.py:188} INFO - [2025-12-24T18:38:31.788+0000] {dag.py:3096} INFO - Sync 1 DAGs
[2025-12-24T18:38:31.829+0000] {logging_mixin.py:188} INFO - [2025-12-24T18:38:31.829+0000] {dag.py:3954} INFO - Setting next_dagrun for serving_layer_postgres_load to 2025-12-24 18:00:00+00:00, run_after=2025-12-25 00:00:00+00:00
[2025-12-24T18:38:31.858+0000] {processor.py:183} INFO - Processing /opt/airflow/dags/serving_layer_postgres_load.py took 0.299 seconds
[2025-12-24T18:39:02.375+0000] {processor.py:161} INFO - Started process (PID=4715) to work on /opt/airflow/dags/serving_layer_postgres_load.py
[2025-12-24T18:39:02.377+0000] {processor.py:830} INFO - Processing file /opt/airflow/dags/serving_layer_postgres_load.py for tasks to queue
[2025-12-24T18:39:02.379+0000] {logging_mixin.py:188} INFO - [2025-12-24T18:39:02.379+0000] {dagbag.py:540} INFO - Filling up the DagBag from /opt/airflow/dags/serving_layer_postgres_load.py
[2025-12-24T18:39:02.608+0000] {processor.py:840} INFO - DAG(s) 'serving_layer_postgres_load' retrieved from /opt/airflow/dags/serving_layer_postgres_load.py
[2025-12-24T18:39:02.691+0000] {logging_mixin.py:188} INFO - [2025-12-24T18:39:02.690+0000] {dag.py:3096} INFO - Sync 1 DAGs
[2025-12-24T18:39:02.748+0000] {logging_mixin.py:188} INFO - [2025-12-24T18:39:02.748+0000] {dag.py:3954} INFO - Setting next_dagrun for serving_layer_postgres_load to 2025-12-24 18:00:00+00:00, run_after=2025-12-25 00:00:00+00:00
[2025-12-24T18:39:02.775+0000] {processor.py:183} INFO - Processing /opt/airflow/dags/serving_layer_postgres_load.py took 0.412 seconds
[2025-12-24T18:39:32.971+0000] {processor.py:161} INFO - Started process (PID=4742) to work on /opt/airflow/dags/serving_layer_postgres_load.py
[2025-12-24T18:39:32.972+0000] {processor.py:830} INFO - Processing file /opt/airflow/dags/serving_layer_postgres_load.py for tasks to queue
[2025-12-24T18:39:32.973+0000] {logging_mixin.py:188} INFO - [2025-12-24T18:39:32.973+0000] {dagbag.py:540} INFO - Filling up the DagBag from /opt/airflow/dags/serving_layer_postgres_load.py
[2025-12-24T18:39:33.230+0000] {processor.py:840} INFO - DAG(s) 'serving_layer_postgres_load' retrieved from /opt/airflow/dags/serving_layer_postgres_load.py
[2025-12-24T18:39:33.271+0000] {logging_mixin.py:188} INFO - [2025-12-24T18:39:33.270+0000] {dag.py:3096} INFO - Sync 1 DAGs
[2025-12-24T18:39:33.310+0000] {logging_mixin.py:188} INFO - [2025-12-24T18:39:33.310+0000] {dag.py:3954} INFO - Setting next_dagrun for serving_layer_postgres_load to 2025-12-24 18:00:00+00:00, run_after=2025-12-25 00:00:00+00:00
[2025-12-24T18:39:33.341+0000] {processor.py:183} INFO - Processing /opt/airflow/dags/serving_layer_postgres_load.py took 0.382 seconds
[2025-12-24T18:40:03.613+0000] {processor.py:161} INFO - Started process (PID=4769) to work on /opt/airflow/dags/serving_layer_postgres_load.py
[2025-12-24T18:40:03.615+0000] {processor.py:830} INFO - Processing file /opt/airflow/dags/serving_layer_postgres_load.py for tasks to queue
[2025-12-24T18:40:03.618+0000] {logging_mixin.py:188} INFO - [2025-12-24T18:40:03.617+0000] {dagbag.py:540} INFO - Filling up the DagBag from /opt/airflow/dags/serving_layer_postgres_load.py
[2025-12-24T18:40:04.000+0000] {processor.py:840} INFO - DAG(s) 'serving_layer_postgres_load' retrieved from /opt/airflow/dags/serving_layer_postgres_load.py
[2025-12-24T18:40:04.062+0000] {logging_mixin.py:188} INFO - [2025-12-24T18:40:04.061+0000] {dag.py:3096} INFO - Sync 1 DAGs
[2025-12-24T18:40:04.112+0000] {logging_mixin.py:188} INFO - [2025-12-24T18:40:04.112+0000] {dag.py:3954} INFO - Setting next_dagrun for serving_layer_postgres_load to 2025-12-24 18:00:00+00:00, run_after=2025-12-25 00:00:00+00:00
[2025-12-24T18:40:04.148+0000] {processor.py:183} INFO - Processing /opt/airflow/dags/serving_layer_postgres_load.py took 0.570 seconds
[2025-12-24T18:40:34.651+0000] {processor.py:161} INFO - Started process (PID=4957) to work on /opt/airflow/dags/serving_layer_postgres_load.py
[2025-12-24T18:40:34.655+0000] {processor.py:830} INFO - Processing file /opt/airflow/dags/serving_layer_postgres_load.py for tasks to queue
[2025-12-24T18:40:34.662+0000] {logging_mixin.py:188} INFO - [2025-12-24T18:40:34.658+0000] {dagbag.py:540} INFO - Filling up the DagBag from /opt/airflow/dags/serving_layer_postgres_load.py
[2025-12-24T18:40:35.104+0000] {processor.py:840} INFO - DAG(s) 'serving_layer_postgres_load' retrieved from /opt/airflow/dags/serving_layer_postgres_load.py
[2025-12-24T18:40:35.176+0000] {logging_mixin.py:188} INFO - [2025-12-24T18:40:35.175+0000] {dag.py:3096} INFO - Sync 1 DAGs
[2025-12-24T18:40:35.241+0000] {logging_mixin.py:188} INFO - [2025-12-24T18:40:35.240+0000] {dag.py:3954} INFO - Setting next_dagrun for serving_layer_postgres_load to 2025-12-24 18:00:00+00:00, run_after=2025-12-25 00:00:00+00:00
[2025-12-24T18:40:35.280+0000] {processor.py:183} INFO - Processing /opt/airflow/dags/serving_layer_postgres_load.py took 0.693 seconds
[2025-12-24T18:41:05.834+0000] {processor.py:161} INFO - Started process (PID=5231) to work on /opt/airflow/dags/serving_layer_postgres_load.py
[2025-12-24T18:41:05.835+0000] {processor.py:830} INFO - Processing file /opt/airflow/dags/serving_layer_postgres_load.py for tasks to queue
[2025-12-24T18:41:05.838+0000] {logging_mixin.py:188} INFO - [2025-12-24T18:41:05.837+0000] {dagbag.py:540} INFO - Filling up the DagBag from /opt/airflow/dags/serving_layer_postgres_load.py
[2025-12-24T18:41:06.217+0000] {processor.py:840} INFO - DAG(s) 'serving_layer_postgres_load' retrieved from /opt/airflow/dags/serving_layer_postgres_load.py
[2025-12-24T18:41:06.287+0000] {logging_mixin.py:188} INFO - [2025-12-24T18:41:06.286+0000] {dag.py:3096} INFO - Sync 1 DAGs
[2025-12-24T18:41:06.357+0000] {logging_mixin.py:188} INFO - [2025-12-24T18:41:06.357+0000] {dag.py:3954} INFO - Setting next_dagrun for serving_layer_postgres_load to 2025-12-24 18:00:00+00:00, run_after=2025-12-25 00:00:00+00:00
[2025-12-24T18:41:06.423+0000] {processor.py:183} INFO - Processing /opt/airflow/dags/serving_layer_postgres_load.py took 0.603 seconds
[2025-12-24T18:41:36.853+0000] {processor.py:161} INFO - Started process (PID=5291) to work on /opt/airflow/dags/serving_layer_postgres_load.py
[2025-12-24T18:41:36.870+0000] {processor.py:830} INFO - Processing file /opt/airflow/dags/serving_layer_postgres_load.py for tasks to queue
[2025-12-24T18:41:36.877+0000] {logging_mixin.py:188} INFO - [2025-12-24T18:41:36.876+0000] {dagbag.py:540} INFO - Filling up the DagBag from /opt/airflow/dags/serving_layer_postgres_load.py
[2025-12-24T18:41:37.610+0000] {processor.py:840} INFO - DAG(s) 'serving_layer_postgres_load' retrieved from /opt/airflow/dags/serving_layer_postgres_load.py
[2025-12-24T18:41:37.695+0000] {logging_mixin.py:188} INFO - [2025-12-24T18:41:37.694+0000] {dag.py:3096} INFO - Sync 1 DAGs
[2025-12-24T18:41:37.757+0000] {logging_mixin.py:188} INFO - [2025-12-24T18:41:37.757+0000] {dag.py:3954} INFO - Setting next_dagrun for serving_layer_postgres_load to 2025-12-24 18:00:00+00:00, run_after=2025-12-25 00:00:00+00:00
[2025-12-24T18:41:37.813+0000] {processor.py:183} INFO - Processing /opt/airflow/dags/serving_layer_postgres_load.py took 1.025 seconds
[2025-12-24T18:42:08.362+0000] {processor.py:161} INFO - Started process (PID=5461) to work on /opt/airflow/dags/serving_layer_postgres_load.py
[2025-12-24T18:42:08.364+0000] {processor.py:830} INFO - Processing file /opt/airflow/dags/serving_layer_postgres_load.py for tasks to queue
[2025-12-24T18:42:08.365+0000] {logging_mixin.py:188} INFO - [2025-12-24T18:42:08.365+0000] {dagbag.py:540} INFO - Filling up the DagBag from /opt/airflow/dags/serving_layer_postgres_load.py
[2025-12-24T18:42:08.579+0000] {processor.py:840} INFO - DAG(s) 'serving_layer_postgres_load' retrieved from /opt/airflow/dags/serving_layer_postgres_load.py
[2025-12-24T18:42:08.628+0000] {logging_mixin.py:188} INFO - [2025-12-24T18:42:08.628+0000] {dag.py:3096} INFO - Sync 1 DAGs
[2025-12-24T18:42:08.670+0000] {logging_mixin.py:188} INFO - [2025-12-24T18:42:08.670+0000] {dag.py:3954} INFO - Setting next_dagrun for serving_layer_postgres_load to 2025-12-24 18:00:00+00:00, run_after=2025-12-25 00:00:00+00:00
[2025-12-24T18:42:08.699+0000] {processor.py:183} INFO - Processing /opt/airflow/dags/serving_layer_postgres_load.py took 0.349 seconds
[2025-12-24T18:42:38.807+0000] {processor.py:161} INFO - Started process (PID=5483) to work on /opt/airflow/dags/serving_layer_postgres_load.py
[2025-12-24T18:42:38.809+0000] {processor.py:830} INFO - Processing file /opt/airflow/dags/serving_layer_postgres_load.py for tasks to queue
[2025-12-24T18:42:38.813+0000] {logging_mixin.py:188} INFO - [2025-12-24T18:42:38.812+0000] {dagbag.py:540} INFO - Filling up the DagBag from /opt/airflow/dags/serving_layer_postgres_load.py
[2025-12-24T18:42:39.053+0000] {processor.py:840} INFO - DAG(s) 'serving_layer_postgres_load' retrieved from /opt/airflow/dags/serving_layer_postgres_load.py
[2025-12-24T18:42:39.087+0000] {logging_mixin.py:188} INFO - [2025-12-24T18:42:39.086+0000] {dag.py:3096} INFO - Sync 1 DAGs
[2025-12-24T18:42:39.121+0000] {logging_mixin.py:188} INFO - [2025-12-24T18:42:39.120+0000] {dag.py:3954} INFO - Setting next_dagrun for serving_layer_postgres_load to 2025-12-24 18:00:00+00:00, run_after=2025-12-25 00:00:00+00:00
[2025-12-24T18:42:39.150+0000] {processor.py:183} INFO - Processing /opt/airflow/dags/serving_layer_postgres_load.py took 0.357 seconds
[2025-12-24T18:43:09.949+0000] {processor.py:161} INFO - Started process (PID=5512) to work on /opt/airflow/dags/serving_layer_postgres_load.py
[2025-12-24T18:43:09.953+0000] {processor.py:830} INFO - Processing file /opt/airflow/dags/serving_layer_postgres_load.py for tasks to queue
[2025-12-24T18:43:09.955+0000] {logging_mixin.py:188} INFO - [2025-12-24T18:43:09.954+0000] {dagbag.py:540} INFO - Filling up the DagBag from /opt/airflow/dags/serving_layer_postgres_load.py
[2025-12-24T18:43:10.155+0000] {processor.py:840} INFO - DAG(s) 'serving_layer_postgres_load' retrieved from /opt/airflow/dags/serving_layer_postgres_load.py
[2025-12-24T18:43:10.201+0000] {logging_mixin.py:188} INFO - [2025-12-24T18:43:10.200+0000] {dag.py:3096} INFO - Sync 1 DAGs
[2025-12-24T18:43:10.239+0000] {logging_mixin.py:188} INFO - [2025-12-24T18:43:10.239+0000] {dag.py:3954} INFO - Setting next_dagrun for serving_layer_postgres_load to 2025-12-24 18:00:00+00:00, run_after=2025-12-25 00:00:00+00:00
[2025-12-24T18:43:10.268+0000] {processor.py:183} INFO - Processing /opt/airflow/dags/serving_layer_postgres_load.py took 0.334 seconds
[2025-12-24T18:43:40.658+0000] {processor.py:161} INFO - Started process (PID=5834) to work on /opt/airflow/dags/serving_layer_postgres_load.py
[2025-12-24T18:43:40.664+0000] {processor.py:830} INFO - Processing file /opt/airflow/dags/serving_layer_postgres_load.py for tasks to queue
[2025-12-24T18:43:40.678+0000] {logging_mixin.py:188} INFO - [2025-12-24T18:43:40.671+0000] {dagbag.py:540} INFO - Filling up the DagBag from /opt/airflow/dags/serving_layer_postgres_load.py
[2025-12-24T18:43:41.155+0000] {processor.py:840} INFO - DAG(s) 'serving_layer_postgres_load' retrieved from /opt/airflow/dags/serving_layer_postgres_load.py
[2025-12-24T18:43:41.242+0000] {logging_mixin.py:188} INFO - [2025-12-24T18:43:41.242+0000] {dag.py:3096} INFO - Sync 1 DAGs
[2025-12-24T18:43:41.312+0000] {logging_mixin.py:188} INFO - [2025-12-24T18:43:41.312+0000] {dag.py:3954} INFO - Setting next_dagrun for serving_layer_postgres_load to 2025-12-24 18:00:00+00:00, run_after=2025-12-25 00:00:00+00:00
[2025-12-24T18:43:41.339+0000] {processor.py:183} INFO - Processing /opt/airflow/dags/serving_layer_postgres_load.py took 0.815 seconds
[2025-12-24T18:44:11.508+0000] {processor.py:161} INFO - Started process (PID=5964) to work on /opt/airflow/dags/serving_layer_postgres_load.py
[2025-12-24T18:44:11.512+0000] {processor.py:830} INFO - Processing file /opt/airflow/dags/serving_layer_postgres_load.py for tasks to queue
[2025-12-24T18:44:11.516+0000] {logging_mixin.py:188} INFO - [2025-12-24T18:44:11.514+0000] {dagbag.py:540} INFO - Filling up the DagBag from /opt/airflow/dags/serving_layer_postgres_load.py
[2025-12-24T18:44:11.899+0000] {processor.py:840} INFO - DAG(s) 'serving_layer_postgres_load' retrieved from /opt/airflow/dags/serving_layer_postgres_load.py
[2025-12-24T18:44:11.967+0000] {logging_mixin.py:188} INFO - [2025-12-24T18:44:11.966+0000] {dag.py:3096} INFO - Sync 1 DAGs
[2025-12-24T18:44:12.030+0000] {logging_mixin.py:188} INFO - [2025-12-24T18:44:12.029+0000] {dag.py:3954} INFO - Setting next_dagrun for serving_layer_postgres_load to 2025-12-24 18:00:00+00:00, run_after=2025-12-25 00:00:00+00:00
[2025-12-24T18:44:12.081+0000] {processor.py:183} INFO - Processing /opt/airflow/dags/serving_layer_postgres_load.py took 0.602 seconds
[2025-12-24T18:44:42.388+0000] {processor.py:161} INFO - Started process (PID=6061) to work on /opt/airflow/dags/serving_layer_postgres_load.py
[2025-12-24T18:44:42.389+0000] {processor.py:830} INFO - Processing file /opt/airflow/dags/serving_layer_postgres_load.py for tasks to queue
[2025-12-24T18:44:42.390+0000] {logging_mixin.py:188} INFO - [2025-12-24T18:44:42.390+0000] {dagbag.py:540} INFO - Filling up the DagBag from /opt/airflow/dags/serving_layer_postgres_load.py
[2025-12-24T18:44:42.548+0000] {processor.py:840} INFO - DAG(s) 'serving_layer_postgres_load' retrieved from /opt/airflow/dags/serving_layer_postgres_load.py
[2025-12-24T18:44:42.580+0000] {logging_mixin.py:188} INFO - [2025-12-24T18:44:42.579+0000] {dag.py:3096} INFO - Sync 1 DAGs
[2025-12-24T18:44:42.621+0000] {logging_mixin.py:188} INFO - [2025-12-24T18:44:42.620+0000] {dag.py:3954} INFO - Setting next_dagrun for serving_layer_postgres_load to 2025-12-24 18:00:00+00:00, run_after=2025-12-25 00:00:00+00:00
[2025-12-24T18:44:42.645+0000] {processor.py:183} INFO - Processing /opt/airflow/dags/serving_layer_postgres_load.py took 0.269 seconds
[2025-12-24T18:45:13.369+0000] {processor.py:161} INFO - Started process (PID=6088) to work on /opt/airflow/dags/serving_layer_postgres_load.py
[2025-12-24T18:45:13.370+0000] {processor.py:830} INFO - Processing file /opt/airflow/dags/serving_layer_postgres_load.py for tasks to queue
[2025-12-24T18:45:13.372+0000] {logging_mixin.py:188} INFO - [2025-12-24T18:45:13.371+0000] {dagbag.py:540} INFO - Filling up the DagBag from /opt/airflow/dags/serving_layer_postgres_load.py
[2025-12-24T18:45:13.549+0000] {processor.py:840} INFO - DAG(s) 'serving_layer_postgres_load' retrieved from /opt/airflow/dags/serving_layer_postgres_load.py
[2025-12-24T18:45:13.591+0000] {logging_mixin.py:188} INFO - [2025-12-24T18:45:13.591+0000] {dag.py:3096} INFO - Sync 1 DAGs
[2025-12-24T18:45:13.630+0000] {logging_mixin.py:188} INFO - [2025-12-24T18:45:13.630+0000] {dag.py:3954} INFO - Setting next_dagrun for serving_layer_postgres_load to 2025-12-24 18:00:00+00:00, run_after=2025-12-25 00:00:00+00:00
[2025-12-24T18:45:13.654+0000] {processor.py:183} INFO - Processing /opt/airflow/dags/serving_layer_postgres_load.py took 0.296 seconds
[2025-12-24T18:45:44.098+0000] {processor.py:161} INFO - Started process (PID=6115) to work on /opt/airflow/dags/serving_layer_postgres_load.py
[2025-12-24T18:45:44.099+0000] {processor.py:830} INFO - Processing file /opt/airflow/dags/serving_layer_postgres_load.py for tasks to queue
[2025-12-24T18:45:44.100+0000] {logging_mixin.py:188} INFO - [2025-12-24T18:45:44.100+0000] {dagbag.py:540} INFO - Filling up the DagBag from /opt/airflow/dags/serving_layer_postgres_load.py
[2025-12-24T18:45:44.251+0000] {processor.py:840} INFO - DAG(s) 'serving_layer_postgres_load' retrieved from /opt/airflow/dags/serving_layer_postgres_load.py
[2025-12-24T18:45:44.288+0000] {logging_mixin.py:188} INFO - [2025-12-24T18:45:44.288+0000] {dag.py:3096} INFO - Sync 1 DAGs
[2025-12-24T18:45:44.345+0000] {logging_mixin.py:188} INFO - [2025-12-24T18:45:44.344+0000] {dag.py:3954} INFO - Setting next_dagrun for serving_layer_postgres_load to 2025-12-24 18:00:00+00:00, run_after=2025-12-25 00:00:00+00:00
[2025-12-24T18:45:44.390+0000] {processor.py:183} INFO - Processing /opt/airflow/dags/serving_layer_postgres_load.py took 0.303 seconds
[2025-12-24T18:46:14.995+0000] {processor.py:161} INFO - Started process (PID=6135) to work on /opt/airflow/dags/serving_layer_postgres_load.py
[2025-12-24T18:46:14.996+0000] {processor.py:830} INFO - Processing file /opt/airflow/dags/serving_layer_postgres_load.py for tasks to queue
[2025-12-24T18:46:14.998+0000] {logging_mixin.py:188} INFO - [2025-12-24T18:46:14.998+0000] {dagbag.py:540} INFO - Filling up the DagBag from /opt/airflow/dags/serving_layer_postgres_load.py
[2025-12-24T18:46:15.204+0000] {processor.py:840} INFO - DAG(s) 'serving_layer_postgres_load' retrieved from /opt/airflow/dags/serving_layer_postgres_load.py
[2025-12-24T18:46:15.239+0000] {logging_mixin.py:188} INFO - [2025-12-24T18:46:15.238+0000] {dag.py:3096} INFO - Sync 1 DAGs
[2025-12-24T18:46:15.275+0000] {logging_mixin.py:188} INFO - [2025-12-24T18:46:15.275+0000] {dag.py:3954} INFO - Setting next_dagrun for serving_layer_postgres_load to 2025-12-24 18:00:00+00:00, run_after=2025-12-25 00:00:00+00:00
[2025-12-24T18:46:15.301+0000] {processor.py:183} INFO - Processing /opt/airflow/dags/serving_layer_postgres_load.py took 0.317 seconds
