[2025-12-24T17:04:10.578+0000] {processor.py:161} INFO - Started process (PID=180) to work on /opt/airflow/dags/speed_layer_bronze_ingestion.py
[2025-12-24T17:04:10.580+0000] {processor.py:830} INFO - Processing file /opt/airflow/dags/speed_layer_bronze_ingestion.py for tasks to queue
[2025-12-24T17:04:10.583+0000] {logging_mixin.py:188} INFO - [2025-12-24T17:04:10.582+0000] {dagbag.py:540} INFO - Filling up the DagBag from /opt/airflow/dags/speed_layer_bronze_ingestion.py
[2025-12-24T17:04:10.627+0000] {processor.py:840} INFO - DAG(s) 'speed_layer_bronze_ingestion' retrieved from /opt/airflow/dags/speed_layer_bronze_ingestion.py
[2025-12-24T17:04:11.611+0000] {logging_mixin.py:188} INFO - [2025-12-24T17:04:11.610+0000] {override.py:1829} INFO - Created Permission View: can delete on DAG:speed_layer_bronze_ingestion
[2025-12-24T17:04:11.637+0000] {logging_mixin.py:188} INFO - [2025-12-24T17:04:11.636+0000] {override.py:1829} INFO - Created Permission View: can read on DAG:speed_layer_bronze_ingestion
[2025-12-24T17:04:11.655+0000] {logging_mixin.py:188} INFO - [2025-12-24T17:04:11.654+0000] {override.py:1829} INFO - Created Permission View: can edit on DAG:speed_layer_bronze_ingestion
[2025-12-24T17:04:11.657+0000] {logging_mixin.py:188} INFO - [2025-12-24T17:04:11.656+0000] {dag.py:3096} INFO - Sync 1 DAGs
[2025-12-24T17:04:11.679+0000] {logging_mixin.py:188} INFO - [2025-12-24T17:04:11.678+0000] {dag.py:3118} INFO - Creating ORM DAG for speed_layer_bronze_ingestion
[2025-12-24T17:04:11.713+0000] {logging_mixin.py:188} INFO - [2025-12-24T17:04:11.712+0000] {dag.py:3954} INFO - Setting next_dagrun for speed_layer_bronze_ingestion to 2025-12-24 16:00:00+00:00, run_after=2025-12-24 17:00:00+00:00
[2025-12-24T17:04:11.763+0000] {processor.py:183} INFO - Processing /opt/airflow/dags/speed_layer_bronze_ingestion.py took 1.194 seconds
[2025-12-24T17:04:41.891+0000] {processor.py:161} INFO - Started process (PID=278) to work on /opt/airflow/dags/speed_layer_bronze_ingestion.py
[2025-12-24T17:04:41.893+0000] {processor.py:830} INFO - Processing file /opt/airflow/dags/speed_layer_bronze_ingestion.py for tasks to queue
[2025-12-24T17:04:41.896+0000] {logging_mixin.py:188} INFO - [2025-12-24T17:04:41.895+0000] {dagbag.py:540} INFO - Filling up the DagBag from /opt/airflow/dags/speed_layer_bronze_ingestion.py
[2025-12-24T17:04:41.913+0000] {processor.py:840} INFO - DAG(s) 'speed_layer_bronze_ingestion' retrieved from /opt/airflow/dags/speed_layer_bronze_ingestion.py
[2025-12-24T17:04:41.964+0000] {logging_mixin.py:188} INFO - [2025-12-24T17:04:41.964+0000] {dag.py:3096} INFO - Sync 1 DAGs
[2025-12-24T17:04:41.996+0000] {logging_mixin.py:188} INFO - [2025-12-24T17:04:41.996+0000] {dag.py:3954} INFO - Setting next_dagrun for speed_layer_bronze_ingestion to 2025-12-24 16:00:00+00:00, run_after=2025-12-24 17:00:00+00:00
[2025-12-24T17:04:42.024+0000] {processor.py:183} INFO - Processing /opt/airflow/dags/speed_layer_bronze_ingestion.py took 0.141 seconds
[2025-12-24T17:05:12.361+0000] {processor.py:161} INFO - Started process (PID=433) to work on /opt/airflow/dags/speed_layer_bronze_ingestion.py
[2025-12-24T17:05:12.369+0000] {processor.py:830} INFO - Processing file /opt/airflow/dags/speed_layer_bronze_ingestion.py for tasks to queue
[2025-12-24T17:05:12.437+0000] {logging_mixin.py:188} INFO - [2025-12-24T17:05:12.427+0000] {dagbag.py:540} INFO - Filling up the DagBag from /opt/airflow/dags/speed_layer_bronze_ingestion.py
[2025-12-24T17:05:12.632+0000] {processor.py:840} INFO - DAG(s) 'speed_layer_bronze_ingestion' retrieved from /opt/airflow/dags/speed_layer_bronze_ingestion.py
[2025-12-24T17:05:12.838+0000] {logging_mixin.py:188} INFO - [2025-12-24T17:05:12.837+0000] {dag.py:3096} INFO - Sync 1 DAGs
[2025-12-24T17:05:13.016+0000] {logging_mixin.py:188} INFO - [2025-12-24T17:05:13.013+0000] {dag.py:3954} INFO - Setting next_dagrun for speed_layer_bronze_ingestion to 2025-12-24 16:00:00+00:00, run_after=2025-12-24 17:00:00+00:00
[2025-12-24T17:05:13.114+0000] {processor.py:183} INFO - Processing /opt/airflow/dags/speed_layer_bronze_ingestion.py took 0.850 seconds
[2025-12-24T17:05:43.655+0000] {processor.py:161} INFO - Started process (PID=592) to work on /opt/airflow/dags/speed_layer_bronze_ingestion.py
[2025-12-24T17:05:43.659+0000] {processor.py:830} INFO - Processing file /opt/airflow/dags/speed_layer_bronze_ingestion.py for tasks to queue
[2025-12-24T17:05:43.697+0000] {logging_mixin.py:188} INFO - [2025-12-24T17:05:43.690+0000] {dagbag.py:540} INFO - Filling up the DagBag from /opt/airflow/dags/speed_layer_bronze_ingestion.py
[2025-12-24T17:05:43.804+0000] {processor.py:840} INFO - DAG(s) 'speed_layer_bronze_ingestion' retrieved from /opt/airflow/dags/speed_layer_bronze_ingestion.py
[2025-12-24T17:05:43.979+0000] {logging_mixin.py:188} INFO - [2025-12-24T17:05:43.979+0000] {dag.py:3096} INFO - Sync 1 DAGs
[2025-12-24T17:05:44.121+0000] {logging_mixin.py:188} INFO - [2025-12-24T17:05:44.120+0000] {dag.py:3954} INFO - Setting next_dagrun for speed_layer_bronze_ingestion to 2025-12-24 16:00:00+00:00, run_after=2025-12-24 17:00:00+00:00
[2025-12-24T17:05:44.179+0000] {processor.py:183} INFO - Processing /opt/airflow/dags/speed_layer_bronze_ingestion.py took 0.636 seconds
[2025-12-24T17:06:14.778+0000] {processor.py:161} INFO - Started process (PID=619) to work on /opt/airflow/dags/speed_layer_bronze_ingestion.py
[2025-12-24T17:06:14.780+0000] {processor.py:830} INFO - Processing file /opt/airflow/dags/speed_layer_bronze_ingestion.py for tasks to queue
[2025-12-24T17:06:14.783+0000] {logging_mixin.py:188} INFO - [2025-12-24T17:06:14.783+0000] {dagbag.py:540} INFO - Filling up the DagBag from /opt/airflow/dags/speed_layer_bronze_ingestion.py
[2025-12-24T17:06:14.805+0000] {processor.py:840} INFO - DAG(s) 'speed_layer_bronze_ingestion' retrieved from /opt/airflow/dags/speed_layer_bronze_ingestion.py
[2025-12-24T17:06:14.855+0000] {logging_mixin.py:188} INFO - [2025-12-24T17:06:14.855+0000] {dag.py:3096} INFO - Sync 1 DAGs
[2025-12-24T17:06:14.906+0000] {logging_mixin.py:188} INFO - [2025-12-24T17:06:14.905+0000] {dag.py:3954} INFO - Setting next_dagrun for speed_layer_bronze_ingestion to 2025-12-24 16:00:00+00:00, run_after=2025-12-24 17:00:00+00:00
[2025-12-24T17:06:14.946+0000] {processor.py:183} INFO - Processing /opt/airflow/dags/speed_layer_bronze_ingestion.py took 0.180 seconds
[2025-12-24T17:06:45.169+0000] {processor.py:161} INFO - Started process (PID=646) to work on /opt/airflow/dags/speed_layer_bronze_ingestion.py
[2025-12-24T17:06:45.170+0000] {processor.py:830} INFO - Processing file /opt/airflow/dags/speed_layer_bronze_ingestion.py for tasks to queue
[2025-12-24T17:06:45.172+0000] {logging_mixin.py:188} INFO - [2025-12-24T17:06:45.172+0000] {dagbag.py:540} INFO - Filling up the DagBag from /opt/airflow/dags/speed_layer_bronze_ingestion.py
[2025-12-24T17:06:45.189+0000] {processor.py:840} INFO - DAG(s) 'speed_layer_bronze_ingestion' retrieved from /opt/airflow/dags/speed_layer_bronze_ingestion.py
[2025-12-24T17:06:45.230+0000] {logging_mixin.py:188} INFO - [2025-12-24T17:06:45.229+0000] {dag.py:3096} INFO - Sync 1 DAGs
[2025-12-24T17:06:45.267+0000] {logging_mixin.py:188} INFO - [2025-12-24T17:06:45.266+0000] {dag.py:3954} INFO - Setting next_dagrun for speed_layer_bronze_ingestion to 2025-12-24 16:00:00+00:00, run_after=2025-12-24 17:00:00+00:00
[2025-12-24T17:06:45.296+0000] {processor.py:183} INFO - Processing /opt/airflow/dags/speed_layer_bronze_ingestion.py took 0.139 seconds
[2025-12-24T17:07:15.887+0000] {processor.py:161} INFO - Started process (PID=673) to work on /opt/airflow/dags/speed_layer_bronze_ingestion.py
[2025-12-24T17:07:15.888+0000] {processor.py:830} INFO - Processing file /opt/airflow/dags/speed_layer_bronze_ingestion.py for tasks to queue
[2025-12-24T17:07:15.890+0000] {logging_mixin.py:188} INFO - [2025-12-24T17:07:15.890+0000] {dagbag.py:540} INFO - Filling up the DagBag from /opt/airflow/dags/speed_layer_bronze_ingestion.py
[2025-12-24T17:07:15.903+0000] {processor.py:840} INFO - DAG(s) 'speed_layer_bronze_ingestion' retrieved from /opt/airflow/dags/speed_layer_bronze_ingestion.py
[2025-12-24T17:07:15.952+0000] {logging_mixin.py:188} INFO - [2025-12-24T17:07:15.952+0000] {dag.py:3096} INFO - Sync 1 DAGs
[2025-12-24T17:07:15.983+0000] {logging_mixin.py:188} INFO - [2025-12-24T17:07:15.983+0000] {dag.py:3954} INFO - Setting next_dagrun for speed_layer_bronze_ingestion to 2025-12-24 16:00:00+00:00, run_after=2025-12-24 17:00:00+00:00
[2025-12-24T17:07:16.008+0000] {processor.py:183} INFO - Processing /opt/airflow/dags/speed_layer_bronze_ingestion.py took 0.130 seconds
[2025-12-24T17:07:46.492+0000] {processor.py:161} INFO - Started process (PID=700) to work on /opt/airflow/dags/speed_layer_bronze_ingestion.py
[2025-12-24T17:07:46.493+0000] {processor.py:830} INFO - Processing file /opt/airflow/dags/speed_layer_bronze_ingestion.py for tasks to queue
[2025-12-24T17:07:46.497+0000] {logging_mixin.py:188} INFO - [2025-12-24T17:07:46.496+0000] {dagbag.py:540} INFO - Filling up the DagBag from /opt/airflow/dags/speed_layer_bronze_ingestion.py
[2025-12-24T17:07:46.518+0000] {processor.py:840} INFO - DAG(s) 'speed_layer_bronze_ingestion' retrieved from /opt/airflow/dags/speed_layer_bronze_ingestion.py
[2025-12-24T17:07:46.605+0000] {logging_mixin.py:188} INFO - [2025-12-24T17:07:46.604+0000] {dag.py:3096} INFO - Sync 1 DAGs
[2025-12-24T17:07:46.688+0000] {logging_mixin.py:188} INFO - [2025-12-24T17:07:46.687+0000] {dag.py:3954} INFO - Setting next_dagrun for speed_layer_bronze_ingestion to 2025-12-24 16:00:00+00:00, run_after=2025-12-24 17:00:00+00:00
[2025-12-24T17:07:46.752+0000] {processor.py:183} INFO - Processing /opt/airflow/dags/speed_layer_bronze_ingestion.py took 0.272 seconds
[2025-12-24T17:08:17.294+0000] {processor.py:161} INFO - Started process (PID=727) to work on /opt/airflow/dags/speed_layer_bronze_ingestion.py
[2025-12-24T17:08:17.299+0000] {processor.py:830} INFO - Processing file /opt/airflow/dags/speed_layer_bronze_ingestion.py for tasks to queue
[2025-12-24T17:08:17.329+0000] {logging_mixin.py:188} INFO - [2025-12-24T17:08:17.323+0000] {dagbag.py:540} INFO - Filling up the DagBag from /opt/airflow/dags/speed_layer_bronze_ingestion.py
[2025-12-24T17:08:17.491+0000] {processor.py:840} INFO - DAG(s) 'speed_layer_bronze_ingestion' retrieved from /opt/airflow/dags/speed_layer_bronze_ingestion.py
[2025-12-24T17:08:17.672+0000] {logging_mixin.py:188} INFO - [2025-12-24T17:08:17.671+0000] {dag.py:3096} INFO - Sync 1 DAGs
[2025-12-24T17:08:17.779+0000] {logging_mixin.py:188} INFO - [2025-12-24T17:08:17.779+0000] {dag.py:3954} INFO - Setting next_dagrun for speed_layer_bronze_ingestion to 2025-12-24 16:00:00+00:00, run_after=2025-12-24 17:00:00+00:00
[2025-12-24T17:08:17.839+0000] {processor.py:183} INFO - Processing /opt/airflow/dags/speed_layer_bronze_ingestion.py took 0.602 seconds
[2025-12-24T17:08:48.022+0000] {processor.py:161} INFO - Started process (PID=747) to work on /opt/airflow/dags/speed_layer_bronze_ingestion.py
[2025-12-24T17:08:48.023+0000] {processor.py:830} INFO - Processing file /opt/airflow/dags/speed_layer_bronze_ingestion.py for tasks to queue
[2025-12-24T17:08:48.026+0000] {logging_mixin.py:188} INFO - [2025-12-24T17:08:48.025+0000] {dagbag.py:540} INFO - Filling up the DagBag from /opt/airflow/dags/speed_layer_bronze_ingestion.py
[2025-12-24T17:08:48.043+0000] {processor.py:840} INFO - DAG(s) 'speed_layer_bronze_ingestion' retrieved from /opt/airflow/dags/speed_layer_bronze_ingestion.py
[2025-12-24T17:08:48.089+0000] {logging_mixin.py:188} INFO - [2025-12-24T17:08:48.089+0000] {dag.py:3096} INFO - Sync 1 DAGs
[2025-12-24T17:08:48.127+0000] {logging_mixin.py:188} INFO - [2025-12-24T17:08:48.127+0000] {dag.py:3954} INFO - Setting next_dagrun for speed_layer_bronze_ingestion to 2025-12-24 16:00:00+00:00, run_after=2025-12-24 17:00:00+00:00
[2025-12-24T17:08:48.156+0000] {processor.py:183} INFO - Processing /opt/airflow/dags/speed_layer_bronze_ingestion.py took 0.145 seconds
[2025-12-24T17:09:18.293+0000] {processor.py:161} INFO - Started process (PID=774) to work on /opt/airflow/dags/speed_layer_bronze_ingestion.py
[2025-12-24T17:09:18.295+0000] {processor.py:830} INFO - Processing file /opt/airflow/dags/speed_layer_bronze_ingestion.py for tasks to queue
[2025-12-24T17:09:18.299+0000] {logging_mixin.py:188} INFO - [2025-12-24T17:09:18.299+0000] {dagbag.py:540} INFO - Filling up the DagBag from /opt/airflow/dags/speed_layer_bronze_ingestion.py
[2025-12-24T17:09:18.321+0000] {processor.py:840} INFO - DAG(s) 'speed_layer_bronze_ingestion' retrieved from /opt/airflow/dags/speed_layer_bronze_ingestion.py
[2025-12-24T17:09:18.382+0000] {logging_mixin.py:188} INFO - [2025-12-24T17:09:18.382+0000] {dag.py:3096} INFO - Sync 1 DAGs
[2025-12-24T17:09:18.436+0000] {logging_mixin.py:188} INFO - [2025-12-24T17:09:18.436+0000] {dag.py:3954} INFO - Setting next_dagrun for speed_layer_bronze_ingestion to 2025-12-24 16:00:00+00:00, run_after=2025-12-24 17:00:00+00:00
[2025-12-24T17:09:18.475+0000] {processor.py:183} INFO - Processing /opt/airflow/dags/speed_layer_bronze_ingestion.py took 0.197 seconds
[2025-12-24T17:09:48.911+0000] {processor.py:161} INFO - Started process (PID=801) to work on /opt/airflow/dags/speed_layer_bronze_ingestion.py
[2025-12-24T17:09:48.912+0000] {processor.py:830} INFO - Processing file /opt/airflow/dags/speed_layer_bronze_ingestion.py for tasks to queue
[2025-12-24T17:09:48.915+0000] {logging_mixin.py:188} INFO - [2025-12-24T17:09:48.915+0000] {dagbag.py:540} INFO - Filling up the DagBag from /opt/airflow/dags/speed_layer_bronze_ingestion.py
[2025-12-24T17:09:48.931+0000] {processor.py:840} INFO - DAG(s) 'speed_layer_bronze_ingestion' retrieved from /opt/airflow/dags/speed_layer_bronze_ingestion.py
[2025-12-24T17:09:48.972+0000] {logging_mixin.py:188} INFO - [2025-12-24T17:09:48.972+0000] {dag.py:3096} INFO - Sync 1 DAGs
[2025-12-24T17:09:49.006+0000] {logging_mixin.py:188} INFO - [2025-12-24T17:09:49.006+0000] {dag.py:3954} INFO - Setting next_dagrun for speed_layer_bronze_ingestion to 2025-12-24 16:00:00+00:00, run_after=2025-12-24 17:00:00+00:00
[2025-12-24T17:09:49.038+0000] {processor.py:183} INFO - Processing /opt/airflow/dags/speed_layer_bronze_ingestion.py took 0.136 seconds
[2025-12-24T17:12:16.567+0000] {processor.py:161} INFO - Started process (PID=185) to work on /opt/airflow/dags/speed_layer_bronze_ingestion.py
[2025-12-24T17:12:16.568+0000] {processor.py:830} INFO - Processing file /opt/airflow/dags/speed_layer_bronze_ingestion.py for tasks to queue
[2025-12-24T17:12:16.572+0000] {logging_mixin.py:188} INFO - [2025-12-24T17:12:16.571+0000] {dagbag.py:540} INFO - Filling up the DagBag from /opt/airflow/dags/speed_layer_bronze_ingestion.py
[2025-12-24T17:12:16.615+0000] {processor.py:840} INFO - DAG(s) 'speed_layer_bronze_ingestion' retrieved from /opt/airflow/dags/speed_layer_bronze_ingestion.py
[2025-12-24T17:12:17.462+0000] {logging_mixin.py:188} INFO - [2025-12-24T17:12:17.462+0000] {dag.py:3096} INFO - Sync 1 DAGs
[2025-12-24T17:12:17.508+0000] {logging_mixin.py:188} INFO - [2025-12-24T17:12:17.507+0000] {dag.py:3954} INFO - Setting next_dagrun for speed_layer_bronze_ingestion to 2025-12-24 16:00:00+00:00, run_after=2025-12-24 17:00:00+00:00
[2025-12-24T17:12:17.553+0000] {processor.py:183} INFO - Processing /opt/airflow/dags/speed_layer_bronze_ingestion.py took 0.994 seconds
[2025-12-24T17:12:48.141+0000] {processor.py:161} INFO - Started process (PID=205) to work on /opt/airflow/dags/speed_layer_bronze_ingestion.py
[2025-12-24T17:12:48.142+0000] {processor.py:830} INFO - Processing file /opt/airflow/dags/speed_layer_bronze_ingestion.py for tasks to queue
[2025-12-24T17:12:48.145+0000] {logging_mixin.py:188} INFO - [2025-12-24T17:12:48.144+0000] {dagbag.py:540} INFO - Filling up the DagBag from /opt/airflow/dags/speed_layer_bronze_ingestion.py
[2025-12-24T17:12:48.162+0000] {processor.py:840} INFO - DAG(s) 'speed_layer_bronze_ingestion' retrieved from /opt/airflow/dags/speed_layer_bronze_ingestion.py
[2025-12-24T17:12:48.204+0000] {logging_mixin.py:188} INFO - [2025-12-24T17:12:48.203+0000] {dag.py:3096} INFO - Sync 1 DAGs
[2025-12-24T17:12:48.245+0000] {logging_mixin.py:188} INFO - [2025-12-24T17:12:48.244+0000] {dag.py:3954} INFO - Setting next_dagrun for speed_layer_bronze_ingestion to 2025-12-24 16:00:00+00:00, run_after=2025-12-24 17:00:00+00:00
[2025-12-24T17:12:48.277+0000] {processor.py:183} INFO - Processing /opt/airflow/dags/speed_layer_bronze_ingestion.py took 0.149 seconds
[2025-12-24T17:13:18.861+0000] {processor.py:161} INFO - Started process (PID=232) to work on /opt/airflow/dags/speed_layer_bronze_ingestion.py
[2025-12-24T17:13:18.862+0000] {processor.py:830} INFO - Processing file /opt/airflow/dags/speed_layer_bronze_ingestion.py for tasks to queue
[2025-12-24T17:13:18.864+0000] {logging_mixin.py:188} INFO - [2025-12-24T17:13:18.863+0000] {dagbag.py:540} INFO - Filling up the DagBag from /opt/airflow/dags/speed_layer_bronze_ingestion.py
[2025-12-24T17:13:18.876+0000] {processor.py:840} INFO - DAG(s) 'speed_layer_bronze_ingestion' retrieved from /opt/airflow/dags/speed_layer_bronze_ingestion.py
[2025-12-24T17:13:18.910+0000] {logging_mixin.py:188} INFO - [2025-12-24T17:13:18.909+0000] {dag.py:3096} INFO - Sync 1 DAGs
[2025-12-24T17:13:18.941+0000] {logging_mixin.py:188} INFO - [2025-12-24T17:13:18.940+0000] {dag.py:3954} INFO - Setting next_dagrun for speed_layer_bronze_ingestion to 2025-12-24 16:00:00+00:00, run_after=2025-12-24 17:00:00+00:00
[2025-12-24T17:13:18.960+0000] {processor.py:183} INFO - Processing /opt/airflow/dags/speed_layer_bronze_ingestion.py took 0.105 seconds
[2025-12-24T17:13:49.487+0000] {processor.py:161} INFO - Started process (PID=259) to work on /opt/airflow/dags/speed_layer_bronze_ingestion.py
[2025-12-24T17:13:49.488+0000] {processor.py:830} INFO - Processing file /opt/airflow/dags/speed_layer_bronze_ingestion.py for tasks to queue
[2025-12-24T17:13:49.491+0000] {logging_mixin.py:188} INFO - [2025-12-24T17:13:49.490+0000] {dagbag.py:540} INFO - Filling up the DagBag from /opt/airflow/dags/speed_layer_bronze_ingestion.py
[2025-12-24T17:13:49.512+0000] {processor.py:840} INFO - DAG(s) 'speed_layer_bronze_ingestion' retrieved from /opt/airflow/dags/speed_layer_bronze_ingestion.py
[2025-12-24T17:13:49.563+0000] {logging_mixin.py:188} INFO - [2025-12-24T17:13:49.562+0000] {dag.py:3096} INFO - Sync 1 DAGs
[2025-12-24T17:13:49.611+0000] {logging_mixin.py:188} INFO - [2025-12-24T17:13:49.611+0000] {dag.py:3954} INFO - Setting next_dagrun for speed_layer_bronze_ingestion to 2025-12-24 16:00:00+00:00, run_after=2025-12-24 17:00:00+00:00
[2025-12-24T17:13:49.648+0000] {processor.py:183} INFO - Processing /opt/airflow/dags/speed_layer_bronze_ingestion.py took 0.170 seconds
[2025-12-24T17:14:19.868+0000] {processor.py:161} INFO - Started process (PID=287) to work on /opt/airflow/dags/speed_layer_bronze_ingestion.py
[2025-12-24T17:14:19.869+0000] {processor.py:830} INFO - Processing file /opt/airflow/dags/speed_layer_bronze_ingestion.py for tasks to queue
[2025-12-24T17:14:19.871+0000] {logging_mixin.py:188} INFO - [2025-12-24T17:14:19.871+0000] {dagbag.py:540} INFO - Filling up the DagBag from /opt/airflow/dags/speed_layer_bronze_ingestion.py
[2025-12-24T17:14:19.884+0000] {processor.py:840} INFO - DAG(s) 'speed_layer_bronze_ingestion' retrieved from /opt/airflow/dags/speed_layer_bronze_ingestion.py
[2025-12-24T17:14:19.922+0000] {logging_mixin.py:188} INFO - [2025-12-24T17:14:19.922+0000] {dag.py:3096} INFO - Sync 1 DAGs
[2025-12-24T17:14:19.951+0000] {logging_mixin.py:188} INFO - [2025-12-24T17:14:19.951+0000] {dag.py:3954} INFO - Setting next_dagrun for speed_layer_bronze_ingestion to 2025-12-24 16:00:00+00:00, run_after=2025-12-24 17:00:00+00:00
[2025-12-24T17:14:19.977+0000] {processor.py:183} INFO - Processing /opt/airflow/dags/speed_layer_bronze_ingestion.py took 0.117 seconds
[2025-12-24T17:14:50.618+0000] {processor.py:161} INFO - Started process (PID=314) to work on /opt/airflow/dags/speed_layer_bronze_ingestion.py
[2025-12-24T17:14:50.620+0000] {processor.py:830} INFO - Processing file /opt/airflow/dags/speed_layer_bronze_ingestion.py for tasks to queue
[2025-12-24T17:14:50.625+0000] {logging_mixin.py:188} INFO - [2025-12-24T17:14:50.624+0000] {dagbag.py:540} INFO - Filling up the DagBag from /opt/airflow/dags/speed_layer_bronze_ingestion.py
[2025-12-24T17:14:50.648+0000] {processor.py:840} INFO - DAG(s) 'speed_layer_bronze_ingestion' retrieved from /opt/airflow/dags/speed_layer_bronze_ingestion.py
[2025-12-24T17:14:50.695+0000] {logging_mixin.py:188} INFO - [2025-12-24T17:14:50.695+0000] {dag.py:3096} INFO - Sync 1 DAGs
[2025-12-24T17:14:50.732+0000] {logging_mixin.py:188} INFO - [2025-12-24T17:14:50.731+0000] {dag.py:3954} INFO - Setting next_dagrun for speed_layer_bronze_ingestion to 2025-12-24 16:00:00+00:00, run_after=2025-12-24 17:00:00+00:00
[2025-12-24T17:14:50.754+0000] {processor.py:183} INFO - Processing /opt/airflow/dags/speed_layer_bronze_ingestion.py took 0.152 seconds
[2025-12-24T17:15:20.998+0000] {processor.py:161} INFO - Started process (PID=341) to work on /opt/airflow/dags/speed_layer_bronze_ingestion.py
[2025-12-24T17:15:21.001+0000] {processor.py:830} INFO - Processing file /opt/airflow/dags/speed_layer_bronze_ingestion.py for tasks to queue
[2025-12-24T17:15:21.007+0000] {logging_mixin.py:188} INFO - [2025-12-24T17:15:21.006+0000] {dagbag.py:540} INFO - Filling up the DagBag from /opt/airflow/dags/speed_layer_bronze_ingestion.py
[2025-12-24T17:15:21.044+0000] {processor.py:840} INFO - DAG(s) 'speed_layer_bronze_ingestion' retrieved from /opt/airflow/dags/speed_layer_bronze_ingestion.py
[2025-12-24T17:15:21.142+0000] {logging_mixin.py:188} INFO - [2025-12-24T17:15:21.141+0000] {dag.py:3096} INFO - Sync 1 DAGs
[2025-12-24T17:15:21.233+0000] {logging_mixin.py:188} INFO - [2025-12-24T17:15:21.233+0000] {dag.py:3954} INFO - Setting next_dagrun for speed_layer_bronze_ingestion to 2025-12-24 16:00:00+00:00, run_after=2025-12-24 17:00:00+00:00
[2025-12-24T17:15:21.286+0000] {processor.py:183} INFO - Processing /opt/airflow/dags/speed_layer_bronze_ingestion.py took 0.306 seconds
[2025-12-24T17:15:51.624+0000] {processor.py:161} INFO - Started process (PID=368) to work on /opt/airflow/dags/speed_layer_bronze_ingestion.py
[2025-12-24T17:15:51.626+0000] {processor.py:830} INFO - Processing file /opt/airflow/dags/speed_layer_bronze_ingestion.py for tasks to queue
[2025-12-24T17:15:51.629+0000] {logging_mixin.py:188} INFO - [2025-12-24T17:15:51.628+0000] {dagbag.py:540} INFO - Filling up the DagBag from /opt/airflow/dags/speed_layer_bronze_ingestion.py
[2025-12-24T17:15:51.643+0000] {processor.py:840} INFO - DAG(s) 'speed_layer_bronze_ingestion' retrieved from /opt/airflow/dags/speed_layer_bronze_ingestion.py
[2025-12-24T17:15:51.689+0000] {logging_mixin.py:188} INFO - [2025-12-24T17:15:51.689+0000] {dag.py:3096} INFO - Sync 1 DAGs
[2025-12-24T17:15:51.721+0000] {logging_mixin.py:188} INFO - [2025-12-24T17:15:51.721+0000] {dag.py:3954} INFO - Setting next_dagrun for speed_layer_bronze_ingestion to 2025-12-24 16:00:00+00:00, run_after=2025-12-24 17:00:00+00:00
[2025-12-24T17:15:51.745+0000] {processor.py:183} INFO - Processing /opt/airflow/dags/speed_layer_bronze_ingestion.py took 0.132 seconds
[2025-12-24T17:17:16.743+0000] {processor.py:161} INFO - Started process (PID=432) to work on /opt/airflow/dags/speed_layer_bronze_ingestion.py
[2025-12-24T17:17:16.744+0000] {processor.py:830} INFO - Processing file /opt/airflow/dags/speed_layer_bronze_ingestion.py for tasks to queue
[2025-12-24T17:17:16.746+0000] {logging_mixin.py:188} INFO - [2025-12-24T17:17:16.745+0000] {dagbag.py:540} INFO - Filling up the DagBag from /opt/airflow/dags/speed_layer_bronze_ingestion.py
[2025-12-24T17:17:16.763+0000] {processor.py:840} INFO - DAG(s) 'speed_layer_bronze_ingestion' retrieved from /opt/airflow/dags/speed_layer_bronze_ingestion.py
[2025-12-24T17:17:16.811+0000] {logging_mixin.py:188} INFO - [2025-12-24T17:17:16.810+0000] {dag.py:3096} INFO - Sync 1 DAGs
[2025-12-24T17:17:16.843+0000] {logging_mixin.py:188} INFO - [2025-12-24T17:17:16.842+0000] {dag.py:3954} INFO - Setting next_dagrun for speed_layer_bronze_ingestion to 2025-12-24 16:00:00+00:00, run_after=2025-12-24 17:00:00+00:00
[2025-12-24T17:17:16.865+0000] {processor.py:183} INFO - Processing /opt/airflow/dags/speed_layer_bronze_ingestion.py took 0.134 seconds
[2025-12-24T17:17:47.434+0000] {processor.py:161} INFO - Started process (PID=459) to work on /opt/airflow/dags/speed_layer_bronze_ingestion.py
[2025-12-24T17:17:47.436+0000] {processor.py:830} INFO - Processing file /opt/airflow/dags/speed_layer_bronze_ingestion.py for tasks to queue
[2025-12-24T17:17:47.437+0000] {logging_mixin.py:188} INFO - [2025-12-24T17:17:47.436+0000] {dagbag.py:540} INFO - Filling up the DagBag from /opt/airflow/dags/speed_layer_bronze_ingestion.py
[2025-12-24T17:17:47.452+0000] {processor.py:840} INFO - DAG(s) 'speed_layer_bronze_ingestion' retrieved from /opt/airflow/dags/speed_layer_bronze_ingestion.py
[2025-12-24T17:17:47.492+0000] {logging_mixin.py:188} INFO - [2025-12-24T17:17:47.492+0000] {dag.py:3096} INFO - Sync 1 DAGs
[2025-12-24T17:17:47.532+0000] {logging_mixin.py:188} INFO - [2025-12-24T17:17:47.532+0000] {dag.py:3954} INFO - Setting next_dagrun for speed_layer_bronze_ingestion to 2025-12-24 16:00:00+00:00, run_after=2025-12-24 17:00:00+00:00
[2025-12-24T17:17:47.567+0000] {processor.py:183} INFO - Processing /opt/airflow/dags/speed_layer_bronze_ingestion.py took 0.143 seconds
[2025-12-24T17:18:18.136+0000] {processor.py:161} INFO - Started process (PID=486) to work on /opt/airflow/dags/speed_layer_bronze_ingestion.py
[2025-12-24T17:18:18.137+0000] {processor.py:830} INFO - Processing file /opt/airflow/dags/speed_layer_bronze_ingestion.py for tasks to queue
[2025-12-24T17:18:18.139+0000] {logging_mixin.py:188} INFO - [2025-12-24T17:18:18.138+0000] {dagbag.py:540} INFO - Filling up the DagBag from /opt/airflow/dags/speed_layer_bronze_ingestion.py
[2025-12-24T17:18:18.155+0000] {processor.py:840} INFO - DAG(s) 'speed_layer_bronze_ingestion' retrieved from /opt/airflow/dags/speed_layer_bronze_ingestion.py
[2025-12-24T17:18:18.205+0000] {logging_mixin.py:188} INFO - [2025-12-24T17:18:18.205+0000] {dag.py:3096} INFO - Sync 1 DAGs
[2025-12-24T17:18:18.256+0000] {logging_mixin.py:188} INFO - [2025-12-24T17:18:18.255+0000] {dag.py:3954} INFO - Setting next_dagrun for speed_layer_bronze_ingestion to 2025-12-24 16:00:00+00:00, run_after=2025-12-24 17:00:00+00:00
[2025-12-24T17:18:18.304+0000] {processor.py:183} INFO - Processing /opt/airflow/dags/speed_layer_bronze_ingestion.py took 0.178 seconds
[2025-12-24T17:18:48.526+0000] {processor.py:161} INFO - Started process (PID=513) to work on /opt/airflow/dags/speed_layer_bronze_ingestion.py
[2025-12-24T17:18:48.527+0000] {processor.py:830} INFO - Processing file /opt/airflow/dags/speed_layer_bronze_ingestion.py for tasks to queue
[2025-12-24T17:18:48.528+0000] {logging_mixin.py:188} INFO - [2025-12-24T17:18:48.528+0000] {dagbag.py:540} INFO - Filling up the DagBag from /opt/airflow/dags/speed_layer_bronze_ingestion.py
[2025-12-24T17:18:48.545+0000] {processor.py:840} INFO - DAG(s) 'speed_layer_bronze_ingestion' retrieved from /opt/airflow/dags/speed_layer_bronze_ingestion.py
[2025-12-24T17:18:48.582+0000] {logging_mixin.py:188} INFO - [2025-12-24T17:18:48.581+0000] {dag.py:3096} INFO - Sync 1 DAGs
[2025-12-24T17:18:48.624+0000] {logging_mixin.py:188} INFO - [2025-12-24T17:18:48.624+0000] {dag.py:3954} INFO - Setting next_dagrun for speed_layer_bronze_ingestion to 2025-12-24 16:00:00+00:00, run_after=2025-12-24 17:00:00+00:00
[2025-12-24T17:18:48.653+0000] {processor.py:183} INFO - Processing /opt/airflow/dags/speed_layer_bronze_ingestion.py took 0.139 seconds
[2025-12-24T17:19:18.722+0000] {processor.py:161} INFO - Started process (PID=540) to work on /opt/airflow/dags/speed_layer_bronze_ingestion.py
[2025-12-24T17:19:18.723+0000] {processor.py:830} INFO - Processing file /opt/airflow/dags/speed_layer_bronze_ingestion.py for tasks to queue
[2025-12-24T17:19:18.725+0000] {logging_mixin.py:188} INFO - [2025-12-24T17:19:18.724+0000] {dagbag.py:540} INFO - Filling up the DagBag from /opt/airflow/dags/speed_layer_bronze_ingestion.py
[2025-12-24T17:19:18.777+0000] {processor.py:840} INFO - DAG(s) 'speed_layer_bronze_ingestion' retrieved from /opt/airflow/dags/speed_layer_bronze_ingestion.py
[2025-12-24T17:19:18.862+0000] {logging_mixin.py:188} INFO - [2025-12-24T17:19:18.862+0000] {dag.py:3096} INFO - Sync 1 DAGs
[2025-12-24T17:19:18.947+0000] {logging_mixin.py:188} INFO - [2025-12-24T17:19:18.947+0000] {dag.py:3954} INFO - Setting next_dagrun for speed_layer_bronze_ingestion to 2025-12-24 16:00:00+00:00, run_after=2025-12-24 17:00:00+00:00
[2025-12-24T17:19:18.994+0000] {processor.py:183} INFO - Processing /opt/airflow/dags/speed_layer_bronze_ingestion.py took 0.285 seconds
[2025-12-24T17:19:49.171+0000] {processor.py:161} INFO - Started process (PID=567) to work on /opt/airflow/dags/speed_layer_bronze_ingestion.py
[2025-12-24T17:19:49.173+0000] {processor.py:830} INFO - Processing file /opt/airflow/dags/speed_layer_bronze_ingestion.py for tasks to queue
[2025-12-24T17:19:49.174+0000] {logging_mixin.py:188} INFO - [2025-12-24T17:19:49.173+0000] {dagbag.py:540} INFO - Filling up the DagBag from /opt/airflow/dags/speed_layer_bronze_ingestion.py
[2025-12-24T17:19:49.192+0000] {processor.py:840} INFO - DAG(s) 'speed_layer_bronze_ingestion' retrieved from /opt/airflow/dags/speed_layer_bronze_ingestion.py
[2025-12-24T17:19:49.233+0000] {logging_mixin.py:188} INFO - [2025-12-24T17:19:49.232+0000] {dag.py:3096} INFO - Sync 1 DAGs
[2025-12-24T17:19:49.264+0000] {logging_mixin.py:188} INFO - [2025-12-24T17:19:49.264+0000] {dag.py:3954} INFO - Setting next_dagrun for speed_layer_bronze_ingestion to 2025-12-24 16:00:00+00:00, run_after=2025-12-24 17:00:00+00:00
[2025-12-24T17:19:49.288+0000] {processor.py:183} INFO - Processing /opt/airflow/dags/speed_layer_bronze_ingestion.py took 0.128 seconds
[2025-12-24T17:20:19.902+0000] {processor.py:161} INFO - Started process (PID=594) to work on /opt/airflow/dags/speed_layer_bronze_ingestion.py
[2025-12-24T17:20:19.904+0000] {processor.py:830} INFO - Processing file /opt/airflow/dags/speed_layer_bronze_ingestion.py for tasks to queue
[2025-12-24T17:20:19.905+0000] {logging_mixin.py:188} INFO - [2025-12-24T17:20:19.904+0000] {dagbag.py:540} INFO - Filling up the DagBag from /opt/airflow/dags/speed_layer_bronze_ingestion.py
[2025-12-24T17:20:19.923+0000] {processor.py:840} INFO - DAG(s) 'speed_layer_bronze_ingestion' retrieved from /opt/airflow/dags/speed_layer_bronze_ingestion.py
[2025-12-24T17:20:19.964+0000] {logging_mixin.py:188} INFO - [2025-12-24T17:20:19.963+0000] {dag.py:3096} INFO - Sync 1 DAGs
[2025-12-24T17:20:19.998+0000] {logging_mixin.py:188} INFO - [2025-12-24T17:20:19.997+0000] {dag.py:3954} INFO - Setting next_dagrun for speed_layer_bronze_ingestion to 2025-12-24 16:00:00+00:00, run_after=2025-12-24 17:00:00+00:00
[2025-12-24T17:20:20.029+0000] {processor.py:183} INFO - Processing /opt/airflow/dags/speed_layer_bronze_ingestion.py took 0.139 seconds
[2025-12-24T17:20:50.539+0000] {processor.py:161} INFO - Started process (PID=621) to work on /opt/airflow/dags/speed_layer_bronze_ingestion.py
[2025-12-24T17:20:50.540+0000] {processor.py:830} INFO - Processing file /opt/airflow/dags/speed_layer_bronze_ingestion.py for tasks to queue
[2025-12-24T17:20:50.541+0000] {logging_mixin.py:188} INFO - [2025-12-24T17:20:50.541+0000] {dagbag.py:540} INFO - Filling up the DagBag from /opt/airflow/dags/speed_layer_bronze_ingestion.py
[2025-12-24T17:20:50.562+0000] {processor.py:840} INFO - DAG(s) 'speed_layer_bronze_ingestion' retrieved from /opt/airflow/dags/speed_layer_bronze_ingestion.py
[2025-12-24T17:20:50.620+0000] {logging_mixin.py:188} INFO - [2025-12-24T17:20:50.620+0000] {dag.py:3096} INFO - Sync 1 DAGs
[2025-12-24T17:20:50.673+0000] {logging_mixin.py:188} INFO - [2025-12-24T17:20:50.673+0000] {dag.py:3954} INFO - Setting next_dagrun for speed_layer_bronze_ingestion to 2025-12-24 16:00:00+00:00, run_after=2025-12-24 17:00:00+00:00
[2025-12-24T17:20:50.713+0000] {processor.py:183} INFO - Processing /opt/airflow/dags/speed_layer_bronze_ingestion.py took 0.186 seconds
[2025-12-24T17:21:20.856+0000] {processor.py:161} INFO - Started process (PID=641) to work on /opt/airflow/dags/speed_layer_bronze_ingestion.py
[2025-12-24T17:21:20.857+0000] {processor.py:830} INFO - Processing file /opt/airflow/dags/speed_layer_bronze_ingestion.py for tasks to queue
[2025-12-24T17:21:20.858+0000] {logging_mixin.py:188} INFO - [2025-12-24T17:21:20.858+0000] {dagbag.py:540} INFO - Filling up the DagBag from /opt/airflow/dags/speed_layer_bronze_ingestion.py
[2025-12-24T17:21:20.888+0000] {processor.py:840} INFO - DAG(s) 'speed_layer_bronze_ingestion' retrieved from /opt/airflow/dags/speed_layer_bronze_ingestion.py
[2025-12-24T17:21:20.974+0000] {logging_mixin.py:188} INFO - [2025-12-24T17:21:20.973+0000] {dag.py:3096} INFO - Sync 1 DAGs
[2025-12-24T17:21:21.063+0000] {logging_mixin.py:188} INFO - [2025-12-24T17:21:21.062+0000] {dag.py:3954} INFO - Setting next_dagrun for speed_layer_bronze_ingestion to 2025-12-24 16:00:00+00:00, run_after=2025-12-24 17:00:00+00:00
[2025-12-24T17:21:21.116+0000] {processor.py:183} INFO - Processing /opt/airflow/dags/speed_layer_bronze_ingestion.py took 0.274 seconds
[2025-12-24T17:21:51.426+0000] {processor.py:161} INFO - Started process (PID=668) to work on /opt/airflow/dags/speed_layer_bronze_ingestion.py
[2025-12-24T17:21:51.427+0000] {processor.py:830} INFO - Processing file /opt/airflow/dags/speed_layer_bronze_ingestion.py for tasks to queue
[2025-12-24T17:21:51.429+0000] {logging_mixin.py:188} INFO - [2025-12-24T17:21:51.428+0000] {dagbag.py:540} INFO - Filling up the DagBag from /opt/airflow/dags/speed_layer_bronze_ingestion.py
[2025-12-24T17:21:51.449+0000] {processor.py:840} INFO - DAG(s) 'speed_layer_bronze_ingestion' retrieved from /opt/airflow/dags/speed_layer_bronze_ingestion.py
[2025-12-24T17:21:51.504+0000] {logging_mixin.py:188} INFO - [2025-12-24T17:21:51.504+0000] {dag.py:3096} INFO - Sync 1 DAGs
[2025-12-24T17:21:51.552+0000] {logging_mixin.py:188} INFO - [2025-12-24T17:21:51.552+0000] {dag.py:3954} INFO - Setting next_dagrun for speed_layer_bronze_ingestion to 2025-12-24 16:00:00+00:00, run_after=2025-12-24 17:00:00+00:00
[2025-12-24T17:21:51.587+0000] {processor.py:183} INFO - Processing /opt/airflow/dags/speed_layer_bronze_ingestion.py took 0.171 seconds
[2025-12-24T17:22:22.410+0000] {processor.py:161} INFO - Started process (PID=695) to work on /opt/airflow/dags/speed_layer_bronze_ingestion.py
[2025-12-24T17:22:22.412+0000] {processor.py:830} INFO - Processing file /opt/airflow/dags/speed_layer_bronze_ingestion.py for tasks to queue
[2025-12-24T17:22:22.414+0000] {logging_mixin.py:188} INFO - [2025-12-24T17:22:22.413+0000] {dagbag.py:540} INFO - Filling up the DagBag from /opt/airflow/dags/speed_layer_bronze_ingestion.py
[2025-12-24T17:22:22.437+0000] {processor.py:840} INFO - DAG(s) 'speed_layer_bronze_ingestion' retrieved from /opt/airflow/dags/speed_layer_bronze_ingestion.py
[2025-12-24T17:22:22.506+0000] {logging_mixin.py:188} INFO - [2025-12-24T17:22:22.505+0000] {dag.py:3096} INFO - Sync 1 DAGs
[2025-12-24T17:22:22.566+0000] {logging_mixin.py:188} INFO - [2025-12-24T17:22:22.565+0000] {dag.py:3954} INFO - Setting next_dagrun for speed_layer_bronze_ingestion to 2025-12-24 16:00:00+00:00, run_after=2025-12-24 17:00:00+00:00
[2025-12-24T17:22:22.608+0000] {processor.py:183} INFO - Processing /opt/airflow/dags/speed_layer_bronze_ingestion.py took 0.210 seconds
[2025-12-24T17:22:52.973+0000] {processor.py:161} INFO - Started process (PID=722) to work on /opt/airflow/dags/speed_layer_bronze_ingestion.py
[2025-12-24T17:22:52.975+0000] {processor.py:830} INFO - Processing file /opt/airflow/dags/speed_layer_bronze_ingestion.py for tasks to queue
[2025-12-24T17:22:52.976+0000] {logging_mixin.py:188} INFO - [2025-12-24T17:22:52.975+0000] {dagbag.py:540} INFO - Filling up the DagBag from /opt/airflow/dags/speed_layer_bronze_ingestion.py
[2025-12-24T17:22:52.991+0000] {processor.py:840} INFO - DAG(s) 'speed_layer_bronze_ingestion' retrieved from /opt/airflow/dags/speed_layer_bronze_ingestion.py
[2025-12-24T17:22:53.040+0000] {logging_mixin.py:188} INFO - [2025-12-24T17:22:53.040+0000] {dag.py:3096} INFO - Sync 1 DAGs
[2025-12-24T17:22:53.075+0000] {logging_mixin.py:188} INFO - [2025-12-24T17:22:53.075+0000] {dag.py:3954} INFO - Setting next_dagrun for speed_layer_bronze_ingestion to 2025-12-24 16:00:00+00:00, run_after=2025-12-24 17:00:00+00:00
[2025-12-24T17:22:53.097+0000] {processor.py:183} INFO - Processing /opt/airflow/dags/speed_layer_bronze_ingestion.py took 0.135 seconds
[2025-12-24T17:23:23.276+0000] {processor.py:161} INFO - Started process (PID=749) to work on /opt/airflow/dags/speed_layer_bronze_ingestion.py
[2025-12-24T17:23:23.277+0000] {processor.py:830} INFO - Processing file /opt/airflow/dags/speed_layer_bronze_ingestion.py for tasks to queue
[2025-12-24T17:23:23.278+0000] {logging_mixin.py:188} INFO - [2025-12-24T17:23:23.278+0000] {dagbag.py:540} INFO - Filling up the DagBag from /opt/airflow/dags/speed_layer_bronze_ingestion.py
[2025-12-24T17:23:23.294+0000] {processor.py:840} INFO - DAG(s) 'speed_layer_bronze_ingestion' retrieved from /opt/airflow/dags/speed_layer_bronze_ingestion.py
[2025-12-24T17:23:23.347+0000] {logging_mixin.py:188} INFO - [2025-12-24T17:23:23.346+0000] {dag.py:3096} INFO - Sync 1 DAGs
[2025-12-24T17:23:23.384+0000] {logging_mixin.py:188} INFO - [2025-12-24T17:23:23.384+0000] {dag.py:3954} INFO - Setting next_dagrun for speed_layer_bronze_ingestion to 2025-12-24 16:00:00+00:00, run_after=2025-12-24 17:00:00+00:00
[2025-12-24T17:23:23.412+0000] {processor.py:183} INFO - Processing /opt/airflow/dags/speed_layer_bronze_ingestion.py took 0.148 seconds
[2025-12-24T17:23:53.974+0000] {processor.py:161} INFO - Started process (PID=776) to work on /opt/airflow/dags/speed_layer_bronze_ingestion.py
[2025-12-24T17:23:53.975+0000] {processor.py:830} INFO - Processing file /opt/airflow/dags/speed_layer_bronze_ingestion.py for tasks to queue
[2025-12-24T17:23:53.976+0000] {logging_mixin.py:188} INFO - [2025-12-24T17:23:53.976+0000] {dagbag.py:540} INFO - Filling up the DagBag from /opt/airflow/dags/speed_layer_bronze_ingestion.py
[2025-12-24T17:23:53.992+0000] {processor.py:840} INFO - DAG(s) 'speed_layer_bronze_ingestion' retrieved from /opt/airflow/dags/speed_layer_bronze_ingestion.py
[2025-12-24T17:23:54.030+0000] {logging_mixin.py:188} INFO - [2025-12-24T17:23:54.030+0000] {dag.py:3096} INFO - Sync 1 DAGs
[2025-12-24T17:23:54.063+0000] {logging_mixin.py:188} INFO - [2025-12-24T17:23:54.063+0000] {dag.py:3954} INFO - Setting next_dagrun for speed_layer_bronze_ingestion to 2025-12-24 16:00:00+00:00, run_after=2025-12-24 17:00:00+00:00
[2025-12-24T17:23:54.087+0000] {processor.py:183} INFO - Processing /opt/airflow/dags/speed_layer_bronze_ingestion.py took 0.121 seconds
[2025-12-24T17:24:24.595+0000] {processor.py:161} INFO - Started process (PID=803) to work on /opt/airflow/dags/speed_layer_bronze_ingestion.py
[2025-12-24T17:24:24.596+0000] {processor.py:830} INFO - Processing file /opt/airflow/dags/speed_layer_bronze_ingestion.py for tasks to queue
[2025-12-24T17:24:24.598+0000] {logging_mixin.py:188} INFO - [2025-12-24T17:24:24.597+0000] {dagbag.py:540} INFO - Filling up the DagBag from /opt/airflow/dags/speed_layer_bronze_ingestion.py
[2025-12-24T17:24:24.619+0000] {processor.py:840} INFO - DAG(s) 'speed_layer_bronze_ingestion' retrieved from /opt/airflow/dags/speed_layer_bronze_ingestion.py
[2025-12-24T17:24:24.666+0000] {logging_mixin.py:188} INFO - [2025-12-24T17:24:24.666+0000] {dag.py:3096} INFO - Sync 1 DAGs
[2025-12-24T17:24:24.707+0000] {logging_mixin.py:188} INFO - [2025-12-24T17:24:24.707+0000] {dag.py:3954} INFO - Setting next_dagrun for speed_layer_bronze_ingestion to 2025-12-24 16:00:00+00:00, run_after=2025-12-24 17:00:00+00:00
[2025-12-24T17:24:24.742+0000] {processor.py:183} INFO - Processing /opt/airflow/dags/speed_layer_bronze_ingestion.py took 0.162 seconds
[2025-12-24T17:24:55.242+0000] {processor.py:161} INFO - Started process (PID=830) to work on /opt/airflow/dags/speed_layer_bronze_ingestion.py
[2025-12-24T17:24:55.243+0000] {processor.py:830} INFO - Processing file /opt/airflow/dags/speed_layer_bronze_ingestion.py for tasks to queue
[2025-12-24T17:24:55.243+0000] {logging_mixin.py:188} INFO - [2025-12-24T17:24:55.243+0000] {dagbag.py:540} INFO - Filling up the DagBag from /opt/airflow/dags/speed_layer_bronze_ingestion.py
[2025-12-24T17:24:55.262+0000] {processor.py:840} INFO - DAG(s) 'speed_layer_bronze_ingestion' retrieved from /opt/airflow/dags/speed_layer_bronze_ingestion.py
[2025-12-24T17:24:55.310+0000] {logging_mixin.py:188} INFO - [2025-12-24T17:24:55.310+0000] {dag.py:3096} INFO - Sync 1 DAGs
[2025-12-24T17:24:55.352+0000] {logging_mixin.py:188} INFO - [2025-12-24T17:24:55.351+0000] {dag.py:3954} INFO - Setting next_dagrun for speed_layer_bronze_ingestion to 2025-12-24 16:00:00+00:00, run_after=2025-12-24 17:00:00+00:00
[2025-12-24T17:24:55.384+0000] {processor.py:183} INFO - Processing /opt/airflow/dags/speed_layer_bronze_ingestion.py took 0.152 seconds
[2025-12-24T17:25:25.938+0000] {processor.py:161} INFO - Started process (PID=857) to work on /opt/airflow/dags/speed_layer_bronze_ingestion.py
[2025-12-24T17:25:25.939+0000] {processor.py:830} INFO - Processing file /opt/airflow/dags/speed_layer_bronze_ingestion.py for tasks to queue
[2025-12-24T17:25:25.941+0000] {logging_mixin.py:188} INFO - [2025-12-24T17:25:25.940+0000] {dagbag.py:540} INFO - Filling up the DagBag from /opt/airflow/dags/speed_layer_bronze_ingestion.py
[2025-12-24T17:25:25.960+0000] {processor.py:840} INFO - DAG(s) 'speed_layer_bronze_ingestion' retrieved from /opt/airflow/dags/speed_layer_bronze_ingestion.py
[2025-12-24T17:25:26.010+0000] {logging_mixin.py:188} INFO - [2025-12-24T17:25:26.010+0000] {dag.py:3096} INFO - Sync 1 DAGs
[2025-12-24T17:25:26.053+0000] {logging_mixin.py:188} INFO - [2025-12-24T17:25:26.053+0000] {dag.py:3954} INFO - Setting next_dagrun for speed_layer_bronze_ingestion to 2025-12-24 16:00:00+00:00, run_after=2025-12-24 17:00:00+00:00
[2025-12-24T17:25:26.085+0000] {processor.py:183} INFO - Processing /opt/airflow/dags/speed_layer_bronze_ingestion.py took 0.158 seconds
[2025-12-24T17:25:56.325+0000] {processor.py:161} INFO - Started process (PID=880) to work on /opt/airflow/dags/speed_layer_bronze_ingestion.py
[2025-12-24T17:25:56.326+0000] {processor.py:830} INFO - Processing file /opt/airflow/dags/speed_layer_bronze_ingestion.py for tasks to queue
[2025-12-24T17:25:56.328+0000] {logging_mixin.py:188} INFO - [2025-12-24T17:25:56.327+0000] {dagbag.py:540} INFO - Filling up the DagBag from /opt/airflow/dags/speed_layer_bronze_ingestion.py
[2025-12-24T17:25:56.356+0000] {processor.py:840} INFO - DAG(s) 'speed_layer_bronze_ingestion' retrieved from /opt/airflow/dags/speed_layer_bronze_ingestion.py
[2025-12-24T17:25:56.410+0000] {logging_mixin.py:188} INFO - [2025-12-24T17:25:56.410+0000] {dag.py:3096} INFO - Sync 1 DAGs
[2025-12-24T17:25:56.452+0000] {logging_mixin.py:188} INFO - [2025-12-24T17:25:56.452+0000] {dag.py:3954} INFO - Setting next_dagrun for speed_layer_bronze_ingestion to 2025-12-24 17:00:00+00:00, run_after=2025-12-24 18:00:00+00:00
[2025-12-24T17:25:56.484+0000] {processor.py:183} INFO - Processing /opt/airflow/dags/speed_layer_bronze_ingestion.py took 0.174 seconds
[2025-12-24T17:26:26.664+0000] {processor.py:161} INFO - Started process (PID=976) to work on /opt/airflow/dags/speed_layer_bronze_ingestion.py
[2025-12-24T17:26:26.666+0000] {processor.py:830} INFO - Processing file /opt/airflow/dags/speed_layer_bronze_ingestion.py for tasks to queue
[2025-12-24T17:26:26.669+0000] {logging_mixin.py:188} INFO - [2025-12-24T17:26:26.668+0000] {dagbag.py:540} INFO - Filling up the DagBag from /opt/airflow/dags/speed_layer_bronze_ingestion.py
[2025-12-24T17:26:26.715+0000] {processor.py:840} INFO - DAG(s) 'speed_layer_bronze_ingestion' retrieved from /opt/airflow/dags/speed_layer_bronze_ingestion.py
[2025-12-24T17:26:26.780+0000] {logging_mixin.py:188} INFO - [2025-12-24T17:26:26.779+0000] {dag.py:3096} INFO - Sync 1 DAGs
[2025-12-24T17:26:26.857+0000] {logging_mixin.py:188} INFO - [2025-12-24T17:26:26.856+0000] {dag.py:3954} INFO - Setting next_dagrun for speed_layer_bronze_ingestion to 2025-12-24 17:00:00+00:00, run_after=2025-12-24 18:00:00+00:00
[2025-12-24T17:26:26.895+0000] {processor.py:183} INFO - Processing /opt/airflow/dags/speed_layer_bronze_ingestion.py took 0.249 seconds
[2025-12-24T17:26:57.278+0000] {processor.py:161} INFO - Started process (PID=1003) to work on /opt/airflow/dags/speed_layer_bronze_ingestion.py
[2025-12-24T17:26:57.280+0000] {processor.py:830} INFO - Processing file /opt/airflow/dags/speed_layer_bronze_ingestion.py for tasks to queue
[2025-12-24T17:26:57.282+0000] {logging_mixin.py:188} INFO - [2025-12-24T17:26:57.281+0000] {dagbag.py:540} INFO - Filling up the DagBag from /opt/airflow/dags/speed_layer_bronze_ingestion.py
[2025-12-24T17:26:57.307+0000] {processor.py:840} INFO - DAG(s) 'speed_layer_bronze_ingestion' retrieved from /opt/airflow/dags/speed_layer_bronze_ingestion.py
[2025-12-24T17:26:57.360+0000] {logging_mixin.py:188} INFO - [2025-12-24T17:26:57.360+0000] {dag.py:3096} INFO - Sync 1 DAGs
[2025-12-24T17:26:57.408+0000] {logging_mixin.py:188} INFO - [2025-12-24T17:26:57.407+0000] {dag.py:3954} INFO - Setting next_dagrun for speed_layer_bronze_ingestion to 2025-12-24 17:00:00+00:00, run_after=2025-12-24 18:00:00+00:00
[2025-12-24T17:26:57.441+0000] {processor.py:183} INFO - Processing /opt/airflow/dags/speed_layer_bronze_ingestion.py took 0.186 seconds
[2025-12-24T17:27:27.524+0000] {processor.py:161} INFO - Started process (PID=1134) to work on /opt/airflow/dags/speed_layer_bronze_ingestion.py
[2025-12-24T17:27:27.526+0000] {processor.py:830} INFO - Processing file /opt/airflow/dags/speed_layer_bronze_ingestion.py for tasks to queue
[2025-12-24T17:27:27.528+0000] {logging_mixin.py:188} INFO - [2025-12-24T17:27:27.527+0000] {dagbag.py:540} INFO - Filling up the DagBag from /opt/airflow/dags/speed_layer_bronze_ingestion.py
[2025-12-24T17:27:27.553+0000] {processor.py:840} INFO - DAG(s) 'speed_layer_bronze_ingestion' retrieved from /opt/airflow/dags/speed_layer_bronze_ingestion.py
[2025-12-24T17:27:27.609+0000] {logging_mixin.py:188} INFO - [2025-12-24T17:27:27.608+0000] {dag.py:3096} INFO - Sync 1 DAGs
[2025-12-24T17:27:27.649+0000] {logging_mixin.py:188} INFO - [2025-12-24T17:27:27.649+0000] {dag.py:3954} INFO - Setting next_dagrun for speed_layer_bronze_ingestion to 2025-12-24 17:00:00+00:00, run_after=2025-12-24 18:00:00+00:00
[2025-12-24T17:27:27.688+0000] {processor.py:183} INFO - Processing /opt/airflow/dags/speed_layer_bronze_ingestion.py took 0.175 seconds
[2025-12-24T17:27:58.205+0000] {processor.py:161} INFO - Started process (PID=1161) to work on /opt/airflow/dags/speed_layer_bronze_ingestion.py
[2025-12-24T17:27:58.206+0000] {processor.py:830} INFO - Processing file /opt/airflow/dags/speed_layer_bronze_ingestion.py for tasks to queue
[2025-12-24T17:27:58.207+0000] {logging_mixin.py:188} INFO - [2025-12-24T17:27:58.207+0000] {dagbag.py:540} INFO - Filling up the DagBag from /opt/airflow/dags/speed_layer_bronze_ingestion.py
[2025-12-24T17:27:58.225+0000] {processor.py:840} INFO - DAG(s) 'speed_layer_bronze_ingestion' retrieved from /opt/airflow/dags/speed_layer_bronze_ingestion.py
[2025-12-24T17:27:58.263+0000] {logging_mixin.py:188} INFO - [2025-12-24T17:27:58.263+0000] {dag.py:3096} INFO - Sync 1 DAGs
[2025-12-24T17:27:58.299+0000] {logging_mixin.py:188} INFO - [2025-12-24T17:27:58.299+0000] {dag.py:3954} INFO - Setting next_dagrun for speed_layer_bronze_ingestion to 2025-12-24 17:00:00+00:00, run_after=2025-12-24 18:00:00+00:00
[2025-12-24T17:27:58.328+0000] {processor.py:183} INFO - Processing /opt/airflow/dags/speed_layer_bronze_ingestion.py took 0.134 seconds
[2025-12-24T17:28:28.592+0000] {processor.py:161} INFO - Started process (PID=1188) to work on /opt/airflow/dags/speed_layer_bronze_ingestion.py
[2025-12-24T17:28:28.593+0000] {processor.py:830} INFO - Processing file /opt/airflow/dags/speed_layer_bronze_ingestion.py for tasks to queue
[2025-12-24T17:28:28.594+0000] {logging_mixin.py:188} INFO - [2025-12-24T17:28:28.593+0000] {dagbag.py:540} INFO - Filling up the DagBag from /opt/airflow/dags/speed_layer_bronze_ingestion.py
[2025-12-24T17:28:28.610+0000] {processor.py:840} INFO - DAG(s) 'speed_layer_bronze_ingestion' retrieved from /opt/airflow/dags/speed_layer_bronze_ingestion.py
[2025-12-24T17:28:28.652+0000] {logging_mixin.py:188} INFO - [2025-12-24T17:28:28.651+0000] {dag.py:3096} INFO - Sync 1 DAGs
[2025-12-24T17:28:28.693+0000] {logging_mixin.py:188} INFO - [2025-12-24T17:28:28.693+0000] {dag.py:3954} INFO - Setting next_dagrun for speed_layer_bronze_ingestion to 2025-12-24 17:00:00+00:00, run_after=2025-12-24 18:00:00+00:00
[2025-12-24T17:28:28.717+0000] {processor.py:183} INFO - Processing /opt/airflow/dags/speed_layer_bronze_ingestion.py took 0.135 seconds
[2025-12-24T17:28:59.287+0000] {processor.py:161} INFO - Started process (PID=1215) to work on /opt/airflow/dags/speed_layer_bronze_ingestion.py
[2025-12-24T17:28:59.290+0000] {processor.py:830} INFO - Processing file /opt/airflow/dags/speed_layer_bronze_ingestion.py for tasks to queue
[2025-12-24T17:28:59.292+0000] {logging_mixin.py:188} INFO - [2025-12-24T17:28:59.291+0000] {dagbag.py:540} INFO - Filling up the DagBag from /opt/airflow/dags/speed_layer_bronze_ingestion.py
[2025-12-24T17:28:59.326+0000] {processor.py:840} INFO - DAG(s) 'speed_layer_bronze_ingestion' retrieved from /opt/airflow/dags/speed_layer_bronze_ingestion.py
[2025-12-24T17:28:59.406+0000] {logging_mixin.py:188} INFO - [2025-12-24T17:28:59.406+0000] {dag.py:3096} INFO - Sync 1 DAGs
[2025-12-24T17:28:59.450+0000] {logging_mixin.py:188} INFO - [2025-12-24T17:28:59.450+0000] {dag.py:3954} INFO - Setting next_dagrun for speed_layer_bronze_ingestion to 2025-12-24 17:00:00+00:00, run_after=2025-12-24 18:00:00+00:00
[2025-12-24T17:28:59.479+0000] {processor.py:183} INFO - Processing /opt/airflow/dags/speed_layer_bronze_ingestion.py took 0.208 seconds
[2025-12-24T17:29:29.595+0000] {processor.py:161} INFO - Started process (PID=1292) to work on /opt/airflow/dags/speed_layer_bronze_ingestion.py
[2025-12-24T17:29:29.596+0000] {processor.py:830} INFO - Processing file /opt/airflow/dags/speed_layer_bronze_ingestion.py for tasks to queue
[2025-12-24T17:29:29.597+0000] {logging_mixin.py:188} INFO - [2025-12-24T17:29:29.597+0000] {dagbag.py:540} INFO - Filling up the DagBag from /opt/airflow/dags/speed_layer_bronze_ingestion.py
[2025-12-24T17:29:29.626+0000] {processor.py:840} INFO - DAG(s) 'speed_layer_bronze_ingestion' retrieved from /opt/airflow/dags/speed_layer_bronze_ingestion.py
[2025-12-24T17:29:29.685+0000] {logging_mixin.py:188} INFO - [2025-12-24T17:29:29.685+0000] {dag.py:3096} INFO - Sync 1 DAGs
[2025-12-24T17:29:29.730+0000] {logging_mixin.py:188} INFO - [2025-12-24T17:29:29.730+0000] {dag.py:3954} INFO - Setting next_dagrun for speed_layer_bronze_ingestion to 2025-12-24 17:00:00+00:00, run_after=2025-12-24 18:00:00+00:00
[2025-12-24T17:29:29.763+0000] {processor.py:183} INFO - Processing /opt/airflow/dags/speed_layer_bronze_ingestion.py took 0.182 seconds
[2025-12-24T17:29:59.896+0000] {processor.py:161} INFO - Started process (PID=1422) to work on /opt/airflow/dags/speed_layer_bronze_ingestion.py
[2025-12-24T17:29:59.897+0000] {processor.py:830} INFO - Processing file /opt/airflow/dags/speed_layer_bronze_ingestion.py for tasks to queue
[2025-12-24T17:29:59.899+0000] {logging_mixin.py:188} INFO - [2025-12-24T17:29:59.898+0000] {dagbag.py:540} INFO - Filling up the DagBag from /opt/airflow/dags/speed_layer_bronze_ingestion.py
[2025-12-24T17:29:59.916+0000] {processor.py:840} INFO - DAG(s) 'speed_layer_bronze_ingestion' retrieved from /opt/airflow/dags/speed_layer_bronze_ingestion.py
[2025-12-24T17:29:59.958+0000] {logging_mixin.py:188} INFO - [2025-12-24T17:29:59.958+0000] {dag.py:3096} INFO - Sync 1 DAGs
[2025-12-24T17:29:59.996+0000] {logging_mixin.py:188} INFO - [2025-12-24T17:29:59.996+0000] {dag.py:3954} INFO - Setting next_dagrun for speed_layer_bronze_ingestion to 2025-12-24 17:00:00+00:00, run_after=2025-12-24 18:00:00+00:00
[2025-12-24T17:30:00.025+0000] {processor.py:183} INFO - Processing /opt/airflow/dags/speed_layer_bronze_ingestion.py took 0.139 seconds
[2025-12-24T17:30:09.967+0000] {processor.py:161} INFO - Started process (PID=1427) to work on /opt/airflow/dags/speed_layer_bronze_ingestion.py
[2025-12-24T17:30:09.968+0000] {processor.py:830} INFO - Processing file /opt/airflow/dags/speed_layer_bronze_ingestion.py for tasks to queue
[2025-12-24T17:30:09.971+0000] {logging_mixin.py:188} INFO - [2025-12-24T17:30:09.970+0000] {dagbag.py:540} INFO - Filling up the DagBag from /opt/airflow/dags/speed_layer_bronze_ingestion.py
[2025-12-24T17:30:10.003+0000] {processor.py:840} INFO - DAG(s) 'speed_layer_bronze_ingestion' retrieved from /opt/airflow/dags/speed_layer_bronze_ingestion.py
[2025-12-24T17:30:10.077+0000] {logging_mixin.py:188} INFO - [2025-12-24T17:30:10.076+0000] {dag.py:3096} INFO - Sync 1 DAGs
[2025-12-24T17:30:10.144+0000] {logging_mixin.py:188} INFO - [2025-12-24T17:30:10.144+0000] {dag.py:3954} INFO - Setting next_dagrun for speed_layer_bronze_ingestion to 2025-12-24 17:00:00+00:00, run_after=2025-12-24 18:00:00+00:00
[2025-12-24T17:30:10.209+0000] {processor.py:183} INFO - Processing /opt/airflow/dags/speed_layer_bronze_ingestion.py took 0.257 seconds
[2025-12-24T17:30:33.966+0000] {processor.py:161} INFO - Started process (PID=1454) to work on /opt/airflow/dags/speed_layer_bronze_ingestion.py
[2025-12-24T17:30:33.968+0000] {processor.py:830} INFO - Processing file /opt/airflow/dags/speed_layer_bronze_ingestion.py for tasks to queue
[2025-12-24T17:30:33.970+0000] {logging_mixin.py:188} INFO - [2025-12-24T17:30:33.969+0000] {dagbag.py:540} INFO - Filling up the DagBag from /opt/airflow/dags/speed_layer_bronze_ingestion.py
[2025-12-24T17:30:34.006+0000] {processor.py:840} INFO - DAG(s) 'speed_layer_silver_ingestion' retrieved from /opt/airflow/dags/speed_layer_bronze_ingestion.py
[2025-12-24T17:30:34.464+0000] {logging_mixin.py:188} INFO - [2025-12-24T17:30:34.463+0000] {override.py:1829} INFO - Created Permission View: can read on DAG:speed_layer_silver_ingestion
[2025-12-24T17:30:34.482+0000] {logging_mixin.py:188} INFO - [2025-12-24T17:30:34.481+0000] {override.py:1829} INFO - Created Permission View: can delete on DAG:speed_layer_silver_ingestion
[2025-12-24T17:30:34.496+0000] {logging_mixin.py:188} INFO - [2025-12-24T17:30:34.495+0000] {override.py:1829} INFO - Created Permission View: can edit on DAG:speed_layer_silver_ingestion
[2025-12-24T17:30:34.497+0000] {logging_mixin.py:188} INFO - [2025-12-24T17:30:34.496+0000] {dag.py:3096} INFO - Sync 1 DAGs
[2025-12-24T17:30:34.524+0000] {logging_mixin.py:188} INFO - [2025-12-24T17:30:34.524+0000] {dag.py:3118} INFO - Creating ORM DAG for speed_layer_silver_ingestion
[2025-12-24T17:30:34.547+0000] {logging_mixin.py:188} INFO - [2025-12-24T17:30:34.547+0000] {dag.py:3954} INFO - Setting next_dagrun for speed_layer_silver_ingestion to 2025-12-24 16:00:00+00:00, run_after=2025-12-24 17:00:00+00:00
[2025-12-24T17:30:34.603+0000] {processor.py:183} INFO - Processing /opt/airflow/dags/speed_layer_bronze_ingestion.py took 0.656 seconds
[2025-12-24T17:31:05.071+0000] {processor.py:161} INFO - Started process (PID=1474) to work on /opt/airflow/dags/speed_layer_bronze_ingestion.py
[2025-12-24T17:31:05.072+0000] {processor.py:830} INFO - Processing file /opt/airflow/dags/speed_layer_bronze_ingestion.py for tasks to queue
[2025-12-24T17:31:05.073+0000] {logging_mixin.py:188} INFO - [2025-12-24T17:31:05.073+0000] {dagbag.py:540} INFO - Filling up the DagBag from /opt/airflow/dags/speed_layer_bronze_ingestion.py
[2025-12-24T17:31:05.090+0000] {processor.py:840} INFO - DAG(s) 'speed_layer_silver_ingestion' retrieved from /opt/airflow/dags/speed_layer_bronze_ingestion.py
[2025-12-24T17:31:05.129+0000] {logging_mixin.py:188} INFO - [2025-12-24T17:31:05.128+0000] {dag.py:3096} INFO - Sync 1 DAGs
[2025-12-24T17:31:05.163+0000] {logging_mixin.py:188} INFO - [2025-12-24T17:31:05.162+0000] {dag.py:3954} INFO - Setting next_dagrun for speed_layer_silver_ingestion to 2025-12-24 16:00:00+00:00, run_after=2025-12-24 17:00:00+00:00
[2025-12-24T17:31:05.187+0000] {processor.py:183} INFO - Processing /opt/airflow/dags/speed_layer_bronze_ingestion.py took 0.125 seconds
