[2026-01-04T17:29:42.568+0000] {local_task_job_runner.py:120} INFO - ::group::Pre task execution logs
[2026-01-04T17:29:42.732+0000] {taskinstance.py:2073} INFO - Dependencies all met for dep_context=non-requeueable deps ti=<TaskInstance: analytics_serving_layer.create_dim_aircraft_utilization manual__2026-01-04T17:23:09+00:00 [queued]>
[2026-01-04T17:29:42.767+0000] {taskinstance.py:2073} INFO - Dependencies all met for dep_context=requeueable deps ti=<TaskInstance: analytics_serving_layer.create_dim_aircraft_utilization manual__2026-01-04T17:23:09+00:00 [queued]>
[2026-01-04T17:29:42.769+0000] {taskinstance.py:2303} INFO - Starting attempt 1 of 2
[2026-01-04T17:29:42.830+0000] {taskinstance.py:2327} INFO - Executing <Task(PythonOperator): create_dim_aircraft_utilization> on 2026-01-04 17:23:09+00:00
[2026-01-04T17:29:42.858+0000] {standard_task_runner.py:63} INFO - Started process 2829 to run task
[2026-01-04T17:29:42.887+0000] {standard_task_runner.py:90} INFO - Running: ['***', 'tasks', 'run', 'analytics_serving_layer', 'create_dim_aircraft_utilization', 'manual__2026-01-04T17:23:09+00:00', '--job-id', '476', '--raw', '--subdir', 'DAGS_FOLDER/analytics_serving_layer.py', '--cfg-path', '/tmp/tmphps7xv7n']
[2026-01-04T17:29:42.892+0000] {standard_task_runner.py:91} INFO - Job 476: Subtask create_dim_aircraft_utilization
[2026-01-04T17:29:43.143+0000] {task_command.py:426} INFO - Running <TaskInstance: analytics_serving_layer.create_dim_aircraft_utilization manual__2026-01-04T17:23:09+00:00 [running]> on host 0f35c4bc447d
[2026-01-04T17:29:43.556+0000] {taskinstance.py:2644} INFO - Exporting env vars: AIRFLOW_CTX_DAG_OWNER='aviation-team' AIRFLOW_CTX_DAG_ID='analytics_serving_layer' AIRFLOW_CTX_TASK_ID='create_dim_aircraft_utilization' AIRFLOW_CTX_EXECUTION_DATE='2026-01-04T17:23:09+00:00' AIRFLOW_CTX_TRY_NUMBER='1' AIRFLOW_CTX_DAG_RUN_ID='manual__2026-01-04T17:23:09+00:00'
[2026-01-04T17:29:43.558+0000] {taskinstance.py:430} INFO - ::endgroup::
[2026-01-04T17:29:43.717+0000] {logging_mixin.py:188} INFO - 
================================================================================
[2026-01-04T17:29:43.717+0000] {logging_mixin.py:188} INFO - ✈️  CREATING DIM_AIRCRAFT_UTILIZATION TABLE
[2026-01-04T17:29:43.718+0000] {logging_mixin.py:188} INFO - ================================================================================
[2026-01-04T17:29:43.719+0000] {logging_mixin.py:188} INFO -   [17:29:43] ⚙️ Reading from Gold bucket...
[2026-01-04T17:32:08.193+0000] {logging_mixin.py:188} INFO - ✅ DIM_AIRCRAFT_UTILIZATION: 6,073 records
[2026-01-04T17:32:09.407+0000] {python.py:237} INFO - Done. Returned value was: {'table': 'dim_aircraft_utilization', 'records': 6073}
[2026-01-04T17:32:09.423+0000] {taskinstance.py:441} INFO - ::group::Post task execution logs
[2026-01-04T17:32:10.201+0000] {taskinstance.py:1205} INFO - Marking task as SUCCESS. dag_id=analytics_serving_layer, task_id=create_dim_aircraft_utilization, execution_date=20260104T172309, start_date=20260104T172942, end_date=20260104T173210
[2026-01-04T17:32:10.476+0000] {local_task_job_runner.py:240} INFO - Task exited with return code 0
[2026-01-04T17:32:10.749+0000] {taskinstance.py:3482} INFO - 1 downstream tasks scheduled from follow-on schedule check
[2026-01-04T17:32:10.753+0000] {local_task_job_runner.py:222} INFO - ::endgroup::
