[2025-12-24T11:16:02.156+0000] {local_task_job_runner.py:120} INFO - ::group::Pre task execution logs
[2025-12-24T11:16:02.211+0000] {taskinstance.py:2073} INFO - Dependencies all met for dep_context=non-requeueable deps ti=<TaskInstance: aviation_enrichment_pipeline.create_flight_mapping manual__2025-12-24T11:15:59.808641+00:00 [queued]>
[2025-12-24T11:16:02.226+0000] {taskinstance.py:2073} INFO - Dependencies all met for dep_context=requeueable deps ti=<TaskInstance: aviation_enrichment_pipeline.create_flight_mapping manual__2025-12-24T11:15:59.808641+00:00 [queued]>
[2025-12-24T11:16:02.227+0000] {taskinstance.py:2303} INFO - Starting attempt 1 of 3
[2025-12-24T11:16:02.483+0000] {taskinstance.py:2327} INFO - Executing <Task(PythonOperator): create_flight_mapping> on 2025-12-24 11:15:59.808641+00:00
[2025-12-24T11:16:02.492+0000] {standard_task_runner.py:63} INFO - Started process 11565 to run task
[2025-12-24T11:16:02.498+0000] {standard_task_runner.py:90} INFO - Running: ['***', 'tasks', 'run', 'aviation_enrichment_pipeline', 'create_flight_mapping', 'manual__2025-12-24T11:15:59.808641+00:00', '--job-id', '54', '--raw', '--subdir', 'DAGS_FOLDER/aviation_enrichment_dag.py', '--cfg-path', '/tmp/tmpgzrfpc5h']
[2025-12-24T11:16:02.500+0000] {standard_task_runner.py:91} INFO - Job 54: Subtask create_flight_mapping
[2025-12-24T11:16:02.575+0000] {task_command.py:426} INFO - Running <TaskInstance: aviation_enrichment_pipeline.create_flight_mapping manual__2025-12-24T11:15:59.808641+00:00 [running]> on host 849a36138e84
[2025-12-24T11:16:02.726+0000] {taskinstance.py:2644} INFO - Exporting env vars: AIRFLOW_CTX_DAG_OWNER='aviation_team' AIRFLOW_CTX_DAG_ID='aviation_enrichment_pipeline' AIRFLOW_CTX_TASK_ID='create_flight_mapping' AIRFLOW_CTX_EXECUTION_DATE='2025-12-24T11:15:59.808641+00:00' AIRFLOW_CTX_TRY_NUMBER='1' AIRFLOW_CTX_DAG_RUN_ID='manual__2025-12-24T11:15:59.808641+00:00'
[2025-12-24T11:16:02.728+0000] {taskinstance.py:430} INFO - ::endgroup::
[2025-12-24T11:16:09.267+0000] {logging_mixin.py:188} INFO - 
============================================================
[2025-12-24T11:16:09.268+0000] {logging_mixin.py:188} INFO - STAGE 2: Creating Flight Mappings
[2025-12-24T11:16:09.269+0000] {logging_mixin.py:188} INFO - ============================================================
[2025-12-24T11:16:09.292+0000] {logging_mixin.py:188} INFO - Using flights path: /data/aviation_data/flightsV5
[2025-12-24T11:16:09.312+0000] {logging_mixin.py:188} INFO - Found 30 FlightsV5 files
[2025-12-24T11:16:18.023+0000] {logging_mixin.py:188} INFO - Loaded 3,198,513 flight records
[2025-12-24T11:16:44.060+0000] {python.py:237} INFO - Done. Returned value was: {'start_time': '2025-12-24T11:16:09.267389', 'stages': {'create_mappings': {'total_flights': 3198513, 'india_routes': 1917, 'total_routes': 213411, 'output_path': '/tmp/aviation/flight_mapping'}}, 'end_time': '2025-12-24T11:16:43.440510', 'status': 'SUCCESS'}
[2025-12-24T11:16:44.061+0000] {taskinstance.py:441} INFO - ::group::Post task execution logs
[2025-12-24T11:16:44.122+0000] {taskinstance.py:1205} INFO - Marking task as SUCCESS. dag_id=aviation_enrichment_pipeline, task_id=create_flight_mapping, execution_date=20251224T111559, start_date=20251224T111602, end_date=20251224T111644
[2025-12-24T11:16:44.170+0000] {local_task_job_runner.py:240} INFO - Task exited with return code 0
[2025-12-24T11:16:44.224+0000] {taskinstance.py:3482} INFO - 2 downstream tasks scheduled from follow-on schedule check
[2025-12-24T11:16:44.226+0000] {local_task_job_runner.py:222} INFO - ::endgroup::
