[2025-12-24T18:21:40.070+0000] {local_task_job_runner.py:120} INFO - ::group::Pre task execution logs
[2025-12-24T18:21:40.269+0000] {taskinstance.py:2073} INFO - Dependencies all met for dep_context=non-requeueable deps ti=<TaskInstance: serving_layer_postgres_load.load_postgres manual__2025-12-24T00:00:00+00:00 [queued]>
[2025-12-24T18:21:40.299+0000] {taskinstance.py:2073} INFO - Dependencies all met for dep_context=requeueable deps ti=<TaskInstance: serving_layer_postgres_load.load_postgres manual__2025-12-24T00:00:00+00:00 [queued]>
[2025-12-24T18:21:40.300+0000] {taskinstance.py:2303} INFO - Starting attempt 1 of 3
[2025-12-24T18:21:40.347+0000] {taskinstance.py:2327} INFO - Executing <Task(PythonOperator): load_postgres> on 2025-12-24 00:00:00+00:00
[2025-12-24T18:21:40.365+0000] {standard_task_runner.py:63} INFO - Started process 1646 to run task
[2025-12-24T18:21:40.411+0000] {standard_task_runner.py:90} INFO - Running: ['***', 'tasks', 'run', 'serving_layer_postgres_load', 'load_postgres', 'manual__2025-12-24T00:00:00+00:00', '--job-id', '121', '--raw', '--subdir', 'DAGS_FOLDER/serving_layer_postgres_load.py', '--cfg-path', '/tmp/tmpgj6a6mqz']
[2025-12-24T18:21:40.418+0000] {standard_task_runner.py:91} INFO - Job 121: Subtask load_postgres
[2025-12-24T18:21:40.731+0000] {task_command.py:426} INFO - Running <TaskInstance: serving_layer_postgres_load.load_postgres manual__2025-12-24T00:00:00+00:00 [running]> on host 2f0396c9313f
[2025-12-24T18:21:41.350+0000] {taskinstance.py:2644} INFO - Exporting env vars: AIRFLOW_CTX_DAG_OWNER='aviation' AIRFLOW_CTX_DAG_ID='serving_layer_postgres_load' AIRFLOW_CTX_TASK_ID='load_postgres' AIRFLOW_CTX_EXECUTION_DATE='2025-12-24T00:00:00+00:00' AIRFLOW_CTX_TRY_NUMBER='1' AIRFLOW_CTX_DAG_RUN_ID='manual__2025-12-24T00:00:00+00:00'
[2025-12-24T18:21:41.351+0000] {taskinstance.py:430} INFO - ::endgroup::
[2025-12-24T18:21:41.377+0000] {logging_mixin.py:188} INFO - ============================================================
[2025-12-24T18:21:41.378+0000] {logging_mixin.py:188} INFO - RUNNING INCREMENTAL LOAD (only new files)
[2025-12-24T18:21:41.378+0000] {logging_mixin.py:188} INFO - ============================================================
[2025-12-24T18:21:41.379+0000] {logging_mixin.py:188} INFO - ============================================================
[2025-12-24T18:21:41.379+0000] {logging_mixin.py:188} INFO - AVIATION SERVING LAYER - INCREMENTAL LOAD
[2025-12-24T18:21:41.380+0000] {logging_mixin.py:188} INFO - ============================================================
[2025-12-24T18:21:41.396+0000] {logging_mixin.py:188} INFO - ✓ Database exists: aviation_db
[2025-12-24T18:21:41.454+0000] {logging_mixin.py:188} INFO - ⚠️ Database setup error: duplicate key value violates unique constraint "pg_type_typname_nsp_index"
DETAIL:  Key (typname, typnamespace)=(processed_files, 2200) already exists.
[2025-12-24T18:21:41.455+0000] {taskinstance.py:441} INFO - ::group::Post task execution logs
[2025-12-24T18:21:41.455+0000] {taskinstance.py:2890} ERROR - Task failed with exception
Traceback (most recent call last):
  File "/home/airflow/.local/lib/python3.11/site-packages/airflow/models/taskinstance.py", line 465, in _execute_task
    result = _execute_callable(context=context, **execute_callable_kwargs)
             ^^^^^^^^^^^^^^^^^^^^^^^^^^^^^^^^^^^^^^^^^^^^^^^^^^^^^^^^^^^^^
  File "/home/airflow/.local/lib/python3.11/site-packages/airflow/models/taskinstance.py", line 432, in _execute_callable
    return execute_callable(context=context, **execute_callable_kwargs)
           ^^^^^^^^^^^^^^^^^^^^^^^^^^^^^^^^^^^^^^^^^^^^^^^^^^^^^^^^^^^^
  File "/home/airflow/.local/lib/python3.11/site-packages/airflow/models/baseoperator.py", line 400, in wrapper
    return func(self, *args, **kwargs)
           ^^^^^^^^^^^^^^^^^^^^^^^^^^^
  File "/home/airflow/.local/lib/python3.11/site-packages/airflow/operators/python.py", line 235, in execute
    return_value = self.execute_callable()
                   ^^^^^^^^^^^^^^^^^^^^^^^
  File "/home/airflow/.local/lib/python3.11/site-packages/airflow/operators/python.py", line 252, in execute_callable
    return self.python_callable(*self.op_args, **self.op_kwargs)
           ^^^^^^^^^^^^^^^^^^^^^^^^^^^^^^^^^^^^^^^^^^^^^^^^^^^^^
  File "/opt/airflow/dags/serving_layer_postgres_load.py", line 65, in load_postgres_task
    incremental_load()
  File "/opt/airflow/src/serving/postgres_loader.py", line 548, in incremental_load
    create_database_and_tables()
  File "/opt/airflow/src/serving/postgres_loader.py", line 98, in create_database_and_tables
    cursor.execute(f"""
psycopg2.errors.UniqueViolation: duplicate key value violates unique constraint "pg_type_typname_nsp_index"
DETAIL:  Key (typname, typnamespace)=(processed_files, 2200) already exists.

[2025-12-24T18:21:41.485+0000] {taskinstance.py:1205} INFO - Marking task as UP_FOR_RETRY. dag_id=serving_layer_postgres_load, task_id=load_postgres, execution_date=20251224T000000, start_date=20251224T182140, end_date=20251224T182141
[2025-12-24T18:21:41.541+0000] {standard_task_runner.py:110} ERROR - Failed to execute job 121 for task load_postgres (duplicate key value violates unique constraint "pg_type_typname_nsp_index"
DETAIL:  Key (typname, typnamespace)=(processed_files, 2200) already exists.
; 1646)
[2025-12-24T18:21:41.617+0000] {local_task_job_runner.py:240} INFO - Task exited with return code 1
[2025-12-24T18:21:41.673+0000] {taskinstance.py:3482} INFO - 0 downstream tasks scheduled from follow-on schedule check
[2025-12-24T18:21:41.677+0000] {local_task_job_runner.py:222} INFO - ::endgroup::
