[2026-01-04T17:00:26.852+0000] {local_task_job_runner.py:120} INFO - ::group::Pre task execution logs
[2026-01-04T17:00:26.988+0000] {taskinstance.py:2073} INFO - Dependencies all met for dep_context=non-requeueable deps ti=<TaskInstance: speed_layer_silver_ingestion.persist_to_silver scheduled__2026-01-04T16:00:00+00:00 [queued]>
[2026-01-04T17:00:27.036+0000] {taskinstance.py:2073} INFO - Dependencies all met for dep_context=requeueable deps ti=<TaskInstance: speed_layer_silver_ingestion.persist_to_silver scheduled__2026-01-04T16:00:00+00:00 [queued]>
[2026-01-04T17:00:27.038+0000] {taskinstance.py:2303} INFO - Starting attempt 1 of 3
[2026-01-04T17:00:27.080+0000] {taskinstance.py:2327} INFO - Executing <Task(PythonOperator): persist_to_silver> on 2026-01-04 16:00:00+00:00
[2026-01-04T17:00:27.101+0000] {standard_task_runner.py:63} INFO - Started process 1412 to run task
[2026-01-04T17:00:27.111+0000] {standard_task_runner.py:90} INFO - Running: ['***', 'tasks', 'run', 'speed_layer_silver_ingestion', 'persist_to_silver', 'scheduled__2026-01-04T16:00:00+00:00', '--job-id', '452', '--raw', '--subdir', 'DAGS_FOLDER/speed_layer_silver_ingestion.py', '--cfg-path', '/tmp/tmpgg688lff']
[2026-01-04T17:00:27.117+0000] {standard_task_runner.py:91} INFO - Job 452: Subtask persist_to_silver
[2026-01-04T17:00:27.341+0000] {task_command.py:426} INFO - Running <TaskInstance: speed_layer_silver_ingestion.persist_to_silver scheduled__2026-01-04T16:00:00+00:00 [running]> on host 0f35c4bc447d
[2026-01-04T17:00:27.856+0000] {taskinstance.py:2644} INFO - Exporting env vars: AIRFLOW_CTX_DAG_OWNER='aviation-team' AIRFLOW_CTX_DAG_ID='speed_layer_silver_ingestion' AIRFLOW_CTX_TASK_ID='persist_to_silver' AIRFLOW_CTX_EXECUTION_DATE='2026-01-04T16:00:00+00:00' AIRFLOW_CTX_TRY_NUMBER='1' AIRFLOW_CTX_DAG_RUN_ID='scheduled__2026-01-04T16:00:00+00:00'
[2026-01-04T17:00:27.863+0000] {taskinstance.py:430} INFO - ::endgroup::
[2026-01-04T17:00:27.918+0000] {logging_mixin.py:188} INFO - ============================================================
[2026-01-04T17:00:27.919+0000] {logging_mixin.py:188} INFO - PERSISTING TO SILVER LAYER
[2026-01-04T17:00:27.922+0000] {logging_mixin.py:188} INFO - ============================================================
[2026-01-04T17:00:27.976+0000] {logging_mixin.py:188} INFO - Processing 30 flights...
[2026-01-04T17:00:53.852+0000] {logging_mixin.py:188} INFO - Writing to: s3a://aviation-silver/speed_layer/year=2026/month=01/day=04/hour=17
[2026-01-04T17:01:09.738+0000] {logging_mixin.py:188} INFO - ✓ Persisted 30 flights to Silver layer
[2026-01-04T17:01:09.739+0000] {logging_mixin.py:188} INFO -   Path: s3a://aviation-silver/speed_layer/year=2026/month=01/day=04/hour=17
[2026-01-04T17:01:09.741+0000] {logging_mixin.py:188} INFO -   Timestamp: 2026-01-04T17:00:53.852530
[2026-01-04T17:01:10.558+0000] {python.py:237} INFO - Done. Returned value was: {'status': 'success', 'count': 30, 'path': 's3a://aviation-silver/speed_layer/year=2026/month=01/day=04/hour=17', 'timestamp': '2026-01-04T17:00:53.852530'}
[2026-01-04T17:01:10.558+0000] {taskinstance.py:441} INFO - ::group::Post task execution logs
[2026-01-04T17:01:10.661+0000] {taskinstance.py:1205} INFO - Marking task as SUCCESS. dag_id=speed_layer_silver_ingestion, task_id=persist_to_silver, execution_date=20260104T160000, start_date=20260104T170026, end_date=20260104T170110
[2026-01-04T17:01:10.781+0000] {local_task_job_runner.py:240} INFO - Task exited with return code 0
[2026-01-04T17:01:10.862+0000] {taskinstance.py:3482} INFO - 1 downstream tasks scheduled from follow-on schedule check
[2026-01-04T17:01:10.865+0000] {local_task_job_runner.py:222} INFO - ::endgroup::
