[2026-01-04T14:00:35.298+0000] {local_task_job_runner.py:120} INFO - ::group::Pre task execution logs
[2026-01-04T14:00:35.346+0000] {taskinstance.py:2073} INFO - Dependencies all met for dep_context=non-requeueable deps ti=<TaskInstance: speed_layer_silver_ingestion.print_summary scheduled__2026-01-04T13:00:00+00:00 [queued]>
[2026-01-04T14:00:35.362+0000] {taskinstance.py:2073} INFO - Dependencies all met for dep_context=requeueable deps ti=<TaskInstance: speed_layer_silver_ingestion.print_summary scheduled__2026-01-04T13:00:00+00:00 [queued]>
[2026-01-04T14:00:35.363+0000] {taskinstance.py:2303} INFO - Starting attempt 1 of 3
[2026-01-04T14:00:35.382+0000] {taskinstance.py:2327} INFO - Executing <Task(PythonOperator): print_summary> on 2026-01-04 13:00:00+00:00
[2026-01-04T14:00:35.392+0000] {standard_task_runner.py:63} INFO - Started process 4966 to run task
[2026-01-04T14:00:35.397+0000] {standard_task_runner.py:90} INFO - Running: ['***', 'tasks', 'run', 'speed_layer_silver_ingestion', 'print_summary', 'scheduled__2026-01-04T13:00:00+00:00', '--job-id', '388', '--raw', '--subdir', 'DAGS_FOLDER/speed_layer_silver_ingestion.py', '--cfg-path', '/tmp/tmpg90u6em6']
[2026-01-04T14:00:35.401+0000] {standard_task_runner.py:91} INFO - Job 388: Subtask print_summary
[2026-01-04T14:00:35.491+0000] {task_command.py:426} INFO - Running <TaskInstance: speed_layer_silver_ingestion.print_summary scheduled__2026-01-04T13:00:00+00:00 [running]> on host 968fed69c878
[2026-01-04T14:00:35.681+0000] {taskinstance.py:2644} INFO - Exporting env vars: AIRFLOW_CTX_DAG_OWNER='aviation-team' AIRFLOW_CTX_DAG_ID='speed_layer_silver_ingestion' AIRFLOW_CTX_TASK_ID='print_summary' AIRFLOW_CTX_EXECUTION_DATE='2026-01-04T13:00:00+00:00' AIRFLOW_CTX_TRY_NUMBER='1' AIRFLOW_CTX_DAG_RUN_ID='scheduled__2026-01-04T13:00:00+00:00'
[2026-01-04T14:00:35.682+0000] {taskinstance.py:430} INFO - ::endgroup::
[2026-01-04T14:00:35.700+0000] {logging_mixin.py:188} INFO - ============================================================
[2026-01-04T14:00:35.700+0000] {logging_mixin.py:188} INFO - PIPELINE SUMMARY
[2026-01-04T14:00:35.701+0000] {logging_mixin.py:188} INFO - ============================================================
[2026-01-04T14:00:35.723+0000] {logging_mixin.py:188} INFO - ✓ Pipeline completed successfully
[2026-01-04T14:00:35.723+0000] {logging_mixin.py:188} INFO -   Flights processed: 30
[2026-01-04T14:00:35.726+0000] {logging_mixin.py:188} WARNING - /home/***/.local/lib/python3.11/site-packages/***/utils/context.py:320 AirflowContextDeprecationWarning: Accessing 'execution_date' from the template is deprecated and will be removed in a future version. Please use 'data_interval_start' or 'logical_date' instead.
[2026-01-04T14:00:35.726+0000] {logging_mixin.py:188} INFO -   Execution time: 2026-01-04 13:00:00+00:00
[2026-01-04T14:00:35.726+0000] {logging_mixin.py:188} INFO -   Kafka topics: Cleared and recreated
[2026-01-04T14:00:35.726+0000] {logging_mixin.py:188} INFO -   Accumulator: Cleared
[2026-01-04T14:00:35.727+0000] {logging_mixin.py:188} INFO -   Status: Ready for next hour
[2026-01-04T14:00:35.727+0000] {logging_mixin.py:188} INFO - ============================================================
[2026-01-04T14:00:35.727+0000] {python.py:237} INFO - Done. Returned value was: {'status': 'success', 'flights_processed': 30, 'execution_date': '2026-01-04 13:00:00+00:00'}
[2026-01-04T14:00:35.727+0000] {taskinstance.py:441} INFO - ::group::Post task execution logs
[2026-01-04T14:00:35.766+0000] {taskinstance.py:1205} INFO - Marking task as SUCCESS. dag_id=speed_layer_silver_ingestion, task_id=print_summary, execution_date=20260104T130000, start_date=20260104T140035, end_date=20260104T140035
[2026-01-04T14:00:35.808+0000] {local_task_job_runner.py:240} INFO - Task exited with return code 0
[2026-01-04T14:00:35.850+0000] {taskinstance.py:3482} INFO - 0 downstream tasks scheduled from follow-on schedule check
[2026-01-04T14:00:35.852+0000] {local_task_job_runner.py:222} INFO - ::endgroup::
