[2026-01-04T14:27:09.727+0000] {local_task_job_runner.py:120} INFO - ::group::Pre task execution logs
[2026-01-04T14:27:09.772+0000] {taskinstance.py:2073} INFO - Dependencies all met for dep_context=non-requeueable deps ti=<TaskInstance: analytics_serving_layer.merge_to_gold_bucket manual__2026-01-04T14:26:47.466133+00:00 [queued]>
[2026-01-04T14:27:09.784+0000] {taskinstance.py:2073} INFO - Dependencies all met for dep_context=requeueable deps ti=<TaskInstance: analytics_serving_layer.merge_to_gold_bucket manual__2026-01-04T14:26:47.466133+00:00 [queued]>
[2026-01-04T14:27:09.785+0000] {taskinstance.py:2303} INFO - Starting attempt 1 of 2
[2026-01-04T14:27:09.803+0000] {taskinstance.py:2327} INFO - Executing <Task(PythonOperator): merge_to_gold_bucket> on 2026-01-04 14:26:47.466133+00:00
[2026-01-04T14:27:09.814+0000] {standard_task_runner.py:63} INFO - Started process 1775 to run task
[2026-01-04T14:27:09.817+0000] {standard_task_runner.py:90} INFO - Running: ['***', 'tasks', 'run', 'analytics_serving_layer', 'merge_to_gold_bucket', 'manual__2026-01-04T14:26:47.466133+00:00', '--job-id', '398', '--raw', '--subdir', 'DAGS_FOLDER/analytics_serving_layer.py', '--cfg-path', '/tmp/tmpxzx2m7vm']
[2026-01-04T14:27:09.820+0000] {standard_task_runner.py:91} INFO - Job 398: Subtask merge_to_gold_bucket
[2026-01-04T14:27:09.895+0000] {task_command.py:426} INFO - Running <TaskInstance: analytics_serving_layer.merge_to_gold_bucket manual__2026-01-04T14:26:47.466133+00:00 [running]> on host 968fed69c878
[2026-01-04T14:27:10.054+0000] {taskinstance.py:2644} INFO - Exporting env vars: AIRFLOW_CTX_DAG_OWNER='aviation-team' AIRFLOW_CTX_DAG_ID='analytics_serving_layer' AIRFLOW_CTX_TASK_ID='merge_to_gold_bucket' AIRFLOW_CTX_EXECUTION_DATE='2026-01-04T14:26:47.466133+00:00' AIRFLOW_CTX_TRY_NUMBER='1' AIRFLOW_CTX_DAG_RUN_ID='manual__2026-01-04T14:26:47.466133+00:00'
[2026-01-04T14:27:10.055+0000] {taskinstance.py:430} INFO - ::endgroup::
[2026-01-04T14:27:10.091+0000] {logging_mixin.py:188} INFO - ============================================================
[2026-01-04T14:27:10.091+0000] {logging_mixin.py:188} INFO - MERGING TO GOLD BUCKET
[2026-01-04T14:27:10.091+0000] {logging_mixin.py:188} INFO - First run: False
[2026-01-04T14:27:10.091+0000] {logging_mixin.py:188} INFO - ============================================================
[2026-01-04T14:27:20.084+0000] {logging_mixin.py:188} INFO - ⚠ No new speed data: [PATH_NOT_FOUND] Path does not exist: s3a://aviation-silver/speed_enriched.
[2026-01-04T14:27:20.286+0000] {python.py:237} INFO - Done. Returned value was: {'gold_records': 0}
[2026-01-04T14:27:20.287+0000] {taskinstance.py:441} INFO - ::group::Post task execution logs
[2026-01-04T14:27:20.367+0000] {taskinstance.py:1205} INFO - Marking task as SUCCESS. dag_id=analytics_serving_layer, task_id=merge_to_gold_bucket, execution_date=20260104T142647, start_date=20260104T142709, end_date=20260104T142720
[2026-01-04T14:27:20.413+0000] {local_task_job_runner.py:240} INFO - Task exited with return code 0
[2026-01-04T14:27:20.482+0000] {taskinstance.py:3482} INFO - 1 downstream tasks scheduled from follow-on schedule check
[2026-01-04T14:27:20.484+0000] {local_task_job_runner.py:222} INFO - ::endgroup::
