[2025-12-24T14:42:41.390+0000] {local_task_job_runner.py:120} INFO - ::group::Pre task execution logs
[2025-12-24T14:42:41.450+0000] {taskinstance.py:2073} INFO - Dependencies all met for dep_context=non-requeueable deps ti=<TaskInstance: aviation_states_pipeline.enrich_silver_states manual__2025-12-24T14:21:48.308919+00:00 [queued]>
[2025-12-24T14:42:41.462+0000] {taskinstance.py:2073} INFO - Dependencies all met for dep_context=requeueable deps ti=<TaskInstance: aviation_states_pipeline.enrich_silver_states manual__2025-12-24T14:21:48.308919+00:00 [queued]>
[2025-12-24T14:42:41.463+0000] {taskinstance.py:2303} INFO - Starting attempt 1 of 2
[2025-12-24T14:42:41.476+0000] {taskinstance.py:2327} INFO - Executing <Task(PythonOperator): enrich_silver_states> on 2025-12-24 14:21:48.308919+00:00
[2025-12-24T14:42:41.488+0000] {standard_task_runner.py:63} INFO - Started process 7710 to run task
[2025-12-24T14:42:41.493+0000] {standard_task_runner.py:90} INFO - Running: ['***', 'tasks', 'run', 'aviation_states_pipeline', 'enrich_silver_states', 'manual__2025-12-24T14:21:48.308919+00:00', '--job-id', '91', '--raw', '--subdir', 'DAGS_FOLDER/aviation_states_pipeline.py', '--cfg-path', '/tmp/tmppnj74csf']
[2025-12-24T14:42:41.495+0000] {standard_task_runner.py:91} INFO - Job 91: Subtask enrich_silver_states
[2025-12-24T14:42:41.583+0000] {task_command.py:426} INFO - Running <TaskInstance: aviation_states_pipeline.enrich_silver_states manual__2025-12-24T14:21:48.308919+00:00 [running]> on host 6c6ccfef5674
[2025-12-24T14:42:41.736+0000] {taskinstance.py:2644} INFO - Exporting env vars: AIRFLOW_CTX_DAG_OWNER='aviation-team' AIRFLOW_CTX_DAG_ID='aviation_states_pipeline' AIRFLOW_CTX_TASK_ID='enrich_silver_states' AIRFLOW_CTX_EXECUTION_DATE='2025-12-24T14:21:48.308919+00:00' AIRFLOW_CTX_TRY_NUMBER='1' AIRFLOW_CTX_DAG_RUN_ID='manual__2025-12-24T14:21:48.308919+00:00'
[2025-12-24T14:42:41.737+0000] {taskinstance.py:430} INFO - ::endgroup::
[2025-12-24T14:42:41.754+0000] {logging_mixin.py:188} INFO - ============================================================
[2025-12-24T14:42:41.754+0000] {logging_mixin.py:188} INFO - SILVER LAYER: Enriching States with Routes
[2025-12-24T14:42:41.754+0000] {logging_mixin.py:188} INFO - Bronze: s3a://aviation-bronze/states
[2025-12-24T14:42:41.754+0000] {logging_mixin.py:188} INFO - Silver: s3a://aviation-silver/enriched_states
[2025-12-24T14:42:41.754+0000] {logging_mixin.py:188} INFO - Mapping: s3a://aviation-mapping/flight_routes
[2025-12-24T14:42:41.754+0000] {logging_mixin.py:188} INFO - ============================================================
[2025-12-24T14:42:56.202+0000] {logging_mixin.py:188} INFO -   Bronze records: 2,077,361
[2025-12-24T14:42:56.995+0000] {logging_mixin.py:188} INFO -   Mapping records: 213,409
[2025-12-24T14:43:20.772+0000] {logging_mixin.py:188} INFO - 
✅ SILVER COMPLETE: 2,077,361 records
[2025-12-24T14:43:20.835+0000] {logging_mixin.py:188} INFO -    Matched: 503,407 (24.2%)
[2025-12-24T14:43:21.464+0000] {python.py:237} INFO - Done. Returned value was: {'records': 2077361, 'matched': 503407, 'match_rate': 24.2}
[2025-12-24T14:43:21.471+0000] {taskinstance.py:441} INFO - ::group::Post task execution logs
[2025-12-24T14:43:21.815+0000] {taskinstance.py:1205} INFO - Marking task as SUCCESS. dag_id=aviation_states_pipeline, task_id=enrich_silver_states, execution_date=20251224T142148, start_date=20251224T144241, end_date=20251224T144321
[2025-12-24T14:43:21.962+0000] {local_task_job_runner.py:240} INFO - Task exited with return code 0
[2025-12-24T14:43:22.150+0000] {taskinstance.py:3482} INFO - 1 downstream tasks scheduled from follow-on schedule check
[2025-12-24T14:43:22.152+0000] {local_task_job_runner.py:222} INFO - ::endgroup::
