[2026-01-04T11:00:03.647+0000] {local_task_job_runner.py:120} INFO - ::group::Pre task execution logs
[2026-01-04T11:00:03.718+0000] {taskinstance.py:2073} INFO - Dependencies all met for dep_context=non-requeueable deps ti=<TaskInstance: speed_layer_silver_ingestion.fetch_accumulated_data scheduled__2026-01-04T10:00:00+00:00 [queued]>
[2026-01-04T11:00:03.737+0000] {taskinstance.py:2073} INFO - Dependencies all met for dep_context=requeueable deps ti=<TaskInstance: speed_layer_silver_ingestion.fetch_accumulated_data scheduled__2026-01-04T10:00:00+00:00 [queued]>
[2026-01-04T11:00:03.738+0000] {taskinstance.py:2303} INFO - Starting attempt 1 of 3
[2026-01-04T11:00:03.764+0000] {taskinstance.py:2327} INFO - Executing <Task(PythonOperator): fetch_accumulated_data> on 2026-01-04 10:00:00+00:00
[2026-01-04T11:00:03.781+0000] {standard_task_runner.py:63} INFO - Started process 261 to run task
[2026-01-04T11:00:03.787+0000] {standard_task_runner.py:90} INFO - Running: ['***', 'tasks', 'run', 'speed_layer_silver_ingestion', 'fetch_accumulated_data', 'scheduled__2026-01-04T10:00:00+00:00', '--job-id', '348', '--raw', '--subdir', 'DAGS_FOLDER/speed_layer_silver_ingestion.py', '--cfg-path', '/tmp/tmp6h8x5aml']
[2026-01-04T11:00:03.790+0000] {standard_task_runner.py:91} INFO - Job 348: Subtask fetch_accumulated_data
[2026-01-04T11:00:03.903+0000] {task_command.py:426} INFO - Running <TaskInstance: speed_layer_silver_ingestion.fetch_accumulated_data scheduled__2026-01-04T10:00:00+00:00 [running]> on host 29663289b440
[2026-01-04T11:00:04.093+0000] {taskinstance.py:2644} INFO - Exporting env vars: AIRFLOW_CTX_DAG_OWNER='aviation-team' AIRFLOW_CTX_DAG_ID='speed_layer_silver_ingestion' AIRFLOW_CTX_TASK_ID='fetch_accumulated_data' AIRFLOW_CTX_EXECUTION_DATE='2026-01-04T10:00:00+00:00' AIRFLOW_CTX_TRY_NUMBER='1' AIRFLOW_CTX_DAG_RUN_ID='scheduled__2026-01-04T10:00:00+00:00'
[2026-01-04T11:00:04.094+0000] {taskinstance.py:430} INFO - ::endgroup::
[2026-01-04T11:00:04.123+0000] {logging_mixin.py:188} INFO - ============================================================
[2026-01-04T11:00:04.123+0000] {logging_mixin.py:188} INFO - FETCHING ACCUMULATED DATA
[2026-01-04T11:00:04.124+0000] {logging_mixin.py:188} INFO - ============================================================
[2026-01-04T11:00:04.132+0000] {logging_mixin.py:188} INFO - ✓ Fetched 0 flights
[2026-01-04T11:00:04.132+0000] {logging_mixin.py:188} INFO -   Total messages: 0
[2026-01-04T11:00:04.133+0000] {logging_mixin.py:188} INFO -   Updates: 0
[2026-01-04T11:00:04.133+0000] {logging_mixin.py:188} INFO -   New flights: 0
[2026-01-04T11:00:04.133+0000] {logging_mixin.py:188} INFO - ⚠️ No flights to persist - skipping Silver persistence
[2026-01-04T11:00:04.160+0000] {python.py:237} INFO - Done. Returned value was: {'flights': [], 'count': 0}
[2026-01-04T11:00:04.160+0000] {taskinstance.py:441} INFO - ::group::Post task execution logs
[2026-01-04T11:00:04.211+0000] {taskinstance.py:1205} INFO - Marking task as SUCCESS. dag_id=speed_layer_silver_ingestion, task_id=fetch_accumulated_data, execution_date=20260104T100000, start_date=20260104T110003, end_date=20260104T110004
[2026-01-04T11:00:04.281+0000] {local_task_job_runner.py:240} INFO - Task exited with return code 0
[2026-01-04T11:00:04.342+0000] {taskinstance.py:3482} INFO - 1 downstream tasks scheduled from follow-on schedule check
[2026-01-04T11:00:04.344+0000] {local_task_job_runner.py:222} INFO - ::endgroup::
