[2026-01-04T17:27:38.344+0000] {local_task_job_runner.py:120} INFO - ::group::Pre task execution logs
[2026-01-04T17:27:38.468+0000] {taskinstance.py:2073} INFO - Dependencies all met for dep_context=non-requeueable deps ti=<TaskInstance: analytics_serving_layer.create_fact_flight_history manual__2026-01-04T17:23:09+00:00 [queued]>
[2026-01-04T17:27:38.500+0000] {taskinstance.py:2073} INFO - Dependencies all met for dep_context=requeueable deps ti=<TaskInstance: analytics_serving_layer.create_fact_flight_history manual__2026-01-04T17:23:09+00:00 [queued]>
[2026-01-04T17:27:38.500+0000] {taskinstance.py:2303} INFO - Starting attempt 1 of 2
[2026-01-04T17:27:38.551+0000] {taskinstance.py:2327} INFO - Executing <Task(PythonOperator): create_fact_flight_history> on 2026-01-04 17:23:09+00:00
[2026-01-04T17:27:38.575+0000] {standard_task_runner.py:63} INFO - Started process 2379 to run task
[2026-01-04T17:27:38.581+0000] {standard_task_runner.py:90} INFO - Running: ['***', 'tasks', 'run', 'analytics_serving_layer', 'create_fact_flight_history', 'manual__2026-01-04T17:23:09+00:00', '--job-id', '475', '--raw', '--subdir', 'DAGS_FOLDER/analytics_serving_layer.py', '--cfg-path', '/tmp/tmp7k7ui5zz']
[2026-01-04T17:27:38.588+0000] {standard_task_runner.py:91} INFO - Job 475: Subtask create_fact_flight_history
[2026-01-04T17:27:38.786+0000] {task_command.py:426} INFO - Running <TaskInstance: analytics_serving_layer.create_fact_flight_history manual__2026-01-04T17:23:09+00:00 [running]> on host 0f35c4bc447d
[2026-01-04T17:27:39.108+0000] {taskinstance.py:2644} INFO - Exporting env vars: AIRFLOW_CTX_DAG_OWNER='aviation-team' AIRFLOW_CTX_DAG_ID='analytics_serving_layer' AIRFLOW_CTX_TASK_ID='create_fact_flight_history' AIRFLOW_CTX_EXECUTION_DATE='2026-01-04T17:23:09+00:00' AIRFLOW_CTX_TRY_NUMBER='1' AIRFLOW_CTX_DAG_RUN_ID='manual__2026-01-04T17:23:09+00:00'
[2026-01-04T17:27:39.110+0000] {taskinstance.py:430} INFO - ::endgroup::
[2026-01-04T17:27:39.162+0000] {logging_mixin.py:188} INFO - 
================================================================================
[2026-01-04T17:27:39.163+0000] {logging_mixin.py:188} INFO - 📊 CREATING FACT_FLIGHT_HISTORY TABLE
[2026-01-04T17:27:39.163+0000] {logging_mixin.py:188} INFO - ================================================================================
[2026-01-04T17:27:58.212+0000] {logging_mixin.py:188} INFO -   [17:27:58] ⚙️ Reading from Gold bucket...
[2026-01-04T17:29:32.634+0000] {logging_mixin.py:188} INFO - ✅ FACT_FLIGHT_HISTORY: 11,323 records
[2026-01-04T17:29:34.131+0000] {python.py:237} INFO - Done. Returned value was: {'table': 'fact_flight_history', 'records': 11323}
[2026-01-04T17:29:34.149+0000] {taskinstance.py:441} INFO - ::group::Post task execution logs
[2026-01-04T17:29:35.076+0000] {taskinstance.py:1205} INFO - Marking task as SUCCESS. dag_id=analytics_serving_layer, task_id=create_fact_flight_history, execution_date=20260104T172309, start_date=20260104T172738, end_date=20260104T172935
[2026-01-04T17:29:35.539+0000] {local_task_job_runner.py:240} INFO - Task exited with return code 0
[2026-01-04T17:29:36.167+0000] {taskinstance.py:3482} INFO - 0 downstream tasks scheduled from follow-on schedule check
[2026-01-04T17:29:36.189+0000] {local_task_job_runner.py:222} INFO - ::endgroup::
