[2025-12-24T13:27:21.471+0000] {local_task_job_runner.py:120} INFO - ::group::Pre task execution logs
[2025-12-24T13:27:21.761+0000] {taskinstance.py:2073} INFO - Dependencies all met for dep_context=non-requeueable deps ti=<TaskInstance: aviation_states_pipeline.setup_directories manual__2025-12-24T13:27:15.327832+00:00 [queued]>
[2025-12-24T13:27:21.774+0000] {taskinstance.py:2073} INFO - Dependencies all met for dep_context=requeueable deps ti=<TaskInstance: aviation_states_pipeline.setup_directories manual__2025-12-24T13:27:15.327832+00:00 [queued]>
[2025-12-24T13:27:21.775+0000] {taskinstance.py:2303} INFO - Starting attempt 1 of 2
[2025-12-24T13:27:21.791+0000] {taskinstance.py:2327} INFO - Executing <Task(PythonOperator): setup_directories> on 2025-12-24 13:27:15.327832+00:00
[2025-12-24T13:27:21.803+0000] {standard_task_runner.py:63} INFO - Started process 1649 to run task
[2025-12-24T13:27:21.806+0000] {standard_task_runner.py:90} INFO - Running: ['***', 'tasks', 'run', 'aviation_states_pipeline', 'setup_directories', 'manual__2025-12-24T13:27:15.327832+00:00', '--job-id', '74', '--raw', '--subdir', 'DAGS_FOLDER/aviation_states_pipeline.py', '--cfg-path', '/tmp/tmpt2wppmz4']
[2025-12-24T13:27:21.809+0000] {standard_task_runner.py:91} INFO - Job 74: Subtask setup_directories
[2025-12-24T13:27:21.890+0000] {task_command.py:426} INFO - Running <TaskInstance: aviation_states_pipeline.setup_directories manual__2025-12-24T13:27:15.327832+00:00 [running]> on host 6c6ccfef5674
[2025-12-24T13:27:22.058+0000] {taskinstance.py:2644} INFO - Exporting env vars: AIRFLOW_CTX_DAG_OWNER='aviation_team' AIRFLOW_CTX_DAG_ID='aviation_states_pipeline' AIRFLOW_CTX_TASK_ID='setup_directories' AIRFLOW_CTX_EXECUTION_DATE='2025-12-24T13:27:15.327832+00:00' AIRFLOW_CTX_TRY_NUMBER='1' AIRFLOW_CTX_DAG_RUN_ID='manual__2025-12-24T13:27:15.327832+00:00'
[2025-12-24T13:27:22.060+0000] {taskinstance.py:430} INFO - ::endgroup::
[2025-12-24T13:27:22.074+0000] {logging_mixin.py:188} INFO - ✓ Created directory: /tmp/aviation/bronze/states
[2025-12-24T13:27:22.075+0000] {logging_mixin.py:188} INFO - ✓ Created directory: /tmp/aviation/silver/enriched_states
[2025-12-24T13:27:22.076+0000] {logging_mixin.py:188} INFO - ✓ Created directory: /tmp/aviation/gold/analytics
[2025-12-24T13:27:22.076+0000] {logging_mixin.py:188} INFO - ✓ Created directory: /tmp/aviation/mapping/flight_routes
[2025-12-24T13:27:22.076+0000] {python.py:237} INFO - Done. Returned value was: {'directories_created': ['/tmp/aviation/bronze/states', '/tmp/aviation/silver/enriched_states', '/tmp/aviation/gold/analytics', '/tmp/aviation/mapping/flight_routes']}
[2025-12-24T13:27:22.076+0000] {taskinstance.py:441} INFO - ::group::Post task execution logs
[2025-12-24T13:27:22.119+0000] {taskinstance.py:1205} INFO - Marking task as SUCCESS. dag_id=aviation_states_pipeline, task_id=setup_directories, execution_date=20251224T132715, start_date=20251224T132721, end_date=20251224T132722
[2025-12-24T13:27:22.179+0000] {local_task_job_runner.py:240} INFO - Task exited with return code 0
[2025-12-24T13:27:22.224+0000] {taskinstance.py:3482} INFO - 1 downstream tasks scheduled from follow-on schedule check
[2025-12-24T13:27:22.226+0000] {local_task_job_runner.py:222} INFO - ::endgroup::
