[2026-01-04T17:32:16.635+0000] {local_task_job_runner.py:120} INFO - ::group::Pre task execution logs
[2026-01-04T17:32:16.704+0000] {taskinstance.py:2073} INFO - Dependencies all met for dep_context=non-requeueable deps ti=<TaskInstance: analytics_serving_layer.show_pipeline_metrics manual__2026-01-04T17:23:09+00:00 [queued]>
[2026-01-04T17:32:16.722+0000] {taskinstance.py:2073} INFO - Dependencies all met for dep_context=requeueable deps ti=<TaskInstance: analytics_serving_layer.show_pipeline_metrics manual__2026-01-04T17:23:09+00:00 [queued]>
[2026-01-04T17:32:16.722+0000] {taskinstance.py:2303} INFO - Starting attempt 1 of 2
[2026-01-04T17:32:16.753+0000] {taskinstance.py:2327} INFO - Executing <Task(PythonOperator): show_pipeline_metrics> on 2026-01-04 17:23:09+00:00
[2026-01-04T17:32:16.769+0000] {standard_task_runner.py:63} INFO - Started process 3630 to run task
[2026-01-04T17:32:16.774+0000] {standard_task_runner.py:90} INFO - Running: ['***', 'tasks', 'run', 'analytics_serving_layer', 'show_pipeline_metrics', 'manual__2026-01-04T17:23:09+00:00', '--job-id', '479', '--raw', '--subdir', 'DAGS_FOLDER/analytics_serving_layer.py', '--cfg-path', '/tmp/tmpvhstdhon']
[2026-01-04T17:32:16.778+0000] {standard_task_runner.py:91} INFO - Job 479: Subtask show_pipeline_metrics
[2026-01-04T17:32:16.897+0000] {task_command.py:426} INFO - Running <TaskInstance: analytics_serving_layer.show_pipeline_metrics manual__2026-01-04T17:23:09+00:00 [running]> on host 0f35c4bc447d
[2026-01-04T17:32:17.146+0000] {taskinstance.py:2644} INFO - Exporting env vars: AIRFLOW_CTX_DAG_OWNER='aviation-team' AIRFLOW_CTX_DAG_ID='analytics_serving_layer' AIRFLOW_CTX_TASK_ID='show_pipeline_metrics' AIRFLOW_CTX_EXECUTION_DATE='2026-01-04T17:23:09+00:00' AIRFLOW_CTX_TRY_NUMBER='1' AIRFLOW_CTX_DAG_RUN_ID='manual__2026-01-04T17:23:09+00:00'
[2026-01-04T17:32:17.147+0000] {taskinstance.py:430} INFO - ::endgroup::
[2026-01-04T17:32:17.177+0000] {logging_mixin.py:188} INFO - 
================================================================================
[2026-01-04T17:32:17.177+0000] {logging_mixin.py:188} INFO - 📊 ANALYTICS SERVING LAYER - FULL LOAD (BATCH + SPEED) - COMPREHENSIVE METRICS REPORT
[2026-01-04T17:32:17.177+0000] {logging_mixin.py:188} INFO - ================================================================================
[2026-01-04T17:32:17.178+0000] {logging_mixin.py:188} INFO - 
🔄 DAG RUN INFORMATION
[2026-01-04T17:32:17.178+0000] {logging_mixin.py:188} INFO - --------------------------------------------------------------------------------
[2026-01-04T17:32:17.178+0000] {logging_mixin.py:188} INFO -   DAG ID:           analytics_serving_layer
[2026-01-04T17:32:17.179+0000] {logging_mixin.py:188} INFO -   Run ID:           manual__2026-01-04T17:23:09+00:00
[2026-01-04T17:32:17.179+0000] {logging_mixin.py:188} INFO -   Execution Date:   2026-01-04 17:23:09+00:00
[2026-01-04T17:32:17.179+0000] {logging_mixin.py:188} INFO -   Start Date:       2026-01-04 17:23:14.476715+00:00
[2026-01-04T17:32:17.179+0000] {logging_mixin.py:188} INFO -   State:            running
[2026-01-04T17:32:17.180+0000] {logging_mixin.py:188} INFO -   Duration So Far:  542.70s (9.05m)
[2026-01-04T17:32:17.180+0000] {logging_mixin.py:188} INFO - 
📋 TASK EXECUTION METRICS
[2026-01-04T17:32:17.180+0000] {logging_mixin.py:188} INFO - --------------------------------------------------------------------------------
[2026-01-04T17:32:17.208+0000] {logging_mixin.py:188} INFO -   ✓ create_analytics_database           |    1.71s | success
[2026-01-04T17:32:17.234+0000] {logging_mixin.py:188} INFO -   ✓ merge_to_gold_bucket                |  127.34s | success
[2026-01-04T17:32:17.264+0000] {logging_mixin.py:188} INFO -   ✓ create_raw_telemetry                |  111.45s | success
[2026-01-04T17:32:17.296+0000] {logging_mixin.py:188} INFO -   ✓ create_fact_flight_history          |  116.60s | success
[2026-01-04T17:32:17.328+0000] {logging_mixin.py:188} INFO -   ✓ create_dim_route_analytics          |   99.00s | success
[2026-01-04T17:32:17.354+0000] {logging_mixin.py:188} INFO -   ✓ create_dim_aircraft_utilization     |  147.46s | success
[2026-01-04T17:32:17.383+0000] {logging_mixin.py:188} INFO -   ✓ create_dim_airspace_heatmap         |  147.51s | success
[2026-01-04T17:32:17.384+0000] {logging_mixin.py:188} INFO - 
  Total Task Time:     751.08s (12.52m)
[2026-01-04T17:32:17.384+0000] {logging_mixin.py:188} INFO -   Successful Tasks:    7/7
[2026-01-04T17:32:17.385+0000] {logging_mixin.py:188} INFO - 
💾 DATA LAYER STATISTICS
[2026-01-04T17:32:17.385+0000] {logging_mixin.py:188} INFO - --------------------------------------------------------------------------------
[2026-01-04T17:32:17.980+0000] {logging_mixin.py:188} INFO - 
  🥈 Silver Layer (Source): aviation-silver
[2026-01-04T17:32:17.981+0000] {logging_mixin.py:188} INFO -     Files:       72
[2026-01-04T17:32:17.981+0000] {logging_mixin.py:188} INFO -     Total Size:  75.47 MB
[2026-01-04T17:32:17.981+0000] {logging_mixin.py:188} INFO -     Paths:
[2026-01-04T17:32:17.981+0000] {logging_mixin.py:188} INFO -       • enriched_states: 1 files
[2026-01-04T17:32:17.982+0000] {logging_mixin.py:188} INFO -       • enriched_states/year=2017/month=6: 8 files
[2026-01-04T17:32:17.982+0000] {logging_mixin.py:188} INFO -       • enriched_states/year=2017/month=7: 8 files
[2026-01-04T17:32:17.982+0000] {logging_mixin.py:188} INFO -       • enriched_states/year=2017/month=8: 2 files
[2026-01-04T17:32:17.982+0000] {logging_mixin.py:188} INFO -       • speed_layer/year=2026/month=01/day=04/hour=12: 9 files
[2026-01-04T17:32:17.983+0000] {logging_mixin.py:188} INFO -       ... and 4 more paths
[2026-01-04T17:32:18.000+0000] {logging_mixin.py:188} INFO - 
  🥇 Gold Layer (Master): aviation-gold
[2026-01-04T17:32:18.000+0000] {logging_mixin.py:188} INFO -     Files:       14
[2026-01-04T17:32:18.000+0000] {logging_mixin.py:188} INFO -     Total Size:  74.39 MB
[2026-01-04T17:32:18.001+0000] {logging_mixin.py:188} INFO -     Paths:
[2026-01-04T17:32:18.001+0000] {logging_mixin.py:188} INFO -       • analytics/master_flights: 1 files
[2026-01-04T17:32:18.001+0000] {logging_mixin.py:188} INFO -       • analytics/master_flights/year=2017/month=6: 5 files
[2026-01-04T17:32:18.001+0000] {logging_mixin.py:188} INFO -       • analytics/master_flights/year=2017/month=7: 7 files
[2026-01-04T17:32:18.001+0000] {logging_mixin.py:188} INFO -       • analytics/master_flights/year=2017/month=8: 1 files
[2026-01-04T17:32:18.002+0000] {logging_mixin.py:188} INFO - 
📈 DATA PROCESSING METRICS
[2026-01-04T17:32:18.002+0000] {logging_mixin.py:188} INFO - --------------------------------------------------------------------------------
[2026-01-04T17:32:18.038+0000] {logging_mixin.py:188} INFO - 
  Task: create_analytics_database
[2026-01-04T17:32:18.040+0000] {logging_mixin.py:188} INFO -     • status                        : success
[2026-01-04T17:32:18.074+0000] {logging_mixin.py:188} INFO - 
  Task: merge_to_gold_bucket
[2026-01-04T17:32:18.075+0000] {logging_mixin.py:188} INFO -     • gold_records                  : 2,370,307
[2026-01-04T17:32:18.106+0000] {logging_mixin.py:188} INFO - 
  Task: create_raw_telemetry
[2026-01-04T17:32:18.106+0000] {logging_mixin.py:188} INFO -     • table                         : raw_telemetry
[2026-01-04T17:32:18.107+0000] {logging_mixin.py:188} INFO -     • records                       : 1,001,406
[2026-01-04T17:32:18.142+0000] {logging_mixin.py:188} INFO - 
  Task: create_fact_flight_history
[2026-01-04T17:32:18.143+0000] {logging_mixin.py:188} INFO -     • table                         : fact_flight_history
[2026-01-04T17:32:18.145+0000] {logging_mixin.py:188} INFO -     • records                       : 11,323
[2026-01-04T17:32:18.175+0000] {logging_mixin.py:188} INFO - 
  Task: create_dim_route_analytics
[2026-01-04T17:32:18.176+0000] {logging_mixin.py:188} INFO -     • table                         : dim_route_analytics
[2026-01-04T17:32:18.177+0000] {logging_mixin.py:188} INFO -     • records                       : 256
[2026-01-04T17:32:18.204+0000] {logging_mixin.py:188} INFO - 
  Task: create_dim_aircraft_utilization
[2026-01-04T17:32:18.205+0000] {logging_mixin.py:188} INFO -     • table                         : dim_aircraft_utilization
[2026-01-04T17:32:18.205+0000] {logging_mixin.py:188} INFO -     • records                       : 6,073
[2026-01-04T17:32:18.233+0000] {logging_mixin.py:188} INFO - 
  Task: create_dim_airspace_heatmap
[2026-01-04T17:32:18.234+0000] {logging_mixin.py:188} INFO -     • table                         : dim_airspace_heatmap
[2026-01-04T17:32:18.235+0000] {logging_mixin.py:188} INFO -     • records                       : 22,553
[2026-01-04T17:32:18.236+0000] {logging_mixin.py:188} INFO - 
⚡ PERFORMANCE SUMMARY
[2026-01-04T17:32:18.236+0000] {logging_mixin.py:188} INFO - --------------------------------------------------------------------------------
[2026-01-04T17:32:18.237+0000] {logging_mixin.py:188} INFO -   Pipeline Efficiency:  138.4% (task time / wall clock time)
[2026-01-04T17:32:18.237+0000] {logging_mixin.py:188} INFO -   Avg Task Duration:    107.30s
[2026-01-04T17:32:18.237+0000] {logging_mixin.py:188} INFO - 
🏥 SYSTEM HEALTH CHECK
[2026-01-04T17:32:18.237+0000] {logging_mixin.py:188} INFO - --------------------------------------------------------------------------------
[2026-01-04T17:32:18.238+0000] {logging_mixin.py:188} INFO -   MinIO Storage:    ❌ Unavailable - name 'create_s3_client' is not defined
[2026-01-04T17:32:18.328+0000] {logging_mixin.py:188} INFO -   PostgreSQL:       ✅ Healthy
[2026-01-04T17:32:18.328+0000] {logging_mixin.py:188} INFO - 
================================================================================
[2026-01-04T17:32:18.328+0000] {logging_mixin.py:188} INFO - ✅ ANALYTICS SERVING LAYER - FULL LOAD (BATCH + SPEED) EXECUTION COMPLETE
[2026-01-04T17:32:18.328+0000] {logging_mixin.py:188} INFO - ================================================================================
[2026-01-04T17:32:18.329+0000] {logging_mixin.py:188} INFO - 
================================================================================
[2026-01-04T17:32:18.330+0000] {logging_mixin.py:188} INFO - 📊 ANALYTICS TABLES SUMMARY
[2026-01-04T17:32:18.330+0000] {logging_mixin.py:188} INFO - ================================================================================
[2026-01-04T17:32:18.330+0000] {logging_mixin.py:188} INFO - 
  PostgreSQL Database: analytics
[2026-01-04T17:32:18.330+0000] {logging_mixin.py:188} INFO - 
  Tables Created:
[2026-01-04T17:32:18.330+0000] {logging_mixin.py:188} INFO -     1. ✅ raw_telemetry         - Sampled raw data points
[2026-01-04T17:32:18.330+0000] {logging_mixin.py:188} INFO -     2. ✅ fact_flight_history    - Flight master table
[2026-01-04T17:32:18.331+0000] {logging_mixin.py:188} INFO -     3. ✅ dim_route_analytics    - Route performance metrics
[2026-01-04T17:32:18.331+0000] {logging_mixin.py:188} INFO -     4. ✅ dim_aircraft_utilization - Aircraft tracking & utilization
[2026-01-04T17:32:18.331+0000] {logging_mixin.py:188} INFO -     5. ✅ dim_airspace_heatmap   - Spatial & temporal traffic analysis
[2026-01-04T17:32:18.331+0000] {logging_mixin.py:188} INFO - 
  💾 Full raw data available in: s3a://aviation-gold/master_flights
[2026-01-04T17:32:18.331+0000] {logging_mixin.py:188} INFO - 
  🔄 Next scheduled run: In 6 hours
[2026-01-04T17:32:18.332+0000] {logging_mixin.py:188} INFO - ================================================================================
[2026-01-04T17:32:18.333+0000] {python.py:237} INFO - Done. Returned value was: {'status': 'SUCCESS', 'total_duration': 542.703238, 'total_task_time': 751.077647, 'successful_tasks': 7, 'failed_tasks': 0, 'timestamp': '2026-01-04T17:32:18.329013'}
[2026-01-04T17:32:18.334+0000] {taskinstance.py:441} INFO - ::group::Post task execution logs
[2026-01-04T17:32:18.391+0000] {taskinstance.py:1205} INFO - Marking task as SUCCESS. dag_id=analytics_serving_layer, task_id=show_pipeline_metrics, execution_date=20260104T172309, start_date=20260104T173216, end_date=20260104T173218
[2026-01-04T17:32:18.438+0000] {local_task_job_runner.py:240} INFO - Task exited with return code 0
[2026-01-04T17:32:18.487+0000] {taskinstance.py:3482} INFO - 0 downstream tasks scheduled from follow-on schedule check
[2026-01-04T17:32:18.493+0000] {local_task_job_runner.py:222} INFO - ::endgroup::
