[2026-01-04T15:15:23.502+0000] {local_task_job_runner.py:120} INFO - ::group::Pre task execution logs
[2026-01-04T15:15:23.586+0000] {taskinstance.py:2073} INFO - Dependencies all met for dep_context=non-requeueable deps ti=<TaskInstance: analytics_serving_layer.create_dim_airspace_heatmap manual__2026-01-04T15:12:49+00:00 [queued]>
[2026-01-04T15:15:23.600+0000] {taskinstance.py:2073} INFO - Dependencies all met for dep_context=requeueable deps ti=<TaskInstance: analytics_serving_layer.create_dim_airspace_heatmap manual__2026-01-04T15:12:49+00:00 [queued]>
[2026-01-04T15:15:23.601+0000] {taskinstance.py:2303} INFO - Starting attempt 1 of 2
[2026-01-04T15:15:23.621+0000] {taskinstance.py:2327} INFO - Executing <Task(PythonOperator): create_dim_airspace_heatmap> on 2026-01-04 15:12:49+00:00
[2026-01-04T15:15:23.634+0000] {standard_task_runner.py:63} INFO - Started process 9097 to run task
[2026-01-04T15:15:23.641+0000] {standard_task_runner.py:90} INFO - Running: ['***', 'tasks', 'run', 'analytics_serving_layer', 'create_dim_airspace_heatmap', 'manual__2026-01-04T15:12:49+00:00', '--job-id', '429', '--raw', '--subdir', 'DAGS_FOLDER/analytics_serving_layer.py', '--cfg-path', '/tmp/tmpmesx_vns']
[2026-01-04T15:15:23.644+0000] {standard_task_runner.py:91} INFO - Job 429: Subtask create_dim_airspace_heatmap
[2026-01-04T15:15:23.746+0000] {task_command.py:426} INFO - Running <TaskInstance: analytics_serving_layer.create_dim_airspace_heatmap manual__2026-01-04T15:12:49+00:00 [running]> on host 968fed69c878
[2026-01-04T15:15:23.922+0000] {taskinstance.py:2644} INFO - Exporting env vars: AIRFLOW_CTX_DAG_OWNER='aviation-team' AIRFLOW_CTX_DAG_ID='analytics_serving_layer' AIRFLOW_CTX_TASK_ID='create_dim_airspace_heatmap' AIRFLOW_CTX_EXECUTION_DATE='2026-01-04T15:12:49+00:00' AIRFLOW_CTX_TRY_NUMBER='1' AIRFLOW_CTX_DAG_RUN_ID='manual__2026-01-04T15:12:49+00:00'
[2026-01-04T15:15:23.924+0000] {taskinstance.py:430} INFO - ::endgroup::
[2026-01-04T15:15:23.969+0000] {logging_mixin.py:188} INFO - ============================================================
[2026-01-04T15:15:23.969+0000] {logging_mixin.py:188} INFO - CREATING DIM_AIRSPACE_HEATMAP
[2026-01-04T15:15:23.969+0000] {logging_mixin.py:188} INFO - ============================================================
[2026-01-04T15:16:27.282+0000] {logging_mixin.py:188} INFO - ✅ DIM_AIRSPACE_HEATMAP: 22,553 records
[2026-01-04T15:16:27.978+0000] {python.py:237} INFO - Done. Returned value was: {'table': 'dim_airspace_heatmap', 'records': 22553}
[2026-01-04T15:16:27.987+0000] {taskinstance.py:441} INFO - ::group::Post task execution logs
[2026-01-04T15:16:28.347+0000] {taskinstance.py:1205} INFO - Marking task as SUCCESS. dag_id=analytics_serving_layer, task_id=create_dim_airspace_heatmap, execution_date=20260104T151249, start_date=20260104T151523, end_date=20260104T151628
[2026-01-04T15:16:28.494+0000] {local_task_job_runner.py:240} INFO - Task exited with return code 0
[2026-01-04T15:16:28.661+0000] {taskinstance.py:3482} INFO - 0 downstream tasks scheduled from follow-on schedule check
[2026-01-04T15:16:28.663+0000] {local_task_job_runner.py:222} INFO - ::endgroup::
