[2026-01-03T07:28:24.780+0000] {local_task_job_runner.py:120} INFO - ::group::Pre task execution logs
[2026-01-03T07:28:24.826+0000] {taskinstance.py:2073} INFO - Dependencies all met for dep_context=non-requeueable deps ti=<TaskInstance: speed_layer_silver_ingestion.check_flight_tracker_health manual__2026-01-03T07:26:20.549962+00:00 [queued]>
[2026-01-03T07:28:24.837+0000] {taskinstance.py:2073} INFO - Dependencies all met for dep_context=requeueable deps ti=<TaskInstance: speed_layer_silver_ingestion.check_flight_tracker_health manual__2026-01-03T07:26:20.549962+00:00 [queued]>
[2026-01-03T07:28:24.837+0000] {taskinstance.py:2303} INFO - Starting attempt 2 of 3
[2026-01-03T07:28:24.852+0000] {taskinstance.py:2327} INFO - Executing <Task(PythonOperator): check_flight_tracker_health> on 2026-01-03 07:26:20.549962+00:00
[2026-01-03T07:28:24.863+0000] {standard_task_runner.py:63} INFO - Started process 830 to run task
[2026-01-03T07:28:24.867+0000] {standard_task_runner.py:90} INFO - Running: ['***', 'tasks', 'run', 'speed_layer_silver_ingestion', 'check_flight_tracker_health', 'manual__2026-01-03T07:26:20.549962+00:00', '--job-id', '149', '--raw', '--subdir', 'DAGS_FOLDER/speed_layer_silver_ingestion.py', '--cfg-path', '/tmp/tmphxycj_o9']
[2026-01-03T07:28:24.870+0000] {standard_task_runner.py:91} INFO - Job 149: Subtask check_flight_tracker_health
[2026-01-03T07:28:24.965+0000] {task_command.py:426} INFO - Running <TaskInstance: speed_layer_silver_ingestion.check_flight_tracker_health manual__2026-01-03T07:26:20.549962+00:00 [running]> on host 963177684d5b
[2026-01-03T07:28:25.138+0000] {taskinstance.py:2644} INFO - Exporting env vars: AIRFLOW_CTX_DAG_OWNER='aviation' AIRFLOW_CTX_DAG_ID='speed_layer_silver_ingestion' AIRFLOW_CTX_TASK_ID='check_flight_tracker_health' AIRFLOW_CTX_EXECUTION_DATE='2026-01-03T07:26:20.549962+00:00' AIRFLOW_CTX_TRY_NUMBER='2' AIRFLOW_CTX_DAG_RUN_ID='manual__2026-01-03T07:26:20.549962+00:00'
[2026-01-03T07:28:25.139+0000] {taskinstance.py:430} INFO - ::endgroup::
[2026-01-03T07:28:25.153+0000] {taskinstance.py:441} INFO - ::group::Post task execution logs
[2026-01-03T07:28:25.154+0000] {taskinstance.py:2890} ERROR - Task failed with exception
Traceback (most recent call last):
  File "/home/airflow/.local/lib/python3.11/site-packages/airflow/models/taskinstance.py", line 465, in _execute_task
    result = _execute_callable(context=context, **execute_callable_kwargs)
             ^^^^^^^^^^^^^^^^^^^^^^^^^^^^^^^^^^^^^^^^^^^^^^^^^^^^^^^^^^^^^
  File "/home/airflow/.local/lib/python3.11/site-packages/airflow/models/taskinstance.py", line 432, in _execute_callable
    return execute_callable(context=context, **execute_callable_kwargs)
           ^^^^^^^^^^^^^^^^^^^^^^^^^^^^^^^^^^^^^^^^^^^^^^^^^^^^^^^^^^^^
  File "/home/airflow/.local/lib/python3.11/site-packages/airflow/models/baseoperator.py", line 400, in wrapper
    return func(self, *args, **kwargs)
           ^^^^^^^^^^^^^^^^^^^^^^^^^^^
  File "/home/airflow/.local/lib/python3.11/site-packages/airflow/operators/python.py", line 235, in execute
    return_value = self.execute_callable()
                   ^^^^^^^^^^^^^^^^^^^^^^^
  File "/home/airflow/.local/lib/python3.11/site-packages/airflow/operators/python.py", line 252, in execute_callable
    return self.python_callable(*self.op_args, **self.op_kwargs)
           ^^^^^^^^^^^^^^^^^^^^^^^^^^^^^^^^^^^^^^^^^^^^^^^^^^^^^
  File "/opt/airflow/dags/speed_layer_silver_ingestion.py", line 84, in check_health_task
    logger = get_dag_logger(context)
             ^^^^^^^^^^^^^^^^^^^^^^^
  File "/opt/airflow/dags/speed_layer_silver_ingestion.py", line 45, in get_dag_logger
    _dag_loggers[run_id] = DAGLogger(
                           ^^^^^^^^^^
TypeError: DAGLogger.__init__() got an unexpected keyword argument 'log_to_console'
[2026-01-03T07:28:25.175+0000] {taskinstance.py:1205} INFO - Marking task as UP_FOR_RETRY. dag_id=speed_layer_silver_ingestion, task_id=check_flight_tracker_health, execution_date=20260103T072620, start_date=20260103T072824, end_date=20260103T072825
[2026-01-03T07:28:25.194+0000] {standard_task_runner.py:110} ERROR - Failed to execute job 149 for task check_flight_tracker_health (DAGLogger.__init__() got an unexpected keyword argument 'log_to_console'; 830)
[2026-01-03T07:28:25.239+0000] {local_task_job_runner.py:240} INFO - Task exited with return code 1
[2026-01-03T07:28:25.297+0000] {taskinstance.py:3482} INFO - 0 downstream tasks scheduled from follow-on schedule check
[2026-01-03T07:28:25.300+0000] {local_task_job_runner.py:222} INFO - ::endgroup::
