[2026-01-04T17:24:35.068+0000] {local_task_job_runner.py:120} INFO - ::group::Pre task execution logs
[2026-01-04T17:24:35.506+0000] {taskinstance.py:2073} INFO - Dependencies all met for dep_context=non-requeueable deps ti=<TaskInstance: speed_layer_silver_ingestion.clear_accumulator manual__2026-01-04T17:23:01.829912+00:00 [queued]>
[2026-01-04T17:24:35.542+0000] {taskinstance.py:2073} INFO - Dependencies all met for dep_context=requeueable deps ti=<TaskInstance: speed_layer_silver_ingestion.clear_accumulator manual__2026-01-04T17:23:01.829912+00:00 [queued]>
[2026-01-04T17:24:35.543+0000] {taskinstance.py:2303} INFO - Starting attempt 1 of 3
[2026-01-04T17:24:35.641+0000] {taskinstance.py:2327} INFO - Executing <Task(PythonOperator): clear_accumulator> on 2026-01-04 17:23:01.829912+00:00
[2026-01-04T17:24:35.719+0000] {standard_task_runner.py:63} INFO - Started process 1392 to run task
[2026-01-04T17:24:35.738+0000] {standard_task_runner.py:90} INFO - Running: ['***', 'tasks', 'run', 'speed_layer_silver_ingestion', 'clear_accumulator', 'manual__2026-01-04T17:23:01.829912+00:00', '--job-id', '469', '--raw', '--subdir', 'DAGS_FOLDER/speed_layer_silver_ingestion.py', '--cfg-path', '/tmp/tmpjir43_is']
[2026-01-04T17:24:35.750+0000] {standard_task_runner.py:91} INFO - Job 469: Subtask clear_accumulator
[2026-01-04T17:24:36.141+0000] {task_command.py:426} INFO - Running <TaskInstance: speed_layer_silver_ingestion.clear_accumulator manual__2026-01-04T17:23:01.829912+00:00 [running]> on host 0f35c4bc447d
[2026-01-04T17:24:37.074+0000] {taskinstance.py:2644} INFO - Exporting env vars: AIRFLOW_CTX_DAG_OWNER='aviation-team' AIRFLOW_CTX_DAG_ID='speed_layer_silver_ingestion' AIRFLOW_CTX_TASK_ID='clear_accumulator' AIRFLOW_CTX_EXECUTION_DATE='2026-01-04T17:23:01.829912+00:00' AIRFLOW_CTX_TRY_NUMBER='1' AIRFLOW_CTX_DAG_RUN_ID='manual__2026-01-04T17:23:01.829912+00:00'
[2026-01-04T17:24:37.083+0000] {taskinstance.py:430} INFO - ::endgroup::
[2026-01-04T17:24:37.306+0000] {logging_mixin.py:188} INFO - ============================================================
[2026-01-04T17:24:37.309+0000] {logging_mixin.py:188} INFO - CLEARING ACCUMULATOR
[2026-01-04T17:24:37.312+0000] {logging_mixin.py:188} INFO - ============================================================
[2026-01-04T17:24:37.733+0000] {logging_mixin.py:188} INFO - ✓ Cleared 30 flights from accumulator
[2026-01-04T17:24:37.738+0000] {logging_mixin.py:188} INFO -   Status: cleared
[2026-01-04T17:24:37.738+0000] {logging_mixin.py:188} INFO -   Timestamp: 2026-01-04T17:24:37.650244
[2026-01-04T17:24:37.741+0000] {python.py:237} INFO - Done. Returned value was: {'status': 'cleared', 'cleared_count': 30, 'timestamp': '2026-01-04T17:24:37.650244'}
[2026-01-04T17:24:37.751+0000] {taskinstance.py:441} INFO - ::group::Post task execution logs
[2026-01-04T17:24:37.912+0000] {taskinstance.py:1205} INFO - Marking task as SUCCESS. dag_id=speed_layer_silver_ingestion, task_id=clear_accumulator, execution_date=20260104T172301, start_date=20260104T172435, end_date=20260104T172437
[2026-01-04T17:24:38.077+0000] {local_task_job_runner.py:240} INFO - Task exited with return code 0
[2026-01-04T17:24:38.259+0000] {taskinstance.py:3482} INFO - 1 downstream tasks scheduled from follow-on schedule check
[2026-01-04T17:24:38.297+0000] {local_task_job_runner.py:222} INFO - ::endgroup::
