[2025-12-24T10:04:11.992+0000] {local_task_job_runner.py:120} INFO - ::group::Pre task execution logs
[2025-12-24T10:04:12.268+0000] {taskinstance.py:2073} INFO - Dependencies all met for dep_context=non-requeueable deps ti=<TaskInstance: aviation_batch_pipeline.create_minio_buckets manual__2025-12-24T10:03:57.751217+00:00 [queued]>
[2025-12-24T10:04:12.283+0000] {taskinstance.py:2073} INFO - Dependencies all met for dep_context=requeueable deps ti=<TaskInstance: aviation_batch_pipeline.create_minio_buckets manual__2025-12-24T10:03:57.751217+00:00 [queued]>
[2025-12-24T10:04:12.283+0000] {taskinstance.py:2303} INFO - Starting attempt 1 of 3
[2025-12-24T10:04:12.303+0000] {taskinstance.py:2327} INFO - Executing <Task(PythonOperator): create_minio_buckets> on 2025-12-24 10:03:57.751217+00:00
[2025-12-24T10:04:12.314+0000] {standard_task_runner.py:63} INFO - Started process 961 to run task
[2025-12-24T10:04:12.319+0000] {standard_task_runner.py:90} INFO - Running: ['***', 'tasks', 'run', 'aviation_batch_pipeline', 'create_minio_buckets', 'manual__2025-12-24T10:03:57.751217+00:00', '--job-id', '32', '--raw', '--subdir', 'DAGS_FOLDER/aviation_batch_dag.py', '--cfg-path', '/tmp/tmpaecorl09']
[2025-12-24T10:04:12.322+0000] {standard_task_runner.py:91} INFO - Job 32: Subtask create_minio_buckets
[2025-12-24T10:04:12.402+0000] {task_command.py:426} INFO - Running <TaskInstance: aviation_batch_pipeline.create_minio_buckets manual__2025-12-24T10:03:57.751217+00:00 [running]> on host 849a36138e84
[2025-12-24T10:04:12.564+0000] {taskinstance.py:2644} INFO - Exporting env vars: AIRFLOW_CTX_DAG_OWNER='aviation_team' AIRFLOW_CTX_DAG_ID='aviation_batch_pipeline' AIRFLOW_CTX_TASK_ID='create_minio_buckets' AIRFLOW_CTX_EXECUTION_DATE='2025-12-24T10:03:57.751217+00:00' AIRFLOW_CTX_TRY_NUMBER='1' AIRFLOW_CTX_DAG_RUN_ID='manual__2025-12-24T10:03:57.751217+00:00'
[2025-12-24T10:04:12.565+0000] {taskinstance.py:430} INFO - ::endgroup::
[2025-12-24T10:04:12.778+0000] {logging_mixin.py:188} INFO - Bucket exists: aviation-raw
[2025-12-24T10:04:12.782+0000] {logging_mixin.py:188} INFO - Bucket exists: aviation-processed
[2025-12-24T10:04:12.788+0000] {logging_mixin.py:188} INFO - Bucket exists: aviation-analytics
[2025-12-24T10:04:12.788+0000] {python.py:237} INFO - Done. Returned value was: ['aviation-raw', 'aviation-processed', 'aviation-analytics']
[2025-12-24T10:04:12.788+0000] {taskinstance.py:441} INFO - ::group::Post task execution logs
[2025-12-24T10:04:12.845+0000] {taskinstance.py:1205} INFO - Marking task as SUCCESS. dag_id=aviation_batch_pipeline, task_id=create_minio_buckets, execution_date=20251224T100357, start_date=20251224T100412, end_date=20251224T100412
[2025-12-24T10:04:12.892+0000] {local_task_job_runner.py:240} INFO - Task exited with return code 0
[2025-12-24T10:04:12.976+0000] {taskinstance.py:3482} INFO - 0 downstream tasks scheduled from follow-on schedule check
[2025-12-24T10:04:12.977+0000] {local_task_job_runner.py:222} INFO - ::endgroup::
