[2026-01-04T15:00:01.556+0000] {local_task_job_runner.py:120} INFO - ::group::Pre task execution logs
[2026-01-04T15:00:01.615+0000] {taskinstance.py:2073} INFO - Dependencies all met for dep_context=non-requeueable deps ti=<TaskInstance: speed_layer_silver_ingestion.check_flight_tracker_health scheduled__2026-01-04T14:00:00+00:00 [queued]>
[2026-01-04T15:00:01.627+0000] {taskinstance.py:2073} INFO - Dependencies all met for dep_context=requeueable deps ti=<TaskInstance: speed_layer_silver_ingestion.check_flight_tracker_health scheduled__2026-01-04T14:00:00+00:00 [queued]>
[2026-01-04T15:00:01.628+0000] {taskinstance.py:2303} INFO - Starting attempt 1 of 3
[2026-01-04T15:00:01.647+0000] {taskinstance.py:2327} INFO - Executing <Task(PythonOperator): check_flight_tracker_health> on 2026-01-04 14:00:00+00:00
[2026-01-04T15:00:01.659+0000] {standard_task_runner.py:63} INFO - Started process 7339 to run task
[2026-01-04T15:00:01.666+0000] {standard_task_runner.py:90} INFO - Running: ['***', 'tasks', 'run', 'speed_layer_silver_ingestion', 'check_flight_tracker_health', 'scheduled__2026-01-04T14:00:00+00:00', '--job-id', '418', '--raw', '--subdir', 'DAGS_FOLDER/speed_layer_silver_ingestion.py', '--cfg-path', '/tmp/tmpl5g3pbbw']
[2026-01-04T15:00:01.669+0000] {standard_task_runner.py:91} INFO - Job 418: Subtask check_flight_tracker_health
[2026-01-04T15:00:01.760+0000] {task_command.py:426} INFO - Running <TaskInstance: speed_layer_silver_ingestion.check_flight_tracker_health scheduled__2026-01-04T14:00:00+00:00 [running]> on host 968fed69c878
[2026-01-04T15:00:01.939+0000] {taskinstance.py:2644} INFO - Exporting env vars: AIRFLOW_CTX_DAG_OWNER='aviation-team' AIRFLOW_CTX_DAG_ID='speed_layer_silver_ingestion' AIRFLOW_CTX_TASK_ID='check_flight_tracker_health' AIRFLOW_CTX_EXECUTION_DATE='2026-01-04T14:00:00+00:00' AIRFLOW_CTX_TRY_NUMBER='1' AIRFLOW_CTX_DAG_RUN_ID='scheduled__2026-01-04T14:00:00+00:00'
[2026-01-04T15:00:01.941+0000] {taskinstance.py:430} INFO - ::endgroup::
[2026-01-04T15:00:01.974+0000] {logging_mixin.py:188} INFO - ============================================================
[2026-01-04T15:00:01.975+0000] {logging_mixin.py:188} INFO - HEALTH CHECK - Flight Tracker
[2026-01-04T15:00:01.975+0000] {logging_mixin.py:188} INFO - ============================================================
[2026-01-04T15:00:02.116+0000] {logging_mixin.py:188} INFO - ✓ Flight Tracker is healthy
[2026-01-04T15:00:02.117+0000] {logging_mixin.py:188} INFO -   Accumulated flights: 0
[2026-01-04T15:00:02.117+0000] {logging_mixin.py:188} INFO -   WebSocket connections: 1
[2026-01-04T15:00:02.118+0000] {logging_mixin.py:188} INFO -   Status: healthy
[2026-01-04T15:00:02.145+0000] {python.py:237} INFO - Done. Returned value was: {'status': 'healthy', 'flights': 0, 'connections': 1}
[2026-01-04T15:00:02.146+0000] {taskinstance.py:441} INFO - ::group::Post task execution logs
[2026-01-04T15:00:02.197+0000] {taskinstance.py:1205} INFO - Marking task as SUCCESS. dag_id=speed_layer_silver_ingestion, task_id=check_flight_tracker_health, execution_date=20260104T140000, start_date=20260104T150001, end_date=20260104T150002
[2026-01-04T15:00:02.237+0000] {local_task_job_runner.py:240} INFO - Task exited with return code 0
[2026-01-04T15:00:02.304+0000] {taskinstance.py:3482} INFO - 1 downstream tasks scheduled from follow-on schedule check
[2026-01-04T15:00:02.306+0000] {local_task_job_runner.py:222} INFO - ::endgroup::
