[2026-01-04T17:23:14.663+0000] {local_task_job_runner.py:120} INFO - ::group::Pre task execution logs
[2026-01-04T17:23:14.823+0000] {taskinstance.py:2073} INFO - Dependencies all met for dep_context=non-requeueable deps ti=<TaskInstance: aviation_flight_mapping_pipeline.create_flight_mapping manual__2026-01-04T17:23:07.103635+00:00 [queued]>
[2026-01-04T17:23:14.849+0000] {taskinstance.py:2073} INFO - Dependencies all met for dep_context=requeueable deps ti=<TaskInstance: aviation_flight_mapping_pipeline.create_flight_mapping manual__2026-01-04T17:23:07.103635+00:00 [queued]>
[2026-01-04T17:23:14.852+0000] {taskinstance.py:2303} INFO - Starting attempt 1 of 2
[2026-01-04T17:23:14.914+0000] {taskinstance.py:2327} INFO - Executing <Task(PythonOperator): create_flight_mapping> on 2026-01-04 17:23:07.103635+00:00
[2026-01-04T17:23:14.943+0000] {standard_task_runner.py:63} INFO - Started process 635 to run task
[2026-01-04T17:23:14.952+0000] {standard_task_runner.py:90} INFO - Running: ['***', 'tasks', 'run', 'aviation_flight_mapping_pipeline', 'create_flight_mapping', 'manual__2026-01-04T17:23:07.103635+00:00', '--job-id', '466', '--raw', '--subdir', 'DAGS_FOLDER/aviation_flight_mapping_pipeline.py', '--cfg-path', '/tmp/tmpbafrqz8s']
[2026-01-04T17:23:14.957+0000] {standard_task_runner.py:91} INFO - Job 466: Subtask create_flight_mapping
[2026-01-04T17:23:15.121+0000] {task_command.py:426} INFO - Running <TaskInstance: aviation_flight_mapping_pipeline.create_flight_mapping manual__2026-01-04T17:23:07.103635+00:00 [running]> on host 0f35c4bc447d
[2026-01-04T17:23:15.499+0000] {taskinstance.py:2644} INFO - Exporting env vars: AIRFLOW_CTX_DAG_OWNER='aviation-team' AIRFLOW_CTX_DAG_ID='aviation_flight_mapping_pipeline' AIRFLOW_CTX_TASK_ID='create_flight_mapping' AIRFLOW_CTX_EXECUTION_DATE='2026-01-04T17:23:07.103635+00:00' AIRFLOW_CTX_TRY_NUMBER='1' AIRFLOW_CTX_DAG_RUN_ID='manual__2026-01-04T17:23:07.103635+00:00'
[2026-01-04T17:23:15.503+0000] {taskinstance.py:430} INFO - ::endgroup::
[2026-01-04T17:23:15.539+0000] {logging_mixin.py:188} INFO - ============================================================
[2026-01-04T17:23:15.540+0000] {logging_mixin.py:188} INFO - CREATING FLIGHT MAPPING TABLE
[2026-01-04T17:23:15.540+0000] {logging_mixin.py:188} INFO - Output: s3a://aviation-mapping/flight_routes
[2026-01-04T17:23:15.541+0000] {logging_mixin.py:188} INFO - ============================================================
[2026-01-04T17:23:32.498+0000] {logging_mixin.py:188} INFO - Found 30 CSV files
[2026-01-04T17:23:32.500+0000] {logging_mixin.py:188} INFO - Reading FlightsV5 data...
[2026-01-04T17:24:13.918+0000] {logging_mixin.py:188} INFO -   Total records: 3,198,513
[2026-01-04T17:24:25.735+0000] {logging_mixin.py:188} INFO -   Valid records: 2,184,022
[2026-01-04T17:24:25.739+0000] {logging_mixin.py:188} INFO - Creating callsign -> route mapping...
[2026-01-04T17:25:15.757+0000] {logging_mixin.py:188} INFO -   Unique callsigns: 213,409
[2026-01-04T17:25:16.017+0000] {logging_mixin.py:188} INFO -   India routes: 4,591
[2026-01-04T17:26:11.252+0000] {logging_mixin.py:188} INFO - 
✅ MAPPING CREATED
[2026-01-04T17:26:11.371+0000] {logging_mixin.py:188} INFO -    Callsigns: 213,409
[2026-01-04T17:26:11.375+0000] {logging_mixin.py:188} INFO -    India routes: 4,591
[2026-01-04T17:26:12.712+0000] {python.py:237} INFO - Done. Returned value was: {'total_records': 3198513, 'unique_callsigns': 213409, 'india_routes': 4591}
[2026-01-04T17:26:12.788+0000] {taskinstance.py:441} INFO - ::group::Post task execution logs
[2026-01-04T17:26:13.991+0000] {taskinstance.py:1205} INFO - Marking task as SUCCESS. dag_id=aviation_flight_mapping_pipeline, task_id=create_flight_mapping, execution_date=20260104T172307, start_date=20260104T172314, end_date=20260104T172613
[2026-01-04T17:26:14.521+0000] {local_task_job_runner.py:240} INFO - Task exited with return code 0
[2026-01-04T17:26:15.718+0000] {taskinstance.py:3482} INFO - 1 downstream tasks scheduled from follow-on schedule check
[2026-01-04T17:26:15.763+0000] {local_task_job_runner.py:222} INFO - ::endgroup::
