[2025-12-24T13:22:06.520+0000] {local_task_job_runner.py:120} INFO - ::group::Pre task execution logs
[2025-12-24T13:22:07.050+0000] {taskinstance.py:2073} INFO - Dependencies all met for dep_context=non-requeueable deps ti=<TaskInstance: aviation_states_pipeline.extract_bronze_states manual__2025-12-24T13:22:01.126812+00:00 [queued]>
[2025-12-24T13:22:07.081+0000] {taskinstance.py:2073} INFO - Dependencies all met for dep_context=requeueable deps ti=<TaskInstance: aviation_states_pipeline.extract_bronze_states manual__2025-12-24T13:22:01.126812+00:00 [queued]>
[2025-12-24T13:22:07.082+0000] {taskinstance.py:2303} INFO - Starting attempt 1 of 2
[2025-12-24T13:22:07.111+0000] {taskinstance.py:2327} INFO - Executing <Task(PythonOperator): extract_bronze_states> on 2025-12-24 13:22:01.126812+00:00
[2025-12-24T13:22:07.129+0000] {standard_task_runner.py:63} INFO - Started process 219 to run task
[2025-12-24T13:22:07.136+0000] {standard_task_runner.py:90} INFO - Running: ['***', 'tasks', 'run', 'aviation_states_pipeline', 'extract_bronze_states', 'manual__2025-12-24T13:22:01.126812+00:00', '--job-id', '64', '--raw', '--subdir', 'DAGS_FOLDER/aviation_states_pipeline.py', '--cfg-path', '/tmp/tmpa30ru3n2']
[2025-12-24T13:22:07.143+0000] {standard_task_runner.py:91} INFO - Job 64: Subtask extract_bronze_states
[2025-12-24T13:22:07.304+0000] {task_command.py:426} INFO - Running <TaskInstance: aviation_states_pipeline.extract_bronze_states manual__2025-12-24T13:22:01.126812+00:00 [running]> on host 6c6ccfef5674
[2025-12-24T13:22:07.638+0000] {taskinstance.py:2644} INFO - Exporting env vars: AIRFLOW_CTX_DAG_OWNER='aviation_team' AIRFLOW_CTX_DAG_ID='aviation_states_pipeline' AIRFLOW_CTX_TASK_ID='extract_bronze_states' AIRFLOW_CTX_EXECUTION_DATE='2025-12-24T13:22:01.126812+00:00' AIRFLOW_CTX_TRY_NUMBER='1' AIRFLOW_CTX_DAG_RUN_ID='manual__2025-12-24T13:22:01.126812+00:00'
[2025-12-24T13:22:07.641+0000] {taskinstance.py:430} INFO - ::endgroup::
[2025-12-24T13:22:08.480+0000] {logging_mixin.py:188} INFO - ============================================================
[2025-12-24T13:22:08.481+0000] {logging_mixin.py:188} INFO - BRONZE LAYER: Extracting India Flight States
[2025-12-24T13:22:08.481+0000] {logging_mixin.py:188} INFO - ============================================================
[2025-12-24T13:22:11.456+0000] {logging_mixin.py:188} INFO - Found 2722 tar files in /data/aviation_data/states
[2025-12-24T13:22:22.140+0000] {logging_mixin.py:188} INFO -   Ensured output directory exists: /tmp/aviation/bronze/states
[2025-12-24T13:22:22.142+0000] {logging_mixin.py:188} INFO - Processing 2722 tar files... (Target: 0.14 GB)
[2025-12-24T13:22:22.142+0000] {logging_mixin.py:188} INFO - Processing batch 1/545 (5 files)
[2025-12-24T13:22:22.143+0000] {logging_mixin.py:188} INFO -   Extracting file 1/5: states_.2017-06-05-00.csv.tar
[2025-12-24T13:22:22.191+0000] {logging_mixin.py:188} INFO -   Extracting file 2/5: states_2017-06-05-00.csv.tar
[2025-12-24T13:22:22.750+0000] {logging_mixin.py:188} INFO -   Extracting file 3/5: states_.2017-06-05-01.csv.tar
[2025-12-24T13:22:22.760+0000] {logging_mixin.py:188} INFO -   Extracting file 4/5: states_2017-06-05-01.csv.tar
[2025-12-24T13:22:23.257+0000] {logging_mixin.py:188} INFO -   Extracting file 5/5: states_.2017-06-05-02.csv.tar
[2025-12-24T13:22:23.269+0000] {logging_mixin.py:188} INFO -   Reading 2 CSV files with Spark...
[2025-12-24T13:22:44.716+0000] {logging_mixin.py:188} INFO -   Batch 1: 19094 India-related records
[2025-12-24T13:23:03.473+0000] {logging_mixin.py:188} INFO -   Batch 1: Saved to /tmp/aviation/bronze/states | Current size: 0.001 GB
[2025-12-24T13:23:03.509+0000] {logging_mixin.py:188} INFO -   Cleaned up temp directory
[2025-12-24T13:23:03.532+0000] {logging_mixin.py:188} INFO - Processing batch 2/545 (5 files)
[2025-12-24T13:23:03.540+0000] {logging_mixin.py:188} INFO -   Extracting file 1/5: states_2017-06-05-02.csv.tar
[2025-12-24T13:23:04.116+0000] {logging_mixin.py:188} INFO -   Extracting file 2/5: states_.2017-06-05-03.csv.tar
[2025-12-24T13:23:04.151+0000] {logging_mixin.py:188} INFO -   Extracting file 3/5: states_2017-06-05-03.csv.tar
[2025-12-24T13:23:04.584+0000] {logging_mixin.py:188} INFO -   Extracting file 4/5: states_.2017-06-05-04.csv.tar
[2025-12-24T13:23:04.600+0000] {logging_mixin.py:188} INFO -   Extracting file 5/5: states_2017-06-05-04.csv.tar
[2025-12-24T13:23:05.068+0000] {logging_mixin.py:188} INFO -   Reading 3 CSV files with Spark...
[2025-12-24T13:23:12.552+0000] {logging_mixin.py:188} INFO -   Batch 2: 37879 India-related records
[2025-12-24T13:23:21.971+0000] {logging_mixin.py:188} INFO -   Batch 2: Saved to /tmp/aviation/bronze/states | Current size: 0.002 GB
[2025-12-24T13:23:22.028+0000] {logging_mixin.py:188} INFO -   Cleaned up temp directory
[2025-12-24T13:23:22.030+0000] {logging_mixin.py:188} INFO - Processing batch 3/545 (5 files)
[2025-12-24T13:23:22.032+0000] {logging_mixin.py:188} INFO -   Extracting file 1/5: states_.2017-06-05-05.csv.tar
[2025-12-24T13:23:22.059+0000] {logging_mixin.py:188} INFO -   Extracting file 2/5: states_2017-06-05-05.csv.tar
[2025-12-24T13:23:22.568+0000] {logging_mixin.py:188} INFO -   Extracting file 3/5: states_.2017-06-05-06.csv.tar
[2025-12-24T13:23:22.577+0000] {logging_mixin.py:188} INFO -   Extracting file 4/5: states_2017-06-05-06.csv.tar
[2025-12-24T13:23:23.093+0000] {logging_mixin.py:188} INFO -   Extracting file 5/5: states_.2017-06-05-07.csv.tar
[2025-12-24T13:23:23.109+0000] {logging_mixin.py:188} INFO -   Reading 2 CSV files with Spark...
[2025-12-24T13:23:29.107+0000] {logging_mixin.py:188} INFO -   Batch 3: 28376 India-related records
[2025-12-24T13:23:39.721+0000] {logging_mixin.py:188} INFO -   Batch 3: Saved to /tmp/aviation/bronze/states | Current size: 0.003 GB
[2025-12-24T13:23:39.787+0000] {logging_mixin.py:188} INFO -   Cleaned up temp directory
[2025-12-24T13:23:39.791+0000] {logging_mixin.py:188} INFO - Processing batch 4/545 (5 files)
[2025-12-24T13:23:39.793+0000] {logging_mixin.py:188} INFO -   Extracting file 1/5: states_2017-06-05-07.csv.tar
[2025-12-24T13:23:40.351+0000] {logging_mixin.py:188} INFO -   Extracting file 2/5: states_.2017-06-05-08.csv.tar
[2025-12-24T13:23:40.367+0000] {logging_mixin.py:188} INFO -   Extracting file 3/5: states_2017-06-05-08.csv.tar
[2025-12-24T13:23:40.928+0000] {logging_mixin.py:188} INFO -   Extracting file 4/5: states_.2017-06-05-09.csv.tar
[2025-12-24T13:23:40.946+0000] {logging_mixin.py:188} INFO -   Extracting file 5/5: states_2017-06-05-09.csv.tar
[2025-12-24T13:23:41.533+0000] {logging_mixin.py:188} INFO -   Reading 3 CSV files with Spark...
[2025-12-24T13:23:50.153+0000] {logging_mixin.py:188} INFO -   Batch 4: 23886 India-related records
[2025-12-24T13:24:01.706+0000] {logging_mixin.py:188} INFO -   Batch 4: Saved to /tmp/aviation/bronze/states | Current size: 0.004 GB
[2025-12-24T13:24:01.754+0000] {logging_mixin.py:188} INFO -   Cleaned up temp directory
[2025-12-24T13:24:01.755+0000] {logging_mixin.py:188} INFO - Processing batch 5/545 (5 files)
[2025-12-24T13:24:01.756+0000] {logging_mixin.py:188} INFO -   Extracting file 1/5: states_.2017-06-05-10.csv.tar
[2025-12-24T13:24:01.767+0000] {logging_mixin.py:188} INFO -   Extracting file 2/5: states_2017-06-05-10.csv.tar
[2025-12-24T13:24:02.516+0000] {logging_mixin.py:188} INFO -   Extracting file 3/5: states_.2017-06-05-11.csv.tar
[2025-12-24T13:24:02.528+0000] {logging_mixin.py:188} INFO -   Extracting file 4/5: states_2017-06-05-11.csv.tar
[2025-12-24T13:24:03.268+0000] {logging_mixin.py:188} INFO -   Extracting file 5/5: states_.2017-06-05-12.csv.tar
[2025-12-24T13:24:03.278+0000] {logging_mixin.py:188} INFO -   Reading 2 CSV files with Spark...
[2025-12-24T13:24:11.659+0000] {logging_mixin.py:188} INFO -   Batch 5: 10941 India-related records
[2025-12-24T13:24:23.671+0000] {logging_mixin.py:188} INFO -   Batch 5: Saved to /tmp/aviation/bronze/states | Current size: 0.005 GB
[2025-12-24T13:24:23.705+0000] {logging_mixin.py:188} INFO -   Cleaned up temp directory
[2025-12-24T13:24:23.706+0000] {logging_mixin.py:188} INFO - Processing batch 6/545 (5 files)
[2025-12-24T13:24:23.708+0000] {logging_mixin.py:188} INFO -   Extracting file 1/5: states_2017-06-05-12.csv.tar
[2025-12-24T13:24:24.477+0000] {logging_mixin.py:188} INFO -   Extracting file 2/5: states_.2017-06-05-13.csv.tar
[2025-12-24T13:24:24.494+0000] {logging_mixin.py:188} INFO -   Extracting file 3/5: states_2017-06-05-13.csv.tar
[2025-12-24T13:24:25.312+0000] {logging_mixin.py:188} INFO -   Extracting file 4/5: states_.2017-06-05-14.csv.tar
[2025-12-24T13:24:25.328+0000] {logging_mixin.py:188} INFO -   Extracting file 5/5: states_2017-06-05-14.csv.tar
[2025-12-24T13:24:26.163+0000] {logging_mixin.py:188} INFO -   Reading 3 CSV files with Spark...
[2025-12-24T13:24:38.425+0000] {logging_mixin.py:188} INFO -   Batch 6: 11390 India-related records
[2025-12-24T13:24:54.713+0000] {logging_mixin.py:188} INFO -   Batch 6: Saved to /tmp/aviation/bronze/states | Current size: 0.005 GB
[2025-12-24T13:24:54.773+0000] {logging_mixin.py:188} INFO -   Cleaned up temp directory
[2025-12-24T13:24:54.773+0000] {logging_mixin.py:188} INFO - Processing batch 7/545 (5 files)
[2025-12-24T13:24:54.774+0000] {logging_mixin.py:188} INFO -   Extracting file 1/5: states_.2017-06-05-15.csv.tar
[2025-12-24T13:24:54.784+0000] {logging_mixin.py:188} INFO -   Extracting file 2/5: states_2017-06-05-15.csv.tar
[2025-12-24T13:24:55.641+0000] {logging_mixin.py:188} INFO -   Extracting file 3/5: states_.2017-06-05-16.csv.tar
[2025-12-24T13:24:55.656+0000] {logging_mixin.py:188} INFO -   Extracting file 4/5: states_2017-06-05-16.csv.tar
[2025-12-24T13:24:56.514+0000] {logging_mixin.py:188} INFO -   Extracting file 5/5: states_.2017-06-05-17.csv.tar
[2025-12-24T13:24:56.521+0000] {logging_mixin.py:188} INFO -   Reading 2 CSV files with Spark...
[2025-12-24T13:25:05.851+0000] {logging_mixin.py:188} INFO -   Batch 7: 11840 India-related records
[2025-12-24T13:25:20.234+0000] {logging_mixin.py:188} INFO -   Batch 7: Saved to /tmp/aviation/bronze/states | Current size: 0.006 GB
[2025-12-24T13:25:20.312+0000] {logging_mixin.py:188} INFO -   Cleaned up temp directory
[2025-12-24T13:25:20.313+0000] {logging_mixin.py:188} INFO - Processing batch 8/545 (5 files)
[2025-12-24T13:25:20.314+0000] {logging_mixin.py:188} INFO -   Extracting file 1/5: states_2017-06-05-17.csv.tar
[2025-12-24T13:25:21.160+0000] {logging_mixin.py:188} INFO -   Extracting file 2/5: states_.2017-06-05-18.csv.tar
[2025-12-24T13:25:21.174+0000] {logging_mixin.py:188} INFO -   Extracting file 3/5: states_2017-06-05-18.csv.tar
[2025-12-24T13:25:21.979+0000] {logging_mixin.py:188} INFO -   Extracting file 4/5: states_.2017-06-05-19.csv.tar
[2025-12-24T13:25:21.987+0000] {logging_mixin.py:188} INFO -   Extracting file 5/5: states_2017-06-05-19.csv.tar
[2025-12-24T13:25:22.765+0000] {logging_mixin.py:188} INFO -   Reading 3 CSV files with Spark...
[2025-12-24T13:25:30.783+0000] {local_task_job_runner.py:310} WARNING - State of this instance has been externally set to restarting. Terminating instance.
[2025-12-24T13:25:30.810+0000] {local_task_job_runner.py:222} INFO - ::endgroup::
[2025-12-24T13:25:30.822+0000] {process_utils.py:132} INFO - Sending 15 to group 219. PIDs of all processes in the group: [234, 219]
[2025-12-24T13:25:30.825+0000] {process_utils.py:87} INFO - Sending the signal 15 to group 219
[2025-12-24T13:25:30.828+0000] {taskinstance.py:2607} ERROR - Received SIGTERM. Terminating subprocesses.
[2025-12-24T13:25:30.833+0000] {logging_mixin.py:188} INFO -   Cleaned up temp directory
[2025-12-24T13:25:31.129+0000] {logging_mixin.py:188} WARNING - /opt/spark/python/pyspark/context.py:657 RuntimeWarning: Unable to cleanly shutdown Spark JVM process. It is possible that the process has crashed, been killed or may also be in a zombie state.
[2025-12-24T13:25:31.689+0000] {clientserver.py:538} INFO - Error while receiving.
Traceback (most recent call last):
  File "/opt/airflow/dags/aviation_states_pipeline.py", line 149, in extract_bronze_states
    target_reached = process_tar_files_to_parquet(
                     ^^^^^^^^^^^^^^^^^^^^^^^^^^^^^
  File "/opt/airflow/src/batch/extract_india_flights.py", line 218, in process_tar_files_to_parquet
    count = df_filtered.count()
            ^^^^^^^^^^^^^^^^^^^
  File "/opt/spark/python/pyspark/sql/dataframe.py", line 1238, in count
    return int(self._jdf.count())
               ^^^^^^^^^^^^^^^^^
  File "/opt/spark/python/lib/py4j-0.10.9.7-src.zip/py4j/java_gateway.py", line 1321, in __call__
    answer = self.gateway_client.send_command(command)
             ^^^^^^^^^^^^^^^^^^^^^^^^^^^^^^^^^^^^^^^^^
  File "/opt/spark/python/lib/py4j-0.10.9.7-src.zip/py4j/java_gateway.py", line 1038, in send_command
    response = connection.send_command(command)
               ^^^^^^^^^^^^^^^^^^^^^^^^^^^^^^^^
  File "/opt/spark/python/lib/py4j-0.10.9.7-src.zip/py4j/clientserver.py", line 511, in send_command
    answer = smart_decode(self.stream.readline()[:-1])
                          ^^^^^^^^^^^^^^^^^^^^^^
  File "/usr/local/lib/python3.11/socket.py", line 706, in readinto
    return self._sock.recv_into(b)
           ^^^^^^^^^^^^^^^^^^^^^^^
  File "/home/airflow/.local/lib/python3.11/site-packages/airflow/models/taskinstance.py", line 2609, in signal_handler
    raise AirflowTaskTerminated("Task received SIGTERM signal")
airflow.exceptions.AirflowTaskTerminated: Task received SIGTERM signal

During handling of the above exception, another exception occurred:

Traceback (most recent call last):
  File "/opt/spark/python/lib/py4j-0.10.9.7-src.zip/py4j/clientserver.py", line 511, in send_command
    answer = smart_decode(self.stream.readline()[:-1])
                          ^^^^^^^^^^^^^^^^^^^^^^
  File "/usr/local/lib/python3.11/socket.py", line 706, in readinto
    return self._sock.recv_into(b)
           ^^^^^^^^^^^^^^^^^^^^^^^
ConnectionResetError: [Errno 104] Connection reset by peer
[2025-12-24T13:25:31.696+0000] {clientserver.py:538} INFO - Error while receiving.
Traceback (most recent call last):
  File "/opt/spark/python/lib/py4j-0.10.9.7-src.zip/py4j/clientserver.py", line 516, in send_command
    raise Py4JNetworkError("Answer from Java side is empty")
py4j.protocol.Py4JNetworkError: Answer from Java side is empty
[2025-12-24T13:25:31.757+0000] {clientserver.py:543} INFO - Closing down clientserver connection
[2025-12-24T13:25:31.758+0000] {clientserver.py:543} INFO - Closing down clientserver connection
[2025-12-24T13:25:31.761+0000] {java_gateway.py:1055} ERROR - Exception while sending command.
Traceback (most recent call last):
  File "/opt/airflow/dags/aviation_states_pipeline.py", line 149, in extract_bronze_states
    target_reached = process_tar_files_to_parquet(
                     ^^^^^^^^^^^^^^^^^^^^^^^^^^^^^
  File "/opt/airflow/src/batch/extract_india_flights.py", line 218, in process_tar_files_to_parquet
    count = df_filtered.count()
            ^^^^^^^^^^^^^^^^^^^
  File "/opt/spark/python/pyspark/sql/dataframe.py", line 1238, in count
    return int(self._jdf.count())
               ^^^^^^^^^^^^^^^^^
  File "/opt/spark/python/lib/py4j-0.10.9.7-src.zip/py4j/java_gateway.py", line 1321, in __call__
    answer = self.gateway_client.send_command(command)
             ^^^^^^^^^^^^^^^^^^^^^^^^^^^^^^^^^^^^^^^^^
  File "/opt/spark/python/lib/py4j-0.10.9.7-src.zip/py4j/java_gateway.py", line 1038, in send_command
    response = connection.send_command(command)
               ^^^^^^^^^^^^^^^^^^^^^^^^^^^^^^^^
  File "/opt/spark/python/lib/py4j-0.10.9.7-src.zip/py4j/clientserver.py", line 511, in send_command
    answer = smart_decode(self.stream.readline()[:-1])
                          ^^^^^^^^^^^^^^^^^^^^^^
  File "/usr/local/lib/python3.11/socket.py", line 706, in readinto
    return self._sock.recv_into(b)
           ^^^^^^^^^^^^^^^^^^^^^^^
  File "/home/airflow/.local/lib/python3.11/site-packages/airflow/models/taskinstance.py", line 2609, in signal_handler
    raise AirflowTaskTerminated("Task received SIGTERM signal")
airflow.exceptions.AirflowTaskTerminated: Task received SIGTERM signal

During handling of the above exception, another exception occurred:

Traceback (most recent call last):
  File "/opt/spark/python/lib/py4j-0.10.9.7-src.zip/py4j/clientserver.py", line 511, in send_command
    answer = smart_decode(self.stream.readline()[:-1])
                          ^^^^^^^^^^^^^^^^^^^^^^
  File "/usr/local/lib/python3.11/socket.py", line 706, in readinto
    return self._sock.recv_into(b)
           ^^^^^^^^^^^^^^^^^^^^^^^
ConnectionResetError: [Errno 104] Connection reset by peer

During handling of the above exception, another exception occurred:

Traceback (most recent call last):
  File "/opt/spark/python/lib/py4j-0.10.9.7-src.zip/py4j/java_gateway.py", line 1038, in send_command
    response = connection.send_command(command)
               ^^^^^^^^^^^^^^^^^^^^^^^^^^^^^^^^
  File "/opt/spark/python/lib/py4j-0.10.9.7-src.zip/py4j/clientserver.py", line 539, in send_command
    raise Py4JNetworkError(
py4j.protocol.Py4JNetworkError: Error while sending or receiving
[2025-12-24T13:25:31.763+0000] {java_gateway.py:1055} ERROR - Exception while sending command.
Traceback (most recent call last):
  File "/opt/spark/python/lib/py4j-0.10.9.7-src.zip/py4j/clientserver.py", line 516, in send_command
    raise Py4JNetworkError("Answer from Java side is empty")
py4j.protocol.Py4JNetworkError: Answer from Java side is empty

During handling of the above exception, another exception occurred:

Traceback (most recent call last):
  File "/opt/spark/python/lib/py4j-0.10.9.7-src.zip/py4j/java_gateway.py", line 1038, in send_command
    response = connection.send_command(command)
               ^^^^^^^^^^^^^^^^^^^^^^^^^^^^^^^^
  File "/opt/spark/python/lib/py4j-0.10.9.7-src.zip/py4j/clientserver.py", line 539, in send_command
    raise Py4JNetworkError(
py4j.protocol.Py4JNetworkError: Error while sending or receiving
[2025-12-24T13:25:31.769+0000] {taskinstance.py:441} INFO - ::group::Post task execution logs
[2025-12-24T13:25:31.771+0000] {clientserver.py:543} INFO - Closing down clientserver connection
[2025-12-24T13:25:31.789+0000] {taskinstance.py:2890} ERROR - Task failed with exception
Traceback (most recent call last):
  File "/opt/airflow/dags/aviation_states_pipeline.py", line 149, in extract_bronze_states
    target_reached = process_tar_files_to_parquet(
                     ^^^^^^^^^^^^^^^^^^^^^^^^^^^^^
  File "/opt/airflow/src/batch/extract_india_flights.py", line 218, in process_tar_files_to_parquet
    count = df_filtered.count()
            ^^^^^^^^^^^^^^^^^^^
  File "/opt/spark/python/pyspark/sql/dataframe.py", line 1238, in count
    return int(self._jdf.count())
               ^^^^^^^^^^^^^^^^^
  File "/opt/spark/python/lib/py4j-0.10.9.7-src.zip/py4j/java_gateway.py", line 1321, in __call__
    answer = self.gateway_client.send_command(command)
             ^^^^^^^^^^^^^^^^^^^^^^^^^^^^^^^^^^^^^^^^^
  File "/opt/spark/python/lib/py4j-0.10.9.7-src.zip/py4j/java_gateway.py", line 1038, in send_command
    response = connection.send_command(command)
               ^^^^^^^^^^^^^^^^^^^^^^^^^^^^^^^^
  File "/opt/spark/python/lib/py4j-0.10.9.7-src.zip/py4j/clientserver.py", line 511, in send_command
    answer = smart_decode(self.stream.readline()[:-1])
                          ^^^^^^^^^^^^^^^^^^^^^^
  File "/usr/local/lib/python3.11/socket.py", line 706, in readinto
    return self._sock.recv_into(b)
           ^^^^^^^^^^^^^^^^^^^^^^^
  File "/home/airflow/.local/lib/python3.11/site-packages/airflow/models/taskinstance.py", line 2609, in signal_handler
    raise AirflowTaskTerminated("Task received SIGTERM signal")
airflow.exceptions.AirflowTaskTerminated: Task received SIGTERM signal

During handling of the above exception, another exception occurred:

Traceback (most recent call last):
  File "/home/airflow/.local/lib/python3.11/site-packages/airflow/models/taskinstance.py", line 460, in _execute_task
    result = _execute_callable(context=context, **execute_callable_kwargs)
             ^^^^^^^^^^^^^^^^^^^^^^^^^^^^^^^^^^^^^^^^^^^^^^^^^^^^^^^^^^^^^
  File "/home/airflow/.local/lib/python3.11/site-packages/airflow/models/taskinstance.py", line 432, in _execute_callable
    return execute_callable(context=context, **execute_callable_kwargs)
           ^^^^^^^^^^^^^^^^^^^^^^^^^^^^^^^^^^^^^^^^^^^^^^^^^^^^^^^^^^^^
  File "/home/airflow/.local/lib/python3.11/site-packages/airflow/models/baseoperator.py", line 400, in wrapper
    return func(self, *args, **kwargs)
           ^^^^^^^^^^^^^^^^^^^^^^^^^^^
  File "/home/airflow/.local/lib/python3.11/site-packages/airflow/operators/python.py", line 235, in execute
    return_value = self.execute_callable()
                   ^^^^^^^^^^^^^^^^^^^^^^^
  File "/home/airflow/.local/lib/python3.11/site-packages/airflow/operators/python.py", line 252, in execute_callable
    return self.python_callable(*self.op_args, **self.op_kwargs)
           ^^^^^^^^^^^^^^^^^^^^^^^^^^^^^^^^^^^^^^^^^^^^^^^^^^^^^
  File "/opt/airflow/dags/aviation_states_pipeline.py", line 184, in extract_bronze_states
    spark.stop()
  File "/opt/spark/python/pyspark/sql/session.py", line 1799, in stop
    self._jvm.SparkSession.clearDefaultSession()
    ^^^^^^^^^^^^^^^^^^^^^^
  File "/opt/spark/python/lib/py4j-0.10.9.7-src.zip/py4j/java_gateway.py", line 1725, in __getattr__
    raise Py4JError(message)
py4j.protocol.Py4JError: SparkSession does not exist in the JVM
[2025-12-24T13:25:32.009+0000] {taskinstance.py:1205} INFO - Marking task as UP_FOR_RETRY. dag_id=aviation_states_pipeline, task_id=extract_bronze_states, execution_date=20251224T132201, start_date=20251224T132207, end_date=20251224T132531
[2025-12-24T13:25:32.242+0000] {standard_task_runner.py:110} ERROR - Failed to execute job 64 for task extract_bronze_states (SparkSession does not exist in the JVM; 219)
[2025-12-24T13:25:32.274+0000] {process_utils.py:80} INFO - Process psutil.Process(pid=234, status='terminated', started='13:22:10') (234) terminated with exit code None
[2025-12-24T13:25:32.309+0000] {process_utils.py:80} INFO - Process psutil.Process(pid=219, status='terminated', exitcode=1, started='13:22:06') (219) terminated with exit code 1
