[2026-01-04T17:00:16.114+0000] {local_task_job_runner.py:120} INFO - ::group::Pre task execution logs
[2026-01-04T17:00:16.369+0000] {taskinstance.py:2073} INFO - Dependencies all met for dep_context=non-requeueable deps ti=<TaskInstance: speed_layer_silver_ingestion.check_flight_tracker_health scheduled__2026-01-04T16:00:00+00:00 [queued]>
[2026-01-04T17:00:16.402+0000] {taskinstance.py:2073} INFO - Dependencies all met for dep_context=requeueable deps ti=<TaskInstance: speed_layer_silver_ingestion.check_flight_tracker_health scheduled__2026-01-04T16:00:00+00:00 [queued]>
[2026-01-04T17:00:16.402+0000] {taskinstance.py:2303} INFO - Starting attempt 1 of 3
[2026-01-04T17:00:16.466+0000] {taskinstance.py:2327} INFO - Executing <Task(PythonOperator): check_flight_tracker_health> on 2026-01-04 16:00:00+00:00
[2026-01-04T17:00:16.513+0000] {standard_task_runner.py:63} INFO - Started process 1386 to run task
[2026-01-04T17:00:16.521+0000] {standard_task_runner.py:90} INFO - Running: ['***', 'tasks', 'run', 'speed_layer_silver_ingestion', 'check_flight_tracker_health', 'scheduled__2026-01-04T16:00:00+00:00', '--job-id', '450', '--raw', '--subdir', 'DAGS_FOLDER/speed_layer_silver_ingestion.py', '--cfg-path', '/tmp/tmpe31iv3ea']
[2026-01-04T17:00:16.527+0000] {standard_task_runner.py:91} INFO - Job 450: Subtask check_flight_tracker_health
[2026-01-04T17:00:16.772+0000] {task_command.py:426} INFO - Running <TaskInstance: speed_layer_silver_ingestion.check_flight_tracker_health scheduled__2026-01-04T16:00:00+00:00 [running]> on host 0f35c4bc447d
[2026-01-04T17:00:17.319+0000] {taskinstance.py:2644} INFO - Exporting env vars: AIRFLOW_CTX_DAG_OWNER='aviation-team' AIRFLOW_CTX_DAG_ID='speed_layer_silver_ingestion' AIRFLOW_CTX_TASK_ID='check_flight_tracker_health' AIRFLOW_CTX_EXECUTION_DATE='2026-01-04T16:00:00+00:00' AIRFLOW_CTX_TRY_NUMBER='1' AIRFLOW_CTX_DAG_RUN_ID='scheduled__2026-01-04T16:00:00+00:00'
[2026-01-04T17:00:17.323+0000] {taskinstance.py:430} INFO - ::endgroup::
[2026-01-04T17:00:17.390+0000] {logging_mixin.py:188} INFO - ============================================================
[2026-01-04T17:00:17.391+0000] {logging_mixin.py:188} INFO - HEALTH CHECK - Flight Tracker
[2026-01-04T17:00:17.391+0000] {logging_mixin.py:188} INFO - ============================================================
[2026-01-04T17:00:17.501+0000] {logging_mixin.py:188} INFO - ✓ Flight Tracker is healthy
[2026-01-04T17:00:17.504+0000] {logging_mixin.py:188} INFO -   Accumulated flights: 30
[2026-01-04T17:00:17.507+0000] {logging_mixin.py:188} INFO -   WebSocket connections: 1
[2026-01-04T17:00:17.507+0000] {logging_mixin.py:188} INFO -   Status: healthy
[2026-01-04T17:00:17.579+0000] {python.py:237} INFO - Done. Returned value was: {'status': 'healthy', 'flights': 30, 'connections': 1}
[2026-01-04T17:00:17.586+0000] {taskinstance.py:441} INFO - ::group::Post task execution logs
[2026-01-04T17:00:17.728+0000] {taskinstance.py:1205} INFO - Marking task as SUCCESS. dag_id=speed_layer_silver_ingestion, task_id=check_flight_tracker_health, execution_date=20260104T160000, start_date=20260104T170016, end_date=20260104T170017
[2026-01-04T17:00:17.859+0000] {local_task_job_runner.py:240} INFO - Task exited with return code 0
[2026-01-04T17:00:17.968+0000] {taskinstance.py:3482} INFO - 0 downstream tasks scheduled from follow-on schedule check
[2026-01-04T17:00:17.977+0000] {local_task_job_runner.py:222} INFO - ::endgroup::
