[2026-01-03T08:47:39.901+0000] {local_task_job_runner.py:120} INFO - ::group::Pre task execution logs
[2026-01-03T08:47:39.929+0000] {taskinstance.py:2073} INFO - Dependencies all met for dep_context=non-requeueable deps ti=<TaskInstance: speed_layer_silver_ingestion.log_summary manual__2026-01-03T08:44:26.604581+00:00 [queued]>
[2026-01-03T08:47:39.943+0000] {taskinstance.py:2073} INFO - Dependencies all met for dep_context=requeueable deps ti=<TaskInstance: speed_layer_silver_ingestion.log_summary manual__2026-01-03T08:44:26.604581+00:00 [queued]>
[2026-01-03T08:47:39.943+0000] {taskinstance.py:2303} INFO - Starting attempt 1 of 3
[2026-01-03T08:47:39.961+0000] {taskinstance.py:2327} INFO - Executing <Task(PythonOperator): log_summary> on 2026-01-03 08:44:26.604581+00:00
[2026-01-03T08:47:39.972+0000] {standard_task_runner.py:63} INFO - Started process 2388 to run task
[2026-01-03T08:47:39.975+0000] {standard_task_runner.py:90} INFO - Running: ['***', 'tasks', 'run', 'speed_layer_silver_ingestion', 'log_summary', 'manual__2026-01-03T08:44:26.604581+00:00', '--job-id', '166', '--raw', '--subdir', 'DAGS_FOLDER/speed_layer_silver_ingestion.py', '--cfg-path', '/tmp/tmpa8pacbff']
[2026-01-03T08:47:39.978+0000] {standard_task_runner.py:91} INFO - Job 166: Subtask log_summary
[2026-01-03T08:47:40.054+0000] {task_command.py:426} INFO - Running <TaskInstance: speed_layer_silver_ingestion.log_summary manual__2026-01-03T08:44:26.604581+00:00 [running]> on host 197385afb3c6
[2026-01-03T08:47:40.220+0000] {taskinstance.py:2644} INFO - Exporting env vars: AIRFLOW_CTX_DAG_OWNER='aviation' AIRFLOW_CTX_DAG_ID='speed_layer_silver_ingestion' AIRFLOW_CTX_TASK_ID='log_summary' AIRFLOW_CTX_EXECUTION_DATE='2026-01-03T08:44:26.604581+00:00' AIRFLOW_CTX_TRY_NUMBER='1' AIRFLOW_CTX_DAG_RUN_ID='manual__2026-01-03T08:44:26.604581+00:00'
[2026-01-03T08:47:40.221+0000] {taskinstance.py:430} INFO - ::endgroup::
[2026-01-03T08:47:40.277+0000] {logging_mixin.py:188} INFO - ============================================================
[2026-01-03T08:47:40.277+0000] {logging_mixin.py:188} INFO - SPEED LAYER SILVER INGESTION COMPLETE
[2026-01-03T08:47:40.277+0000] {logging_mixin.py:188} INFO - ============================================================
[2026-01-03T08:47:40.278+0000] {logging_mixin.py:188} INFO -   Enriched flights: 60
[2026-01-03T08:47:40.278+0000] {logging_mixin.py:188} INFO -   Silver path: s3a://aviation-silver/speed_layer/enriched_flight_states/year=2026/month=01/day=03/hour=08
[2026-01-03T08:47:40.280+0000] {logging_mixin.py:188} WARNING - /home/***/.local/lib/python3.11/site-packages/***/utils/context.py:320 AirflowContextDeprecationWarning: Accessing 'execution_date' from the template is deprecated and will be removed in a future version. Please use 'data_interval_start' or 'logical_date' instead.
[2026-01-03T08:47:40.281+0000] {logging_mixin.py:188} INFO -   Execution time: 2026-01-03 08:44:26.604581+00:00
[2026-01-03T08:47:40.281+0000] {logging_mixin.py:188} INFO - ============================================================
[2026-01-03T08:47:40.281+0000] {python.py:237} INFO - Done. Returned value was: None
[2026-01-03T08:47:40.281+0000] {taskinstance.py:441} INFO - ::group::Post task execution logs
[2026-01-03T08:47:40.308+0000] {taskinstance.py:1205} INFO - Marking task as SUCCESS. dag_id=speed_layer_silver_ingestion, task_id=log_summary, execution_date=20260103T084426, start_date=20260103T084739, end_date=20260103T084740
[2026-01-03T08:47:40.388+0000] {local_task_job_runner.py:240} INFO - Task exited with return code 0
[2026-01-03T08:47:40.445+0000] {taskinstance.py:3482} INFO - 0 downstream tasks scheduled from follow-on schedule check
[2026-01-03T08:47:40.447+0000] {local_task_job_runner.py:222} INFO - ::endgroup::
