[2025-12-24T18:28:34.640+0000] {local_task_job_runner.py:120} INFO - ::group::Pre task execution logs
[2025-12-24T18:28:34.701+0000] {taskinstance.py:2073} INFO - Dependencies all met for dep_context=non-requeueable deps ti=<TaskInstance: serving_layer_postgres_load.load_postgres manual__2025-12-24T18:21:09+00:00 [queued]>
[2025-12-24T18:28:34.713+0000] {taskinstance.py:2073} INFO - Dependencies all met for dep_context=requeueable deps ti=<TaskInstance: serving_layer_postgres_load.load_postgres manual__2025-12-24T18:21:09+00:00 [queued]>
[2025-12-24T18:28:34.714+0000] {taskinstance.py:2303} INFO - Starting attempt 2 of 3
[2025-12-24T18:28:34.729+0000] {taskinstance.py:2327} INFO - Executing <Task(PythonOperator): load_postgres> on 2025-12-24 18:21:09+00:00
[2025-12-24T18:28:34.746+0000] {standard_task_runner.py:63} INFO - Started process 3325 to run task
[2025-12-24T18:28:34.752+0000] {standard_task_runner.py:90} INFO - Running: ['***', 'tasks', 'run', 'serving_layer_postgres_load', 'load_postgres', 'manual__2025-12-24T18:21:09+00:00', '--job-id', '126', '--raw', '--subdir', 'DAGS_FOLDER/serving_layer_postgres_load.py', '--cfg-path', '/tmp/tmphiuqy_lc']
[2025-12-24T18:28:34.756+0000] {standard_task_runner.py:91} INFO - Job 126: Subtask load_postgres
[2025-12-24T18:28:34.866+0000] {task_command.py:426} INFO - Running <TaskInstance: serving_layer_postgres_load.load_postgres manual__2025-12-24T18:21:09+00:00 [running]> on host 2f0396c9313f
[2025-12-24T18:28:35.025+0000] {taskinstance.py:2644} INFO - Exporting env vars: AIRFLOW_CTX_DAG_OWNER='aviation' AIRFLOW_CTX_DAG_ID='serving_layer_postgres_load' AIRFLOW_CTX_TASK_ID='load_postgres' AIRFLOW_CTX_EXECUTION_DATE='2025-12-24T18:21:09+00:00' AIRFLOW_CTX_TRY_NUMBER='2' AIRFLOW_CTX_DAG_RUN_ID='manual__2025-12-24T18:21:09+00:00'
[2025-12-24T18:28:35.026+0000] {taskinstance.py:430} INFO - ::endgroup::
[2025-12-24T18:28:35.052+0000] {logging_mixin.py:188} INFO - ============================================================
[2025-12-24T18:28:35.053+0000] {logging_mixin.py:188} INFO - RUNNING FULL LOAD (overwriting all data)
[2025-12-24T18:28:35.053+0000] {logging_mixin.py:188} INFO - ============================================================
[2025-12-24T18:28:35.053+0000] {logging_mixin.py:188} INFO - ============================================================
[2025-12-24T18:28:35.054+0000] {logging_mixin.py:188} INFO - AVIATION SERVING LAYER - INITIAL FULL LOAD
[2025-12-24T18:28:35.054+0000] {logging_mixin.py:188} INFO - ============================================================
[2025-12-24T18:28:35.073+0000] {logging_mixin.py:188} INFO - ✓ Database exists: aviation_db
[2025-12-24T18:28:35.089+0000] {logging_mixin.py:188} INFO - ✓ Tracking table ready: processed_files
[2025-12-24T18:28:49.919+0000] {logging_mixin.py:188} INFO - 
1. Reading ALL data from Silver layer...
[2025-12-24T18:28:49.920+0000] {logging_mixin.py:188} INFO -   Reading batch data from: s3a://aviation-silver/enriched_states
[2025-12-24T18:28:57.378+0000] {logging_mixin.py:188} INFO -   Batch layer (full): 2077361 records from 18 files
[2025-12-24T18:28:57.378+0000] {logging_mixin.py:188} INFO -   Reading speed data from: s3a://aviation-silver/speed_layer/enriched_flight_states
[2025-12-24T18:28:58.220+0000] {logging_mixin.py:188} INFO -   Speed layer (full): 522 records from 4 files
[2025-12-24T18:28:58.221+0000] {logging_mixin.py:188} INFO - 
2. Merging data...
[2025-12-24T18:28:58.221+0000] {logging_mixin.py:188} INFO -   Merging batch and speed layer data...
[2025-12-24T18:28:59.349+0000] {logging_mixin.py:188} INFO -   Total merged records: 2,077,883
[2025-12-24T18:28:59.349+0000] {logging_mixin.py:188} INFO - 
3. Loading to flight_states (overwrite)...
[2025-12-24T18:28:59.931+0000] {logging_mixin.py:188} INFO -   Loading to PostgreSQL table: flight_states (mode: overwrite)
[2025-12-24T18:29:14.430+0000] {logging_mixin.py:188} INFO -   ✓ Loaded 2,077,883 records to flight_states
[2025-12-24T18:29:14.430+0000] {logging_mixin.py:188} INFO - 
4. Creating flight_summary...
[2025-12-24T18:29:16.465+0000] {logging_mixin.py:188} INFO -   Loading to PostgreSQL table: flight_summary (mode: overwrite)
[2025-12-24T18:29:19.233+0000] {logging_mixin.py:188} INFO -   ✓ Loaded 10,557 records to flight_summary
[2025-12-24T18:29:19.234+0000] {logging_mixin.py:188} INFO - 
5. Creating airline_stats...
[2025-12-24T18:29:19.234+0000] {logging_mixin.py:188} INFO - 
6. Creating airport_stats...
[2025-12-24T18:29:19.235+0000] {logging_mixin.py:188} INFO - 
7. Creating hourly_stats...
[2025-12-24T18:29:19.235+0000] {logging_mixin.py:188} INFO - 
8. Marking files as processed...
[2025-12-24T18:29:19.263+0000] {logging_mixin.py:188} INFO -   ✓ Marked 18 files as processed
[2025-12-24T18:29:19.280+0000] {logging_mixin.py:188} INFO -   ✓ Marked 4 files as processed
[2025-12-24T18:29:19.281+0000] {logging_mixin.py:188} INFO - 
============================================================
[2025-12-24T18:29:19.281+0000] {logging_mixin.py:188} INFO - INITIAL FULL LOAD COMPLETE
[2025-12-24T18:29:19.281+0000] {logging_mixin.py:188} INFO - ============================================================
[2025-12-24T18:29:19.282+0000] {logging_mixin.py:188} INFO -   Total Records: 2,077,883
[2025-12-24T18:29:19.282+0000] {logging_mixin.py:188} INFO -   Batch Files: 18
[2025-12-24T18:29:19.282+0000] {logging_mixin.py:188} INFO -   Speed Files: 4
[2025-12-24T18:29:19.282+0000] {logging_mixin.py:188} INFO - ============================================================
[2025-12-24T18:29:19.638+0000] {logging_mixin.py:188} INFO - Serving layer load complete
[2025-12-24T18:29:19.640+0000] {python.py:237} INFO - Done. Returned value was: None
[2025-12-24T18:29:19.643+0000] {taskinstance.py:441} INFO - ::group::Post task execution logs
[2025-12-24T18:29:19.695+0000] {taskinstance.py:1205} INFO - Marking task as SUCCESS. dag_id=serving_layer_postgres_load, task_id=load_postgres, execution_date=20251224T182109, start_date=20251224T182834, end_date=20251224T182919
[2025-12-24T18:29:19.808+0000] {local_task_job_runner.py:240} INFO - Task exited with return code 0
[2025-12-24T18:29:19.897+0000] {taskinstance.py:3482} INFO - 0 downstream tasks scheduled from follow-on schedule check
[2025-12-24T18:29:19.899+0000] {local_task_job_runner.py:222} INFO - ::endgroup::
