[2026-01-03T07:18:35.352+0000] {local_task_job_runner.py:120} INFO - ::group::Pre task execution logs
[2026-01-03T07:18:35.403+0000] {taskinstance.py:2073} INFO - Dependencies all met for dep_context=non-requeueable deps ti=<TaskInstance: speed_layer_silver_ingestion.finalize_and_report scheduled__2025-12-24T17:00:00+00:00 [queued]>
[2026-01-03T07:18:35.415+0000] {taskinstance.py:2073} INFO - Dependencies all met for dep_context=requeueable deps ti=<TaskInstance: speed_layer_silver_ingestion.finalize_and_report scheduled__2025-12-24T17:00:00+00:00 [queued]>
[2026-01-03T07:18:35.415+0000] {taskinstance.py:2303} INFO - Starting attempt 1 of 3
[2026-01-03T07:18:35.429+0000] {taskinstance.py:2327} INFO - Executing <Task(PythonOperator): finalize_and_report> on 2025-12-24 17:00:00+00:00
[2026-01-03T07:18:35.440+0000] {standard_task_runner.py:63} INFO - Started process 308 to run task
[2026-01-03T07:18:35.443+0000] {standard_task_runner.py:90} INFO - Running: ['***', 'tasks', 'run', 'speed_layer_silver_ingestion', 'finalize_and_report', 'scheduled__2025-12-24T17:00:00+00:00', '--job-id', '138', '--raw', '--subdir', 'DAGS_FOLDER/speed_layer_silver_ingestion.py', '--cfg-path', '/tmp/tmps884mine']
[2026-01-03T07:18:35.445+0000] {standard_task_runner.py:91} INFO - Job 138: Subtask finalize_and_report
[2026-01-03T07:18:35.516+0000] {task_command.py:426} INFO - Running <TaskInstance: speed_layer_silver_ingestion.finalize_and_report scheduled__2025-12-24T17:00:00+00:00 [running]> on host 963177684d5b
[2026-01-03T07:18:35.666+0000] {taskinstance.py:2644} INFO - Exporting env vars: AIRFLOW_CTX_DAG_OWNER='aviation' AIRFLOW_CTX_DAG_ID='speed_layer_silver_ingestion' AIRFLOW_CTX_TASK_ID='finalize_and_report' AIRFLOW_CTX_EXECUTION_DATE='2025-12-24T17:00:00+00:00' AIRFLOW_CTX_TRY_NUMBER='1' AIRFLOW_CTX_DAG_RUN_ID='scheduled__2025-12-24T17:00:00+00:00'
[2026-01-03T07:18:35.667+0000] {taskinstance.py:430} INFO - ::endgroup::
[2026-01-03T07:18:35.678+0000] {taskinstance.py:441} INFO - ::group::Post task execution logs
[2026-01-03T07:18:35.679+0000] {taskinstance.py:2890} ERROR - Task failed with exception
Traceback (most recent call last):
  File "/home/airflow/.local/lib/python3.11/site-packages/airflow/models/taskinstance.py", line 465, in _execute_task
    result = _execute_callable(context=context, **execute_callable_kwargs)
             ^^^^^^^^^^^^^^^^^^^^^^^^^^^^^^^^^^^^^^^^^^^^^^^^^^^^^^^^^^^^^
  File "/home/airflow/.local/lib/python3.11/site-packages/airflow/models/taskinstance.py", line 432, in _execute_callable
    return execute_callable(context=context, **execute_callable_kwargs)
           ^^^^^^^^^^^^^^^^^^^^^^^^^^^^^^^^^^^^^^^^^^^^^^^^^^^^^^^^^^^^
  File "/home/airflow/.local/lib/python3.11/site-packages/airflow/models/baseoperator.py", line 400, in wrapper
    return func(self, *args, **kwargs)
           ^^^^^^^^^^^^^^^^^^^^^^^^^^^
  File "/home/airflow/.local/lib/python3.11/site-packages/airflow/operators/python.py", line 235, in execute
    return_value = self.execute_callable()
                   ^^^^^^^^^^^^^^^^^^^^^^^
  File "/home/airflow/.local/lib/python3.11/site-packages/airflow/operators/python.py", line 252, in execute_callable
    return self.python_callable(*self.op_args, **self.op_kwargs)
           ^^^^^^^^^^^^^^^^^^^^^^^^^^^^^^^^^^^^^^^^^^^^^^^^^^^^^
  File "/opt/airflow/dags/speed_layer_silver_ingestion.py", line 143, in finalize_task
    logger = get_dag_logger(context)
             ^^^^^^^^^^^^^^^^^^^^^^^
  File "/opt/airflow/dags/speed_layer_silver_ingestion.py", line 45, in get_dag_logger
    _dag_loggers[run_id] = DAGLogger(
                           ^^^^^^^^^^
TypeError: DAGLogger.__init__() got an unexpected keyword argument 'log_to_console'
[2026-01-03T07:18:35.702+0000] {taskinstance.py:1205} INFO - Marking task as UP_FOR_RETRY. dag_id=speed_layer_silver_ingestion, task_id=finalize_and_report, execution_date=20251224T170000, start_date=20260103T071835, end_date=20260103T071835
[2026-01-03T07:18:35.716+0000] {standard_task_runner.py:110} ERROR - Failed to execute job 138 for task finalize_and_report (DAGLogger.__init__() got an unexpected keyword argument 'log_to_console'; 308)
[2026-01-03T07:18:35.736+0000] {local_task_job_runner.py:240} INFO - Task exited with return code 1
[2026-01-03T07:18:35.793+0000] {taskinstance.py:3482} INFO - 0 downstream tasks scheduled from follow-on schedule check
[2026-01-03T07:18:35.795+0000] {local_task_job_runner.py:222} INFO - ::endgroup::
