[2026-01-04T13:00:03.992+0000] {local_task_job_runner.py:120} INFO - ::group::Pre task execution logs
[2026-01-04T13:00:04.051+0000] {taskinstance.py:2073} INFO - Dependencies all met for dep_context=non-requeueable deps ti=<TaskInstance: speed_layer_silver_ingestion.check_flight_tracker_health scheduled__2026-01-04T12:00:00+00:00 [queued]>
[2026-01-04T13:00:04.064+0000] {taskinstance.py:2073} INFO - Dependencies all met for dep_context=requeueable deps ti=<TaskInstance: speed_layer_silver_ingestion.check_flight_tracker_health scheduled__2026-01-04T12:00:00+00:00 [queued]>
[2026-01-04T13:00:04.065+0000] {taskinstance.py:2303} INFO - Starting attempt 1 of 3
[2026-01-04T13:00:04.082+0000] {taskinstance.py:2327} INFO - Executing <Task(PythonOperator): check_flight_tracker_health> on 2026-01-04 12:00:00+00:00
[2026-01-04T13:00:04.096+0000] {standard_task_runner.py:63} INFO - Started process 1660 to run task
[2026-01-04T13:00:04.102+0000] {standard_task_runner.py:90} INFO - Running: ['***', 'tasks', 'run', 'speed_layer_silver_ingestion', 'check_flight_tracker_health', 'scheduled__2026-01-04T12:00:00+00:00', '--job-id', '368', '--raw', '--subdir', 'DAGS_FOLDER/speed_layer_silver_ingestion.py', '--cfg-path', '/tmp/tmp50hcx9g3']
[2026-01-04T13:00:04.106+0000] {standard_task_runner.py:91} INFO - Job 368: Subtask check_flight_tracker_health
[2026-01-04T13:00:04.194+0000] {task_command.py:426} INFO - Running <TaskInstance: speed_layer_silver_ingestion.check_flight_tracker_health scheduled__2026-01-04T12:00:00+00:00 [running]> on host 04a37d338906
[2026-01-04T13:00:04.356+0000] {taskinstance.py:2644} INFO - Exporting env vars: AIRFLOW_CTX_DAG_OWNER='aviation-team' AIRFLOW_CTX_DAG_ID='speed_layer_silver_ingestion' AIRFLOW_CTX_TASK_ID='check_flight_tracker_health' AIRFLOW_CTX_EXECUTION_DATE='2026-01-04T12:00:00+00:00' AIRFLOW_CTX_TRY_NUMBER='1' AIRFLOW_CTX_DAG_RUN_ID='scheduled__2026-01-04T12:00:00+00:00'
[2026-01-04T13:00:04.357+0000] {taskinstance.py:430} INFO - ::endgroup::
[2026-01-04T13:00:04.395+0000] {logging_mixin.py:188} INFO - ============================================================
[2026-01-04T13:00:04.395+0000] {logging_mixin.py:188} INFO - HEALTH CHECK - Flight Tracker
[2026-01-04T13:00:04.395+0000] {logging_mixin.py:188} INFO - ============================================================
[2026-01-04T13:00:04.406+0000] {logging_mixin.py:188} INFO - ✓ Flight Tracker is healthy
[2026-01-04T13:00:04.406+0000] {logging_mixin.py:188} INFO -   Accumulated flights: 30
[2026-01-04T13:00:04.406+0000] {logging_mixin.py:188} INFO -   WebSocket connections: 1
[2026-01-04T13:00:04.406+0000] {logging_mixin.py:188} INFO -   Status: healthy
[2026-01-04T13:00:04.435+0000] {python.py:237} INFO - Done. Returned value was: {'status': 'healthy', 'flights': 30, 'connections': 1}
[2026-01-04T13:00:04.436+0000] {taskinstance.py:441} INFO - ::group::Post task execution logs
[2026-01-04T13:00:04.478+0000] {taskinstance.py:1205} INFO - Marking task as SUCCESS. dag_id=speed_layer_silver_ingestion, task_id=check_flight_tracker_health, execution_date=20260104T120000, start_date=20260104T130004, end_date=20260104T130004
[2026-01-04T13:00:04.517+0000] {local_task_job_runner.py:240} INFO - Task exited with return code 0
[2026-01-04T13:00:04.572+0000] {taskinstance.py:3482} INFO - 1 downstream tasks scheduled from follow-on schedule check
[2026-01-04T13:00:04.573+0000] {local_task_job_runner.py:222} INFO - ::endgroup::
