[2026-01-04T17:33:42.211+0000] {local_task_job_runner.py:120} INFO - ::group::Pre task execution logs
[2026-01-04T17:33:42.248+0000] {taskinstance.py:2073} INFO - Dependencies all met for dep_context=non-requeueable deps ti=<TaskInstance: aviation_states_pipeline.enrich_silver_states manual__2026-01-04T17:23:04.872329+00:00 [queued]>
[2026-01-04T17:33:42.258+0000] {taskinstance.py:2073} INFO - Dependencies all met for dep_context=requeueable deps ti=<TaskInstance: aviation_states_pipeline.enrich_silver_states manual__2026-01-04T17:23:04.872329+00:00 [queued]>
[2026-01-04T17:33:42.258+0000] {taskinstance.py:2303} INFO - Starting attempt 1 of 2
[2026-01-04T17:33:42.275+0000] {taskinstance.py:2327} INFO - Executing <Task(PythonOperator): enrich_silver_states> on 2026-01-04 17:23:04.872329+00:00
[2026-01-04T17:33:42.285+0000] {standard_task_runner.py:63} INFO - Started process 4052 to run task
[2026-01-04T17:33:42.288+0000] {standard_task_runner.py:90} INFO - Running: ['***', 'tasks', 'run', 'aviation_states_pipeline', 'enrich_silver_states', 'manual__2026-01-04T17:23:04.872329+00:00', '--job-id', '481', '--raw', '--subdir', 'DAGS_FOLDER/aviation_states_pipeline.py', '--cfg-path', '/tmp/tmpo1l2w994']
[2026-01-04T17:33:42.290+0000] {standard_task_runner.py:91} INFO - Job 481: Subtask enrich_silver_states
[2026-01-04T17:33:42.386+0000] {task_command.py:426} INFO - Running <TaskInstance: aviation_states_pipeline.enrich_silver_states manual__2026-01-04T17:23:04.872329+00:00 [running]> on host 0f35c4bc447d
[2026-01-04T17:33:42.571+0000] {taskinstance.py:2644} INFO - Exporting env vars: AIRFLOW_CTX_DAG_OWNER='aviation-team' AIRFLOW_CTX_DAG_ID='aviation_states_pipeline' AIRFLOW_CTX_TASK_ID='enrich_silver_states' AIRFLOW_CTX_EXECUTION_DATE='2026-01-04T17:23:04.872329+00:00' AIRFLOW_CTX_TRY_NUMBER='1' AIRFLOW_CTX_DAG_RUN_ID='manual__2026-01-04T17:23:04.872329+00:00'
[2026-01-04T17:33:42.572+0000] {taskinstance.py:430} INFO - ::endgroup::
[2026-01-04T17:33:42.586+0000] {logging_mixin.py:188} INFO - ============================================================
[2026-01-04T17:33:42.586+0000] {logging_mixin.py:188} INFO - SILVER LAYER: Enriching States with Routes
[2026-01-04T17:33:42.586+0000] {logging_mixin.py:188} INFO - Bronze: s3a://aviation-bronze/states
[2026-01-04T17:33:42.586+0000] {logging_mixin.py:188} INFO - Silver: s3a://aviation-silver/enriched_states
[2026-01-04T17:33:42.586+0000] {logging_mixin.py:188} INFO - Mapping: s3a://aviation-mapping/flight_routes
[2026-01-04T17:33:42.586+0000] {logging_mixin.py:188} INFO - ============================================================
[2026-01-04T17:33:56.388+0000] {logging_mixin.py:188} INFO -   Bronze records: 2,663,253
[2026-01-04T17:33:57.021+0000] {logging_mixin.py:188} INFO -   Mapping records: 213,409
[2026-01-04T17:34:27.694+0000] {logging_mixin.py:188} INFO - 
✅ SILVER COMPLETE: 2,663,253 records
[2026-01-04T17:34:27.721+0000] {logging_mixin.py:188} INFO -    Matched: 651,317 (24.5%)
[2026-01-04T17:34:27.954+0000] {python.py:237} INFO - Done. Returned value was: {'records': 2663253, 'matched': 651317, 'match_rate': 24.5}
[2026-01-04T17:34:27.961+0000] {taskinstance.py:441} INFO - ::group::Post task execution logs
[2026-01-04T17:34:28.279+0000] {taskinstance.py:1205} INFO - Marking task as SUCCESS. dag_id=aviation_states_pipeline, task_id=enrich_silver_states, execution_date=20260104T172304, start_date=20260104T173342, end_date=20260104T173428
[2026-01-04T17:34:28.393+0000] {local_task_job_runner.py:240} INFO - Task exited with return code 0
[2026-01-04T17:34:28.600+0000] {taskinstance.py:3482} INFO - 1 downstream tasks scheduled from follow-on schedule check
[2026-01-04T17:34:28.602+0000] {local_task_job_runner.py:222} INFO - ::endgroup::
