[2025-12-24T10:00:58.379+0000] {local_task_job_runner.py:120} INFO - ::group::Pre task execution logs
[2025-12-24T10:00:59.412+0000] {taskinstance.py:2073} INFO - Dependencies all met for dep_context=non-requeueable deps ti=<TaskInstance: aviation_batch_pipeline.run_batch_pipeline manual__2025-12-24T09:57:26.116268+00:00 [queued]>
[2025-12-24T10:00:59.425+0000] {taskinstance.py:2073} INFO - Dependencies all met for dep_context=requeueable deps ti=<TaskInstance: aviation_batch_pipeline.run_batch_pipeline manual__2025-12-24T09:57:26.116268+00:00 [queued]>
[2025-12-24T10:00:59.426+0000] {taskinstance.py:2303} INFO - Starting attempt 2 of 4
[2025-12-24T10:00:59.447+0000] {taskinstance.py:2327} INFO - Executing <Task(PythonOperator): run_batch_pipeline> on 2025-12-24 09:57:26.116268+00:00
[2025-12-24T10:00:59.461+0000] {standard_task_runner.py:63} INFO - Started process 458 to run task
[2025-12-24T10:00:59.465+0000] {standard_task_runner.py:90} INFO - Running: ['***', 'tasks', 'run', 'aviation_batch_pipeline', 'run_batch_pipeline', 'manual__2025-12-24T09:57:26.116268+00:00', '--job-id', '26', '--raw', '--subdir', 'DAGS_FOLDER/aviation_batch_dag.py', '--cfg-path', '/tmp/tmpdke9xfu9']
[2025-12-24T10:00:59.468+0000] {standard_task_runner.py:91} INFO - Job 26: Subtask run_batch_pipeline
[2025-12-24T10:00:59.563+0000] {task_command.py:426} INFO - Running <TaskInstance: aviation_batch_pipeline.run_batch_pipeline manual__2025-12-24T09:57:26.116268+00:00 [running]> on host 849a36138e84
[2025-12-24T10:00:59.772+0000] {taskinstance.py:2644} INFO - Exporting env vars: AIRFLOW_CTX_DAG_OWNER='aviation_team' AIRFLOW_CTX_DAG_ID='aviation_batch_pipeline' AIRFLOW_CTX_TASK_ID='run_batch_pipeline' AIRFLOW_CTX_EXECUTION_DATE='2025-12-24T09:57:26.116268+00:00' AIRFLOW_CTX_TRY_NUMBER='2' AIRFLOW_CTX_DAG_RUN_ID='manual__2025-12-24T09:57:26.116268+00:00'
[2025-12-24T10:00:59.773+0000] {taskinstance.py:430} INFO - ::endgroup::
[2025-12-24T10:01:06.368+0000] {logging_mixin.py:188} INFO - 
============================================================
[2025-12-24T10:01:06.369+0000] {logging_mixin.py:188} INFO - STAGE 1: Processing States Data
[2025-12-24T10:01:06.370+0000] {logging_mixin.py:188} INFO - ============================================================
[2025-12-24T10:01:06.371+0000] {logging_mixin.py:188} INFO - Using states path: /data/aviation_data/states
[2025-12-24T10:01:07.964+0000] {logging_mixin.py:188} INFO - Found 10 tar files to process
[2025-12-24T10:01:08.092+0000] {taskinstance.py:441} INFO - ::group::Post task execution logs
[2025-12-24T10:01:08.093+0000] {taskinstance.py:2890} ERROR - Task failed with exception
Traceback (most recent call last):
  File "/home/airflow/.local/lib/python3.11/site-packages/airflow/models/taskinstance.py", line 460, in _execute_task
    result = _execute_callable(context=context, **execute_callable_kwargs)
             ^^^^^^^^^^^^^^^^^^^^^^^^^^^^^^^^^^^^^^^^^^^^^^^^^^^^^^^^^^^^^
  File "/home/airflow/.local/lib/python3.11/site-packages/airflow/models/taskinstance.py", line 432, in _execute_callable
    return execute_callable(context=context, **execute_callable_kwargs)
           ^^^^^^^^^^^^^^^^^^^^^^^^^^^^^^^^^^^^^^^^^^^^^^^^^^^^^^^^^^^^
  File "/home/airflow/.local/lib/python3.11/site-packages/airflow/models/baseoperator.py", line 400, in wrapper
    return func(self, *args, **kwargs)
           ^^^^^^^^^^^^^^^^^^^^^^^^^^^
  File "/home/airflow/.local/lib/python3.11/site-packages/airflow/operators/python.py", line 235, in execute
    return_value = self.execute_callable()
                   ^^^^^^^^^^^^^^^^^^^^^^^
  File "/home/airflow/.local/lib/python3.11/site-packages/airflow/operators/python.py", line 252, in execute_callable
    return self.python_callable(*self.op_args, **self.op_kwargs)
           ^^^^^^^^^^^^^^^^^^^^^^^^^^^^^^^^^^^^^^^^^^^^^^^^^^^^^
  File "/opt/airflow/dags/aviation_batch_dag.py", line 136, in run_batch_pipeline
    stats = pipeline.run_full_pipeline(
            ^^^^^^^^^^^^^^^^^^^^^^^^^^^
  File "/opt/airflow/src/batch/batch_pipeline.py", line 118, in run_full_pipeline
    stage_stats = self._process_states(limit=states_limit)
                  ^^^^^^^^^^^^^^^^^^^^^^^^^^^^^^^^^^^^^^^^
  File "/opt/airflow/src/batch/batch_pipeline.py", line 169, in _process_states
    process_tar_files_to_parquet(
  File "/opt/airflow/src/batch/extract_india_flights.py", line 146, in process_tar_files_to_parquet
    os.makedirs(output_path, exist_ok=True)
  File "<frozen os>", line 225, in makedirs
PermissionError: [Errno 13] Permission denied: '/tmp/aviation/filtered_states'
[2025-12-24T10:01:08.114+0000] {taskinstance.py:1205} INFO - Marking task as UP_FOR_RETRY. dag_id=aviation_batch_pipeline, task_id=run_batch_pipeline, execution_date=20251224T095726, start_date=20251224T100059, end_date=20251224T100108
[2025-12-24T10:01:08.139+0000] {standard_task_runner.py:110} ERROR - Failed to execute job 26 for task run_batch_pipeline ([Errno 13] Permission denied: '/tmp/aviation/filtered_states'; 458)
[2025-12-24T10:01:08.169+0000] {local_task_job_runner.py:240} INFO - Task exited with return code 1
[2025-12-24T10:01:08.213+0000] {taskinstance.py:3482} INFO - 0 downstream tasks scheduled from follow-on schedule check
[2025-12-24T10:01:08.214+0000] {local_task_job_runner.py:222} INFO - ::endgroup::
