[2025-12-24T13:22:04.143+0000] {local_task_job_runner.py:120} INFO - ::group::Pre task execution logs
[2025-12-24T13:22:04.464+0000] {taskinstance.py:2073} INFO - Dependencies all met for dep_context=non-requeueable deps ti=<TaskInstance: aviation_states_pipeline.create_minio_buckets manual__2025-12-24T13:22:01.126812+00:00 [queued]>
[2025-12-24T13:22:04.478+0000] {taskinstance.py:2073} INFO - Dependencies all met for dep_context=requeueable deps ti=<TaskInstance: aviation_states_pipeline.create_minio_buckets manual__2025-12-24T13:22:01.126812+00:00 [queued]>
[2025-12-24T13:22:04.478+0000] {taskinstance.py:2303} INFO - Starting attempt 1 of 2
[2025-12-24T13:22:04.496+0000] {taskinstance.py:2327} INFO - Executing <Task(PythonOperator): create_minio_buckets> on 2025-12-24 13:22:01.126812+00:00
[2025-12-24T13:22:04.508+0000] {standard_task_runner.py:63} INFO - Started process 216 to run task
[2025-12-24T13:22:04.514+0000] {standard_task_runner.py:90} INFO - Running: ['***', 'tasks', 'run', 'aviation_states_pipeline', 'create_minio_buckets', 'manual__2025-12-24T13:22:01.126812+00:00', '--job-id', '63', '--raw', '--subdir', 'DAGS_FOLDER/aviation_states_pipeline.py', '--cfg-path', '/tmp/tmpre9sqzxq']
[2025-12-24T13:22:04.518+0000] {standard_task_runner.py:91} INFO - Job 63: Subtask create_minio_buckets
[2025-12-24T13:22:04.607+0000] {task_command.py:426} INFO - Running <TaskInstance: aviation_states_pipeline.create_minio_buckets manual__2025-12-24T13:22:01.126812+00:00 [running]> on host 6c6ccfef5674
[2025-12-24T13:22:04.764+0000] {taskinstance.py:2644} INFO - Exporting env vars: AIRFLOW_CTX_DAG_OWNER='aviation_team' AIRFLOW_CTX_DAG_ID='aviation_states_pipeline' AIRFLOW_CTX_TASK_ID='create_minio_buckets' AIRFLOW_CTX_EXECUTION_DATE='2025-12-24T13:22:01.126812+00:00' AIRFLOW_CTX_TRY_NUMBER='1' AIRFLOW_CTX_DAG_RUN_ID='manual__2025-12-24T13:22:01.126812+00:00'
[2025-12-24T13:22:04.766+0000] {taskinstance.py:430} INFO - ::endgroup::
[2025-12-24T13:22:05.533+0000] {logging_mixin.py:188} INFO - ✓ Created bucket: aviation-bronze
[2025-12-24T13:22:05.577+0000] {logging_mixin.py:188} INFO - ✓ Created bucket: aviation-silver
[2025-12-24T13:22:05.598+0000] {logging_mixin.py:188} INFO - ✓ Created bucket: aviation-gold
[2025-12-24T13:22:05.629+0000] {logging_mixin.py:188} INFO - ✓ Created bucket: aviation-mapping
[2025-12-24T13:22:05.629+0000] {python.py:237} INFO - Done. Returned value was: {'buckets_created': ['aviation-bronze', 'aviation-silver', 'aviation-gold', 'aviation-mapping']}
[2025-12-24T13:22:05.630+0000] {taskinstance.py:441} INFO - ::group::Post task execution logs
[2025-12-24T13:22:05.703+0000] {taskinstance.py:1205} INFO - Marking task as SUCCESS. dag_id=aviation_states_pipeline, task_id=create_minio_buckets, execution_date=20251224T132201, start_date=20251224T132204, end_date=20251224T132205
[2025-12-24T13:22:05.808+0000] {local_task_job_runner.py:240} INFO - Task exited with return code 0
[2025-12-24T13:22:05.894+0000] {taskinstance.py:3482} INFO - 1 downstream tasks scheduled from follow-on schedule check
[2025-12-24T13:22:05.900+0000] {local_task_job_runner.py:222} INFO - ::endgroup::
