[2025-12-24T11:16:45.955+0000] {local_task_job_runner.py:120} INFO - ::group::Pre task execution logs
[2025-12-24T11:16:46.138+0000] {taskinstance.py:2073} INFO - Dependencies all met for dep_context=non-requeueable deps ti=<TaskInstance: aviation_enrichment_pipeline.enrich_states_data manual__2025-12-24T11:15:59.808641+00:00 [queued]>
[2025-12-24T11:16:46.170+0000] {taskinstance.py:2073} INFO - Dependencies all met for dep_context=requeueable deps ti=<TaskInstance: aviation_enrichment_pipeline.enrich_states_data manual__2025-12-24T11:15:59.808641+00:00 [queued]>
[2025-12-24T11:16:46.170+0000] {taskinstance.py:2303} INFO - Starting attempt 1 of 3
[2025-12-24T11:16:47.270+0000] {taskinstance.py:2327} INFO - Executing <Task(PythonOperator): enrich_states_data> on 2025-12-24 11:15:59.808641+00:00
[2025-12-24T11:16:47.284+0000] {standard_task_runner.py:63} INFO - Started process 11966 to run task
[2025-12-24T11:16:47.289+0000] {standard_task_runner.py:90} INFO - Running: ['***', 'tasks', 'run', 'aviation_enrichment_pipeline', 'enrich_states_data', 'manual__2025-12-24T11:15:59.808641+00:00', '--job-id', '55', '--raw', '--subdir', 'DAGS_FOLDER/aviation_enrichment_dag.py', '--cfg-path', '/tmp/tmpvemcj5_g']
[2025-12-24T11:16:47.293+0000] {standard_task_runner.py:91} INFO - Job 55: Subtask enrich_states_data
[2025-12-24T11:16:47.416+0000] {task_command.py:426} INFO - Running <TaskInstance: aviation_enrichment_pipeline.enrich_states_data manual__2025-12-24T11:15:59.808641+00:00 [running]> on host 849a36138e84
[2025-12-24T11:16:47.634+0000] {taskinstance.py:2644} INFO - Exporting env vars: AIRFLOW_CTX_DAG_OWNER='aviation_team' AIRFLOW_CTX_DAG_ID='aviation_enrichment_pipeline' AIRFLOW_CTX_TASK_ID='enrich_states_data' AIRFLOW_CTX_EXECUTION_DATE='2025-12-24T11:15:59.808641+00:00' AIRFLOW_CTX_TRY_NUMBER='1' AIRFLOW_CTX_DAG_RUN_ID='manual__2025-12-24T11:15:59.808641+00:00'
[2025-12-24T11:16:47.635+0000] {taskinstance.py:430} INFO - ::endgroup::
[2025-12-24T11:16:53.134+0000] {logging_mixin.py:188} INFO - 
============================================================
[2025-12-24T11:16:53.135+0000] {logging_mixin.py:188} INFO - STAGE 3: Enriching Data with Route Information
[2025-12-24T11:16:53.136+0000] {logging_mixin.py:188} INFO - ============================================================
[2025-12-24T11:17:19.535+0000] {python.py:237} INFO - Done. Returned value was: {'start_time': '2025-12-24T11:16:53.133967', 'stages': {'enrich_data': {'total_records': 3651088, 'route_matched': 0, 'match_rate': '0.00%', 'output_path': '/tmp/aviation/enriched_data'}}, 'end_time': '2025-12-24T11:17:19.089452', 'status': 'SUCCESS'}
[2025-12-24T11:17:19.536+0000] {taskinstance.py:441} INFO - ::group::Post task execution logs
[2025-12-24T11:17:19.577+0000] {taskinstance.py:1205} INFO - Marking task as SUCCESS. dag_id=aviation_enrichment_pipeline, task_id=enrich_states_data, execution_date=20251224T111559, start_date=20251224T111646, end_date=20251224T111719
[2025-12-24T11:17:19.620+0000] {local_task_job_runner.py:240} INFO - Task exited with return code 0
[2025-12-24T11:17:19.675+0000] {taskinstance.py:3482} INFO - 2 downstream tasks scheduled from follow-on schedule check
[2025-12-24T11:17:19.676+0000] {local_task_job_runner.py:222} INFO - ::endgroup::
