[2026-01-04T13:22:15.360+0000] {local_task_job_runner.py:120} INFO - ::group::Pre task execution logs
[2026-01-04T13:22:15.412+0000] {taskinstance.py:2073} INFO - Dependencies all met for dep_context=non-requeueable deps ti=<TaskInstance: aviation_states_pipeline.print_summary manual__2026-01-04T13:15:49.804681+00:00 [queued]>
[2026-01-04T13:22:15.423+0000] {taskinstance.py:2073} INFO - Dependencies all met for dep_context=requeueable deps ti=<TaskInstance: aviation_states_pipeline.print_summary manual__2026-01-04T13:15:49.804681+00:00 [queued]>
[2026-01-04T13:22:15.424+0000] {taskinstance.py:2303} INFO - Starting attempt 1 of 2
[2026-01-04T13:22:15.442+0000] {taskinstance.py:2327} INFO - Executing <Task(PythonOperator): print_summary> on 2026-01-04 13:15:49.804681+00:00
[2026-01-04T13:22:15.453+0000] {standard_task_runner.py:63} INFO - Started process 2706 to run task
[2026-01-04T13:22:15.461+0000] {standard_task_runner.py:90} INFO - Running: ['***', 'tasks', 'run', 'aviation_states_pipeline', 'print_summary', 'manual__2026-01-04T13:15:49.804681+00:00', '--job-id', '382', '--raw', '--subdir', 'DAGS_FOLDER/aviation_states_pipeline.py', '--cfg-path', '/tmp/tmp26ok7l44']
[2026-01-04T13:22:15.466+0000] {standard_task_runner.py:91} INFO - Job 382: Subtask print_summary
[2026-01-04T13:22:15.564+0000] {task_command.py:426} INFO - Running <TaskInstance: aviation_states_pipeline.print_summary manual__2026-01-04T13:15:49.804681+00:00 [running]> on host 968fed69c878
[2026-01-04T13:22:15.728+0000] {taskinstance.py:2644} INFO - Exporting env vars: AIRFLOW_CTX_DAG_OWNER='aviation-team' AIRFLOW_CTX_DAG_ID='aviation_states_pipeline' AIRFLOW_CTX_TASK_ID='print_summary' AIRFLOW_CTX_EXECUTION_DATE='2026-01-04T13:15:49.804681+00:00' AIRFLOW_CTX_TRY_NUMBER='1' AIRFLOW_CTX_DAG_RUN_ID='manual__2026-01-04T13:15:49.804681+00:00'
[2026-01-04T13:22:15.729+0000] {taskinstance.py:430} INFO - ::endgroup::
[2026-01-04T13:22:15.749+0000] {logging_mixin.py:188} INFO - 
============================================================
[2026-01-04T13:22:15.750+0000] {logging_mixin.py:188} INFO - ✅ AVIATION STATES PIPELINE COMPLETE
[2026-01-04T13:22:15.750+0000] {logging_mixin.py:188} INFO - ============================================================
[2026-01-04T13:22:15.750+0000] {logging_mixin.py:188} INFO - 📦 BRONZE: s3a://aviation-bronze/states
[2026-01-04T13:22:15.750+0000] {logging_mixin.py:188} INFO - 🥈 SILVER: s3a://aviation-silver/enriched_states
[2026-01-04T13:22:15.750+0000] {python.py:237} INFO - Done. Returned value was: None
[2026-01-04T13:22:15.751+0000] {taskinstance.py:441} INFO - ::group::Post task execution logs
[2026-01-04T13:22:15.776+0000] {taskinstance.py:1205} INFO - Marking task as SUCCESS. dag_id=aviation_states_pipeline, task_id=print_summary, execution_date=20260104T131549, start_date=20260104T132215, end_date=20260104T132215
[2026-01-04T13:22:15.831+0000] {local_task_job_runner.py:240} INFO - Task exited with return code 0
[2026-01-04T13:22:15.865+0000] {taskinstance.py:3482} INFO - 0 downstream tasks scheduled from follow-on schedule check
[2026-01-04T13:22:15.866+0000] {local_task_job_runner.py:222} INFO - ::endgroup::
