[2025-12-24T14:23:04.626+0000] {local_task_job_runner.py:120} INFO - ::group::Pre task execution logs
[2025-12-24T14:23:04.708+0000] {taskinstance.py:2073} INFO - Dependencies all met for dep_context=non-requeueable deps ti=<TaskInstance: aviation_flight_mapping_pipeline.print_summary manual__2025-12-24T14:21:34.362978+00:00 [queued]>
[2025-12-24T14:23:04.725+0000] {taskinstance.py:2073} INFO - Dependencies all met for dep_context=requeueable deps ti=<TaskInstance: aviation_flight_mapping_pipeline.print_summary manual__2025-12-24T14:21:34.362978+00:00 [queued]>
[2025-12-24T14:23:04.725+0000] {taskinstance.py:2303} INFO - Starting attempt 1 of 2
[2025-12-24T14:23:04.762+0000] {taskinstance.py:2327} INFO - Executing <Task(PythonOperator): print_summary> on 2025-12-24 14:21:34.362978+00:00
[2025-12-24T14:23:04.781+0000] {standard_task_runner.py:63} INFO - Started process 4684 to run task
[2025-12-24T14:23:04.790+0000] {standard_task_runner.py:90} INFO - Running: ['***', 'tasks', 'run', 'aviation_flight_mapping_pipeline', 'print_summary', 'manual__2025-12-24T14:21:34.362978+00:00', '--job-id', '88', '--raw', '--subdir', 'DAGS_FOLDER/aviation_flight_mapping_pipeline.py', '--cfg-path', '/tmp/tmpah_96d16']
[2025-12-24T14:23:04.794+0000] {standard_task_runner.py:91} INFO - Job 88: Subtask print_summary
[2025-12-24T14:23:04.938+0000] {task_command.py:426} INFO - Running <TaskInstance: aviation_flight_mapping_pipeline.print_summary manual__2025-12-24T14:21:34.362978+00:00 [running]> on host 6c6ccfef5674
[2025-12-24T14:23:05.182+0000] {taskinstance.py:2644} INFO - Exporting env vars: AIRFLOW_CTX_DAG_OWNER='aviation-team' AIRFLOW_CTX_DAG_ID='aviation_flight_mapping_pipeline' AIRFLOW_CTX_TASK_ID='print_summary' AIRFLOW_CTX_EXECUTION_DATE='2025-12-24T14:21:34.362978+00:00' AIRFLOW_CTX_TRY_NUMBER='1' AIRFLOW_CTX_DAG_RUN_ID='manual__2025-12-24T14:21:34.362978+00:00'
[2025-12-24T14:23:05.183+0000] {taskinstance.py:430} INFO - ::endgroup::
[2025-12-24T14:23:05.216+0000] {logging_mixin.py:188} INFO - 
============================================================
[2025-12-24T14:23:05.216+0000] {logging_mixin.py:188} INFO - ✅ FLIGHT MAPPING PIPELINE COMPLETE
[2025-12-24T14:23:05.217+0000] {logging_mixin.py:188} INFO - ============================================================
[2025-12-24T14:23:05.218+0000] {logging_mixin.py:188} INFO - 📦 Mapping: s3a://aviation-mapping/flight_routes
[2025-12-24T14:23:05.218+0000] {logging_mixin.py:188} INFO - → Next: Run 'aviation_states_pipeline'
[2025-12-24T14:23:05.218+0000] {python.py:237} INFO - Done. Returned value was: None
[2025-12-24T14:23:05.227+0000] {taskinstance.py:441} INFO - ::group::Post task execution logs
[2025-12-24T14:23:05.264+0000] {taskinstance.py:1205} INFO - Marking task as SUCCESS. dag_id=aviation_flight_mapping_pipeline, task_id=print_summary, execution_date=20251224T142134, start_date=20251224T142304, end_date=20251224T142305
[2025-12-24T14:23:05.323+0000] {local_task_job_runner.py:240} INFO - Task exited with return code 0
[2025-12-24T14:23:05.358+0000] {taskinstance.py:3482} INFO - 0 downstream tasks scheduled from follow-on schedule check
[2025-12-24T14:23:05.360+0000] {local_task_job_runner.py:222} INFO - ::endgroup::
