[2025-12-24T09:14:42.577+0000] {local_task_job_runner.py:120} INFO - ::group::Pre task execution logs
[2025-12-24T09:14:43.457+0000] {taskinstance.py:2073} INFO - Dependencies all met for dep_context=non-requeueable deps ti=<TaskInstance: aviation_batch_pipeline.run_batch_pipeline_spark manual__2025-12-24T09:14:40.662611+00:00 [queued]>
[2025-12-24T09:14:43.471+0000] {taskinstance.py:2073} INFO - Dependencies all met for dep_context=requeueable deps ti=<TaskInstance: aviation_batch_pipeline.run_batch_pipeline_spark manual__2025-12-24T09:14:40.662611+00:00 [queued]>
[2025-12-24T09:14:43.472+0000] {taskinstance.py:2303} INFO - Starting attempt 1 of 3
[2025-12-24T09:14:43.501+0000] {taskinstance.py:2327} INFO - Executing <Task(SparkSubmitOperator): run_batch_pipeline_spark> on 2025-12-24 09:14:40.662611+00:00
[2025-12-24T09:14:43.515+0000] {standard_task_runner.py:63} INFO - Started process 210 to run task
[2025-12-24T09:14:43.521+0000] {standard_task_runner.py:90} INFO - Running: ['***', 'tasks', 'run', 'aviation_batch_pipeline', 'run_batch_pipeline_spark', 'manual__2025-12-24T09:14:40.662611+00:00', '--job-id', '12', '--raw', '--subdir', 'DAGS_FOLDER/aviation_batch_dag.py', '--cfg-path', '/tmp/tmp3h5umn7y']
[2025-12-24T09:14:43.523+0000] {standard_task_runner.py:91} INFO - Job 12: Subtask run_batch_pipeline_spark
[2025-12-24T09:14:43.615+0000] {task_command.py:426} INFO - Running <TaskInstance: aviation_batch_pipeline.run_batch_pipeline_spark manual__2025-12-24T09:14:40.662611+00:00 [running]> on host 44bcc4ec17a5
[2025-12-24T09:14:43.793+0000] {taskinstance.py:2644} INFO - Exporting env vars: AIRFLOW_CTX_DAG_OWNER='aviation_team' AIRFLOW_CTX_DAG_ID='aviation_batch_pipeline' AIRFLOW_CTX_TASK_ID='run_batch_pipeline_spark' AIRFLOW_CTX_EXECUTION_DATE='2025-12-24T09:14:40.662611+00:00' AIRFLOW_CTX_TRY_NUMBER='1' AIRFLOW_CTX_DAG_RUN_ID='manual__2025-12-24T09:14:40.662611+00:00'
[2025-12-24T09:14:43.796+0000] {taskinstance.py:430} INFO - ::endgroup::
[2025-12-24T09:14:43.847+0000] {spark_submit.py:273} INFO - Could not load connection string spark_default, defaulting to yarn
[2025-12-24T09:14:43.848+0000] {spark_submit.py:403} INFO - Spark-Submit cmd: spark-submit --master yarn --conf spark.master=spark://spark-master:7077 --conf spark.executor.memory=2g --conf spark.driver.memory=2g --conf spark.sql.shuffle.partitions=200 --name aviation_batch_pipeline --verbose /opt/***/src/batch/batch_pipeline.py
[2025-12-24T09:14:46.990+0000] {spark_submit.py:579} INFO - Using properties file: null
[2025-12-24T09:14:47.294+0000] {spark_submit.py:579} INFO - Exception in thread "main" org.apache.spark.SparkException: When running with master 'yarn' either HADOOP_CONF_DIR or YARN_CONF_DIR must be set in the environment.
[2025-12-24T09:14:47.295+0000] {spark_submit.py:579} INFO - at org.apache.spark.deploy.SparkSubmitArguments.error(SparkSubmitArguments.scala:650)
[2025-12-24T09:14:47.297+0000] {spark_submit.py:579} INFO - at org.apache.spark.deploy.SparkSubmitArguments.validateSubmitArguments(SparkSubmitArguments.scala:281)
[2025-12-24T09:14:47.300+0000] {spark_submit.py:579} INFO - at org.apache.spark.deploy.SparkSubmitArguments.validateArguments(SparkSubmitArguments.scala:237)
[2025-12-24T09:14:47.301+0000] {spark_submit.py:579} INFO - at org.apache.spark.deploy.SparkSubmitArguments.<init>(SparkSubmitArguments.scala:122)
[2025-12-24T09:14:47.302+0000] {spark_submit.py:579} INFO - at org.apache.spark.deploy.SparkSubmit$$anon$2$$anon$3.<init>(SparkSubmit.scala:1103)
[2025-12-24T09:14:47.303+0000] {spark_submit.py:579} INFO - at org.apache.spark.deploy.SparkSubmit$$anon$2.parseArguments(SparkSubmit.scala:1103)
[2025-12-24T09:14:47.303+0000] {spark_submit.py:579} INFO - at org.apache.spark.deploy.SparkSubmit.doSubmit(SparkSubmit.scala:86)
[2025-12-24T09:14:47.303+0000] {spark_submit.py:579} INFO - at org.apache.spark.deploy.SparkSubmit$$anon$2.doSubmit(SparkSubmit.scala:1120)
[2025-12-24T09:14:47.304+0000] {spark_submit.py:579} INFO - at org.apache.spark.deploy.SparkSubmit$.main(SparkSubmit.scala:1129)
[2025-12-24T09:14:47.304+0000] {spark_submit.py:579} INFO - at org.apache.spark.deploy.SparkSubmit.main(SparkSubmit.scala)
[2025-12-24T09:14:47.341+0000] {taskinstance.py:441} INFO - ::group::Post task execution logs
[2025-12-24T09:14:47.364+0000] {taskinstance.py:2890} ERROR - Task failed with exception
Traceback (most recent call last):
  File "/home/airflow/.local/lib/python3.11/site-packages/airflow/models/taskinstance.py", line 460, in _execute_task
    result = _execute_callable(context=context, **execute_callable_kwargs)
             ^^^^^^^^^^^^^^^^^^^^^^^^^^^^^^^^^^^^^^^^^^^^^^^^^^^^^^^^^^^^^
  File "/home/airflow/.local/lib/python3.11/site-packages/airflow/models/taskinstance.py", line 432, in _execute_callable
    return execute_callable(context=context, **execute_callable_kwargs)
           ^^^^^^^^^^^^^^^^^^^^^^^^^^^^^^^^^^^^^^^^^^^^^^^^^^^^^^^^^^^^
  File "/home/airflow/.local/lib/python3.11/site-packages/airflow/models/baseoperator.py", line 400, in wrapper
    return func(self, *args, **kwargs)
           ^^^^^^^^^^^^^^^^^^^^^^^^^^^
  File "/home/airflow/.local/lib/python3.11/site-packages/airflow/providers/apache/spark/operators/spark_submit.py", line 174, in execute
    self._hook.submit(self.application)
  File "/home/airflow/.local/lib/python3.11/site-packages/airflow/providers/apache/spark/hooks/spark_submit.py", line 505, in submit
    raise AirflowException(
airflow.exceptions.AirflowException: Cannot execute: spark-submit --master yarn --conf spark.master=spark://spark-master:7077 --conf spark.executor.memory=2g --conf spark.driver.memory=2g --conf spark.sql.shuffle.partitions=200 --name aviation_batch_pipeline --verbose /opt/***/src/batch/batch_pipeline.py. Error code is: 1.
[2025-12-24T09:14:47.373+0000] {taskinstance.py:1205} INFO - Marking task as UP_FOR_RETRY. dag_id=aviation_batch_pipeline, task_id=run_batch_pipeline_spark, execution_date=20251224T091440, start_date=20251224T091443, end_date=20251224T091447
[2025-12-24T09:14:47.408+0000] {standard_task_runner.py:110} ERROR - Failed to execute job 12 for task run_batch_pipeline_spark (Cannot execute: spark-submit --master yarn --conf spark.master=spark://spark-master:7077 --conf spark.executor.memory=2g --conf spark.driver.memory=2g --conf spark.sql.shuffle.partitions=200 --name aviation_batch_pipeline --verbose /opt/***/src/batch/batch_pipeline.py. Error code is: 1.; 210)
[2025-12-24T09:14:47.440+0000] {local_task_job_runner.py:240} INFO - Task exited with return code 1
[2025-12-24T09:14:47.470+0000] {taskinstance.py:3482} INFO - 0 downstream tasks scheduled from follow-on schedule check
[2025-12-24T09:14:47.471+0000] {local_task_job_runner.py:222} INFO - ::endgroup::
