[2025-12-24T18:28:36.249+0000] {local_task_job_runner.py:120} INFO - ::group::Pre task execution logs
[2025-12-24T18:28:36.320+0000] {taskinstance.py:2073} INFO - Dependencies all met for dep_context=non-requeueable deps ti=<TaskInstance: serving_layer_postgres_load.load_postgres manual__2025-12-24T18:10:51.193177+00:00 [queued]>
[2025-12-24T18:28:36.350+0000] {taskinstance.py:2073} INFO - Dependencies all met for dep_context=requeueable deps ti=<TaskInstance: serving_layer_postgres_load.load_postgres manual__2025-12-24T18:10:51.193177+00:00 [queued]>
[2025-12-24T18:28:36.351+0000] {taskinstance.py:2303} INFO - Starting attempt 2 of 3
[2025-12-24T18:28:36.393+0000] {taskinstance.py:2327} INFO - Executing <Task(PythonOperator): load_postgres> on 2025-12-24 18:10:51.193177+00:00
[2025-12-24T18:28:36.419+0000] {standard_task_runner.py:63} INFO - Started process 3367 to run task
[2025-12-24T18:28:36.427+0000] {standard_task_runner.py:90} INFO - Running: ['***', 'tasks', 'run', 'serving_layer_postgres_load', 'load_postgres', 'manual__2025-12-24T18:10:51.193177+00:00', '--job-id', '127', '--raw', '--subdir', 'DAGS_FOLDER/serving_layer_postgres_load.py', '--cfg-path', '/tmp/tmp6d20r1l6']
[2025-12-24T18:28:36.433+0000] {standard_task_runner.py:91} INFO - Job 127: Subtask load_postgres
[2025-12-24T18:28:36.584+0000] {task_command.py:426} INFO - Running <TaskInstance: serving_layer_postgres_load.load_postgres manual__2025-12-24T18:10:51.193177+00:00 [running]> on host 2f0396c9313f
[2025-12-24T18:28:36.832+0000] {taskinstance.py:2644} INFO - Exporting env vars: AIRFLOW_CTX_DAG_OWNER='aviation' AIRFLOW_CTX_DAG_ID='serving_layer_postgres_load' AIRFLOW_CTX_TASK_ID='load_postgres' AIRFLOW_CTX_EXECUTION_DATE='2025-12-24T18:10:51.193177+00:00' AIRFLOW_CTX_TRY_NUMBER='2' AIRFLOW_CTX_DAG_RUN_ID='manual__2025-12-24T18:10:51.193177+00:00'
[2025-12-24T18:28:36.833+0000] {taskinstance.py:430} INFO - ::endgroup::
[2025-12-24T18:28:36.881+0000] {logging_mixin.py:188} INFO - ============================================================
[2025-12-24T18:28:36.882+0000] {logging_mixin.py:188} INFO - RUNNING INCREMENTAL LOAD (only new files)
[2025-12-24T18:28:36.882+0000] {logging_mixin.py:188} INFO - ============================================================
[2025-12-24T18:28:36.883+0000] {logging_mixin.py:188} INFO - ============================================================
[2025-12-24T18:28:36.883+0000] {logging_mixin.py:188} INFO - AVIATION SERVING LAYER - INCREMENTAL LOAD
[2025-12-24T18:28:36.884+0000] {logging_mixin.py:188} INFO - ============================================================
[2025-12-24T18:28:36.902+0000] {logging_mixin.py:188} INFO - ✓ Database exists: aviation_db
[2025-12-24T18:28:36.920+0000] {logging_mixin.py:188} INFO - ✓ Tracking table ready: processed_files
[2025-12-24T18:28:36.941+0000] {logging_mixin.py:188} INFO -   Already processed: 22 files
[2025-12-24T18:28:49.914+0000] {logging_mixin.py:188} INFO - 
1. Checking for new data in Silver layer...
[2025-12-24T18:28:49.916+0000] {logging_mixin.py:188} INFO -   Reading batch data from: s3a://aviation-silver/enriched_states
[2025-12-24T18:28:51.880+0000] {logging_mixin.py:188} INFO -   No new files to process in batch
[2025-12-24T18:28:51.880+0000] {logging_mixin.py:188} INFO -   Reading speed data from: s3a://aviation-silver/speed_layer/enriched_flight_states
[2025-12-24T18:28:52.062+0000] {logging_mixin.py:188} INFO -   No new files to process in speed
[2025-12-24T18:28:52.063+0000] {logging_mixin.py:188} INFO - 
✓ No new files to process
[2025-12-24T18:28:52.580+0000] {logging_mixin.py:188} INFO - Serving layer load complete
[2025-12-24T18:28:52.581+0000] {python.py:237} INFO - Done. Returned value was: None
[2025-12-24T18:28:52.583+0000] {taskinstance.py:441} INFO - ::group::Post task execution logs
[2025-12-24T18:28:52.615+0000] {taskinstance.py:1205} INFO - Marking task as SUCCESS. dag_id=serving_layer_postgres_load, task_id=load_postgres, execution_date=20251224T181051, start_date=20251224T182836, end_date=20251224T182852
[2025-12-24T18:28:52.691+0000] {local_task_job_runner.py:240} INFO - Task exited with return code 0
[2025-12-24T18:28:52.728+0000] {taskinstance.py:3482} INFO - 0 downstream tasks scheduled from follow-on schedule check
[2025-12-24T18:28:52.730+0000] {local_task_job_runner.py:222} INFO - ::endgroup::
