[2026-01-04T17:29:42.836+0000] {local_task_job_runner.py:120} INFO - ::group::Pre task execution logs
[2026-01-04T17:29:42.932+0000] {taskinstance.py:2073} INFO - Dependencies all met for dep_context=non-requeueable deps ti=<TaskInstance: analytics_serving_layer.create_dim_airspace_heatmap manual__2026-01-04T17:23:09+00:00 [queued]>
[2026-01-04T17:29:42.969+0000] {taskinstance.py:2073} INFO - Dependencies all met for dep_context=requeueable deps ti=<TaskInstance: analytics_serving_layer.create_dim_airspace_heatmap manual__2026-01-04T17:23:09+00:00 [queued]>
[2026-01-04T17:29:42.969+0000] {taskinstance.py:2303} INFO - Starting attempt 1 of 2
[2026-01-04T17:29:43.027+0000] {taskinstance.py:2327} INFO - Executing <Task(PythonOperator): create_dim_airspace_heatmap> on 2026-01-04 17:23:09+00:00
[2026-01-04T17:29:43.061+0000] {standard_task_runner.py:63} INFO - Started process 2833 to run task
[2026-01-04T17:29:43.075+0000] {standard_task_runner.py:90} INFO - Running: ['***', 'tasks', 'run', 'analytics_serving_layer', 'create_dim_airspace_heatmap', 'manual__2026-01-04T17:23:09+00:00', '--job-id', '478', '--raw', '--subdir', 'DAGS_FOLDER/analytics_serving_layer.py', '--cfg-path', '/tmp/tmp85g1ppfd']
[2026-01-04T17:29:43.083+0000] {standard_task_runner.py:91} INFO - Job 478: Subtask create_dim_airspace_heatmap
[2026-01-04T17:29:43.366+0000] {task_command.py:426} INFO - Running <TaskInstance: analytics_serving_layer.create_dim_airspace_heatmap manual__2026-01-04T17:23:09+00:00 [running]> on host 0f35c4bc447d
[2026-01-04T17:29:43.960+0000] {taskinstance.py:2644} INFO - Exporting env vars: AIRFLOW_CTX_DAG_OWNER='aviation-team' AIRFLOW_CTX_DAG_ID='analytics_serving_layer' AIRFLOW_CTX_TASK_ID='create_dim_airspace_heatmap' AIRFLOW_CTX_EXECUTION_DATE='2026-01-04T17:23:09+00:00' AIRFLOW_CTX_TRY_NUMBER='1' AIRFLOW_CTX_DAG_RUN_ID='manual__2026-01-04T17:23:09+00:00'
[2026-01-04T17:29:43.963+0000] {taskinstance.py:430} INFO - ::endgroup::
[2026-01-04T17:29:44.010+0000] {logging_mixin.py:188} INFO - 
================================================================================
[2026-01-04T17:29:44.012+0000] {logging_mixin.py:188} INFO - 🗺️  CREATING DIM_AIRSPACE_HEATMAP TABLE
[2026-01-04T17:29:44.012+0000] {logging_mixin.py:188} INFO - ================================================================================
[2026-01-04T17:29:44.013+0000] {logging_mixin.py:188} INFO -   [17:29:44] ⚙️ Reading from Gold bucket...
[2026-01-04T17:32:08.797+0000] {logging_mixin.py:188} INFO - ✅ DIM_AIRSPACE_HEATMAP: 22,553 records
[2026-01-04T17:32:09.746+0000] {python.py:237} INFO - Done. Returned value was: {'table': 'dim_airspace_heatmap', 'records': 22553}
[2026-01-04T17:32:09.767+0000] {taskinstance.py:441} INFO - ::group::Post task execution logs
[2026-01-04T17:32:10.448+0000] {taskinstance.py:1205} INFO - Marking task as SUCCESS. dag_id=analytics_serving_layer, task_id=create_dim_airspace_heatmap, execution_date=20260104T172309, start_date=20260104T172942, end_date=20260104T173210
[2026-01-04T17:32:10.638+0000] {local_task_job_runner.py:240} INFO - Task exited with return code 0
[2026-01-04T17:32:10.879+0000] {taskinstance.py:3482} INFO - 0 downstream tasks scheduled from follow-on schedule check
[2026-01-04T17:32:10.884+0000] {local_task_job_runner.py:222} INFO - ::endgroup::
