[2026-01-04T00:00:03.504+0000] {local_task_job_runner.py:120} INFO - ::group::Pre task execution logs
[2026-01-04T00:00:03.553+0000] {taskinstance.py:2073} INFO - Dependencies all met for dep_context=non-requeueable deps ti=<TaskInstance: speed_layer_silver_ingestion.fetch_accumulated_data scheduled__2026-01-03T23:00:00+00:00 [queued]>
[2026-01-04T00:00:03.567+0000] {taskinstance.py:2073} INFO - Dependencies all met for dep_context=requeueable deps ti=<TaskInstance: speed_layer_silver_ingestion.fetch_accumulated_data scheduled__2026-01-03T23:00:00+00:00 [queued]>
[2026-01-04T00:00:03.567+0000] {taskinstance.py:2303} INFO - Starting attempt 1 of 3
[2026-01-04T00:00:03.586+0000] {taskinstance.py:2327} INFO - Executing <Task(PythonOperator): fetch_accumulated_data> on 2026-01-03 23:00:00+00:00
[2026-01-04T00:00:03.596+0000] {standard_task_runner.py:63} INFO - Started process 43506 to run task
[2026-01-04T00:00:03.600+0000] {standard_task_runner.py:90} INFO - Running: ['***', 'tasks', 'run', 'speed_layer_silver_ingestion', 'fetch_accumulated_data', 'scheduled__2026-01-03T23:00:00+00:00', '--job-id', '286', '--raw', '--subdir', 'DAGS_FOLDER/speed_layer_silver_ingestion.py', '--cfg-path', '/tmp/tmp2pfjizsi']
[2026-01-04T00:00:03.603+0000] {standard_task_runner.py:91} INFO - Job 286: Subtask fetch_accumulated_data
[2026-01-04T00:00:03.682+0000] {task_command.py:426} INFO - Running <TaskInstance: speed_layer_silver_ingestion.fetch_accumulated_data scheduled__2026-01-03T23:00:00+00:00 [running]> on host 897f49cfcd10
[2026-01-04T00:00:03.874+0000] {taskinstance.py:2644} INFO - Exporting env vars: AIRFLOW_CTX_DAG_OWNER='aviation-team' AIRFLOW_CTX_DAG_ID='speed_layer_silver_ingestion' AIRFLOW_CTX_TASK_ID='fetch_accumulated_data' AIRFLOW_CTX_EXECUTION_DATE='2026-01-03T23:00:00+00:00' AIRFLOW_CTX_TRY_NUMBER='1' AIRFLOW_CTX_DAG_RUN_ID='scheduled__2026-01-03T23:00:00+00:00'
[2026-01-04T00:00:03.875+0000] {taskinstance.py:430} INFO - ::endgroup::
[2026-01-04T00:00:03.897+0000] {logging_mixin.py:188} INFO - ✓ Fetched 0 flights from accumulator
[2026-01-04T00:00:03.898+0000] {logging_mixin.py:188} INFO -   - Total messages: 0
[2026-01-04T00:00:03.898+0000] {logging_mixin.py:188} INFO -   - Unique flights: 0
[2026-01-04T00:00:03.946+0000] {python.py:237} INFO - Done. Returned value was: 0
[2026-01-04T00:00:03.946+0000] {taskinstance.py:441} INFO - ::group::Post task execution logs
[2026-01-04T00:00:03.983+0000] {taskinstance.py:1205} INFO - Marking task as SUCCESS. dag_id=speed_layer_silver_ingestion, task_id=fetch_accumulated_data, execution_date=20260103T230000, start_date=20260104T000003, end_date=20260104T000003
[2026-01-04T00:00:04.052+0000] {local_task_job_runner.py:240} INFO - Task exited with return code 0
[2026-01-04T00:00:04.116+0000] {taskinstance.py:3482} INFO - 1 downstream tasks scheduled from follow-on schedule check
[2026-01-04T00:00:04.117+0000] {local_task_job_runner.py:222} INFO - ::endgroup::
