[2026-01-03T07:22:41.093+0000] {local_task_job_runner.py:120} INFO - ::group::Pre task execution logs
[2026-01-03T07:22:41.148+0000] {taskinstance.py:2073} INFO - Dependencies all met for dep_context=non-requeueable deps ti=<TaskInstance: speed_layer_silver_ingestion.finalize_and_report scheduled__2026-01-03T06:00:00+00:00 [queued]>
[2026-01-03T07:22:41.161+0000] {taskinstance.py:2073} INFO - Dependencies all met for dep_context=requeueable deps ti=<TaskInstance: speed_layer_silver_ingestion.finalize_and_report scheduled__2026-01-03T06:00:00+00:00 [queued]>
[2026-01-03T07:22:41.161+0000] {taskinstance.py:2303} INFO - Starting attempt 2 of 3
[2026-01-03T07:22:41.177+0000] {taskinstance.py:2327} INFO - Executing <Task(PythonOperator): finalize_and_report> on 2026-01-03 06:00:00+00:00
[2026-01-03T07:22:41.192+0000] {standard_task_runner.py:63} INFO - Started process 519 to run task
[2026-01-03T07:22:41.197+0000] {standard_task_runner.py:90} INFO - Running: ['***', 'tasks', 'run', 'speed_layer_silver_ingestion', 'finalize_and_report', 'scheduled__2026-01-03T06:00:00+00:00', '--job-id', '144', '--raw', '--subdir', 'DAGS_FOLDER/speed_layer_silver_ingestion.py', '--cfg-path', '/tmp/tmp7ae1o7tg']
[2026-01-03T07:22:41.201+0000] {standard_task_runner.py:91} INFO - Job 144: Subtask finalize_and_report
[2026-01-03T07:22:41.308+0000] {task_command.py:426} INFO - Running <TaskInstance: speed_layer_silver_ingestion.finalize_and_report scheduled__2026-01-03T06:00:00+00:00 [running]> on host 963177684d5b
[2026-01-03T07:22:41.497+0000] {taskinstance.py:2644} INFO - Exporting env vars: AIRFLOW_CTX_DAG_OWNER='aviation' AIRFLOW_CTX_DAG_ID='speed_layer_silver_ingestion' AIRFLOW_CTX_TASK_ID='finalize_and_report' AIRFLOW_CTX_EXECUTION_DATE='2026-01-03T06:00:00+00:00' AIRFLOW_CTX_TRY_NUMBER='2' AIRFLOW_CTX_DAG_RUN_ID='scheduled__2026-01-03T06:00:00+00:00'
[2026-01-03T07:22:41.498+0000] {taskinstance.py:430} INFO - ::endgroup::
[2026-01-03T07:22:41.512+0000] {taskinstance.py:441} INFO - ::group::Post task execution logs
[2026-01-03T07:22:41.512+0000] {taskinstance.py:2890} ERROR - Task failed with exception
Traceback (most recent call last):
  File "/home/airflow/.local/lib/python3.11/site-packages/airflow/models/taskinstance.py", line 465, in _execute_task
    result = _execute_callable(context=context, **execute_callable_kwargs)
             ^^^^^^^^^^^^^^^^^^^^^^^^^^^^^^^^^^^^^^^^^^^^^^^^^^^^^^^^^^^^^
  File "/home/airflow/.local/lib/python3.11/site-packages/airflow/models/taskinstance.py", line 432, in _execute_callable
    return execute_callable(context=context, **execute_callable_kwargs)
           ^^^^^^^^^^^^^^^^^^^^^^^^^^^^^^^^^^^^^^^^^^^^^^^^^^^^^^^^^^^^
  File "/home/airflow/.local/lib/python3.11/site-packages/airflow/models/baseoperator.py", line 400, in wrapper
    return func(self, *args, **kwargs)
           ^^^^^^^^^^^^^^^^^^^^^^^^^^^
  File "/home/airflow/.local/lib/python3.11/site-packages/airflow/operators/python.py", line 235, in execute
    return_value = self.execute_callable()
                   ^^^^^^^^^^^^^^^^^^^^^^^
  File "/home/airflow/.local/lib/python3.11/site-packages/airflow/operators/python.py", line 252, in execute_callable
    return self.python_callable(*self.op_args, **self.op_kwargs)
           ^^^^^^^^^^^^^^^^^^^^^^^^^^^^^^^^^^^^^^^^^^^^^^^^^^^^^
  File "/opt/airflow/dags/speed_layer_silver_ingestion.py", line 143, in finalize_task
    logger = get_dag_logger(context)
             ^^^^^^^^^^^^^^^^^^^^^^^
  File "/opt/airflow/dags/speed_layer_silver_ingestion.py", line 45, in get_dag_logger
    _dag_loggers[run_id] = DAGLogger(
                           ^^^^^^^^^^
TypeError: DAGLogger.__init__() got an unexpected keyword argument 'log_to_console'
[2026-01-03T07:22:41.534+0000] {taskinstance.py:1205} INFO - Marking task as UP_FOR_RETRY. dag_id=speed_layer_silver_ingestion, task_id=finalize_and_report, execution_date=20260103T060000, start_date=20260103T072241, end_date=20260103T072241
[2026-01-03T07:22:41.553+0000] {standard_task_runner.py:110} ERROR - Failed to execute job 144 for task finalize_and_report (DAGLogger.__init__() got an unexpected keyword argument 'log_to_console'; 519)
[2026-01-03T07:22:41.610+0000] {local_task_job_runner.py:240} INFO - Task exited with return code 1
[2026-01-03T07:22:41.646+0000] {taskinstance.py:3482} INFO - 0 downstream tasks scheduled from follow-on schedule check
[2026-01-03T07:22:41.648+0000] {local_task_job_runner.py:222} INFO - ::endgroup::
