[2026-01-03T15:00:01.563+0000] {local_task_job_runner.py:120} INFO - ::group::Pre task execution logs
[2026-01-03T15:00:01.611+0000] {taskinstance.py:2073} INFO - Dependencies all met for dep_context=non-requeueable deps ti=<TaskInstance: speed_layer_silver_ingestion.check_flight_tracker_health scheduled__2026-01-03T14:00:00+00:00 [queued]>
[2026-01-03T15:00:01.619+0000] {taskinstance.py:2073} INFO - Dependencies all met for dep_context=requeueable deps ti=<TaskInstance: speed_layer_silver_ingestion.check_flight_tracker_health scheduled__2026-01-03T14:00:00+00:00 [queued]>
[2026-01-03T15:00:01.620+0000] {taskinstance.py:2303} INFO - Starting attempt 1 of 3
[2026-01-03T15:00:01.633+0000] {taskinstance.py:2327} INFO - Executing <Task(PythonOperator): check_flight_tracker_health> on 2026-01-03 14:00:00+00:00
[2026-01-03T15:00:01.641+0000] {standard_task_runner.py:63} INFO - Started process 14821 to run task
[2026-01-03T15:00:01.645+0000] {standard_task_runner.py:90} INFO - Running: ['***', 'tasks', 'run', 'speed_layer_silver_ingestion', 'check_flight_tracker_health', 'scheduled__2026-01-03T14:00:00+00:00', '--job-id', '236', '--raw', '--subdir', 'DAGS_FOLDER/speed_layer_silver_ingestion.py', '--cfg-path', '/tmp/tmpazdznais']
[2026-01-03T15:00:01.647+0000] {standard_task_runner.py:91} INFO - Job 236: Subtask check_flight_tracker_health
[2026-01-03T15:00:01.767+0000] {task_command.py:426} INFO - Running <TaskInstance: speed_layer_silver_ingestion.check_flight_tracker_health scheduled__2026-01-03T14:00:00+00:00 [running]> on host 897f49cfcd10
[2026-01-03T15:00:01.929+0000] {taskinstance.py:2644} INFO - Exporting env vars: AIRFLOW_CTX_DAG_OWNER='aviation-team' AIRFLOW_CTX_DAG_ID='speed_layer_silver_ingestion' AIRFLOW_CTX_TASK_ID='check_flight_tracker_health' AIRFLOW_CTX_EXECUTION_DATE='2026-01-03T14:00:00+00:00' AIRFLOW_CTX_TRY_NUMBER='1' AIRFLOW_CTX_DAG_RUN_ID='scheduled__2026-01-03T14:00:00+00:00'
[2026-01-03T15:00:01.931+0000] {taskinstance.py:430} INFO - ::endgroup::
[2026-01-03T15:00:01.961+0000] {logging_mixin.py:188} INFO - ✓ Flight tracker healthy
[2026-01-03T15:00:01.962+0000] {logging_mixin.py:188} INFO -   - Accumulated flights: 0
[2026-01-03T15:00:01.962+0000] {logging_mixin.py:188} INFO -   - WebSocket connections: 1
[2026-01-03T15:00:01.962+0000] {python.py:237} INFO - Done. Returned value was: True
[2026-01-03T15:00:01.963+0000] {taskinstance.py:441} INFO - ::group::Post task execution logs
[2026-01-03T15:00:02.030+0000] {taskinstance.py:1205} INFO - Marking task as SUCCESS. dag_id=speed_layer_silver_ingestion, task_id=check_flight_tracker_health, execution_date=20260103T140000, start_date=20260103T150001, end_date=20260103T150002
[2026-01-03T15:00:02.098+0000] {local_task_job_runner.py:240} INFO - Task exited with return code 0
[2026-01-03T15:00:02.168+0000] {taskinstance.py:3482} INFO - 1 downstream tasks scheduled from follow-on schedule check
[2026-01-03T15:00:02.171+0000] {local_task_job_runner.py:222} INFO - ::endgroup::
