[2026-01-04T16:57:26.920+0000] {local_task_job_runner.py:120} INFO - ::group::Pre task execution logs
[2026-01-04T16:57:26.999+0000] {taskinstance.py:2073} INFO - Dependencies all met for dep_context=non-requeueable deps ti=<TaskInstance: analytics_serving_layer.create_fact_flight_history manual__2026-01-04T16:42:34+00:00 [queued]>
[2026-01-04T16:57:27.021+0000] {taskinstance.py:2073} INFO - Dependencies all met for dep_context=requeueable deps ti=<TaskInstance: analytics_serving_layer.create_fact_flight_history manual__2026-01-04T16:42:34+00:00 [queued]>
[2026-01-04T16:57:27.022+0000] {taskinstance.py:2303} INFO - Starting attempt 1 of 2
[2026-01-04T16:57:27.052+0000] {taskinstance.py:2327} INFO - Executing <Task(PythonOperator): create_fact_flight_history> on 2026-01-04 16:42:34+00:00
[2026-01-04T16:57:27.070+0000] {standard_task_runner.py:63} INFO - Started process 504 to run task
[2026-01-04T16:57:27.076+0000] {standard_task_runner.py:90} INFO - Running: ['***', 'tasks', 'run', 'analytics_serving_layer', 'create_fact_flight_history', 'manual__2026-01-04T16:42:34+00:00', '--job-id', '446', '--raw', '--subdir', 'DAGS_FOLDER/analytics_serving_layer.py', '--cfg-path', '/tmp/tmp57eb5mev']
[2026-01-04T16:57:27.080+0000] {standard_task_runner.py:91} INFO - Job 446: Subtask create_fact_flight_history
[2026-01-04T16:57:27.217+0000] {task_command.py:426} INFO - Running <TaskInstance: analytics_serving_layer.create_fact_flight_history manual__2026-01-04T16:42:34+00:00 [running]> on host 0f35c4bc447d
[2026-01-04T16:57:27.471+0000] {taskinstance.py:2644} INFO - Exporting env vars: AIRFLOW_CTX_DAG_OWNER='aviation-team' AIRFLOW_CTX_DAG_ID='analytics_serving_layer' AIRFLOW_CTX_TASK_ID='create_fact_flight_history' AIRFLOW_CTX_EXECUTION_DATE='2026-01-04T16:42:34+00:00' AIRFLOW_CTX_TRY_NUMBER='1' AIRFLOW_CTX_DAG_RUN_ID='manual__2026-01-04T16:42:34+00:00'
[2026-01-04T16:57:27.473+0000] {taskinstance.py:430} INFO - ::endgroup::
[2026-01-04T16:57:27.502+0000] {logging_mixin.py:188} INFO - ============================================================
[2026-01-04T16:57:27.503+0000] {logging_mixin.py:188} INFO - CREATING FACT_FLIGHT_HISTORY
[2026-01-04T16:57:27.504+0000] {logging_mixin.py:188} INFO - ============================================================
[2026-01-04T16:58:57.400+0000] {logging_mixin.py:188} INFO - ✅ FACT_FLIGHT_HISTORY: 11,323 records
[2026-01-04T16:58:57.827+0000] {python.py:237} INFO - Done. Returned value was: {'table': 'fact_flight_history', 'records': 11323}
[2026-01-04T16:58:57.845+0000] {taskinstance.py:441} INFO - ::group::Post task execution logs
[2026-01-04T16:58:58.360+0000] {taskinstance.py:1205} INFO - Marking task as SUCCESS. dag_id=analytics_serving_layer, task_id=create_fact_flight_history, execution_date=20260104T164234, start_date=20260104T165726, end_date=20260104T165858
[2026-01-04T16:58:58.525+0000] {local_task_job_runner.py:240} INFO - Task exited with return code 0
[2026-01-04T16:58:58.814+0000] {taskinstance.py:3482} INFO - 3 downstream tasks scheduled from follow-on schedule check
[2026-01-04T16:58:58.818+0000] {local_task_job_runner.py:222} INFO - ::endgroup::
