[2025-12-24T13:27:18.537+0000] {local_task_job_runner.py:120} INFO - ::group::Pre task execution logs
[2025-12-24T13:27:18.824+0000] {taskinstance.py:2073} INFO - Dependencies all met for dep_context=non-requeueable deps ti=<TaskInstance: aviation_states_pipeline.print_summary manual__2025-12-24T13:22:01.126812+00:00 [queued]>
[2025-12-24T13:27:18.838+0000] {taskinstance.py:2073} INFO - Dependencies all met for dep_context=requeueable deps ti=<TaskInstance: aviation_states_pipeline.print_summary manual__2025-12-24T13:22:01.126812+00:00 [queued]>
[2025-12-24T13:27:18.838+0000] {taskinstance.py:2303} INFO - Starting attempt 1 of 2
[2025-12-24T13:27:18.855+0000] {taskinstance.py:2327} INFO - Executing <Task(PythonOperator): print_summary> on 2025-12-24 13:22:01.126812+00:00
[2025-12-24T13:27:18.865+0000] {standard_task_runner.py:63} INFO - Started process 1647 to run task
[2025-12-24T13:27:18.870+0000] {standard_task_runner.py:90} INFO - Running: ['***', 'tasks', 'run', 'aviation_states_pipeline', 'print_summary', 'manual__2025-12-24T13:22:01.126812+00:00', '--job-id', '73', '--raw', '--subdir', 'DAGS_FOLDER/aviation_states_pipeline.py', '--cfg-path', '/tmp/tmp9hpq1srn']
[2025-12-24T13:27:18.872+0000] {standard_task_runner.py:91} INFO - Job 73: Subtask print_summary
[2025-12-24T13:27:18.949+0000] {task_command.py:426} INFO - Running <TaskInstance: aviation_states_pipeline.print_summary manual__2025-12-24T13:22:01.126812+00:00 [running]> on host 6c6ccfef5674
[2025-12-24T13:27:19.128+0000] {taskinstance.py:2644} INFO - Exporting env vars: AIRFLOW_CTX_DAG_OWNER='aviation_team' AIRFLOW_CTX_DAG_ID='aviation_states_pipeline' AIRFLOW_CTX_TASK_ID='print_summary' AIRFLOW_CTX_EXECUTION_DATE='2025-12-24T13:22:01.126812+00:00' AIRFLOW_CTX_TRY_NUMBER='1' AIRFLOW_CTX_DAG_RUN_ID='manual__2025-12-24T13:22:01.126812+00:00'
[2025-12-24T13:27:19.130+0000] {taskinstance.py:430} INFO - ::endgroup::
[2025-12-24T13:27:19.196+0000] {logging_mixin.py:188} INFO - 
============================================================
[2025-12-24T13:27:19.196+0000] {logging_mixin.py:188} INFO - PIPELINE SUMMARY
[2025-12-24T13:27:19.197+0000] {logging_mixin.py:188} INFO - ============================================================
[2025-12-24T13:27:19.197+0000] {logging_mixin.py:188} INFO - 
============================================================
[2025-12-24T13:27:19.197+0000] {python.py:237} INFO - Done. Returned value was: None
[2025-12-24T13:27:19.197+0000] {taskinstance.py:441} INFO - ::group::Post task execution logs
[2025-12-24T13:27:19.217+0000] {taskinstance.py:1205} INFO - Marking task as SUCCESS. dag_id=aviation_states_pipeline, task_id=print_summary, execution_date=20251224T132201, start_date=20251224T132718, end_date=20251224T132719
[2025-12-24T13:27:19.283+0000] {local_task_job_runner.py:240} INFO - Task exited with return code 0
[2025-12-24T13:27:19.333+0000] {taskinstance.py:3482} INFO - 0 downstream tasks scheduled from follow-on schedule check
[2025-12-24T13:27:19.335+0000] {local_task_job_runner.py:222} INFO - ::endgroup::
