[2026-01-04T04:00:03.276+0000] {local_task_job_runner.py:120} INFO - ::group::Pre task execution logs
[2026-01-04T04:00:03.333+0000] {taskinstance.py:2073} INFO - Dependencies all met for dep_context=non-requeueable deps ti=<TaskInstance: speed_layer_silver_ingestion.fetch_accumulated_data scheduled__2026-01-04T03:00:00+00:00 [queued]>
[2026-01-04T04:00:03.344+0000] {taskinstance.py:2073} INFO - Dependencies all met for dep_context=requeueable deps ti=<TaskInstance: speed_layer_silver_ingestion.fetch_accumulated_data scheduled__2026-01-04T03:00:00+00:00 [queued]>
[2026-01-04T04:00:03.344+0000] {taskinstance.py:2303} INFO - Starting attempt 1 of 3
[2026-01-04T04:00:03.358+0000] {taskinstance.py:2327} INFO - Executing <Task(PythonOperator): fetch_accumulated_data> on 2026-01-04 03:00:00+00:00
[2026-01-04T04:00:03.368+0000] {standard_task_runner.py:63} INFO - Started process 56532 to run task
[2026-01-04T04:00:03.372+0000] {standard_task_runner.py:90} INFO - Running: ['***', 'tasks', 'run', 'speed_layer_silver_ingestion', 'fetch_accumulated_data', 'scheduled__2026-01-04T03:00:00+00:00', '--job-id', '308', '--raw', '--subdir', 'DAGS_FOLDER/speed_layer_silver_ingestion.py', '--cfg-path', '/tmp/tmp83osiscu']
[2026-01-04T04:00:03.374+0000] {standard_task_runner.py:91} INFO - Job 308: Subtask fetch_accumulated_data
[2026-01-04T04:00:03.464+0000] {task_command.py:426} INFO - Running <TaskInstance: speed_layer_silver_ingestion.fetch_accumulated_data scheduled__2026-01-04T03:00:00+00:00 [running]> on host 897f49cfcd10
[2026-01-04T04:00:03.687+0000] {taskinstance.py:2644} INFO - Exporting env vars: AIRFLOW_CTX_DAG_OWNER='aviation-team' AIRFLOW_CTX_DAG_ID='speed_layer_silver_ingestion' AIRFLOW_CTX_TASK_ID='fetch_accumulated_data' AIRFLOW_CTX_EXECUTION_DATE='2026-01-04T03:00:00+00:00' AIRFLOW_CTX_TRY_NUMBER='1' AIRFLOW_CTX_DAG_RUN_ID='scheduled__2026-01-04T03:00:00+00:00'
[2026-01-04T04:00:03.688+0000] {taskinstance.py:430} INFO - ::endgroup::
[2026-01-04T04:00:03.710+0000] {logging_mixin.py:188} INFO - ✓ Fetched 0 flights from accumulator
[2026-01-04T04:00:03.710+0000] {logging_mixin.py:188} INFO -   - Total messages: 0
[2026-01-04T04:00:03.711+0000] {logging_mixin.py:188} INFO -   - Unique flights: 0
[2026-01-04T04:00:03.756+0000] {python.py:237} INFO - Done. Returned value was: 0
[2026-01-04T04:00:03.756+0000] {taskinstance.py:441} INFO - ::group::Post task execution logs
[2026-01-04T04:00:03.807+0000] {taskinstance.py:1205} INFO - Marking task as SUCCESS. dag_id=speed_layer_silver_ingestion, task_id=fetch_accumulated_data, execution_date=20260104T030000, start_date=20260104T040003, end_date=20260104T040003
[2026-01-04T04:00:03.865+0000] {local_task_job_runner.py:240} INFO - Task exited with return code 0
[2026-01-04T04:00:03.923+0000] {taskinstance.py:3482} INFO - 1 downstream tasks scheduled from follow-on schedule check
[2026-01-04T04:00:03.925+0000] {local_task_job_runner.py:222} INFO - ::endgroup::
