[2026-01-03T09:00:01.341+0000] {local_task_job_runner.py:120} INFO - ::group::Pre task execution logs
[2026-01-03T09:00:01.391+0000] {taskinstance.py:2073} INFO - Dependencies all met for dep_context=non-requeueable deps ti=<TaskInstance: speed_layer_silver_ingestion.check_flight_tracker_health scheduled__2026-01-03T08:00:00+00:00 [queued]>
[2026-01-03T09:00:01.408+0000] {taskinstance.py:2073} INFO - Dependencies all met for dep_context=requeueable deps ti=<TaskInstance: speed_layer_silver_ingestion.check_flight_tracker_health scheduled__2026-01-03T08:00:00+00:00 [queued]>
[2026-01-03T09:00:01.408+0000] {taskinstance.py:2303} INFO - Starting attempt 1 of 3
[2026-01-03T09:00:01.428+0000] {taskinstance.py:2327} INFO - Executing <Task(PythonOperator): check_flight_tracker_health> on 2026-01-03 08:00:00+00:00
[2026-01-03T09:00:01.441+0000] {standard_task_runner.py:63} INFO - Started process 3023 to run task
[2026-01-03T09:00:01.446+0000] {standard_task_runner.py:90} INFO - Running: ['***', 'tasks', 'run', 'speed_layer_silver_ingestion', 'check_flight_tracker_health', 'scheduled__2026-01-03T08:00:00+00:00', '--job-id', '167', '--raw', '--subdir', 'DAGS_FOLDER/speed_layer_silver_ingestion.py', '--cfg-path', '/tmp/tmpt6fw29nk']
[2026-01-03T09:00:01.450+0000] {standard_task_runner.py:91} INFO - Job 167: Subtask check_flight_tracker_health
[2026-01-03T09:00:01.554+0000] {task_command.py:426} INFO - Running <TaskInstance: speed_layer_silver_ingestion.check_flight_tracker_health scheduled__2026-01-03T08:00:00+00:00 [running]> on host 197385afb3c6
[2026-01-03T09:00:01.749+0000] {taskinstance.py:2644} INFO - Exporting env vars: AIRFLOW_CTX_DAG_OWNER='aviation' AIRFLOW_CTX_DAG_ID='speed_layer_silver_ingestion' AIRFLOW_CTX_TASK_ID='check_flight_tracker_health' AIRFLOW_CTX_EXECUTION_DATE='2026-01-03T08:00:00+00:00' AIRFLOW_CTX_TRY_NUMBER='1' AIRFLOW_CTX_DAG_RUN_ID='scheduled__2026-01-03T08:00:00+00:00'
[2026-01-03T09:00:01.751+0000] {taskinstance.py:430} INFO - ::endgroup::
[2026-01-03T09:00:01.779+0000] {logging_mixin.py:188} INFO - ✓ Flight tracker healthy: 30 flights accumulated
[2026-01-03T09:00:01.780+0000] {python.py:237} INFO - Done. Returned value was: True
[2026-01-03T09:00:01.781+0000] {taskinstance.py:441} INFO - ::group::Post task execution logs
[2026-01-03T09:00:01.843+0000] {taskinstance.py:1205} INFO - Marking task as SUCCESS. dag_id=speed_layer_silver_ingestion, task_id=check_flight_tracker_health, execution_date=20260103T080000, start_date=20260103T090001, end_date=20260103T090001
[2026-01-03T09:00:01.900+0000] {local_task_job_runner.py:240} INFO - Task exited with return code 0
[2026-01-03T09:00:01.965+0000] {taskinstance.py:3482} INFO - 1 downstream tasks scheduled from follow-on schedule check
[2026-01-03T09:00:01.967+0000] {local_task_job_runner.py:222} INFO - ::endgroup::
[2026-01-03T09:36:05.120+0000] {local_task_job_runner.py:120} INFO - ::group::Pre task execution logs
[2026-01-03T09:36:05.215+0000] {taskinstance.py:2073} INFO - Dependencies all met for dep_context=non-requeueable deps ti=<TaskInstance: speed_layer_silver_ingestion.check_flight_tracker_health scheduled__2026-01-03T08:00:00+00:00 [queued]>
[2026-01-03T09:36:05.242+0000] {taskinstance.py:2073} INFO - Dependencies all met for dep_context=requeueable deps ti=<TaskInstance: speed_layer_silver_ingestion.check_flight_tracker_health scheduled__2026-01-03T08:00:00+00:00 [queued]>
[2026-01-03T09:36:05.243+0000] {taskinstance.py:2303} INFO - Starting attempt 1 of 3
[2026-01-03T09:36:05.296+0000] {taskinstance.py:2327} INFO - Executing <Task(PythonOperator): check_flight_tracker_health> on 2026-01-03 08:00:00+00:00
[2026-01-03T09:36:05.327+0000] {standard_task_runner.py:63} INFO - Started process 200 to run task
[2026-01-03T09:36:05.338+0000] {standard_task_runner.py:90} INFO - Running: ['***', 'tasks', 'run', 'speed_layer_silver_ingestion', 'check_flight_tracker_health', 'scheduled__2026-01-03T08:00:00+00:00', '--job-id', '191', '--raw', '--subdir', 'DAGS_FOLDER/speed_layer_silver_ingestion.py', '--cfg-path', '/tmp/tmpnuvh97_r']
[2026-01-03T09:36:05.344+0000] {standard_task_runner.py:91} INFO - Job 191: Subtask check_flight_tracker_health
[2026-01-03T09:36:05.516+0000] {task_command.py:426} INFO - Running <TaskInstance: speed_layer_silver_ingestion.check_flight_tracker_health scheduled__2026-01-03T08:00:00+00:00 [running]> on host 197385afb3c6
[2026-01-03T09:36:05.838+0000] {taskinstance.py:2644} INFO - Exporting env vars: AIRFLOW_CTX_DAG_OWNER='aviation-team' AIRFLOW_CTX_DAG_ID='speed_layer_silver_ingestion' AIRFLOW_CTX_TASK_ID='check_flight_tracker_health' AIRFLOW_CTX_EXECUTION_DATE='2026-01-03T08:00:00+00:00' AIRFLOW_CTX_TRY_NUMBER='1' AIRFLOW_CTX_DAG_RUN_ID='scheduled__2026-01-03T08:00:00+00:00'
[2026-01-03T09:36:05.840+0000] {taskinstance.py:430} INFO - ::endgroup::
[2026-01-03T09:36:05.912+0000] {logging_mixin.py:188} INFO - ✓ Flight tracker healthy
[2026-01-03T09:36:05.914+0000] {logging_mixin.py:188} INFO -   - Accumulated flights: 30
[2026-01-03T09:36:05.914+0000] {logging_mixin.py:188} INFO -   - WebSocket connections: 1
[2026-01-03T09:36:05.916+0000] {python.py:237} INFO - Done. Returned value was: True
[2026-01-03T09:36:05.917+0000] {taskinstance.py:441} INFO - ::group::Post task execution logs
[2026-01-03T09:36:05.998+0000] {taskinstance.py:1205} INFO - Marking task as SUCCESS. dag_id=speed_layer_silver_ingestion, task_id=check_flight_tracker_health, execution_date=20260103T080000, start_date=20260103T093605, end_date=20260103T093605
[2026-01-03T09:36:06.075+0000] {local_task_job_runner.py:240} INFO - Task exited with return code 0
[2026-01-03T09:36:06.162+0000] {taskinstance.py:3482} INFO - 1 downstream tasks scheduled from follow-on schedule check
[2026-01-03T09:36:06.165+0000] {local_task_job_runner.py:222} INFO - ::endgroup::
