[2026-01-04T13:21:11.786+0000] {local_task_job_runner.py:120} INFO - ::group::Pre task execution logs
[2026-01-04T13:21:11.862+0000] {taskinstance.py:2073} INFO - Dependencies all met for dep_context=non-requeueable deps ti=<TaskInstance: aviation_states_pipeline.enrich_silver_states manual__2026-01-04T13:15:49.804681+00:00 [queued]>
[2026-01-04T13:21:11.882+0000] {taskinstance.py:2073} INFO - Dependencies all met for dep_context=requeueable deps ti=<TaskInstance: aviation_states_pipeline.enrich_silver_states manual__2026-01-04T13:15:49.804681+00:00 [queued]>
[2026-01-04T13:21:11.883+0000] {taskinstance.py:2303} INFO - Starting attempt 1 of 2
[2026-01-04T13:21:11.934+0000] {taskinstance.py:2327} INFO - Executing <Task(PythonOperator): enrich_silver_states> on 2026-01-04 13:15:49.804681+00:00
[2026-01-04T13:21:11.962+0000] {standard_task_runner.py:63} INFO - Started process 2235 to run task
[2026-01-04T13:21:11.974+0000] {standard_task_runner.py:90} INFO - Running: ['***', 'tasks', 'run', 'aviation_states_pipeline', 'enrich_silver_states', 'manual__2026-01-04T13:15:49.804681+00:00', '--job-id', '381', '--raw', '--subdir', 'DAGS_FOLDER/aviation_states_pipeline.py', '--cfg-path', '/tmp/tmpjcy5w0us']
[2026-01-04T13:21:11.982+0000] {standard_task_runner.py:91} INFO - Job 381: Subtask enrich_silver_states
[2026-01-04T13:21:12.186+0000] {task_command.py:426} INFO - Running <TaskInstance: aviation_states_pipeline.enrich_silver_states manual__2026-01-04T13:15:49.804681+00:00 [running]> on host 968fed69c878
[2026-01-04T13:21:12.474+0000] {taskinstance.py:2644} INFO - Exporting env vars: AIRFLOW_CTX_DAG_OWNER='aviation-team' AIRFLOW_CTX_DAG_ID='aviation_states_pipeline' AIRFLOW_CTX_TASK_ID='enrich_silver_states' AIRFLOW_CTX_EXECUTION_DATE='2026-01-04T13:15:49.804681+00:00' AIRFLOW_CTX_TRY_NUMBER='1' AIRFLOW_CTX_DAG_RUN_ID='manual__2026-01-04T13:15:49.804681+00:00'
[2026-01-04T13:21:12.475+0000] {taskinstance.py:430} INFO - ::endgroup::
[2026-01-04T13:21:12.497+0000] {logging_mixin.py:188} INFO - ============================================================
[2026-01-04T13:21:12.498+0000] {logging_mixin.py:188} INFO - SILVER LAYER: Enriching States with Routes
[2026-01-04T13:21:12.498+0000] {logging_mixin.py:188} INFO - Bronze: s3a://aviation-bronze/states
[2026-01-04T13:21:12.498+0000] {logging_mixin.py:188} INFO - Silver: s3a://aviation-silver/enriched_states
[2026-01-04T13:21:12.498+0000] {logging_mixin.py:188} INFO - Mapping: s3a://aviation-mapping/flight_routes
[2026-01-04T13:21:12.498+0000] {logging_mixin.py:188} INFO - ============================================================
[2026-01-04T13:21:32.755+0000] {logging_mixin.py:188} INFO -   Bronze records: 2,370,307
[2026-01-04T13:21:33.780+0000] {logging_mixin.py:188} INFO -   Mapping records: 213,409
[2026-01-04T13:22:09.566+0000] {logging_mixin.py:188} INFO - 
✅ SILVER COMPLETE: 2,370,307 records
[2026-01-04T13:22:09.596+0000] {logging_mixin.py:188} INFO -    Matched: 577,362 (24.4%)
[2026-01-04T13:22:09.865+0000] {python.py:237} INFO - Done. Returned value was: {'records': 2370307, 'matched': 577362, 'match_rate': 24.4}
[2026-01-04T13:22:09.874+0000] {taskinstance.py:441} INFO - ::group::Post task execution logs
[2026-01-04T13:22:10.260+0000] {taskinstance.py:1205} INFO - Marking task as SUCCESS. dag_id=aviation_states_pipeline, task_id=enrich_silver_states, execution_date=20260104T131549, start_date=20260104T132111, end_date=20260104T132210
[2026-01-04T13:22:10.385+0000] {local_task_job_runner.py:240} INFO - Task exited with return code 0
[2026-01-04T13:22:10.599+0000] {taskinstance.py:3482} INFO - 1 downstream tasks scheduled from follow-on schedule check
[2026-01-04T13:22:10.601+0000] {local_task_job_runner.py:222} INFO - ::endgroup::
