[2025-12-24T08:52:11.885+0000] {local_task_job_runner.py:120} INFO - ::group::Pre task execution logs
[2025-12-24T08:52:12.465+0000] {taskinstance.py:2073} INFO - Dependencies all met for dep_context=non-requeueable deps ti=<TaskInstance: aviation_batch_pipeline.check_data_availability scheduled__2025-12-14T00:00:00+00:00 [queued]>
[2025-12-24T08:52:12.485+0000] {taskinstance.py:2073} INFO - Dependencies all met for dep_context=requeueable deps ti=<TaskInstance: aviation_batch_pipeline.check_data_availability scheduled__2025-12-14T00:00:00+00:00 [queued]>
[2025-12-24T08:52:12.486+0000] {taskinstance.py:2303} INFO - Starting attempt 1 of 3
[2025-12-24T08:52:12.513+0000] {taskinstance.py:2327} INFO - Executing <Task(PythonOperator): check_data_availability> on 2025-12-14 00:00:00+00:00
[2025-12-24T08:52:12.528+0000] {standard_task_runner.py:63} INFO - Started process 205 to run task
[2025-12-24T08:52:12.535+0000] {standard_task_runner.py:90} INFO - Running: ['***', 'tasks', 'run', 'aviation_batch_pipeline', 'check_data_availability', 'scheduled__2025-12-14T00:00:00+00:00', '--job-id', '2', '--raw', '--subdir', 'DAGS_FOLDER/aviation_batch_dag.py', '--cfg-path', '/tmp/tmp9qqw0l__']
[2025-12-24T08:52:12.540+0000] {standard_task_runner.py:91} INFO - Job 2: Subtask check_data_availability
[2025-12-24T08:52:12.699+0000] {task_command.py:426} INFO - Running <TaskInstance: aviation_batch_pipeline.check_data_availability scheduled__2025-12-14T00:00:00+00:00 [running]> on host f7ebcfdb0fdd
[2025-12-24T08:52:12.958+0000] {taskinstance.py:2644} INFO - Exporting env vars: AIRFLOW_CTX_DAG_OWNER='aviation_team' AIRFLOW_CTX_DAG_ID='aviation_batch_pipeline' AIRFLOW_CTX_TASK_ID='check_data_availability' AIRFLOW_CTX_EXECUTION_DATE='2025-12-14T00:00:00+00:00' AIRFLOW_CTX_TRY_NUMBER='1' AIRFLOW_CTX_DAG_RUN_ID='scheduled__2025-12-14T00:00:00+00:00'
[2025-12-24T08:52:12.959+0000] {taskinstance.py:430} INFO - ::endgroup::
[2025-12-24T08:52:13.008+0000] {taskinstance.py:441} INFO - ::group::Post task execution logs
[2025-12-24T08:52:13.008+0000] {taskinstance.py:2890} ERROR - Task failed with exception
Traceback (most recent call last):
  File "/home/airflow/.local/lib/python3.11/site-packages/airflow/models/taskinstance.py", line 460, in _execute_task
    result = _execute_callable(context=context, **execute_callable_kwargs)
             ^^^^^^^^^^^^^^^^^^^^^^^^^^^^^^^^^^^^^^^^^^^^^^^^^^^^^^^^^^^^^
  File "/home/airflow/.local/lib/python3.11/site-packages/airflow/models/taskinstance.py", line 432, in _execute_callable
    return execute_callable(context=context, **execute_callable_kwargs)
           ^^^^^^^^^^^^^^^^^^^^^^^^^^^^^^^^^^^^^^^^^^^^^^^^^^^^^^^^^^^^
  File "/home/airflow/.local/lib/python3.11/site-packages/airflow/models/baseoperator.py", line 400, in wrapper
    return func(self, *args, **kwargs)
           ^^^^^^^^^^^^^^^^^^^^^^^^^^^
  File "/home/airflow/.local/lib/python3.11/site-packages/airflow/operators/python.py", line 235, in execute
    return_value = self.execute_callable()
                   ^^^^^^^^^^^^^^^^^^^^^^^
  File "/home/airflow/.local/lib/python3.11/site-packages/airflow/operators/python.py", line 252, in execute_callable
    return self.python_callable(*self.op_args, **self.op_kwargs)
           ^^^^^^^^^^^^^^^^^^^^^^^^^^^^^^^^^^^^^^^^^^^^^^^^^^^^^
  File "/opt/airflow/dags/aviation_batch_dag.py", line 57, in check_data_availability
    raise ValueError(f"States data not found at {states_path}")
ValueError: States data not found at /media/D/data/aviation_data/states
[2025-12-24T08:52:13.031+0000] {taskinstance.py:1205} INFO - Marking task as UP_FOR_RETRY. dag_id=aviation_batch_pipeline, task_id=check_data_availability, execution_date=20251214T000000, start_date=20251224T085212, end_date=20251224T085213
[2025-12-24T08:52:13.055+0000] {standard_task_runner.py:110} ERROR - Failed to execute job 2 for task check_data_availability (States data not found at /media/D/data/aviation_data/states; 205)
[2025-12-24T08:52:13.112+0000] {local_task_job_runner.py:240} INFO - Task exited with return code 1
[2025-12-24T08:52:13.170+0000] {taskinstance.py:3482} INFO - 0 downstream tasks scheduled from follow-on schedule check
[2025-12-24T08:52:13.172+0000] {local_task_job_runner.py:222} INFO - ::endgroup::
