[2025-12-24T08:57:13.799+0000] {local_task_job_runner.py:120} INFO - ::group::Pre task execution logs
[2025-12-24T08:57:14.242+0000] {taskinstance.py:2073} INFO - Dependencies all met for dep_context=non-requeueable deps ti=<TaskInstance: aviation_batch_pipeline.check_data_availability scheduled__2025-12-14T00:00:00+00:00 [queued]>
[2025-12-24T08:57:14.254+0000] {taskinstance.py:2073} INFO - Dependencies all met for dep_context=requeueable deps ti=<TaskInstance: aviation_batch_pipeline.check_data_availability scheduled__2025-12-14T00:00:00+00:00 [queued]>
[2025-12-24T08:57:14.255+0000] {taskinstance.py:2303} INFO - Starting attempt 2 of 3
[2025-12-24T08:57:14.271+0000] {taskinstance.py:2327} INFO - Executing <Task(PythonOperator): check_data_availability> on 2025-12-14 00:00:00+00:00
[2025-12-24T08:57:14.283+0000] {standard_task_runner.py:63} INFO - Started process 379 to run task
[2025-12-24T08:57:14.286+0000] {standard_task_runner.py:90} INFO - Running: ['***', 'tasks', 'run', 'aviation_batch_pipeline', 'check_data_availability', 'scheduled__2025-12-14T00:00:00+00:00', '--job-id', '4', '--raw', '--subdir', 'DAGS_FOLDER/aviation_batch_dag.py', '--cfg-path', '/tmp/tmpru0qwc3b']
[2025-12-24T08:57:14.289+0000] {standard_task_runner.py:91} INFO - Job 4: Subtask check_data_availability
[2025-12-24T08:57:14.378+0000] {task_command.py:426} INFO - Running <TaskInstance: aviation_batch_pipeline.check_data_availability scheduled__2025-12-14T00:00:00+00:00 [running]> on host f7ebcfdb0fdd
[2025-12-24T08:57:14.571+0000] {taskinstance.py:2644} INFO - Exporting env vars: AIRFLOW_CTX_DAG_OWNER='aviation_team' AIRFLOW_CTX_DAG_ID='aviation_batch_pipeline' AIRFLOW_CTX_TASK_ID='check_data_availability' AIRFLOW_CTX_EXECUTION_DATE='2025-12-14T00:00:00+00:00' AIRFLOW_CTX_TRY_NUMBER='2' AIRFLOW_CTX_DAG_RUN_ID='scheduled__2025-12-14T00:00:00+00:00'
[2025-12-24T08:57:14.572+0000] {taskinstance.py:430} INFO - ::endgroup::
[2025-12-24T08:57:28.878+0000] {logging_mixin.py:188} INFO - States data: True, directories: 2772
[2025-12-24T08:57:28.878+0000] {logging_mixin.py:188} INFO - States path: /data/aviation_data/states
[2025-12-24T08:57:28.879+0000] {logging_mixin.py:188} INFO - Flights data: True, directories: 3
[2025-12-24T08:57:28.952+0000] {python.py:237} INFO - Done. Returned value was: {'states_available': True, 'flights_available': True, 'states_path': '/data/aviation_data/states', 'flights_path': '/data/aviation_data/flightsV5'}
[2025-12-24T08:57:28.953+0000] {taskinstance.py:441} INFO - ::group::Post task execution logs
[2025-12-24T08:57:29.004+0000] {taskinstance.py:1205} INFO - Marking task as SUCCESS. dag_id=aviation_batch_pipeline, task_id=check_data_availability, execution_date=20251214T000000, start_date=20251224T085714, end_date=20251224T085729
[2025-12-24T08:57:29.062+0000] {local_task_job_runner.py:240} INFO - Task exited with return code 0
[2025-12-24T08:57:29.114+0000] {taskinstance.py:3482} INFO - 1 downstream tasks scheduled from follow-on schedule check
[2025-12-24T08:57:29.115+0000] {local_task_job_runner.py:222} INFO - ::endgroup::
