[2026-01-04T14:55:05.441+0000] {local_task_job_runner.py:120} INFO - ::group::Pre task execution logs
[2026-01-04T14:55:05.495+0000] {taskinstance.py:2073} INFO - Dependencies all met for dep_context=non-requeueable deps ti=<TaskInstance: analytics_serving_layer.create_raw_telemetry manual__2026-01-04T14:54:08+00:00 [queued]>
[2026-01-04T14:55:05.507+0000] {taskinstance.py:2073} INFO - Dependencies all met for dep_context=requeueable deps ti=<TaskInstance: analytics_serving_layer.create_raw_telemetry manual__2026-01-04T14:54:08+00:00 [queued]>
[2026-01-04T14:55:05.507+0000] {taskinstance.py:2303} INFO - Starting attempt 1 of 2
[2026-01-04T14:55:05.524+0000] {taskinstance.py:2327} INFO - Executing <Task(PythonOperator): create_raw_telemetry> on 2026-01-04 14:54:08+00:00
[2026-01-04T14:55:05.534+0000] {standard_task_runner.py:63} INFO - Started process 5888 to run task
[2026-01-04T14:55:05.539+0000] {standard_task_runner.py:90} INFO - Running: ['***', 'tasks', 'run', 'analytics_serving_layer', 'create_raw_telemetry', 'manual__2026-01-04T14:54:08+00:00', '--job-id', '412', '--raw', '--subdir', 'DAGS_FOLDER/analytics_serving_layer.py', '--cfg-path', '/tmp/tmp8q_9uoq_']
[2026-01-04T14:55:05.541+0000] {standard_task_runner.py:91} INFO - Job 412: Subtask create_raw_telemetry
[2026-01-04T14:55:05.622+0000] {task_command.py:426} INFO - Running <TaskInstance: analytics_serving_layer.create_raw_telemetry manual__2026-01-04T14:54:08+00:00 [running]> on host 968fed69c878
[2026-01-04T14:55:05.798+0000] {taskinstance.py:2644} INFO - Exporting env vars: AIRFLOW_CTX_DAG_OWNER='aviation-team' AIRFLOW_CTX_DAG_ID='analytics_serving_layer' AIRFLOW_CTX_TASK_ID='create_raw_telemetry' AIRFLOW_CTX_EXECUTION_DATE='2026-01-04T14:54:08+00:00' AIRFLOW_CTX_TRY_NUMBER='1' AIRFLOW_CTX_DAG_RUN_ID='manual__2026-01-04T14:54:08+00:00'
[2026-01-04T14:55:05.799+0000] {taskinstance.py:430} INFO - ::endgroup::
[2026-01-04T14:55:05.819+0000] {logging_mixin.py:188} INFO - ============================================================
[2026-01-04T14:55:05.820+0000] {logging_mixin.py:188} INFO - CREATING RAW_TELEMETRY TABLE
[2026-01-04T14:55:05.820+0000] {logging_mixin.py:188} INFO - ============================================================
[2026-01-04T14:55:24.701+0000] {logging_mixin.py:188} INFO -   Sampling 1,000,000 / 2,370,307 records for PostgreSQL
[2026-01-04T14:55:44.648+0000] {logging_mixin.py:188} INFO - ✅ RAW_TELEMETRY: 1,001,406 records
[2026-01-04T14:55:44.649+0000] {logging_mixin.py:188} INFO -    Full data available in: s3a://aviation-gold/analytics/master_flights
[2026-01-04T14:55:44.866+0000] {python.py:237} INFO - Done. Returned value was: {'table': 'raw_telemetry', 'records': 1001406}
[2026-01-04T14:55:44.867+0000] {taskinstance.py:441} INFO - ::group::Post task execution logs
[2026-01-04T14:55:44.955+0000] {taskinstance.py:1205} INFO - Marking task as SUCCESS. dag_id=analytics_serving_layer, task_id=create_raw_telemetry, execution_date=20260104T145408, start_date=20260104T145505, end_date=20260104T145544
[2026-01-04T14:55:45.036+0000] {local_task_job_runner.py:240} INFO - Task exited with return code 0
[2026-01-04T14:55:45.122+0000] {taskinstance.py:3482} INFO - 1 downstream tasks scheduled from follow-on schedule check
[2026-01-04T14:55:45.127+0000] {local_task_job_runner.py:222} INFO - ::endgroup::
