[2025-12-24T13:29:57.279+0000] {local_task_job_runner.py:120} INFO - ::group::Pre task execution logs
[2025-12-24T13:29:57.568+0000] {taskinstance.py:2073} INFO - Dependencies all met for dep_context=non-requeueable deps ti=<TaskInstance: aviation_states_pipeline.print_summary manual__2025-12-24T13:27:15.327832+00:00 [queued]>
[2025-12-24T13:29:57.579+0000] {taskinstance.py:2073} INFO - Dependencies all met for dep_context=requeueable deps ti=<TaskInstance: aviation_states_pipeline.print_summary manual__2025-12-24T13:27:15.327832+00:00 [queued]>
[2025-12-24T13:29:57.580+0000] {taskinstance.py:2303} INFO - Starting attempt 1 of 2
[2025-12-24T13:29:57.595+0000] {taskinstance.py:2327} INFO - Executing <Task(PythonOperator): print_summary> on 2025-12-24 13:27:15.327832+00:00
[2025-12-24T13:29:57.606+0000] {standard_task_runner.py:63} INFO - Started process 2548 to run task
[2025-12-24T13:29:57.610+0000] {standard_task_runner.py:90} INFO - Running: ['***', 'tasks', 'run', 'aviation_states_pipeline', 'print_summary', 'manual__2025-12-24T13:27:15.327832+00:00', '--job-id', '81', '--raw', '--subdir', 'DAGS_FOLDER/aviation_states_pipeline.py', '--cfg-path', '/tmp/tmpjja0t63q']
[2025-12-24T13:29:57.612+0000] {standard_task_runner.py:91} INFO - Job 81: Subtask print_summary
[2025-12-24T13:29:57.697+0000] {task_command.py:426} INFO - Running <TaskInstance: aviation_states_pipeline.print_summary manual__2025-12-24T13:27:15.327832+00:00 [running]> on host 6c6ccfef5674
[2025-12-24T13:29:57.894+0000] {taskinstance.py:2644} INFO - Exporting env vars: AIRFLOW_CTX_DAG_OWNER='aviation_team' AIRFLOW_CTX_DAG_ID='aviation_states_pipeline' AIRFLOW_CTX_TASK_ID='print_summary' AIRFLOW_CTX_EXECUTION_DATE='2025-12-24T13:27:15.327832+00:00' AIRFLOW_CTX_TRY_NUMBER='1' AIRFLOW_CTX_DAG_RUN_ID='manual__2025-12-24T13:27:15.327832+00:00'
[2025-12-24T13:29:57.895+0000] {taskinstance.py:430} INFO - ::endgroup::
[2025-12-24T13:29:57.946+0000] {logging_mixin.py:188} INFO - 
============================================================
[2025-12-24T13:29:57.947+0000] {logging_mixin.py:188} INFO - PIPELINE SUMMARY
[2025-12-24T13:29:57.947+0000] {logging_mixin.py:188} INFO - ============================================================
[2025-12-24T13:29:57.947+0000] {logging_mixin.py:188} INFO - 
📦 BRONZE LAYER:
[2025-12-24T13:29:57.948+0000] {logging_mixin.py:188} INFO -    Records: 263,582
[2025-12-24T13:29:57.948+0000] {logging_mixin.py:188} INFO -    Size: 0.0101 GB
[2025-12-24T13:29:57.949+0000] {logging_mixin.py:188} INFO - 
🥈 SILVER LAYER:
[2025-12-24T13:29:57.949+0000] {logging_mixin.py:188} INFO -    Records: 263,582
[2025-12-24T13:29:57.949+0000] {logging_mixin.py:188} INFO -    Route match rate: 32.7%
[2025-12-24T13:29:57.950+0000] {logging_mixin.py:188} INFO -    Size: 0.0077 GB
[2025-12-24T13:29:57.950+0000] {logging_mixin.py:188} INFO - 
============================================================
[2025-12-24T13:29:57.950+0000] {python.py:237} INFO - Done. Returned value was: None
[2025-12-24T13:29:57.951+0000] {taskinstance.py:441} INFO - ::group::Post task execution logs
[2025-12-24T13:29:57.979+0000] {taskinstance.py:1205} INFO - Marking task as SUCCESS. dag_id=aviation_states_pipeline, task_id=print_summary, execution_date=20251224T132715, start_date=20251224T132957, end_date=20251224T132957
[2025-12-24T13:29:58.023+0000] {local_task_job_runner.py:240} INFO - Task exited with return code 0
[2025-12-24T13:29:58.063+0000] {taskinstance.py:3482} INFO - 0 downstream tasks scheduled from follow-on schedule check
[2025-12-24T13:29:58.065+0000] {local_task_job_runner.py:222} INFO - ::endgroup::
