[2025-12-24T14:38:33.732+0000] {local_task_job_runner.py:120} INFO - ::group::Pre task execution logs
[2025-12-24T14:38:33.785+0000] {taskinstance.py:2073} INFO - Dependencies all met for dep_context=non-requeueable deps ti=<TaskInstance: aviation_states_pipeline.extract_bronze_states manual__2025-12-24T14:21:48.308919+00:00 [queued]>
[2025-12-24T14:38:33.802+0000] {taskinstance.py:2073} INFO - Dependencies all met for dep_context=requeueable deps ti=<TaskInstance: aviation_states_pipeline.extract_bronze_states manual__2025-12-24T14:21:48.308919+00:00 [queued]>
[2025-12-24T14:38:33.802+0000] {taskinstance.py:2303} INFO - Starting attempt 2 of 3
[2025-12-24T14:38:33.820+0000] {taskinstance.py:2327} INFO - Executing <Task(PythonOperator): extract_bronze_states> on 2025-12-24 14:21:48.308919+00:00
[2025-12-24T14:38:33.831+0000] {standard_task_runner.py:63} INFO - Started process 6670 to run task
[2025-12-24T14:38:33.835+0000] {standard_task_runner.py:90} INFO - Running: ['***', 'tasks', 'run', 'aviation_states_pipeline', 'extract_bronze_states', 'manual__2025-12-24T14:21:48.308919+00:00', '--job-id', '89', '--raw', '--subdir', 'DAGS_FOLDER/aviation_states_pipeline.py', '--cfg-path', '/tmp/tmpza4giv2o']
[2025-12-24T14:38:33.837+0000] {standard_task_runner.py:91} INFO - Job 89: Subtask extract_bronze_states
[2025-12-24T14:38:33.910+0000] {task_command.py:426} INFO - Running <TaskInstance: aviation_states_pipeline.extract_bronze_states manual__2025-12-24T14:21:48.308919+00:00 [running]> on host 6c6ccfef5674
[2025-12-24T14:38:34.065+0000] {taskinstance.py:2644} INFO - Exporting env vars: AIRFLOW_CTX_DAG_OWNER='aviation-team' AIRFLOW_CTX_DAG_ID='aviation_states_pipeline' AIRFLOW_CTX_TASK_ID='extract_bronze_states' AIRFLOW_CTX_EXECUTION_DATE='2025-12-24T14:21:48.308919+00:00' AIRFLOW_CTX_TRY_NUMBER='2' AIRFLOW_CTX_DAG_RUN_ID='manual__2025-12-24T14:21:48.308919+00:00'
[2025-12-24T14:38:34.066+0000] {taskinstance.py:430} INFO - ::endgroup::
[2025-12-24T14:38:34.097+0000] {logging_mixin.py:188} INFO - ============================================================
[2025-12-24T14:38:34.097+0000] {logging_mixin.py:188} INFO - BRONZE LAYER: Extracting India Flight States
[2025-12-24T14:38:34.097+0000] {logging_mixin.py:188} INFO - Output: s3a://aviation-bronze/states
[2025-12-24T14:38:34.098+0000] {logging_mixin.py:188} INFO - Max batches: 10
[2025-12-24T14:38:34.098+0000] {logging_mixin.py:188} INFO - ============================================================
[2025-12-24T14:38:36.974+0000] {logging_mixin.py:188} INFO - Found 2722 tar files
[2025-12-24T14:38:43.488+0000] {logging_mixin.py:188} INFO - Processing 2722 tar files... (Max batches: 10)
[2025-12-24T14:38:43.489+0000] {logging_mixin.py:188} INFO - Processing batch 1/545 (5 files)
[2025-12-24T14:38:43.490+0000] {logging_mixin.py:188} INFO -   Extracting file 1/5: states_.2017-06-05-00.csv.tar
[2025-12-24T14:38:43.509+0000] {logging_mixin.py:188} INFO -   Extracting file 2/5: states_2017-06-05-00.csv.tar
[2025-12-24T14:38:44.043+0000] {logging_mixin.py:188} INFO -   Extracting file 3/5: states_.2017-06-05-01.csv.tar
[2025-12-24T14:38:44.053+0000] {logging_mixin.py:188} INFO -   Extracting file 4/5: states_2017-06-05-01.csv.tar
[2025-12-24T14:38:44.542+0000] {logging_mixin.py:188} INFO -   Extracting file 5/5: states_.2017-06-05-02.csv.tar
[2025-12-24T14:38:44.550+0000] {logging_mixin.py:188} INFO -   Reading 2 CSV files with Spark...
[2025-12-24T14:38:57.520+0000] {logging_mixin.py:188} INFO -   Batch 1: 27,656 India-related records (Total: 27,656)
[2025-12-24T14:39:09.947+0000] {logging_mixin.py:188} INFO -   Cleaned up temp directory
[2025-12-24T14:39:09.958+0000] {logging_mixin.py:188} INFO - Processing batch 2/545 (5 files)
[2025-12-24T14:39:09.959+0000] {logging_mixin.py:188} INFO -   Extracting file 1/5: states_2017-06-05-02.csv.tar
[2025-12-24T14:39:10.418+0000] {logging_mixin.py:188} INFO -   Extracting file 2/5: states_.2017-06-05-03.csv.tar
[2025-12-24T14:39:10.430+0000] {logging_mixin.py:188} INFO -   Extracting file 3/5: states_2017-06-05-03.csv.tar
[2025-12-24T14:39:10.864+0000] {logging_mixin.py:188} INFO -   Extracting file 4/5: states_.2017-06-05-04.csv.tar
[2025-12-24T14:39:10.878+0000] {logging_mixin.py:188} INFO -   Extracting file 5/5: states_2017-06-05-04.csv.tar
[2025-12-24T14:39:11.327+0000] {logging_mixin.py:188} INFO -   Reading 3 CSV files with Spark...
[2025-12-24T14:39:18.903+0000] {logging_mixin.py:188} INFO -   Batch 2: 51,050 India-related records (Total: 78,706)
[2025-12-24T14:39:27.299+0000] {logging_mixin.py:188} INFO -   Cleaned up temp directory
[2025-12-24T14:39:27.300+0000] {logging_mixin.py:188} INFO - Processing batch 3/545 (5 files)
[2025-12-24T14:39:27.301+0000] {logging_mixin.py:188} INFO -   Extracting file 1/5: states_.2017-06-05-05.csv.tar
[2025-12-24T14:39:27.347+0000] {logging_mixin.py:188} INFO -   Extracting file 2/5: states_2017-06-05-05.csv.tar
[2025-12-24T14:39:27.858+0000] {logging_mixin.py:188} INFO -   Extracting file 3/5: states_.2017-06-05-06.csv.tar
[2025-12-24T14:39:27.865+0000] {logging_mixin.py:188} INFO -   Extracting file 4/5: states_2017-06-05-06.csv.tar
[2025-12-24T14:39:28.411+0000] {logging_mixin.py:188} INFO -   Extracting file 5/5: states_.2017-06-05-07.csv.tar
[2025-12-24T14:39:28.419+0000] {logging_mixin.py:188} INFO -   Reading 2 CSV files with Spark...
[2025-12-24T14:39:34.451+0000] {logging_mixin.py:188} INFO -   Batch 3: 35,153 India-related records (Total: 113,859)
[2025-12-24T14:39:42.549+0000] {logging_mixin.py:188} INFO -   Cleaned up temp directory
[2025-12-24T14:39:42.549+0000] {logging_mixin.py:188} INFO - Processing batch 4/545 (5 files)
[2025-12-24T14:39:42.550+0000] {logging_mixin.py:188} INFO -   Extracting file 1/5: states_2017-06-05-07.csv.tar
[2025-12-24T14:39:43.077+0000] {logging_mixin.py:188} INFO -   Extracting file 2/5: states_.2017-06-05-08.csv.tar
[2025-12-24T14:39:43.082+0000] {logging_mixin.py:188} INFO -   Extracting file 3/5: states_2017-06-05-08.csv.tar
[2025-12-24T14:39:43.642+0000] {logging_mixin.py:188} INFO -   Extracting file 4/5: states_.2017-06-05-09.csv.tar
[2025-12-24T14:39:43.649+0000] {logging_mixin.py:188} INFO -   Extracting file 5/5: states_2017-06-05-09.csv.tar
[2025-12-24T14:39:44.237+0000] {logging_mixin.py:188} INFO -   Reading 3 CSV files with Spark...
[2025-12-24T14:39:52.445+0000] {logging_mixin.py:188} INFO -   Batch 4: 34,425 India-related records (Total: 148,284)
[2025-12-24T14:40:02.788+0000] {logging_mixin.py:188} INFO -   Cleaned up temp directory
[2025-12-24T14:40:02.789+0000] {logging_mixin.py:188} INFO - Processing batch 5/545 (5 files)
[2025-12-24T14:40:02.790+0000] {logging_mixin.py:188} INFO -   Extracting file 1/5: states_.2017-06-05-10.csv.tar
[2025-12-24T14:40:02.804+0000] {logging_mixin.py:188} INFO -   Extracting file 2/5: states_2017-06-05-10.csv.tar
[2025-12-24T14:40:03.454+0000] {logging_mixin.py:188} INFO -   Extracting file 3/5: states_.2017-06-05-11.csv.tar
[2025-12-24T14:40:03.466+0000] {logging_mixin.py:188} INFO -   Extracting file 4/5: states_2017-06-05-11.csv.tar
[2025-12-24T14:40:04.205+0000] {logging_mixin.py:188} INFO -   Extracting file 5/5: states_.2017-06-05-12.csv.tar
[2025-12-24T14:40:04.215+0000] {logging_mixin.py:188} INFO -   Reading 2 CSV files with Spark...
[2025-12-24T14:40:12.083+0000] {logging_mixin.py:188} INFO -   Batch 5: 15,668 India-related records (Total: 163,952)
[2025-12-24T14:40:22.409+0000] {logging_mixin.py:188} INFO -   Cleaned up temp directory
[2025-12-24T14:40:22.409+0000] {logging_mixin.py:188} INFO - Processing batch 6/545 (5 files)
[2025-12-24T14:40:22.410+0000] {logging_mixin.py:188} INFO -   Extracting file 1/5: states_2017-06-05-12.csv.tar
[2025-12-24T14:40:23.162+0000] {logging_mixin.py:188} INFO -   Extracting file 2/5: states_.2017-06-05-13.csv.tar
[2025-12-24T14:40:23.179+0000] {logging_mixin.py:188} INFO -   Extracting file 3/5: states_2017-06-05-13.csv.tar
[2025-12-24T14:40:24.096+0000] {logging_mixin.py:188} INFO -   Extracting file 4/5: states_.2017-06-05-14.csv.tar
[2025-12-24T14:40:24.111+0000] {logging_mixin.py:188} INFO -   Extracting file 5/5: states_2017-06-05-14.csv.tar
[2025-12-24T14:40:24.942+0000] {logging_mixin.py:188} INFO -   Reading 3 CSV files with Spark...
[2025-12-24T14:40:35.932+0000] {logging_mixin.py:188} INFO -   Batch 6: 24,622 India-related records (Total: 188,574)
[2025-12-24T14:40:50.123+0000] {logging_mixin.py:188} INFO -   Cleaned up temp directory
[2025-12-24T14:40:50.124+0000] {logging_mixin.py:188} INFO - Processing batch 7/545 (5 files)
[2025-12-24T14:40:50.124+0000] {logging_mixin.py:188} INFO -   Extracting file 1/5: states_.2017-06-05-15.csv.tar
[2025-12-24T14:40:50.139+0000] {logging_mixin.py:188} INFO -   Extracting file 2/5: states_2017-06-05-15.csv.tar
[2025-12-24T14:40:50.995+0000] {logging_mixin.py:188} INFO -   Extracting file 3/5: states_.2017-06-05-16.csv.tar
[2025-12-24T14:40:51.011+0000] {logging_mixin.py:188} INFO -   Extracting file 4/5: states_2017-06-05-16.csv.tar
[2025-12-24T14:40:51.869+0000] {logging_mixin.py:188} INFO -   Extracting file 5/5: states_.2017-06-05-17.csv.tar
[2025-12-24T14:40:51.875+0000] {logging_mixin.py:188} INFO -   Reading 2 CSV files with Spark...
[2025-12-24T14:41:00.526+0000] {logging_mixin.py:188} INFO -   Batch 7: 21,015 India-related records (Total: 209,589)
[2025-12-24T14:41:13.043+0000] {logging_mixin.py:188} INFO -   Cleaned up temp directory
[2025-12-24T14:41:13.044+0000] {logging_mixin.py:188} INFO - Processing batch 8/545 (5 files)
[2025-12-24T14:41:13.044+0000] {logging_mixin.py:188} INFO -   Extracting file 1/5: states_2017-06-05-17.csv.tar
[2025-12-24T14:41:13.874+0000] {logging_mixin.py:188} INFO -   Extracting file 2/5: states_.2017-06-05-18.csv.tar
[2025-12-24T14:41:13.887+0000] {logging_mixin.py:188} INFO -   Extracting file 3/5: states_2017-06-05-18.csv.tar
[2025-12-24T14:41:14.717+0000] {logging_mixin.py:188} INFO -   Extracting file 4/5: states_.2017-06-05-19.csv.tar
[2025-12-24T14:41:14.733+0000] {logging_mixin.py:188} INFO -   Extracting file 5/5: states_2017-06-05-19.csv.tar
[2025-12-24T14:41:15.512+0000] {logging_mixin.py:188} INFO -   Reading 3 CSV files with Spark...
[2025-12-24T14:41:25.647+0000] {logging_mixin.py:188} INFO -   Batch 8: 30,106 India-related records (Total: 239,695)
[2025-12-24T14:41:39.709+0000] {logging_mixin.py:188} INFO -   Cleaned up temp directory
[2025-12-24T14:41:39.711+0000] {logging_mixin.py:188} INFO - Processing batch 9/545 (5 files)
[2025-12-24T14:41:39.712+0000] {logging_mixin.py:188} INFO -   Extracting file 1/5: states_.2017-06-05-20.csv.tar
[2025-12-24T14:41:39.730+0000] {logging_mixin.py:188} INFO -   Extracting file 2/5: states_2017-06-05-20.csv.tar
[2025-12-24T14:41:40.469+0000] {logging_mixin.py:188} INFO -   Extracting file 3/5: states_.2017-06-05-21.csv.tar
[2025-12-24T14:41:40.481+0000] {logging_mixin.py:188} INFO -   Extracting file 4/5: states_2017-06-05-21.csv.tar
[2025-12-24T14:41:41.144+0000] {logging_mixin.py:188} INFO -   Extracting file 5/5: states_.2017-06-05-22.csv.tar
[2025-12-24T14:41:41.159+0000] {logging_mixin.py:188} INFO -   Reading 2 CSV files with Spark...
[2025-12-24T14:41:48.812+0000] {logging_mixin.py:188} INFO -   Batch 9: 23,654 India-related records (Total: 263,349)
[2025-12-24T14:41:59.041+0000] {logging_mixin.py:188} INFO -   Cleaned up temp directory
[2025-12-24T14:41:59.042+0000] {logging_mixin.py:188} INFO - Processing batch 10/545 (5 files)
[2025-12-24T14:41:59.042+0000] {logging_mixin.py:188} INFO -   Extracting file 1/5: states_2017-06-05-22.csv.tar
[2025-12-24T14:41:59.641+0000] {logging_mixin.py:188} INFO -   Extracting file 2/5: states_.2017-06-05-23.csv.tar
[2025-12-24T14:41:59.651+0000] {logging_mixin.py:188} INFO -   Extracting file 3/5: states_2017-06-05-23.csv.tar
[2025-12-24T14:42:00.208+0000] {logging_mixin.py:188} INFO -   Extracting file 4/5: states_2017-07-03-00.csv.tar
[2025-12-24T14:42:00.754+0000] {logging_mixin.py:188} INFO -   Extracting file 5/5: states_2017-07-03-01.csv.tar
[2025-12-24T14:42:01.257+0000] {logging_mixin.py:188} INFO -   Reading 4 CSV files with Spark...
[2025-12-24T14:42:08.517+0000] {logging_mixin.py:188} INFO -   Batch 10: 29,597 India-related records (Total: 292,946)
[2025-12-24T14:42:19.819+0000] {logging_mixin.py:188} INFO -   Cleaned up temp directory
[2025-12-24T14:42:19.820+0000] {logging_mixin.py:188} INFO - 
✅ MAX BATCHES REACHED: 10 batches
[2025-12-24T14:42:19.820+0000] {logging_mixin.py:188} INFO -    Total records: 292,946
[2025-12-24T14:42:22.190+0000] {logging_mixin.py:188} INFO - 
✅ BRONZE COMPLETE: 2,077,361 records
[2025-12-24T14:42:22.480+0000] {python.py:237} INFO - Done. Returned value was: {'records': 2077361}
[2025-12-24T14:42:22.488+0000] {taskinstance.py:441} INFO - ::group::Post task execution logs
[2025-12-24T14:42:22.862+0000] {taskinstance.py:1205} INFO - Marking task as SUCCESS. dag_id=aviation_states_pipeline, task_id=extract_bronze_states, execution_date=20251224T142148, start_date=20251224T143833, end_date=20251224T144222
[2025-12-24T14:42:23.019+0000] {local_task_job_runner.py:240} INFO - Task exited with return code 0
[2025-12-24T14:42:23.228+0000] {taskinstance.py:3482} INFO - 1 downstream tasks scheduled from follow-on schedule check
[2025-12-24T14:42:23.230+0000] {local_task_job_runner.py:222} INFO - ::endgroup::
